Setting up config
Starting smac
[INFO][abstract_initial_design.py:95] Reducing the number of initial configurations from 110 to 2 (max_ratio == 0.25).
[INFO][abstract_initial_design.py:147] Using 2 initial design configurations and 0 additional configurations.
[INFO][abstract_intensifier.py:306] Using only one seed for deterministic scenario.
Getting instances
['/nfs/share/instances/gbd/cnf/04ded94454830d4ea960327e8b91f5a3-mdp-28-14-sat.cnf.xz', '/nfs/share/instances/gbd/cnf/1548977b4e27032fe07cda357782cd6a-mdp-28-14-unsat.cnf.xz', '/nfs/share/instances/gbd/cnf/16c5482d8e658b54e20d59cfd4b1d588-two-trees-511v.sanitized.cnf.xz', '/nfs/share/instances/gbd/cnf/16ca57f2cdffd5b0260fc771017e1f04-mdp-36-10-unsat.cnf.xz', '/nfs/share/instances/gbd/cnf/1e74212168124b696531fed471b480b1-mdp-32-10-unsat.cnf.xz', '/nfs/share/instances/gbd/cnf/1eea3d913d346b900252d77fc0cb25c8-par32-4.shuffled.cnf.xz', '/nfs/share/instances/gbd/cnf/23daec2c71ce3c1e346e6042f3dc42eb-mdp-32-14-unsat.cnf.xz', '/nfs/share/instances/gbd/cnf/3184e52e950ac39095a801c418f68d50-mdp-28-10-unsat.cnf.xz', '/nfs/share/instances/gbd/cnf/37a11ae189df2834a3f294736f34608f-mdp-28-16-unsat.cnf.xz', '/nfs/share/instances/gbd/cnf/425c81fc3af7f5124b6282583d80df11-mdp-32-12-unsat.cnf.xz', '/nfs/share/instances/gbd/cnf/4f2d6659b5c9bf594ea12e3e1a85799f-mdp-32-11-unsat.cnf.xz', '/nfs/share/instances/gbd/cnf/7db30d12cb06f0dc2f30abff80d96d6a-two-trees-1023v.sanitized.cnf.xz', '/nfs/share/instances/gbd/cnf/8ffd718f763ed7a3f691cf46e57f8d98-mdp-32-10-sat.cnf.xz', '/nfs/share/instances/gbd/cnf/9a06700729bf3426beb8a62040f92960-mdp-36-12-unsat.cnf.xz', '/nfs/share/instances/gbd/cnf/a5dc6226e4c0bebb06926efe55640995-mdp-36-10-sat.cnf.xz', '/nfs/share/instances/gbd/cnf/a9cb77454c6cfdf4092fb304d3aae8b7-mdp-32-16-sat.cnf.xz', '/nfs/share/instances/gbd/cnf/ab3438b504b296fcee78ec9e71969863-mdp-36-14-sat.cnf.xz', '/nfs/share/instances/gbd/cnf/d11944fbca2dd6540f18bd05b6ccda0c-mdp-32-14-sat.cnf.xz', '/nfs/share/instances/gbd/cnf/d1940d3d830eb16a7d2270ca4af4acba-mdp-28-11-sat.cnf.xz', '/nfs/share/instances/gbd/cnf/db15a85651e0d941a11bf8640625edd8-mdp-32-11-sat.cnf.xz']
['../instances/train/04ded94454830d4ea960327e8b91f5a3-mdp-28-14-sat.cnf', '../instances/train/1548977b4e27032fe07cda357782cd6a-mdp-28-14-unsat.cnf', '../instances/train/16c5482d8e658b54e20d59cfd4b1d588-two-trees-511v.sanitized.cnf', '../instances/train/16ca57f2cdffd5b0260fc771017e1f04-mdp-36-10-unsat.cnf', '../instances/train/1e74212168124b696531fed471b480b1-mdp-32-10-unsat.cnf', '../instances/train/1eea3d913d346b900252d77fc0cb25c8-par32-4.shuffled.cnf', '../instances/train/23daec2c71ce3c1e346e6042f3dc42eb-mdp-32-14-unsat.cnf', '../instances/train/3184e52e950ac39095a801c418f68d50-mdp-28-10-unsat.cnf', '../instances/train/37a11ae189df2834a3f294736f34608f-mdp-28-16-unsat.cnf', '../instances/train/425c81fc3af7f5124b6282583d80df11-mdp-32-12-unsat.cnf', '../instances/train/4f2d6659b5c9bf594ea12e3e1a85799f-mdp-32-11-unsat.cnf', '../instances/train/7db30d12cb06f0dc2f30abff80d96d6a-two-trees-1023v.sanitized.cnf', '../instances/train/8ffd718f763ed7a3f691cf46e57f8d98-mdp-32-10-sat.cnf', '../instances/train/9a06700729bf3426beb8a62040f92960-mdp-36-12-unsat.cnf', '../instances/train/a5dc6226e4c0bebb06926efe55640995-mdp-36-10-sat.cnf', '../instances/train/a9cb77454c6cfdf4092fb304d3aae8b7-mdp-32-16-sat.cnf', '../instances/train/ab3438b504b296fcee78ec9e71969863-mdp-36-14-sat.cnf', '../instances/train/d11944fbca2dd6540f18bd05b6ccda0c-mdp-32-14-sat.cnf', '../instances/train/d1940d3d830eb16a7d2270ca4af4acba-mdp-28-11-sat.cnf', '../instances/train/db15a85651e0d941a11bf8640625edd8-mdp-32-11-sat.cnf']
8: Solved
8: Timeout
8: Timeout
8: Timeout
8: Timeout
8: Timeout
8: Timeout
8: Solved
8: Timeout
8: Timeout
8: Timeout
8: Timeout
8: Timeout
8: Timeout
8: Timeout
8: Solved
8: Timeout
8: Timeout
8: Solved
8: Timeout
[INFO][abstract_intensifier.py:516] Added config 3112da as new incumbent because there are no incumbents yet.
Getting instances
['/nfs/share/instances/gbd/cnf/04ded94454830d4ea960327e8b91f5a3-mdp-28-14-sat.cnf.xz', '/nfs/share/instances/gbd/cnf/1548977b4e27032fe07cda357782cd6a-mdp-28-14-unsat.cnf.xz', '/nfs/share/instances/gbd/cnf/16c5482d8e658b54e20d59cfd4b1d588-two-trees-511v.sanitized.cnf.xz', '/nfs/share/instances/gbd/cnf/16ca57f2cdffd5b0260fc771017e1f04-mdp-36-10-unsat.cnf.xz', '/nfs/share/instances/gbd/cnf/1e74212168124b696531fed471b480b1-mdp-32-10-unsat.cnf.xz', '/nfs/share/instances/gbd/cnf/1eea3d913d346b900252d77fc0cb25c8-par32-4.shuffled.cnf.xz', '/nfs/share/instances/gbd/cnf/23daec2c71ce3c1e346e6042f3dc42eb-mdp-32-14-unsat.cnf.xz', '/nfs/share/instances/gbd/cnf/3184e52e950ac39095a801c418f68d50-mdp-28-10-unsat.cnf.xz', '/nfs/share/instances/gbd/cnf/37a11ae189df2834a3f294736f34608f-mdp-28-16-unsat.cnf.xz', '/nfs/share/instances/gbd/cnf/425c81fc3af7f5124b6282583d80df11-mdp-32-12-unsat.cnf.xz', '/nfs/share/instances/gbd/cnf/4f2d6659b5c9bf594ea12e3e1a85799f-mdp-32-11-unsat.cnf.xz', '/nfs/share/instances/gbd/cnf/7db30d12cb06f0dc2f30abff80d96d6a-two-trees-1023v.sanitized.cnf.xz', '/nfs/share/instances/gbd/cnf/8ffd718f763ed7a3f691cf46e57f8d98-mdp-32-10-sat.cnf.xz', '/nfs/share/instances/gbd/cnf/9a06700729bf3426beb8a62040f92960-mdp-36-12-unsat.cnf.xz', '/nfs/share/instances/gbd/cnf/a5dc6226e4c0bebb06926efe55640995-mdp-36-10-sat.cnf.xz', '/nfs/share/instances/gbd/cnf/a9cb77454c6cfdf4092fb304d3aae8b7-mdp-32-16-sat.cnf.xz', '/nfs/share/instances/gbd/cnf/ab3438b504b296fcee78ec9e71969863-mdp-36-14-sat.cnf.xz', '/nfs/share/instances/gbd/cnf/d11944fbca2dd6540f18bd05b6ccda0c-mdp-32-14-sat.cnf.xz', '/nfs/share/instances/gbd/cnf/d1940d3d830eb16a7d2270ca4af4acba-mdp-28-11-sat.cnf.xz', '/nfs/share/instances/gbd/cnf/db15a85651e0d941a11bf8640625edd8-mdp-32-11-sat.cnf.xz']
['../instances/train/04ded94454830d4ea960327e8b91f5a3-mdp-28-14-sat.cnf', '../instances/train/1548977b4e27032fe07cda357782cd6a-mdp-28-14-unsat.cnf', '../instances/train/16c5482d8e658b54e20d59cfd4b1d588-two-trees-511v.sanitized.cnf', '../instances/train/16ca57f2cdffd5b0260fc771017e1f04-mdp-36-10-unsat.cnf', '../instances/train/1e74212168124b696531fed471b480b1-mdp-32-10-unsat.cnf', '../instances/train/1eea3d913d346b900252d77fc0cb25c8-par32-4.shuffled.cnf', '../instances/train/23daec2c71ce3c1e346e6042f3dc42eb-mdp-32-14-unsat.cnf', '../instances/train/3184e52e950ac39095a801c418f68d50-mdp-28-10-unsat.cnf', '../instances/train/37a11ae189df2834a3f294736f34608f-mdp-28-16-unsat.cnf', '../instances/train/425c81fc3af7f5124b6282583d80df11-mdp-32-12-unsat.cnf', '../instances/train/4f2d6659b5c9bf594ea12e3e1a85799f-mdp-32-11-unsat.cnf', '../instances/train/7db30d12cb06f0dc2f30abff80d96d6a-two-trees-1023v.sanitized.cnf', '../instances/train/8ffd718f763ed7a3f691cf46e57f8d98-mdp-32-10-sat.cnf', '../instances/train/9a06700729bf3426beb8a62040f92960-mdp-36-12-unsat.cnf', '../instances/train/a5dc6226e4c0bebb06926efe55640995-mdp-36-10-sat.cnf', '../instances/train/a9cb77454c6cfdf4092fb304d3aae8b7-mdp-32-16-sat.cnf', '../instances/train/ab3438b504b296fcee78ec9e71969863-mdp-36-14-sat.cnf', '../instances/train/d11944fbca2dd6540f18bd05b6ccda0c-mdp-32-14-sat.cnf', '../instances/train/d1940d3d830eb16a7d2270ca4af4acba-mdp-28-11-sat.cnf', '../instances/train/db15a85651e0d941a11bf8640625edd8-mdp-32-11-sat.cnf']
8: Solved
8: Timeout
8: Timeout
8: Timeout
8: Timeout
8: Timeout
8: Timeout
8: Solved
8: Timeout
8: Timeout
8: Timeout
8: Timeout
8: Timeout
8: Timeout
8: Timeout
8: Solved
8: Timeout
8: Timeout
8: Solved
8: Timeout
[INFO][abstract_intensifier.py:595] Added config 7568d0 and rejected config 3112da as incumbent because it is not better than the incumbents on 1 instances:
Getting instances
['/nfs/share/instances/gbd/cnf/04ded94454830d4ea960327e8b91f5a3-mdp-28-14-sat.cnf.xz', '/nfs/share/instances/gbd/cnf/1548977b4e27032fe07cda357782cd6a-mdp-28-14-unsat.cnf.xz', '/nfs/share/instances/gbd/cnf/16c5482d8e658b54e20d59cfd4b1d588-two-trees-511v.sanitized.cnf.xz', '/nfs/share/instances/gbd/cnf/16ca57f2cdffd5b0260fc771017e1f04-mdp-36-10-unsat.cnf.xz', '/nfs/share/instances/gbd/cnf/1e74212168124b696531fed471b480b1-mdp-32-10-unsat.cnf.xz', '/nfs/share/instances/gbd/cnf/1eea3d913d346b900252d77fc0cb25c8-par32-4.shuffled.cnf.xz', '/nfs/share/instances/gbd/cnf/23daec2c71ce3c1e346e6042f3dc42eb-mdp-32-14-unsat.cnf.xz', '/nfs/share/instances/gbd/cnf/3184e52e950ac39095a801c418f68d50-mdp-28-10-unsat.cnf.xz', '/nfs/share/instances/gbd/cnf/37a11ae189df2834a3f294736f34608f-mdp-28-16-unsat.cnf.xz', '/nfs/share/instances/gbd/cnf/425c81fc3af7f5124b6282583d80df11-mdp-32-12-unsat.cnf.xz', '/nfs/share/instances/gbd/cnf/4f2d6659b5c9bf594ea12e3e1a85799f-mdp-32-11-unsat.cnf.xz', '/nfs/share/instances/gbd/cnf/7db30d12cb06f0dc2f30abff80d96d6a-two-trees-1023v.sanitized.cnf.xz', '/nfs/share/instances/gbd/cnf/8ffd718f763ed7a3f691cf46e57f8d98-mdp-32-10-sat.cnf.xz', '/nfs/share/instances/gbd/cnf/9a06700729bf3426beb8a62040f92960-mdp-36-12-unsat.cnf.xz', '/nfs/share/instances/gbd/cnf/a5dc6226e4c0bebb06926efe55640995-mdp-36-10-sat.cnf.xz', '/nfs/share/instances/gbd/cnf/a9cb77454c6cfdf4092fb304d3aae8b7-mdp-32-16-sat.cnf.xz', '/nfs/share/instances/gbd/cnf/ab3438b504b296fcee78ec9e71969863-mdp-36-14-sat.cnf.xz', '/nfs/share/instances/gbd/cnf/d11944fbca2dd6540f18bd05b6ccda0c-mdp-32-14-sat.cnf.xz', '/nfs/share/instances/gbd/cnf/d1940d3d830eb16a7d2270ca4af4acba-mdp-28-11-sat.cnf.xz', '/nfs/share/instances/gbd/cnf/db15a85651e0d941a11bf8640625edd8-mdp-32-11-sat.cnf.xz']
['../instances/train/04ded94454830d4ea960327e8b91f5a3-mdp-28-14-sat.cnf', '../instances/train/1548977b4e27032fe07cda357782cd6a-mdp-28-14-unsat.cnf', '../instances/train/16c5482d8e658b54e20d59cfd4b1d588-two-trees-511v.sanitized.cnf', '../instances/train/16ca57f2cdffd5b0260fc771017e1f04-mdp-36-10-unsat.cnf', '../instances/train/1e74212168124b696531fed471b480b1-mdp-32-10-unsat.cnf', '../instances/train/1eea3d913d346b900252d77fc0cb25c8-par32-4.shuffled.cnf', '../instances/train/23daec2c71ce3c1e346e6042f3dc42eb-mdp-32-14-unsat.cnf', '../instances/train/3184e52e950ac39095a801c418f68d50-mdp-28-10-unsat.cnf', '../instances/train/37a11ae189df2834a3f294736f34608f-mdp-28-16-unsat.cnf', '../instances/train/425c81fc3af7f5124b6282583d80df11-mdp-32-12-unsat.cnf', '../instances/train/4f2d6659b5c9bf594ea12e3e1a85799f-mdp-32-11-unsat.cnf', '../instances/train/7db30d12cb06f0dc2f30abff80d96d6a-two-trees-1023v.sanitized.cnf', '../instances/train/8ffd718f763ed7a3f691cf46e57f8d98-mdp-32-10-sat.cnf', '../instances/train/9a06700729bf3426beb8a62040f92960-mdp-36-12-unsat.cnf', '../instances/train/a5dc6226e4c0bebb06926efe55640995-mdp-36-10-sat.cnf', '../instances/train/a9cb77454c6cfdf4092fb304d3aae8b7-mdp-32-16-sat.cnf', '../instances/train/ab3438b504b296fcee78ec9e71969863-mdp-36-14-sat.cnf', '../instances/train/d11944fbca2dd6540f18bd05b6ccda0c-mdp-32-14-sat.cnf', '../instances/train/d1940d3d830eb16a7d2270ca4af4acba-mdp-28-11-sat.cnf', '../instances/train/db15a85651e0d941a11bf8640625edd8-mdp-32-11-sat.cnf']
8: Solved
8: Timeout
8: Timeout
8: Timeout
8: Timeout
8: Timeout
8: Timeout
8: Solved
8: Timeout
8: Timeout
8: Timeout
8: Timeout
8: Timeout
8: Timeout
8: Timeout
8: Solved
8: Timeout
8: Timeout
8: Solved
8: Timeout
Getting instances
['/nfs/share/instances/gbd/cnf/04ded94454830d4ea960327e8b91f5a3-mdp-28-14-sat.cnf.xz', '/nfs/share/instances/gbd/cnf/1548977b4e27032fe07cda357782cd6a-mdp-28-14-unsat.cnf.xz', '/nfs/share/instances/gbd/cnf/16c5482d8e658b54e20d59cfd4b1d588-two-trees-511v.sanitized.cnf.xz', '/nfs/share/instances/gbd/cnf/16ca57f2cdffd5b0260fc771017e1f04-mdp-36-10-unsat.cnf.xz', '/nfs/share/instances/gbd/cnf/1e74212168124b696531fed471b480b1-mdp-32-10-unsat.cnf.xz', '/nfs/share/instances/gbd/cnf/1eea3d913d346b900252d77fc0cb25c8-par32-4.shuffled.cnf.xz', '/nfs/share/instances/gbd/cnf/23daec2c71ce3c1e346e6042f3dc42eb-mdp-32-14-unsat.cnf.xz', '/nfs/share/instances/gbd/cnf/3184e52e950ac39095a801c418f68d50-mdp-28-10-unsat.cnf.xz', '/nfs/share/instances/gbd/cnf/37a11ae189df2834a3f294736f34608f-mdp-28-16-unsat.cnf.xz', '/nfs/share/instances/gbd/cnf/425c81fc3af7f5124b6282583d80df11-mdp-32-12-unsat.cnf.xz', '/nfs/share/instances/gbd/cnf/4f2d6659b5c9bf594ea12e3e1a85799f-mdp-32-11-unsat.cnf.xz', '/nfs/share/instances/gbd/cnf/7db30d12cb06f0dc2f30abff80d96d6a-two-trees-1023v.sanitized.cnf.xz', '/nfs/share/instances/gbd/cnf/8ffd718f763ed7a3f691cf46e57f8d98-mdp-32-10-sat.cnf.xz', '/nfs/share/instances/gbd/cnf/9a06700729bf3426beb8a62040f92960-mdp-36-12-unsat.cnf.xz', '/nfs/share/instances/gbd/cnf/a5dc6226e4c0bebb06926efe55640995-mdp-36-10-sat.cnf.xz', '/nfs/share/instances/gbd/cnf/a9cb77454c6cfdf4092fb304d3aae8b7-mdp-32-16-sat.cnf.xz', '/nfs/share/instances/gbd/cnf/ab3438b504b296fcee78ec9e71969863-mdp-36-14-sat.cnf.xz', '/nfs/share/instances/gbd/cnf/d11944fbca2dd6540f18bd05b6ccda0c-mdp-32-14-sat.cnf.xz', '/nfs/share/instances/gbd/cnf/d1940d3d830eb16a7d2270ca4af4acba-mdp-28-11-sat.cnf.xz', '/nfs/share/instances/gbd/cnf/db15a85651e0d941a11bf8640625edd8-mdp-32-11-sat.cnf.xz']
['../instances/train/04ded94454830d4ea960327e8b91f5a3-mdp-28-14-sat.cnf', '../instances/train/1548977b4e27032fe07cda357782cd6a-mdp-28-14-unsat.cnf', '../instances/train/16c5482d8e658b54e20d59cfd4b1d588-two-trees-511v.sanitized.cnf', '../instances/train/16ca57f2cdffd5b0260fc771017e1f04-mdp-36-10-unsat.cnf', '../instances/train/1e74212168124b696531fed471b480b1-mdp-32-10-unsat.cnf', '../instances/train/1eea3d913d346b900252d77fc0cb25c8-par32-4.shuffled.cnf', '../instances/train/23daec2c71ce3c1e346e6042f3dc42eb-mdp-32-14-unsat.cnf', '../instances/train/3184e52e950ac39095a801c418f68d50-mdp-28-10-unsat.cnf', '../instances/train/37a11ae189df2834a3f294736f34608f-mdp-28-16-unsat.cnf', '../instances/train/425c81fc3af7f5124b6282583d80df11-mdp-32-12-unsat.cnf', '../instances/train/4f2d6659b5c9bf594ea12e3e1a85799f-mdp-32-11-unsat.cnf', '../instances/train/7db30d12cb06f0dc2f30abff80d96d6a-two-trees-1023v.sanitized.cnf', '../instances/train/8ffd718f763ed7a3f691cf46e57f8d98-mdp-32-10-sat.cnf', '../instances/train/9a06700729bf3426beb8a62040f92960-mdp-36-12-unsat.cnf', '../instances/train/a5dc6226e4c0bebb06926efe55640995-mdp-36-10-sat.cnf', '../instances/train/a9cb77454c6cfdf4092fb304d3aae8b7-mdp-32-16-sat.cnf', '../instances/train/ab3438b504b296fcee78ec9e71969863-mdp-36-14-sat.cnf', '../instances/train/d11944fbca2dd6540f18bd05b6ccda0c-mdp-32-14-sat.cnf', '../instances/train/d1940d3d830eb16a7d2270ca4af4acba-mdp-28-11-sat.cnf', '../instances/train/db15a85651e0d941a11bf8640625edd8-mdp-32-11-sat.cnf']
8: Solved
8: Timeout
8: Timeout
8: Timeout
8: Timeout
8: Timeout
8: Timeout
8: Solved
8: Timeout
8: Timeout
8: Timeout
8: Timeout
8: Timeout
8: Timeout
8: Timeout
8: Solved
8: Timeout
8: Timeout
8: Solved
8: Timeout
Getting instances
['/nfs/share/instances/gbd/cnf/04ded94454830d4ea960327e8b91f5a3-mdp-28-14-sat.cnf.xz', '/nfs/share/instances/gbd/cnf/1548977b4e27032fe07cda357782cd6a-mdp-28-14-unsat.cnf.xz', '/nfs/share/instances/gbd/cnf/16c5482d8e658b54e20d59cfd4b1d588-two-trees-511v.sanitized.cnf.xz', '/nfs/share/instances/gbd/cnf/16ca57f2cdffd5b0260fc771017e1f04-mdp-36-10-unsat.cnf.xz', '/nfs/share/instances/gbd/cnf/1e74212168124b696531fed471b480b1-mdp-32-10-unsat.cnf.xz', '/nfs/share/instances/gbd/cnf/1eea3d913d346b900252d77fc0cb25c8-par32-4.shuffled.cnf.xz', '/nfs/share/instances/gbd/cnf/23daec2c71ce3c1e346e6042f3dc42eb-mdp-32-14-unsat.cnf.xz', '/nfs/share/instances/gbd/cnf/3184e52e950ac39095a801c418f68d50-mdp-28-10-unsat.cnf.xz', '/nfs/share/instances/gbd/cnf/37a11ae189df2834a3f294736f34608f-mdp-28-16-unsat.cnf.xz', '/nfs/share/instances/gbd/cnf/425c81fc3af7f5124b6282583d80df11-mdp-32-12-unsat.cnf.xz', '/nfs/share/instances/gbd/cnf/4f2d6659b5c9bf594ea12e3e1a85799f-mdp-32-11-unsat.cnf.xz', '/nfs/share/instances/gbd/cnf/7db30d12cb06f0dc2f30abff80d96d6a-two-trees-1023v.sanitized.cnf.xz', '/nfs/share/instances/gbd/cnf/8ffd718f763ed7a3f691cf46e57f8d98-mdp-32-10-sat.cnf.xz', '/nfs/share/instances/gbd/cnf/9a06700729bf3426beb8a62040f92960-mdp-36-12-unsat.cnf.xz', '/nfs/share/instances/gbd/cnf/a5dc6226e4c0bebb06926efe55640995-mdp-36-10-sat.cnf.xz', '/nfs/share/instances/gbd/cnf/a9cb77454c6cfdf4092fb304d3aae8b7-mdp-32-16-sat.cnf.xz', '/nfs/share/instances/gbd/cnf/ab3438b504b296fcee78ec9e71969863-mdp-36-14-sat.cnf.xz', '/nfs/share/instances/gbd/cnf/d11944fbca2dd6540f18bd05b6ccda0c-mdp-32-14-sat.cnf.xz', '/nfs/share/instances/gbd/cnf/d1940d3d830eb16a7d2270ca4af4acba-mdp-28-11-sat.cnf.xz', '/nfs/share/instances/gbd/cnf/db15a85651e0d941a11bf8640625edd8-mdp-32-11-sat.cnf.xz']
['../instances/train/04ded94454830d4ea960327e8b91f5a3-mdp-28-14-sat.cnf', '../instances/train/1548977b4e27032fe07cda357782cd6a-mdp-28-14-unsat.cnf', '../instances/train/16c5482d8e658b54e20d59cfd4b1d588-two-trees-511v.sanitized.cnf', '../instances/train/16ca57f2cdffd5b0260fc771017e1f04-mdp-36-10-unsat.cnf', '../instances/train/1e74212168124b696531fed471b480b1-mdp-32-10-unsat.cnf', '../instances/train/1eea3d913d346b900252d77fc0cb25c8-par32-4.shuffled.cnf', '../instances/train/23daec2c71ce3c1e346e6042f3dc42eb-mdp-32-14-unsat.cnf', '../instances/train/3184e52e950ac39095a801c418f68d50-mdp-28-10-unsat.cnf', '../instances/train/37a11ae189df2834a3f294736f34608f-mdp-28-16-unsat.cnf', '../instances/train/425c81fc3af7f5124b6282583d80df11-mdp-32-12-unsat.cnf', '../instances/train/4f2d6659b5c9bf594ea12e3e1a85799f-mdp-32-11-unsat.cnf', '../instances/train/7db30d12cb06f0dc2f30abff80d96d6a-two-trees-1023v.sanitized.cnf', '../instances/train/8ffd718f763ed7a3f691cf46e57f8d98-mdp-32-10-sat.cnf', '../instances/train/9a06700729bf3426beb8a62040f92960-mdp-36-12-unsat.cnf', '../instances/train/a5dc6226e4c0bebb06926efe55640995-mdp-36-10-sat.cnf', '../instances/train/a9cb77454c6cfdf4092fb304d3aae8b7-mdp-32-16-sat.cnf', '../instances/train/ab3438b504b296fcee78ec9e71969863-mdp-36-14-sat.cnf', '../instances/train/d11944fbca2dd6540f18bd05b6ccda0c-mdp-32-14-sat.cnf', '../instances/train/d1940d3d830eb16a7d2270ca4af4acba-mdp-28-11-sat.cnf', '../instances/train/db15a85651e0d941a11bf8640625edd8-mdp-32-11-sat.cnf']
8: Solved
8: Timeout
8: Timeout
8: Timeout
8: Timeout
8: Solved
8: Timeout
8: Solved
8: Timeout
8: Timeout
8: Timeout
8: Timeout
8: Timeout
8: Timeout
8: Timeout
8: Solved
8: Timeout
8: Timeout
8: Solved
8: Timeout
[INFO][abstract_intensifier.py:595] Added config 9c078a and rejected config 7568d0 as incumbent because it is not better than the incumbents on 1 instances:
Getting instances
['/nfs/share/instances/gbd/cnf/04ded94454830d4ea960327e8b91f5a3-mdp-28-14-sat.cnf.xz', '/nfs/share/instances/gbd/cnf/1548977b4e27032fe07cda357782cd6a-mdp-28-14-unsat.cnf.xz', '/nfs/share/instances/gbd/cnf/16c5482d8e658b54e20d59cfd4b1d588-two-trees-511v.sanitized.cnf.xz', '/nfs/share/instances/gbd/cnf/16ca57f2cdffd5b0260fc771017e1f04-mdp-36-10-unsat.cnf.xz', '/nfs/share/instances/gbd/cnf/1e74212168124b696531fed471b480b1-mdp-32-10-unsat.cnf.xz', '/nfs/share/instances/gbd/cnf/1eea3d913d346b900252d77fc0cb25c8-par32-4.shuffled.cnf.xz', '/nfs/share/instances/gbd/cnf/23daec2c71ce3c1e346e6042f3dc42eb-mdp-32-14-unsat.cnf.xz', '/nfs/share/instances/gbd/cnf/3184e52e950ac39095a801c418f68d50-mdp-28-10-unsat.cnf.xz', '/nfs/share/instances/gbd/cnf/37a11ae189df2834a3f294736f34608f-mdp-28-16-unsat.cnf.xz', '/nfs/share/instances/gbd/cnf/425c81fc3af7f5124b6282583d80df11-mdp-32-12-unsat.cnf.xz', '/nfs/share/instances/gbd/cnf/4f2d6659b5c9bf594ea12e3e1a85799f-mdp-32-11-unsat.cnf.xz', '/nfs/share/instances/gbd/cnf/7db30d12cb06f0dc2f30abff80d96d6a-two-trees-1023v.sanitized.cnf.xz', '/nfs/share/instances/gbd/cnf/8ffd718f763ed7a3f691cf46e57f8d98-mdp-32-10-sat.cnf.xz', '/nfs/share/instances/gbd/cnf/9a06700729bf3426beb8a62040f92960-mdp-36-12-unsat.cnf.xz', '/nfs/share/instances/gbd/cnf/a5dc6226e4c0bebb06926efe55640995-mdp-36-10-sat.cnf.xz', '/nfs/share/instances/gbd/cnf/a9cb77454c6cfdf4092fb304d3aae8b7-mdp-32-16-sat.cnf.xz', '/nfs/share/instances/gbd/cnf/ab3438b504b296fcee78ec9e71969863-mdp-36-14-sat.cnf.xz', '/nfs/share/instances/gbd/cnf/d11944fbca2dd6540f18bd05b6ccda0c-mdp-32-14-sat.cnf.xz', '/nfs/share/instances/gbd/cnf/d1940d3d830eb16a7d2270ca4af4acba-mdp-28-11-sat.cnf.xz', '/nfs/share/instances/gbd/cnf/db15a85651e0d941a11bf8640625edd8-mdp-32-11-sat.cnf.xz']
['../instances/train/04ded94454830d4ea960327e8b91f5a3-mdp-28-14-sat.cnf', '../instances/train/1548977b4e27032fe07cda357782cd6a-mdp-28-14-unsat.cnf', '../instances/train/16c5482d8e658b54e20d59cfd4b1d588-two-trees-511v.sanitized.cnf', '../instances/train/16ca57f2cdffd5b0260fc771017e1f04-mdp-36-10-unsat.cnf', '../instances/train/1e74212168124b696531fed471b480b1-mdp-32-10-unsat.cnf', '../instances/train/1eea3d913d346b900252d77fc0cb25c8-par32-4.shuffled.cnf', '../instances/train/23daec2c71ce3c1e346e6042f3dc42eb-mdp-32-14-unsat.cnf', '../instances/train/3184e52e950ac39095a801c418f68d50-mdp-28-10-unsat.cnf', '../instances/train/37a11ae189df2834a3f294736f34608f-mdp-28-16-unsat.cnf', '../instances/train/425c81fc3af7f5124b6282583d80df11-mdp-32-12-unsat.cnf', '../instances/train/4f2d6659b5c9bf594ea12e3e1a85799f-mdp-32-11-unsat.cnf', '../instances/train/7db30d12cb06f0dc2f30abff80d96d6a-two-trees-1023v.sanitized.cnf', '../instances/train/8ffd718f763ed7a3f691cf46e57f8d98-mdp-32-10-sat.cnf', '../instances/train/9a06700729bf3426beb8a62040f92960-mdp-36-12-unsat.cnf', '../instances/train/a5dc6226e4c0bebb06926efe55640995-mdp-36-10-sat.cnf', '../instances/train/a9cb77454c6cfdf4092fb304d3aae8b7-mdp-32-16-sat.cnf', '../instances/train/ab3438b504b296fcee78ec9e71969863-mdp-36-14-sat.cnf', '../instances/train/d11944fbca2dd6540f18bd05b6ccda0c-mdp-32-14-sat.cnf', '../instances/train/d1940d3d830eb16a7d2270ca4af4acba-mdp-28-11-sat.cnf', '../instances/train/db15a85651e0d941a11bf8640625edd8-mdp-32-11-sat.cnf']
8: Solved
8: Timeout
8: Timeout
8: Timeout
8: Timeout
8: Timeout
8: Timeout
8: Solved
8: Timeout
8: Timeout
8: Timeout
8: Timeout
8: Timeout
8: Timeout
8: Timeout
8: Solved
8: Timeout
8: Timeout
8: Solved
8: Timeout
Getting instances
['/nfs/share/instances/gbd/cnf/04ded94454830d4ea960327e8b91f5a3-mdp-28-14-sat.cnf.xz', '/nfs/share/instances/gbd/cnf/1548977b4e27032fe07cda357782cd6a-mdp-28-14-unsat.cnf.xz', '/nfs/share/instances/gbd/cnf/16c5482d8e658b54e20d59cfd4b1d588-two-trees-511v.sanitized.cnf.xz', '/nfs/share/instances/gbd/cnf/16ca57f2cdffd5b0260fc771017e1f04-mdp-36-10-unsat.cnf.xz', '/nfs/share/instances/gbd/cnf/1e74212168124b696531fed471b480b1-mdp-32-10-unsat.cnf.xz', '/nfs/share/instances/gbd/cnf/1eea3d913d346b900252d77fc0cb25c8-par32-4.shuffled.cnf.xz', '/nfs/share/instances/gbd/cnf/23daec2c71ce3c1e346e6042f3dc42eb-mdp-32-14-unsat.cnf.xz', '/nfs/share/instances/gbd/cnf/3184e52e950ac39095a801c418f68d50-mdp-28-10-unsat.cnf.xz', '/nfs/share/instances/gbd/cnf/37a11ae189df2834a3f294736f34608f-mdp-28-16-unsat.cnf.xz', '/nfs/share/instances/gbd/cnf/425c81fc3af7f5124b6282583d80df11-mdp-32-12-unsat.cnf.xz', '/nfs/share/instances/gbd/cnf/4f2d6659b5c9bf594ea12e3e1a85799f-mdp-32-11-unsat.cnf.xz', '/nfs/share/instances/gbd/cnf/7db30d12cb06f0dc2f30abff80d96d6a-two-trees-1023v.sanitized.cnf.xz', '/nfs/share/instances/gbd/cnf/8ffd718f763ed7a3f691cf46e57f8d98-mdp-32-10-sat.cnf.xz', '/nfs/share/instances/gbd/cnf/9a06700729bf3426beb8a62040f92960-mdp-36-12-unsat.cnf.xz', '/nfs/share/instances/gbd/cnf/a5dc6226e4c0bebb06926efe55640995-mdp-36-10-sat.cnf.xz', '/nfs/share/instances/gbd/cnf/a9cb77454c6cfdf4092fb304d3aae8b7-mdp-32-16-sat.cnf.xz', '/nfs/share/instances/gbd/cnf/ab3438b504b296fcee78ec9e71969863-mdp-36-14-sat.cnf.xz', '/nfs/share/instances/gbd/cnf/d11944fbca2dd6540f18bd05b6ccda0c-mdp-32-14-sat.cnf.xz', '/nfs/share/instances/gbd/cnf/d1940d3d830eb16a7d2270ca4af4acba-mdp-28-11-sat.cnf.xz', '/nfs/share/instances/gbd/cnf/db15a85651e0d941a11bf8640625edd8-mdp-32-11-sat.cnf.xz']
['../instances/train/04ded94454830d4ea960327e8b91f5a3-mdp-28-14-sat.cnf', '../instances/train/1548977b4e27032fe07cda357782cd6a-mdp-28-14-unsat.cnf', '../instances/train/16c5482d8e658b54e20d59cfd4b1d588-two-trees-511v.sanitized.cnf', '../instances/train/16ca57f2cdffd5b0260fc771017e1f04-mdp-36-10-unsat.cnf', '../instances/train/1e74212168124b696531fed471b480b1-mdp-32-10-unsat.cnf', '../instances/train/1eea3d913d346b900252d77fc0cb25c8-par32-4.shuffled.cnf', '../instances/train/23daec2c71ce3c1e346e6042f3dc42eb-mdp-32-14-unsat.cnf', '../instances/train/3184e52e950ac39095a801c418f68d50-mdp-28-10-unsat.cnf', '../instances/train/37a11ae189df2834a3f294736f34608f-mdp-28-16-unsat.cnf', '../instances/train/425c81fc3af7f5124b6282583d80df11-mdp-32-12-unsat.cnf', '../instances/train/4f2d6659b5c9bf594ea12e3e1a85799f-mdp-32-11-unsat.cnf', '../instances/train/7db30d12cb06f0dc2f30abff80d96d6a-two-trees-1023v.sanitized.cnf', '../instances/train/8ffd718f763ed7a3f691cf46e57f8d98-mdp-32-10-sat.cnf', '../instances/train/9a06700729bf3426beb8a62040f92960-mdp-36-12-unsat.cnf', '../instances/train/a5dc6226e4c0bebb06926efe55640995-mdp-36-10-sat.cnf', '../instances/train/a9cb77454c6cfdf4092fb304d3aae8b7-mdp-32-16-sat.cnf', '../instances/train/ab3438b504b296fcee78ec9e71969863-mdp-36-14-sat.cnf', '../instances/train/d11944fbca2dd6540f18bd05b6ccda0c-mdp-32-14-sat.cnf', '../instances/train/d1940d3d830eb16a7d2270ca4af4acba-mdp-28-11-sat.cnf', '../instances/train/db15a85651e0d941a11bf8640625edd8-mdp-32-11-sat.cnf']
8: Solved
8: Timeout
8: Timeout
8: Timeout
8: Timeout
8: Timeout
8: Timeout
8: Solved
8: Timeout
8: Timeout
8: Timeout
8: Timeout
8: Timeout
8: Timeout
8: Timeout
8: Timeout
8: Timeout
8: Timeout
8: Solved
8: Timeout
Getting instances
['/nfs/share/instances/gbd/cnf/04ded94454830d4ea960327e8b91f5a3-mdp-28-14-sat.cnf.xz', '/nfs/share/instances/gbd/cnf/1548977b4e27032fe07cda357782cd6a-mdp-28-14-unsat.cnf.xz', '/nfs/share/instances/gbd/cnf/16c5482d8e658b54e20d59cfd4b1d588-two-trees-511v.sanitized.cnf.xz', '/nfs/share/instances/gbd/cnf/16ca57f2cdffd5b0260fc771017e1f04-mdp-36-10-unsat.cnf.xz', '/nfs/share/instances/gbd/cnf/1e74212168124b696531fed471b480b1-mdp-32-10-unsat.cnf.xz', '/nfs/share/instances/gbd/cnf/1eea3d913d346b900252d77fc0cb25c8-par32-4.shuffled.cnf.xz', '/nfs/share/instances/gbd/cnf/23daec2c71ce3c1e346e6042f3dc42eb-mdp-32-14-unsat.cnf.xz', '/nfs/share/instances/gbd/cnf/3184e52e950ac39095a801c418f68d50-mdp-28-10-unsat.cnf.xz', '/nfs/share/instances/gbd/cnf/37a11ae189df2834a3f294736f34608f-mdp-28-16-unsat.cnf.xz', '/nfs/share/instances/gbd/cnf/425c81fc3af7f5124b6282583d80df11-mdp-32-12-unsat.cnf.xz', '/nfs/share/instances/gbd/cnf/4f2d6659b5c9bf594ea12e3e1a85799f-mdp-32-11-unsat.cnf.xz', '/nfs/share/instances/gbd/cnf/7db30d12cb06f0dc2f30abff80d96d6a-two-trees-1023v.sanitized.cnf.xz', '/nfs/share/instances/gbd/cnf/8ffd718f763ed7a3f691cf46e57f8d98-mdp-32-10-sat.cnf.xz', '/nfs/share/instances/gbd/cnf/9a06700729bf3426beb8a62040f92960-mdp-36-12-unsat.cnf.xz', '/nfs/share/instances/gbd/cnf/a5dc6226e4c0bebb06926efe55640995-mdp-36-10-sat.cnf.xz', '/nfs/share/instances/gbd/cnf/a9cb77454c6cfdf4092fb304d3aae8b7-mdp-32-16-sat.cnf.xz', '/nfs/share/instances/gbd/cnf/ab3438b504b296fcee78ec9e71969863-mdp-36-14-sat.cnf.xz', '/nfs/share/instances/gbd/cnf/d11944fbca2dd6540f18bd05b6ccda0c-mdp-32-14-sat.cnf.xz', '/nfs/share/instances/gbd/cnf/d1940d3d830eb16a7d2270ca4af4acba-mdp-28-11-sat.cnf.xz', '/nfs/share/instances/gbd/cnf/db15a85651e0d941a11bf8640625edd8-mdp-32-11-sat.cnf.xz']
['../instances/train/04ded94454830d4ea960327e8b91f5a3-mdp-28-14-sat.cnf', '../instances/train/1548977b4e27032fe07cda357782cd6a-mdp-28-14-unsat.cnf', '../instances/train/16c5482d8e658b54e20d59cfd4b1d588-two-trees-511v.sanitized.cnf', '../instances/train/16ca57f2cdffd5b0260fc771017e1f04-mdp-36-10-unsat.cnf', '../instances/train/1e74212168124b696531fed471b480b1-mdp-32-10-unsat.cnf', '../instances/train/1eea3d913d346b900252d77fc0cb25c8-par32-4.shuffled.cnf', '../instances/train/23daec2c71ce3c1e346e6042f3dc42eb-mdp-32-14-unsat.cnf', '../instances/train/3184e52e950ac39095a801c418f68d50-mdp-28-10-unsat.cnf', '../instances/train/37a11ae189df2834a3f294736f34608f-mdp-28-16-unsat.cnf', '../instances/train/425c81fc3af7f5124b6282583d80df11-mdp-32-12-unsat.cnf', '../instances/train/4f2d6659b5c9bf594ea12e3e1a85799f-mdp-32-11-unsat.cnf', '../instances/train/7db30d12cb06f0dc2f30abff80d96d6a-two-trees-1023v.sanitized.cnf', '../instances/train/8ffd718f763ed7a3f691cf46e57f8d98-mdp-32-10-sat.cnf', '../instances/train/9a06700729bf3426beb8a62040f92960-mdp-36-12-unsat.cnf', '../instances/train/a5dc6226e4c0bebb06926efe55640995-mdp-36-10-sat.cnf', '../instances/train/a9cb77454c6cfdf4092fb304d3aae8b7-mdp-32-16-sat.cnf', '../instances/train/ab3438b504b296fcee78ec9e71969863-mdp-36-14-sat.cnf', '../instances/train/d11944fbca2dd6540f18bd05b6ccda0c-mdp-32-14-sat.cnf', '../instances/train/d1940d3d830eb16a7d2270ca4af4acba-mdp-28-11-sat.cnf', '../instances/train/db15a85651e0d941a11bf8640625edd8-mdp-32-11-sat.cnf']
8: Solved
8: Timeout
8: Timeout
8: Timeout
8: Timeout
8: Timeout
8: Timeout
8: Solved
8: Timeout
8: Timeout
8: Timeout
8: Timeout
8: Timeout
8: Timeout
8: Timeout
8: Solved
8: Timeout
8: Timeout
8: Solved
8: Timeout
Getting instances
['/nfs/share/instances/gbd/cnf/04ded94454830d4ea960327e8b91f5a3-mdp-28-14-sat.cnf.xz', '/nfs/share/instances/gbd/cnf/1548977b4e27032fe07cda357782cd6a-mdp-28-14-unsat.cnf.xz', '/nfs/share/instances/gbd/cnf/16c5482d8e658b54e20d59cfd4b1d588-two-trees-511v.sanitized.cnf.xz', '/nfs/share/instances/gbd/cnf/16ca57f2cdffd5b0260fc771017e1f04-mdp-36-10-unsat.cnf.xz', '/nfs/share/instances/gbd/cnf/1e74212168124b696531fed471b480b1-mdp-32-10-unsat.cnf.xz', '/nfs/share/instances/gbd/cnf/1eea3d913d346b900252d77fc0cb25c8-par32-4.shuffled.cnf.xz', '/nfs/share/instances/gbd/cnf/23daec2c71ce3c1e346e6042f3dc42eb-mdp-32-14-unsat.cnf.xz', '/nfs/share/instances/gbd/cnf/3184e52e950ac39095a801c418f68d50-mdp-28-10-unsat.cnf.xz', '/nfs/share/instances/gbd/cnf/37a11ae189df2834a3f294736f34608f-mdp-28-16-unsat.cnf.xz', '/nfs/share/instances/gbd/cnf/425c81fc3af7f5124b6282583d80df11-mdp-32-12-unsat.cnf.xz', '/nfs/share/instances/gbd/cnf/4f2d6659b5c9bf594ea12e3e1a85799f-mdp-32-11-unsat.cnf.xz', '/nfs/share/instances/gbd/cnf/7db30d12cb06f0dc2f30abff80d96d6a-two-trees-1023v.sanitized.cnf.xz', '/nfs/share/instances/gbd/cnf/8ffd718f763ed7a3f691cf46e57f8d98-mdp-32-10-sat.cnf.xz', '/nfs/share/instances/gbd/cnf/9a06700729bf3426beb8a62040f92960-mdp-36-12-unsat.cnf.xz', '/nfs/share/instances/gbd/cnf/a5dc6226e4c0bebb06926efe55640995-mdp-36-10-sat.cnf.xz', '/nfs/share/instances/gbd/cnf/a9cb77454c6cfdf4092fb304d3aae8b7-mdp-32-16-sat.cnf.xz', '/nfs/share/instances/gbd/cnf/ab3438b504b296fcee78ec9e71969863-mdp-36-14-sat.cnf.xz', '/nfs/share/instances/gbd/cnf/d11944fbca2dd6540f18bd05b6ccda0c-mdp-32-14-sat.cnf.xz', '/nfs/share/instances/gbd/cnf/d1940d3d830eb16a7d2270ca4af4acba-mdp-28-11-sat.cnf.xz', '/nfs/share/instances/gbd/cnf/db15a85651e0d941a11bf8640625edd8-mdp-32-11-sat.cnf.xz']
['../instances/train/04ded94454830d4ea960327e8b91f5a3-mdp-28-14-sat.cnf', '../instances/train/1548977b4e27032fe07cda357782cd6a-mdp-28-14-unsat.cnf', '../instances/train/16c5482d8e658b54e20d59cfd4b1d588-two-trees-511v.sanitized.cnf', '../instances/train/16ca57f2cdffd5b0260fc771017e1f04-mdp-36-10-unsat.cnf', '../instances/train/1e74212168124b696531fed471b480b1-mdp-32-10-unsat.cnf', '../instances/train/1eea3d913d346b900252d77fc0cb25c8-par32-4.shuffled.cnf', '../instances/train/23daec2c71ce3c1e346e6042f3dc42eb-mdp-32-14-unsat.cnf', '../instances/train/3184e52e950ac39095a801c418f68d50-mdp-28-10-unsat.cnf', '../instances/train/37a11ae189df2834a3f294736f34608f-mdp-28-16-unsat.cnf', '../instances/train/425c81fc3af7f5124b6282583d80df11-mdp-32-12-unsat.cnf', '../instances/train/4f2d6659b5c9bf594ea12e3e1a85799f-mdp-32-11-unsat.cnf', '../instances/train/7db30d12cb06f0dc2f30abff80d96d6a-two-trees-1023v.sanitized.cnf', '../instances/train/8ffd718f763ed7a3f691cf46e57f8d98-mdp-32-10-sat.cnf', '../instances/train/9a06700729bf3426beb8a62040f92960-mdp-36-12-unsat.cnf', '../instances/train/a5dc6226e4c0bebb06926efe55640995-mdp-36-10-sat.cnf', '../instances/train/a9cb77454c6cfdf4092fb304d3aae8b7-mdp-32-16-sat.cnf', '../instances/train/ab3438b504b296fcee78ec9e71969863-mdp-36-14-sat.cnf', '../instances/train/d11944fbca2dd6540f18bd05b6ccda0c-mdp-32-14-sat.cnf', '../instances/train/d1940d3d830eb16a7d2270ca4af4acba-mdp-28-11-sat.cnf', '../instances/train/db15a85651e0d941a11bf8640625edd8-mdp-32-11-sat.cnf']
8: Solved
8: Solved
8: Timeout
8: Timeout
8: Timeout
8: Timeout
8: Timeout
8: Solved
8: Timeout
8: Timeout
8: Timeout
8: Timeout
8: Timeout
8: Timeout
8: Timeout
8: Solved
8: Timeout
8: Timeout
8: Solved
8: Timeout
Getting instances
['/nfs/share/instances/gbd/cnf/04ded94454830d4ea960327e8b91f5a3-mdp-28-14-sat.cnf.xz', '/nfs/share/instances/gbd/cnf/1548977b4e27032fe07cda357782cd6a-mdp-28-14-unsat.cnf.xz', '/nfs/share/instances/gbd/cnf/16c5482d8e658b54e20d59cfd4b1d588-two-trees-511v.sanitized.cnf.xz', '/nfs/share/instances/gbd/cnf/16ca57f2cdffd5b0260fc771017e1f04-mdp-36-10-unsat.cnf.xz', '/nfs/share/instances/gbd/cnf/1e74212168124b696531fed471b480b1-mdp-32-10-unsat.cnf.xz', '/nfs/share/instances/gbd/cnf/1eea3d913d346b900252d77fc0cb25c8-par32-4.shuffled.cnf.xz', '/nfs/share/instances/gbd/cnf/23daec2c71ce3c1e346e6042f3dc42eb-mdp-32-14-unsat.cnf.xz', '/nfs/share/instances/gbd/cnf/3184e52e950ac39095a801c418f68d50-mdp-28-10-unsat.cnf.xz', '/nfs/share/instances/gbd/cnf/37a11ae189df2834a3f294736f34608f-mdp-28-16-unsat.cnf.xz', '/nfs/share/instances/gbd/cnf/425c81fc3af7f5124b6282583d80df11-mdp-32-12-unsat.cnf.xz', '/nfs/share/instances/gbd/cnf/4f2d6659b5c9bf594ea12e3e1a85799f-mdp-32-11-unsat.cnf.xz', '/nfs/share/instances/gbd/cnf/7db30d12cb06f0dc2f30abff80d96d6a-two-trees-1023v.sanitized.cnf.xz', '/nfs/share/instances/gbd/cnf/8ffd718f763ed7a3f691cf46e57f8d98-mdp-32-10-sat.cnf.xz', '/nfs/share/instances/gbd/cnf/9a06700729bf3426beb8a62040f92960-mdp-36-12-unsat.cnf.xz', '/nfs/share/instances/gbd/cnf/a5dc6226e4c0bebb06926efe55640995-mdp-36-10-sat.cnf.xz', '/nfs/share/instances/gbd/cnf/a9cb77454c6cfdf4092fb304d3aae8b7-mdp-32-16-sat.cnf.xz', '/nfs/share/instances/gbd/cnf/ab3438b504b296fcee78ec9e71969863-mdp-36-14-sat.cnf.xz', '/nfs/share/instances/gbd/cnf/d11944fbca2dd6540f18bd05b6ccda0c-mdp-32-14-sat.cnf.xz', '/nfs/share/instances/gbd/cnf/d1940d3d830eb16a7d2270ca4af4acba-mdp-28-11-sat.cnf.xz', '/nfs/share/instances/gbd/cnf/db15a85651e0d941a11bf8640625edd8-mdp-32-11-sat.cnf.xz']
['../instances/train/04ded94454830d4ea960327e8b91f5a3-mdp-28-14-sat.cnf', '../instances/train/1548977b4e27032fe07cda357782cd6a-mdp-28-14-unsat.cnf', '../instances/train/16c5482d8e658b54e20d59cfd4b1d588-two-trees-511v.sanitized.cnf', '../instances/train/16ca57f2cdffd5b0260fc771017e1f04-mdp-36-10-unsat.cnf', '../instances/train/1e74212168124b696531fed471b480b1-mdp-32-10-unsat.cnf', '../instances/train/1eea3d913d346b900252d77fc0cb25c8-par32-4.shuffled.cnf', '../instances/train/23daec2c71ce3c1e346e6042f3dc42eb-mdp-32-14-unsat.cnf', '../instances/train/3184e52e950ac39095a801c418f68d50-mdp-28-10-unsat.cnf', '../instances/train/37a11ae189df2834a3f294736f34608f-mdp-28-16-unsat.cnf', '../instances/train/425c81fc3af7f5124b6282583d80df11-mdp-32-12-unsat.cnf', '../instances/train/4f2d6659b5c9bf594ea12e3e1a85799f-mdp-32-11-unsat.cnf', '../instances/train/7db30d12cb06f0dc2f30abff80d96d6a-two-trees-1023v.sanitized.cnf', '../instances/train/8ffd718f763ed7a3f691cf46e57f8d98-mdp-32-10-sat.cnf', '../instances/train/9a06700729bf3426beb8a62040f92960-mdp-36-12-unsat.cnf', '../instances/train/a5dc6226e4c0bebb06926efe55640995-mdp-36-10-sat.cnf', '../instances/train/a9cb77454c6cfdf4092fb304d3aae8b7-mdp-32-16-sat.cnf', '../instances/train/ab3438b504b296fcee78ec9e71969863-mdp-36-14-sat.cnf', '../instances/train/d11944fbca2dd6540f18bd05b6ccda0c-mdp-32-14-sat.cnf', '../instances/train/d1940d3d830eb16a7d2270ca4af4acba-mdp-28-11-sat.cnf', '../instances/train/db15a85651e0d941a11bf8640625edd8-mdp-32-11-sat.cnf']
8: Solved
8: Timeout
8: Timeout
8: Timeout
8: Timeout
8: Timeout
8: Timeout
8: Solved
8: Timeout
8: Timeout
8: Timeout
8: Timeout
8: Solved
8: Timeout
8: Timeout
8: Solved
8: Timeout
8: Timeout
8: Solved
8: Timeout
[INFO][smbo.py:328] Configuration budget is exhausted:
[INFO][smbo.py:329] --- Remaining wallclock time: inf
[INFO][smbo.py:330] --- Remaining cpu time: inf
[INFO][smbo.py:331] --- Remaining trials: 0
Configuration(values={
  'backbone': 2,
  'congruenceands': 'true',
  'congruencexors': 'false',
  'phase': 'true',
  'probeint': 608,
  'restartint': 7034,
  'sweepclauses': 954679991,
  'target': 1,
  'vivifyirr': 4,
  'congruenceandarity': 1000000,
})
