Setting up config
Starting smac
[INFO][abstract_initial_design.py:95] Reducing the number of initial configurations from 110 to 2 (max_ratio == 0.25).
[INFO][abstract_initial_design.py:147] Using 2 initial design configurations and 0 additional configurations.
[INFO][abstract_intensifier.py:306] Using only one seed for deterministic scenario.
Getting instances
['/nfs/share/instances/gbd/cnf/05c8e94aaee86390eaf6e68dd3ec3570-noL-11-2.sanitized.cnf.xz', '/nfs/share/instances/gbd/cnf/0a27eb7c16c1e69ff4d087d217ac89cb-noL-11-0.sanitized.cnf.xz', '/nfs/share/instances/gbd/cnf/0d81711a3d73c828e8c6e12607eda82d-noL-11-20.sanitized.cnf.xz', '/nfs/share/instances/gbd/cnf/47e1ada0070708c2953d322c06aea00d-noL-11-8.sanitized.cnf.xz', '/nfs/share/instances/gbd/cnf/50019e4419d48196bb4b95933a8b5030-noL-11-14.sanitized.cnf.xz', '/nfs/share/instances/gbd/cnf/52aaf653a79ca14fa1127cda32aa94ce-noL-11-10.sanitized.cnf.xz', '/nfs/share/instances/gbd/cnf/634a271f5fe339007a186539d615e92f-noL-11-4.sanitized.cnf.xz', '/nfs/share/instances/gbd/cnf/994783ef4ed3a0366842e1b6f9128a6f-noL-11-6.sanitized.cnf.xz', '/nfs/share/instances/gbd/cnf/b8c7c777e76995e5bf7b517f2db234ba-noL-11-16.sanitized.cnf.xz', '/nfs/share/instances/gbd/cnf/c73edc350cfa8e07af58db50054aea45-noL-11-12.sanitized.cnf.xz', '/nfs/share/instances/gbd/cnf/de7a6b03999e2bc5bd750831c2662a4d-noL-11-18.sanitized.cnf.xz']
['../instances/train/05c8e94aaee86390eaf6e68dd3ec3570-noL-11-2.sanitized.cnf', '../instances/train/0a27eb7c16c1e69ff4d087d217ac89cb-noL-11-0.sanitized.cnf', '../instances/train/0d81711a3d73c828e8c6e12607eda82d-noL-11-20.sanitized.cnf', '../instances/train/47e1ada0070708c2953d322c06aea00d-noL-11-8.sanitized.cnf', '../instances/train/50019e4419d48196bb4b95933a8b5030-noL-11-14.sanitized.cnf', '../instances/train/52aaf653a79ca14fa1127cda32aa94ce-noL-11-10.sanitized.cnf', '../instances/train/634a271f5fe339007a186539d615e92f-noL-11-4.sanitized.cnf', '../instances/train/994783ef4ed3a0366842e1b6f9128a6f-noL-11-6.sanitized.cnf', '../instances/train/b8c7c777e76995e5bf7b517f2db234ba-noL-11-16.sanitized.cnf', '../instances/train/c73edc350cfa8e07af58db50054aea45-noL-11-12.sanitized.cnf', '../instances/train/de7a6b03999e2bc5bd750831c2662a4d-noL-11-18.sanitized.cnf']
30: Solved
30: Solved
30: Solved
30: Solved
30: Solved
30: Solved
30: Solved
30: Solved
30: Solved
30: Solved
30: Solved
[INFO][abstract_intensifier.py:516] Added config 3112da as new incumbent because there are no incumbents yet.
Getting instances
['/nfs/share/instances/gbd/cnf/05c8e94aaee86390eaf6e68dd3ec3570-noL-11-2.sanitized.cnf.xz', '/nfs/share/instances/gbd/cnf/0a27eb7c16c1e69ff4d087d217ac89cb-noL-11-0.sanitized.cnf.xz', '/nfs/share/instances/gbd/cnf/0d81711a3d73c828e8c6e12607eda82d-noL-11-20.sanitized.cnf.xz', '/nfs/share/instances/gbd/cnf/47e1ada0070708c2953d322c06aea00d-noL-11-8.sanitized.cnf.xz', '/nfs/share/instances/gbd/cnf/50019e4419d48196bb4b95933a8b5030-noL-11-14.sanitized.cnf.xz', '/nfs/share/instances/gbd/cnf/52aaf653a79ca14fa1127cda32aa94ce-noL-11-10.sanitized.cnf.xz', '/nfs/share/instances/gbd/cnf/634a271f5fe339007a186539d615e92f-noL-11-4.sanitized.cnf.xz', '/nfs/share/instances/gbd/cnf/994783ef4ed3a0366842e1b6f9128a6f-noL-11-6.sanitized.cnf.xz', '/nfs/share/instances/gbd/cnf/b8c7c777e76995e5bf7b517f2db234ba-noL-11-16.sanitized.cnf.xz', '/nfs/share/instances/gbd/cnf/c73edc350cfa8e07af58db50054aea45-noL-11-12.sanitized.cnf.xz', '/nfs/share/instances/gbd/cnf/de7a6b03999e2bc5bd750831c2662a4d-noL-11-18.sanitized.cnf.xz']
['../instances/train/05c8e94aaee86390eaf6e68dd3ec3570-noL-11-2.sanitized.cnf', '../instances/train/0a27eb7c16c1e69ff4d087d217ac89cb-noL-11-0.sanitized.cnf', '../instances/train/0d81711a3d73c828e8c6e12607eda82d-noL-11-20.sanitized.cnf', '../instances/train/47e1ada0070708c2953d322c06aea00d-noL-11-8.sanitized.cnf', '../instances/train/50019e4419d48196bb4b95933a8b5030-noL-11-14.sanitized.cnf', '../instances/train/52aaf653a79ca14fa1127cda32aa94ce-noL-11-10.sanitized.cnf', '../instances/train/634a271f5fe339007a186539d615e92f-noL-11-4.sanitized.cnf', '../instances/train/994783ef4ed3a0366842e1b6f9128a6f-noL-11-6.sanitized.cnf', '../instances/train/b8c7c777e76995e5bf7b517f2db234ba-noL-11-16.sanitized.cnf', '../instances/train/c73edc350cfa8e07af58db50054aea45-noL-11-12.sanitized.cnf', '../instances/train/de7a6b03999e2bc5bd750831c2662a4d-noL-11-18.sanitized.cnf']
30: Solved
30: Solved
30: Solved
30: Solved
30: Solved
30: Solved
30: Solved
30: Solved
30: Solved
30: Solved
30: Solved
[INFO][abstract_intensifier.py:595] Added config 7568d0 and rejected config 3112da as incumbent because it is not better than the incumbents on 1 instances:
Getting instances
['/nfs/share/instances/gbd/cnf/05c8e94aaee86390eaf6e68dd3ec3570-noL-11-2.sanitized.cnf.xz', '/nfs/share/instances/gbd/cnf/0a27eb7c16c1e69ff4d087d217ac89cb-noL-11-0.sanitized.cnf.xz', '/nfs/share/instances/gbd/cnf/0d81711a3d73c828e8c6e12607eda82d-noL-11-20.sanitized.cnf.xz', '/nfs/share/instances/gbd/cnf/47e1ada0070708c2953d322c06aea00d-noL-11-8.sanitized.cnf.xz', '/nfs/share/instances/gbd/cnf/50019e4419d48196bb4b95933a8b5030-noL-11-14.sanitized.cnf.xz', '/nfs/share/instances/gbd/cnf/52aaf653a79ca14fa1127cda32aa94ce-noL-11-10.sanitized.cnf.xz', '/nfs/share/instances/gbd/cnf/634a271f5fe339007a186539d615e92f-noL-11-4.sanitized.cnf.xz', '/nfs/share/instances/gbd/cnf/994783ef4ed3a0366842e1b6f9128a6f-noL-11-6.sanitized.cnf.xz', '/nfs/share/instances/gbd/cnf/b8c7c777e76995e5bf7b517f2db234ba-noL-11-16.sanitized.cnf.xz', '/nfs/share/instances/gbd/cnf/c73edc350cfa8e07af58db50054aea45-noL-11-12.sanitized.cnf.xz', '/nfs/share/instances/gbd/cnf/de7a6b03999e2bc5bd750831c2662a4d-noL-11-18.sanitized.cnf.xz']
['../instances/train/05c8e94aaee86390eaf6e68dd3ec3570-noL-11-2.sanitized.cnf', '../instances/train/0a27eb7c16c1e69ff4d087d217ac89cb-noL-11-0.sanitized.cnf', '../instances/train/0d81711a3d73c828e8c6e12607eda82d-noL-11-20.sanitized.cnf', '../instances/train/47e1ada0070708c2953d322c06aea00d-noL-11-8.sanitized.cnf', '../instances/train/50019e4419d48196bb4b95933a8b5030-noL-11-14.sanitized.cnf', '../instances/train/52aaf653a79ca14fa1127cda32aa94ce-noL-11-10.sanitized.cnf', '../instances/train/634a271f5fe339007a186539d615e92f-noL-11-4.sanitized.cnf', '../instances/train/994783ef4ed3a0366842e1b6f9128a6f-noL-11-6.sanitized.cnf', '../instances/train/b8c7c777e76995e5bf7b517f2db234ba-noL-11-16.sanitized.cnf', '../instances/train/c73edc350cfa8e07af58db50054aea45-noL-11-12.sanitized.cnf', '../instances/train/de7a6b03999e2bc5bd750831c2662a4d-noL-11-18.sanitized.cnf']
30: Solved
30: Solved
30: Solved
30: Solved
30: Solved
30: Solved
30: Solved
30: Solved
30: Solved
30: Solved
30: Solved
[INFO][abstract_intensifier.py:595] Added config 9d4e5c and rejected config 7568d0 as incumbent because it is not better than the incumbents on 1 instances:
Getting instances
['/nfs/share/instances/gbd/cnf/05c8e94aaee86390eaf6e68dd3ec3570-noL-11-2.sanitized.cnf.xz', '/nfs/share/instances/gbd/cnf/0a27eb7c16c1e69ff4d087d217ac89cb-noL-11-0.sanitized.cnf.xz', '/nfs/share/instances/gbd/cnf/0d81711a3d73c828e8c6e12607eda82d-noL-11-20.sanitized.cnf.xz', '/nfs/share/instances/gbd/cnf/47e1ada0070708c2953d322c06aea00d-noL-11-8.sanitized.cnf.xz', '/nfs/share/instances/gbd/cnf/50019e4419d48196bb4b95933a8b5030-noL-11-14.sanitized.cnf.xz', '/nfs/share/instances/gbd/cnf/52aaf653a79ca14fa1127cda32aa94ce-noL-11-10.sanitized.cnf.xz', '/nfs/share/instances/gbd/cnf/634a271f5fe339007a186539d615e92f-noL-11-4.sanitized.cnf.xz', '/nfs/share/instances/gbd/cnf/994783ef4ed3a0366842e1b6f9128a6f-noL-11-6.sanitized.cnf.xz', '/nfs/share/instances/gbd/cnf/b8c7c777e76995e5bf7b517f2db234ba-noL-11-16.sanitized.cnf.xz', '/nfs/share/instances/gbd/cnf/c73edc350cfa8e07af58db50054aea45-noL-11-12.sanitized.cnf.xz', '/nfs/share/instances/gbd/cnf/de7a6b03999e2bc5bd750831c2662a4d-noL-11-18.sanitized.cnf.xz']
['../instances/train/05c8e94aaee86390eaf6e68dd3ec3570-noL-11-2.sanitized.cnf', '../instances/train/0a27eb7c16c1e69ff4d087d217ac89cb-noL-11-0.sanitized.cnf', '../instances/train/0d81711a3d73c828e8c6e12607eda82d-noL-11-20.sanitized.cnf', '../instances/train/47e1ada0070708c2953d322c06aea00d-noL-11-8.sanitized.cnf', '../instances/train/50019e4419d48196bb4b95933a8b5030-noL-11-14.sanitized.cnf', '../instances/train/52aaf653a79ca14fa1127cda32aa94ce-noL-11-10.sanitized.cnf', '../instances/train/634a271f5fe339007a186539d615e92f-noL-11-4.sanitized.cnf', '../instances/train/994783ef4ed3a0366842e1b6f9128a6f-noL-11-6.sanitized.cnf', '../instances/train/b8c7c777e76995e5bf7b517f2db234ba-noL-11-16.sanitized.cnf', '../instances/train/c73edc350cfa8e07af58db50054aea45-noL-11-12.sanitized.cnf', '../instances/train/de7a6b03999e2bc5bd750831c2662a4d-noL-11-18.sanitized.cnf']
30: Solved
30: Solved
30: Solved
30: Solved
30: Solved
30: Solved
30: Solved
30: Solved
30: Solved
30: Solved
30: Solved
Getting instances
['/nfs/share/instances/gbd/cnf/05c8e94aaee86390eaf6e68dd3ec3570-noL-11-2.sanitized.cnf.xz', '/nfs/share/instances/gbd/cnf/0a27eb7c16c1e69ff4d087d217ac89cb-noL-11-0.sanitized.cnf.xz', '/nfs/share/instances/gbd/cnf/0d81711a3d73c828e8c6e12607eda82d-noL-11-20.sanitized.cnf.xz', '/nfs/share/instances/gbd/cnf/47e1ada0070708c2953d322c06aea00d-noL-11-8.sanitized.cnf.xz', '/nfs/share/instances/gbd/cnf/50019e4419d48196bb4b95933a8b5030-noL-11-14.sanitized.cnf.xz', '/nfs/share/instances/gbd/cnf/52aaf653a79ca14fa1127cda32aa94ce-noL-11-10.sanitized.cnf.xz', '/nfs/share/instances/gbd/cnf/634a271f5fe339007a186539d615e92f-noL-11-4.sanitized.cnf.xz', '/nfs/share/instances/gbd/cnf/994783ef4ed3a0366842e1b6f9128a6f-noL-11-6.sanitized.cnf.xz', '/nfs/share/instances/gbd/cnf/b8c7c777e76995e5bf7b517f2db234ba-noL-11-16.sanitized.cnf.xz', '/nfs/share/instances/gbd/cnf/c73edc350cfa8e07af58db50054aea45-noL-11-12.sanitized.cnf.xz', '/nfs/share/instances/gbd/cnf/de7a6b03999e2bc5bd750831c2662a4d-noL-11-18.sanitized.cnf.xz']
['../instances/train/05c8e94aaee86390eaf6e68dd3ec3570-noL-11-2.sanitized.cnf', '../instances/train/0a27eb7c16c1e69ff4d087d217ac89cb-noL-11-0.sanitized.cnf', '../instances/train/0d81711a3d73c828e8c6e12607eda82d-noL-11-20.sanitized.cnf', '../instances/train/47e1ada0070708c2953d322c06aea00d-noL-11-8.sanitized.cnf', '../instances/train/50019e4419d48196bb4b95933a8b5030-noL-11-14.sanitized.cnf', '../instances/train/52aaf653a79ca14fa1127cda32aa94ce-noL-11-10.sanitized.cnf', '../instances/train/634a271f5fe339007a186539d615e92f-noL-11-4.sanitized.cnf', '../instances/train/994783ef4ed3a0366842e1b6f9128a6f-noL-11-6.sanitized.cnf', '../instances/train/b8c7c777e76995e5bf7b517f2db234ba-noL-11-16.sanitized.cnf', '../instances/train/c73edc350cfa8e07af58db50054aea45-noL-11-12.sanitized.cnf', '../instances/train/de7a6b03999e2bc5bd750831c2662a4d-noL-11-18.sanitized.cnf']
30: Solved
30: Solved
30: Solved
30: Solved
30: Solved
30: Solved
30: Solved
30: Solved
30: Solved
30: Solved
30: Solved
[INFO][abstract_intensifier.py:595] Added config 9c078a and rejected config 9d4e5c as incumbent because it is not better than the incumbents on 1 instances:
Getting instances
['/nfs/share/instances/gbd/cnf/05c8e94aaee86390eaf6e68dd3ec3570-noL-11-2.sanitized.cnf.xz', '/nfs/share/instances/gbd/cnf/0a27eb7c16c1e69ff4d087d217ac89cb-noL-11-0.sanitized.cnf.xz', '/nfs/share/instances/gbd/cnf/0d81711a3d73c828e8c6e12607eda82d-noL-11-20.sanitized.cnf.xz', '/nfs/share/instances/gbd/cnf/47e1ada0070708c2953d322c06aea00d-noL-11-8.sanitized.cnf.xz', '/nfs/share/instances/gbd/cnf/50019e4419d48196bb4b95933a8b5030-noL-11-14.sanitized.cnf.xz', '/nfs/share/instances/gbd/cnf/52aaf653a79ca14fa1127cda32aa94ce-noL-11-10.sanitized.cnf.xz', '/nfs/share/instances/gbd/cnf/634a271f5fe339007a186539d615e92f-noL-11-4.sanitized.cnf.xz', '/nfs/share/instances/gbd/cnf/994783ef4ed3a0366842e1b6f9128a6f-noL-11-6.sanitized.cnf.xz', '/nfs/share/instances/gbd/cnf/b8c7c777e76995e5bf7b517f2db234ba-noL-11-16.sanitized.cnf.xz', '/nfs/share/instances/gbd/cnf/c73edc350cfa8e07af58db50054aea45-noL-11-12.sanitized.cnf.xz', '/nfs/share/instances/gbd/cnf/de7a6b03999e2bc5bd750831c2662a4d-noL-11-18.sanitized.cnf.xz']
['../instances/train/05c8e94aaee86390eaf6e68dd3ec3570-noL-11-2.sanitized.cnf', '../instances/train/0a27eb7c16c1e69ff4d087d217ac89cb-noL-11-0.sanitized.cnf', '../instances/train/0d81711a3d73c828e8c6e12607eda82d-noL-11-20.sanitized.cnf', '../instances/train/47e1ada0070708c2953d322c06aea00d-noL-11-8.sanitized.cnf', '../instances/train/50019e4419d48196bb4b95933a8b5030-noL-11-14.sanitized.cnf', '../instances/train/52aaf653a79ca14fa1127cda32aa94ce-noL-11-10.sanitized.cnf', '../instances/train/634a271f5fe339007a186539d615e92f-noL-11-4.sanitized.cnf', '../instances/train/994783ef4ed3a0366842e1b6f9128a6f-noL-11-6.sanitized.cnf', '../instances/train/b8c7c777e76995e5bf7b517f2db234ba-noL-11-16.sanitized.cnf', '../instances/train/c73edc350cfa8e07af58db50054aea45-noL-11-12.sanitized.cnf', '../instances/train/de7a6b03999e2bc5bd750831c2662a4d-noL-11-18.sanitized.cnf']
30: Timeout
30: Solved
30: Solved
30: Solved
30: Solved
30: Solved
30: Timeout
30: Solved
30: Solved
30: Solved
30: Solved
Getting instances
['/nfs/share/instances/gbd/cnf/05c8e94aaee86390eaf6e68dd3ec3570-noL-11-2.sanitized.cnf.xz', '/nfs/share/instances/gbd/cnf/0a27eb7c16c1e69ff4d087d217ac89cb-noL-11-0.sanitized.cnf.xz', '/nfs/share/instances/gbd/cnf/0d81711a3d73c828e8c6e12607eda82d-noL-11-20.sanitized.cnf.xz', '/nfs/share/instances/gbd/cnf/47e1ada0070708c2953d322c06aea00d-noL-11-8.sanitized.cnf.xz', '/nfs/share/instances/gbd/cnf/50019e4419d48196bb4b95933a8b5030-noL-11-14.sanitized.cnf.xz', '/nfs/share/instances/gbd/cnf/52aaf653a79ca14fa1127cda32aa94ce-noL-11-10.sanitized.cnf.xz', '/nfs/share/instances/gbd/cnf/634a271f5fe339007a186539d615e92f-noL-11-4.sanitized.cnf.xz', '/nfs/share/instances/gbd/cnf/994783ef4ed3a0366842e1b6f9128a6f-noL-11-6.sanitized.cnf.xz', '/nfs/share/instances/gbd/cnf/b8c7c777e76995e5bf7b517f2db234ba-noL-11-16.sanitized.cnf.xz', '/nfs/share/instances/gbd/cnf/c73edc350cfa8e07af58db50054aea45-noL-11-12.sanitized.cnf.xz', '/nfs/share/instances/gbd/cnf/de7a6b03999e2bc5bd750831c2662a4d-noL-11-18.sanitized.cnf.xz']
['../instances/train/05c8e94aaee86390eaf6e68dd3ec3570-noL-11-2.sanitized.cnf', '../instances/train/0a27eb7c16c1e69ff4d087d217ac89cb-noL-11-0.sanitized.cnf', '../instances/train/0d81711a3d73c828e8c6e12607eda82d-noL-11-20.sanitized.cnf', '../instances/train/47e1ada0070708c2953d322c06aea00d-noL-11-8.sanitized.cnf', '../instances/train/50019e4419d48196bb4b95933a8b5030-noL-11-14.sanitized.cnf', '../instances/train/52aaf653a79ca14fa1127cda32aa94ce-noL-11-10.sanitized.cnf', '../instances/train/634a271f5fe339007a186539d615e92f-noL-11-4.sanitized.cnf', '../instances/train/994783ef4ed3a0366842e1b6f9128a6f-noL-11-6.sanitized.cnf', '../instances/train/b8c7c777e76995e5bf7b517f2db234ba-noL-11-16.sanitized.cnf', '../instances/train/c73edc350cfa8e07af58db50054aea45-noL-11-12.sanitized.cnf', '../instances/train/de7a6b03999e2bc5bd750831c2662a4d-noL-11-18.sanitized.cnf']
30: Timeout
30: Timeout
30: Solved
30: Timeout
30: Solved
30: Timeout
30: Timeout
30: Solved
30: Solved
30: Solved
30: Timeout
Getting instances
['/nfs/share/instances/gbd/cnf/05c8e94aaee86390eaf6e68dd3ec3570-noL-11-2.sanitized.cnf.xz', '/nfs/share/instances/gbd/cnf/0a27eb7c16c1e69ff4d087d217ac89cb-noL-11-0.sanitized.cnf.xz', '/nfs/share/instances/gbd/cnf/0d81711a3d73c828e8c6e12607eda82d-noL-11-20.sanitized.cnf.xz', '/nfs/share/instances/gbd/cnf/47e1ada0070708c2953d322c06aea00d-noL-11-8.sanitized.cnf.xz', '/nfs/share/instances/gbd/cnf/50019e4419d48196bb4b95933a8b5030-noL-11-14.sanitized.cnf.xz', '/nfs/share/instances/gbd/cnf/52aaf653a79ca14fa1127cda32aa94ce-noL-11-10.sanitized.cnf.xz', '/nfs/share/instances/gbd/cnf/634a271f5fe339007a186539d615e92f-noL-11-4.sanitized.cnf.xz', '/nfs/share/instances/gbd/cnf/994783ef4ed3a0366842e1b6f9128a6f-noL-11-6.sanitized.cnf.xz', '/nfs/share/instances/gbd/cnf/b8c7c777e76995e5bf7b517f2db234ba-noL-11-16.sanitized.cnf.xz', '/nfs/share/instances/gbd/cnf/c73edc350cfa8e07af58db50054aea45-noL-11-12.sanitized.cnf.xz', '/nfs/share/instances/gbd/cnf/de7a6b03999e2bc5bd750831c2662a4d-noL-11-18.sanitized.cnf.xz']
['../instances/train/05c8e94aaee86390eaf6e68dd3ec3570-noL-11-2.sanitized.cnf', '../instances/train/0a27eb7c16c1e69ff4d087d217ac89cb-noL-11-0.sanitized.cnf', '../instances/train/0d81711a3d73c828e8c6e12607eda82d-noL-11-20.sanitized.cnf', '../instances/train/47e1ada0070708c2953d322c06aea00d-noL-11-8.sanitized.cnf', '../instances/train/50019e4419d48196bb4b95933a8b5030-noL-11-14.sanitized.cnf', '../instances/train/52aaf653a79ca14fa1127cda32aa94ce-noL-11-10.sanitized.cnf', '../instances/train/634a271f5fe339007a186539d615e92f-noL-11-4.sanitized.cnf', '../instances/train/994783ef4ed3a0366842e1b6f9128a6f-noL-11-6.sanitized.cnf', '../instances/train/b8c7c777e76995e5bf7b517f2db234ba-noL-11-16.sanitized.cnf', '../instances/train/c73edc350cfa8e07af58db50054aea45-noL-11-12.sanitized.cnf', '../instances/train/de7a6b03999e2bc5bd750831c2662a4d-noL-11-18.sanitized.cnf']
30: Solved
30: Solved
30: Solved
30: Solved
30: Solved
30: Solved
30: Solved
30: Solved
30: Solved
30: Solved
30: Solved
Getting instances
['/nfs/share/instances/gbd/cnf/05c8e94aaee86390eaf6e68dd3ec3570-noL-11-2.sanitized.cnf.xz', '/nfs/share/instances/gbd/cnf/0a27eb7c16c1e69ff4d087d217ac89cb-noL-11-0.sanitized.cnf.xz', '/nfs/share/instances/gbd/cnf/0d81711a3d73c828e8c6e12607eda82d-noL-11-20.sanitized.cnf.xz', '/nfs/share/instances/gbd/cnf/47e1ada0070708c2953d322c06aea00d-noL-11-8.sanitized.cnf.xz', '/nfs/share/instances/gbd/cnf/50019e4419d48196bb4b95933a8b5030-noL-11-14.sanitized.cnf.xz', '/nfs/share/instances/gbd/cnf/52aaf653a79ca14fa1127cda32aa94ce-noL-11-10.sanitized.cnf.xz', '/nfs/share/instances/gbd/cnf/634a271f5fe339007a186539d615e92f-noL-11-4.sanitized.cnf.xz', '/nfs/share/instances/gbd/cnf/994783ef4ed3a0366842e1b6f9128a6f-noL-11-6.sanitized.cnf.xz', '/nfs/share/instances/gbd/cnf/b8c7c777e76995e5bf7b517f2db234ba-noL-11-16.sanitized.cnf.xz', '/nfs/share/instances/gbd/cnf/c73edc350cfa8e07af58db50054aea45-noL-11-12.sanitized.cnf.xz', '/nfs/share/instances/gbd/cnf/de7a6b03999e2bc5bd750831c2662a4d-noL-11-18.sanitized.cnf.xz']
['../instances/train/05c8e94aaee86390eaf6e68dd3ec3570-noL-11-2.sanitized.cnf', '../instances/train/0a27eb7c16c1e69ff4d087d217ac89cb-noL-11-0.sanitized.cnf', '../instances/train/0d81711a3d73c828e8c6e12607eda82d-noL-11-20.sanitized.cnf', '../instances/train/47e1ada0070708c2953d322c06aea00d-noL-11-8.sanitized.cnf', '../instances/train/50019e4419d48196bb4b95933a8b5030-noL-11-14.sanitized.cnf', '../instances/train/52aaf653a79ca14fa1127cda32aa94ce-noL-11-10.sanitized.cnf', '../instances/train/634a271f5fe339007a186539d615e92f-noL-11-4.sanitized.cnf', '../instances/train/994783ef4ed3a0366842e1b6f9128a6f-noL-11-6.sanitized.cnf', '../instances/train/b8c7c777e76995e5bf7b517f2db234ba-noL-11-16.sanitized.cnf', '../instances/train/c73edc350cfa8e07af58db50054aea45-noL-11-12.sanitized.cnf', '../instances/train/de7a6b03999e2bc5bd750831c2662a4d-noL-11-18.sanitized.cnf']
30: Solved
30: Solved
30: Solved
30: Solved
30: Solved
30: Solved
30: Solved
30: Solved
30: Solved
30: Solved
30: Solved
Getting instances
['/nfs/share/instances/gbd/cnf/05c8e94aaee86390eaf6e68dd3ec3570-noL-11-2.sanitized.cnf.xz', '/nfs/share/instances/gbd/cnf/0a27eb7c16c1e69ff4d087d217ac89cb-noL-11-0.sanitized.cnf.xz', '/nfs/share/instances/gbd/cnf/0d81711a3d73c828e8c6e12607eda82d-noL-11-20.sanitized.cnf.xz', '/nfs/share/instances/gbd/cnf/47e1ada0070708c2953d322c06aea00d-noL-11-8.sanitized.cnf.xz', '/nfs/share/instances/gbd/cnf/50019e4419d48196bb4b95933a8b5030-noL-11-14.sanitized.cnf.xz', '/nfs/share/instances/gbd/cnf/52aaf653a79ca14fa1127cda32aa94ce-noL-11-10.sanitized.cnf.xz', '/nfs/share/instances/gbd/cnf/634a271f5fe339007a186539d615e92f-noL-11-4.sanitized.cnf.xz', '/nfs/share/instances/gbd/cnf/994783ef4ed3a0366842e1b6f9128a6f-noL-11-6.sanitized.cnf.xz', '/nfs/share/instances/gbd/cnf/b8c7c777e76995e5bf7b517f2db234ba-noL-11-16.sanitized.cnf.xz', '/nfs/share/instances/gbd/cnf/c73edc350cfa8e07af58db50054aea45-noL-11-12.sanitized.cnf.xz', '/nfs/share/instances/gbd/cnf/de7a6b03999e2bc5bd750831c2662a4d-noL-11-18.sanitized.cnf.xz']
['../instances/train/05c8e94aaee86390eaf6e68dd3ec3570-noL-11-2.sanitized.cnf', '../instances/train/0a27eb7c16c1e69ff4d087d217ac89cb-noL-11-0.sanitized.cnf', '../instances/train/0d81711a3d73c828e8c6e12607eda82d-noL-11-20.sanitized.cnf', '../instances/train/47e1ada0070708c2953d322c06aea00d-noL-11-8.sanitized.cnf', '../instances/train/50019e4419d48196bb4b95933a8b5030-noL-11-14.sanitized.cnf', '../instances/train/52aaf653a79ca14fa1127cda32aa94ce-noL-11-10.sanitized.cnf', '../instances/train/634a271f5fe339007a186539d615e92f-noL-11-4.sanitized.cnf', '../instances/train/994783ef4ed3a0366842e1b6f9128a6f-noL-11-6.sanitized.cnf', '../instances/train/b8c7c777e76995e5bf7b517f2db234ba-noL-11-16.sanitized.cnf', '../instances/train/c73edc350cfa8e07af58db50054aea45-noL-11-12.sanitized.cnf', '../instances/train/de7a6b03999e2bc5bd750831c2662a4d-noL-11-18.sanitized.cnf']
30: Timeout
30: Timeout
30: Solved
30: Solved
30: Solved
30: Solved
30: Timeout
30: Timeout
30: Solved
30: Solved
30: Timeout
[INFO][smbo.py:328] Configuration budget is exhausted:
[INFO][smbo.py:329] --- Remaining wallclock time: inf
[INFO][smbo.py:330] --- Remaining cpu time: inf
[INFO][smbo.py:331] --- Remaining trials: 0
Configuration(values={
  'backbone': 2,
  'congruenceands': 'true',
  'congruencexors': 'false',
  'phase': 'true',
  'probeint': 608,
  'restartint': 7034,
  'sweepclauses': 954679991,
  'target': 1,
  'vivifyirr': 4,
  'congruenceandarity': 1000000,
})
