Setting up config
Starting smac
[INFO][abstract_initial_design.py:95] Reducing the number of initial configurations from 110 to 2 (max_ratio == 0.25).
[INFO][abstract_initial_design.py:147] Using 2 initial design configurations and 0 additional configurations.
[INFO][abstract_intensifier.py:306] Using only one seed for deterministic scenario.
Getting instances
['/nfs/share/instances/gbd/cnf/096e485489025895cdc59887baafa08b-test_v7_r17_vr5_c1_s25451.smt2-cvc4.cnf.xz', '/nfs/share/instances/gbd/cnf/0e5ffe8651c6d9c3cccc3f6cb72be39a-g2-test_v5_r10_vr10_c1_s21502.smt2-cvc4.cnf.xz', '/nfs/share/instances/gbd/cnf/1165e12b6addad01b491c4616306186c-mulhs016-sc2009.cnf.xz', '/nfs/share/instances/gbd/cnf/28e45a3e488ddac73b6116cc6f3e67e0-g2-T99.2.0.cnf.xz', '/nfs/share/instances/gbd/cnf/3b59c5d9b6729f39c8483446701f4ed0-g2-T93.2.1.cnf.xz', '/nfs/share/instances/gbd/cnf/4106867bc76b8794330a205cf8a303ad-bvsub_19952.smt2.cnf.xz', '/nfs/share/instances/gbd/cnf/543e67dd5abc272c37775b1b742a1d9a-qwh.60.1728.shuffled-as.sat03-1659.cnf.xz', '/nfs/share/instances/gbd/cnf/70ef2b6bdc4101a0e35cf3d165571fe3-qwh.50.1250.shuffled-as.sat03-1655.cnf.xz', '/nfs/share/instances/gbd/cnf/88d151d4e3c6ba9bd78454de141cd108-T105.2.0.cnf.xz', '/nfs/share/instances/gbd/cnf/8cf6b81061285343c4f33c51afdb3fbb-minxor128.cnf.xz', '/nfs/share/instances/gbd/cnf/a931fb0e1490883ee7719eab96ed558a-T87.2.0.cnf.xz', '/nfs/share/instances/gbd/cnf/ad69e0a0880cd377e26260f7e4bc6d51-g2-T49.2.0.cnf.xz']
['../instances/train/096e485489025895cdc59887baafa08b-test_v7_r17_vr5_c1_s25451.smt2-cvc4.cnf', '../instances/train/0e5ffe8651c6d9c3cccc3f6cb72be39a-g2-test_v5_r10_vr10_c1_s21502.smt2-cvc4.cnf', '../instances/train/1165e12b6addad01b491c4616306186c-mulhs016-sc2009.cnf', '../instances/train/28e45a3e488ddac73b6116cc6f3e67e0-g2-T99.2.0.cnf', '../instances/train/3b59c5d9b6729f39c8483446701f4ed0-g2-T93.2.1.cnf', '../instances/train/4106867bc76b8794330a205cf8a303ad-bvsub_19952.smt2.cnf', '../instances/train/543e67dd5abc272c37775b1b742a1d9a-qwh.60.1728.shuffled-as.sat03-1659.cnf', '../instances/train/70ef2b6bdc4101a0e35cf3d165571fe3-qwh.50.1250.shuffled-as.sat03-1655.cnf', '../instances/train/88d151d4e3c6ba9bd78454de141cd108-T105.2.0.cnf', '../instances/train/8cf6b81061285343c4f33c51afdb3fbb-minxor128.cnf', '../instances/train/a931fb0e1490883ee7719eab96ed558a-T87.2.0.cnf', '../instances/train/ad69e0a0880cd377e26260f7e4bc6d51-g2-T49.2.0.cnf']
19: Timeout
19: Solved
19: Timeout
19: Solved
19: Solved
19: Timeout
19: Solved
19: Solved
19: Solved
19: Timeout
19: Solved
19: Solved
[INFO][abstract_intensifier.py:516] Added config 3112da as new incumbent because there are no incumbents yet.
Getting instances
['/nfs/share/instances/gbd/cnf/096e485489025895cdc59887baafa08b-test_v7_r17_vr5_c1_s25451.smt2-cvc4.cnf.xz', '/nfs/share/instances/gbd/cnf/0e5ffe8651c6d9c3cccc3f6cb72be39a-g2-test_v5_r10_vr10_c1_s21502.smt2-cvc4.cnf.xz', '/nfs/share/instances/gbd/cnf/1165e12b6addad01b491c4616306186c-mulhs016-sc2009.cnf.xz', '/nfs/share/instances/gbd/cnf/28e45a3e488ddac73b6116cc6f3e67e0-g2-T99.2.0.cnf.xz', '/nfs/share/instances/gbd/cnf/3b59c5d9b6729f39c8483446701f4ed0-g2-T93.2.1.cnf.xz', '/nfs/share/instances/gbd/cnf/4106867bc76b8794330a205cf8a303ad-bvsub_19952.smt2.cnf.xz', '/nfs/share/instances/gbd/cnf/543e67dd5abc272c37775b1b742a1d9a-qwh.60.1728.shuffled-as.sat03-1659.cnf.xz', '/nfs/share/instances/gbd/cnf/70ef2b6bdc4101a0e35cf3d165571fe3-qwh.50.1250.shuffled-as.sat03-1655.cnf.xz', '/nfs/share/instances/gbd/cnf/88d151d4e3c6ba9bd78454de141cd108-T105.2.0.cnf.xz', '/nfs/share/instances/gbd/cnf/8cf6b81061285343c4f33c51afdb3fbb-minxor128.cnf.xz', '/nfs/share/instances/gbd/cnf/a931fb0e1490883ee7719eab96ed558a-T87.2.0.cnf.xz', '/nfs/share/instances/gbd/cnf/ad69e0a0880cd377e26260f7e4bc6d51-g2-T49.2.0.cnf.xz']
['../instances/train/096e485489025895cdc59887baafa08b-test_v7_r17_vr5_c1_s25451.smt2-cvc4.cnf', '../instances/train/0e5ffe8651c6d9c3cccc3f6cb72be39a-g2-test_v5_r10_vr10_c1_s21502.smt2-cvc4.cnf', '../instances/train/1165e12b6addad01b491c4616306186c-mulhs016-sc2009.cnf', '../instances/train/28e45a3e488ddac73b6116cc6f3e67e0-g2-T99.2.0.cnf', '../instances/train/3b59c5d9b6729f39c8483446701f4ed0-g2-T93.2.1.cnf', '../instances/train/4106867bc76b8794330a205cf8a303ad-bvsub_19952.smt2.cnf', '../instances/train/543e67dd5abc272c37775b1b742a1d9a-qwh.60.1728.shuffled-as.sat03-1659.cnf', '../instances/train/70ef2b6bdc4101a0e35cf3d165571fe3-qwh.50.1250.shuffled-as.sat03-1655.cnf', '../instances/train/88d151d4e3c6ba9bd78454de141cd108-T105.2.0.cnf', '../instances/train/8cf6b81061285343c4f33c51afdb3fbb-minxor128.cnf', '../instances/train/a931fb0e1490883ee7719eab96ed558a-T87.2.0.cnf', '../instances/train/ad69e0a0880cd377e26260f7e4bc6d51-g2-T49.2.0.cnf']
19: Timeout
19: Solved
19: Timeout
19: Solved
19: Solved
19: Timeout
19: Solved
19: Solved
19: Solved
19: Timeout
19: Solved
19: Timeout
Getting instances
['/nfs/share/instances/gbd/cnf/096e485489025895cdc59887baafa08b-test_v7_r17_vr5_c1_s25451.smt2-cvc4.cnf.xz', '/nfs/share/instances/gbd/cnf/0e5ffe8651c6d9c3cccc3f6cb72be39a-g2-test_v5_r10_vr10_c1_s21502.smt2-cvc4.cnf.xz', '/nfs/share/instances/gbd/cnf/1165e12b6addad01b491c4616306186c-mulhs016-sc2009.cnf.xz', '/nfs/share/instances/gbd/cnf/28e45a3e488ddac73b6116cc6f3e67e0-g2-T99.2.0.cnf.xz', '/nfs/share/instances/gbd/cnf/3b59c5d9b6729f39c8483446701f4ed0-g2-T93.2.1.cnf.xz', '/nfs/share/instances/gbd/cnf/4106867bc76b8794330a205cf8a303ad-bvsub_19952.smt2.cnf.xz', '/nfs/share/instances/gbd/cnf/543e67dd5abc272c37775b1b742a1d9a-qwh.60.1728.shuffled-as.sat03-1659.cnf.xz', '/nfs/share/instances/gbd/cnf/70ef2b6bdc4101a0e35cf3d165571fe3-qwh.50.1250.shuffled-as.sat03-1655.cnf.xz', '/nfs/share/instances/gbd/cnf/88d151d4e3c6ba9bd78454de141cd108-T105.2.0.cnf.xz', '/nfs/share/instances/gbd/cnf/8cf6b81061285343c4f33c51afdb3fbb-minxor128.cnf.xz', '/nfs/share/instances/gbd/cnf/a931fb0e1490883ee7719eab96ed558a-T87.2.0.cnf.xz', '/nfs/share/instances/gbd/cnf/ad69e0a0880cd377e26260f7e4bc6d51-g2-T49.2.0.cnf.xz']
['../instances/train/096e485489025895cdc59887baafa08b-test_v7_r17_vr5_c1_s25451.smt2-cvc4.cnf', '../instances/train/0e5ffe8651c6d9c3cccc3f6cb72be39a-g2-test_v5_r10_vr10_c1_s21502.smt2-cvc4.cnf', '../instances/train/1165e12b6addad01b491c4616306186c-mulhs016-sc2009.cnf', '../instances/train/28e45a3e488ddac73b6116cc6f3e67e0-g2-T99.2.0.cnf', '../instances/train/3b59c5d9b6729f39c8483446701f4ed0-g2-T93.2.1.cnf', '../instances/train/4106867bc76b8794330a205cf8a303ad-bvsub_19952.smt2.cnf', '../instances/train/543e67dd5abc272c37775b1b742a1d9a-qwh.60.1728.shuffled-as.sat03-1659.cnf', '../instances/train/70ef2b6bdc4101a0e35cf3d165571fe3-qwh.50.1250.shuffled-as.sat03-1655.cnf', '../instances/train/88d151d4e3c6ba9bd78454de141cd108-T105.2.0.cnf', '../instances/train/8cf6b81061285343c4f33c51afdb3fbb-minxor128.cnf', '../instances/train/a931fb0e1490883ee7719eab96ed558a-T87.2.0.cnf', '../instances/train/ad69e0a0880cd377e26260f7e4bc6d51-g2-T49.2.0.cnf']
19: Timeout
19: Solved
19: Timeout
19: Solved
19: Solved
19: Timeout
19: Solved
19: Solved
19: Solved
19: Solved
19: Solved
19: Timeout
[INFO][abstract_intensifier.py:595] Added config d3a33d and rejected config 3112da as incumbent because it is not better than the incumbents on 1 instances:
Getting instances
['/nfs/share/instances/gbd/cnf/096e485489025895cdc59887baafa08b-test_v7_r17_vr5_c1_s25451.smt2-cvc4.cnf.xz', '/nfs/share/instances/gbd/cnf/0e5ffe8651c6d9c3cccc3f6cb72be39a-g2-test_v5_r10_vr10_c1_s21502.smt2-cvc4.cnf.xz', '/nfs/share/instances/gbd/cnf/1165e12b6addad01b491c4616306186c-mulhs016-sc2009.cnf.xz', '/nfs/share/instances/gbd/cnf/28e45a3e488ddac73b6116cc6f3e67e0-g2-T99.2.0.cnf.xz', '/nfs/share/instances/gbd/cnf/3b59c5d9b6729f39c8483446701f4ed0-g2-T93.2.1.cnf.xz', '/nfs/share/instances/gbd/cnf/4106867bc76b8794330a205cf8a303ad-bvsub_19952.smt2.cnf.xz', '/nfs/share/instances/gbd/cnf/543e67dd5abc272c37775b1b742a1d9a-qwh.60.1728.shuffled-as.sat03-1659.cnf.xz', '/nfs/share/instances/gbd/cnf/70ef2b6bdc4101a0e35cf3d165571fe3-qwh.50.1250.shuffled-as.sat03-1655.cnf.xz', '/nfs/share/instances/gbd/cnf/88d151d4e3c6ba9bd78454de141cd108-T105.2.0.cnf.xz', '/nfs/share/instances/gbd/cnf/8cf6b81061285343c4f33c51afdb3fbb-minxor128.cnf.xz', '/nfs/share/instances/gbd/cnf/a931fb0e1490883ee7719eab96ed558a-T87.2.0.cnf.xz', '/nfs/share/instances/gbd/cnf/ad69e0a0880cd377e26260f7e4bc6d51-g2-T49.2.0.cnf.xz']
['../instances/train/096e485489025895cdc59887baafa08b-test_v7_r17_vr5_c1_s25451.smt2-cvc4.cnf', '../instances/train/0e5ffe8651c6d9c3cccc3f6cb72be39a-g2-test_v5_r10_vr10_c1_s21502.smt2-cvc4.cnf', '../instances/train/1165e12b6addad01b491c4616306186c-mulhs016-sc2009.cnf', '../instances/train/28e45a3e488ddac73b6116cc6f3e67e0-g2-T99.2.0.cnf', '../instances/train/3b59c5d9b6729f39c8483446701f4ed0-g2-T93.2.1.cnf', '../instances/train/4106867bc76b8794330a205cf8a303ad-bvsub_19952.smt2.cnf', '../instances/train/543e67dd5abc272c37775b1b742a1d9a-qwh.60.1728.shuffled-as.sat03-1659.cnf', '../instances/train/70ef2b6bdc4101a0e35cf3d165571fe3-qwh.50.1250.shuffled-as.sat03-1655.cnf', '../instances/train/88d151d4e3c6ba9bd78454de141cd108-T105.2.0.cnf', '../instances/train/8cf6b81061285343c4f33c51afdb3fbb-minxor128.cnf', '../instances/train/a931fb0e1490883ee7719eab96ed558a-T87.2.0.cnf', '../instances/train/ad69e0a0880cd377e26260f7e4bc6d51-g2-T49.2.0.cnf']
19: Timeout
19: Solved
19: Timeout
19: Solved
19: Solved
19: Timeout
19: Solved
19: Solved
19: Solved
19: Timeout
19: Solved
19: Solved
Getting instances
['/nfs/share/instances/gbd/cnf/096e485489025895cdc59887baafa08b-test_v7_r17_vr5_c1_s25451.smt2-cvc4.cnf.xz', '/nfs/share/instances/gbd/cnf/0e5ffe8651c6d9c3cccc3f6cb72be39a-g2-test_v5_r10_vr10_c1_s21502.smt2-cvc4.cnf.xz', '/nfs/share/instances/gbd/cnf/1165e12b6addad01b491c4616306186c-mulhs016-sc2009.cnf.xz', '/nfs/share/instances/gbd/cnf/28e45a3e488ddac73b6116cc6f3e67e0-g2-T99.2.0.cnf.xz', '/nfs/share/instances/gbd/cnf/3b59c5d9b6729f39c8483446701f4ed0-g2-T93.2.1.cnf.xz', '/nfs/share/instances/gbd/cnf/4106867bc76b8794330a205cf8a303ad-bvsub_19952.smt2.cnf.xz', '/nfs/share/instances/gbd/cnf/543e67dd5abc272c37775b1b742a1d9a-qwh.60.1728.shuffled-as.sat03-1659.cnf.xz', '/nfs/share/instances/gbd/cnf/70ef2b6bdc4101a0e35cf3d165571fe3-qwh.50.1250.shuffled-as.sat03-1655.cnf.xz', '/nfs/share/instances/gbd/cnf/88d151d4e3c6ba9bd78454de141cd108-T105.2.0.cnf.xz', '/nfs/share/instances/gbd/cnf/8cf6b81061285343c4f33c51afdb3fbb-minxor128.cnf.xz', '/nfs/share/instances/gbd/cnf/a931fb0e1490883ee7719eab96ed558a-T87.2.0.cnf.xz', '/nfs/share/instances/gbd/cnf/ad69e0a0880cd377e26260f7e4bc6d51-g2-T49.2.0.cnf.xz']
['../instances/train/096e485489025895cdc59887baafa08b-test_v7_r17_vr5_c1_s25451.smt2-cvc4.cnf', '../instances/train/0e5ffe8651c6d9c3cccc3f6cb72be39a-g2-test_v5_r10_vr10_c1_s21502.smt2-cvc4.cnf', '../instances/train/1165e12b6addad01b491c4616306186c-mulhs016-sc2009.cnf', '../instances/train/28e45a3e488ddac73b6116cc6f3e67e0-g2-T99.2.0.cnf', '../instances/train/3b59c5d9b6729f39c8483446701f4ed0-g2-T93.2.1.cnf', '../instances/train/4106867bc76b8794330a205cf8a303ad-bvsub_19952.smt2.cnf', '../instances/train/543e67dd5abc272c37775b1b742a1d9a-qwh.60.1728.shuffled-as.sat03-1659.cnf', '../instances/train/70ef2b6bdc4101a0e35cf3d165571fe3-qwh.50.1250.shuffled-as.sat03-1655.cnf', '../instances/train/88d151d4e3c6ba9bd78454de141cd108-T105.2.0.cnf', '../instances/train/8cf6b81061285343c4f33c51afdb3fbb-minxor128.cnf', '../instances/train/a931fb0e1490883ee7719eab96ed558a-T87.2.0.cnf', '../instances/train/ad69e0a0880cd377e26260f7e4bc6d51-g2-T49.2.0.cnf']
19: Timeout
19: Solved
19: Timeout
19: Solved
19: Solved
19: Solved
19: Solved
19: Solved
19: Solved
19: Timeout
19: Solved
19: Solved
[INFO][abstract_intensifier.py:595] Added config 39358e and rejected config d3a33d as incumbent because it is not better than the incumbents on 1 instances:
Getting instances
['/nfs/share/instances/gbd/cnf/096e485489025895cdc59887baafa08b-test_v7_r17_vr5_c1_s25451.smt2-cvc4.cnf.xz', '/nfs/share/instances/gbd/cnf/0e5ffe8651c6d9c3cccc3f6cb72be39a-g2-test_v5_r10_vr10_c1_s21502.smt2-cvc4.cnf.xz', '/nfs/share/instances/gbd/cnf/1165e12b6addad01b491c4616306186c-mulhs016-sc2009.cnf.xz', '/nfs/share/instances/gbd/cnf/28e45a3e488ddac73b6116cc6f3e67e0-g2-T99.2.0.cnf.xz', '/nfs/share/instances/gbd/cnf/3b59c5d9b6729f39c8483446701f4ed0-g2-T93.2.1.cnf.xz', '/nfs/share/instances/gbd/cnf/4106867bc76b8794330a205cf8a303ad-bvsub_19952.smt2.cnf.xz', '/nfs/share/instances/gbd/cnf/543e67dd5abc272c37775b1b742a1d9a-qwh.60.1728.shuffled-as.sat03-1659.cnf.xz', '/nfs/share/instances/gbd/cnf/70ef2b6bdc4101a0e35cf3d165571fe3-qwh.50.1250.shuffled-as.sat03-1655.cnf.xz', '/nfs/share/instances/gbd/cnf/88d151d4e3c6ba9bd78454de141cd108-T105.2.0.cnf.xz', '/nfs/share/instances/gbd/cnf/8cf6b81061285343c4f33c51afdb3fbb-minxor128.cnf.xz', '/nfs/share/instances/gbd/cnf/a931fb0e1490883ee7719eab96ed558a-T87.2.0.cnf.xz', '/nfs/share/instances/gbd/cnf/ad69e0a0880cd377e26260f7e4bc6d51-g2-T49.2.0.cnf.xz']
['../instances/train/096e485489025895cdc59887baafa08b-test_v7_r17_vr5_c1_s25451.smt2-cvc4.cnf', '../instances/train/0e5ffe8651c6d9c3cccc3f6cb72be39a-g2-test_v5_r10_vr10_c1_s21502.smt2-cvc4.cnf', '../instances/train/1165e12b6addad01b491c4616306186c-mulhs016-sc2009.cnf', '../instances/train/28e45a3e488ddac73b6116cc6f3e67e0-g2-T99.2.0.cnf', '../instances/train/3b59c5d9b6729f39c8483446701f4ed0-g2-T93.2.1.cnf', '../instances/train/4106867bc76b8794330a205cf8a303ad-bvsub_19952.smt2.cnf', '../instances/train/543e67dd5abc272c37775b1b742a1d9a-qwh.60.1728.shuffled-as.sat03-1659.cnf', '../instances/train/70ef2b6bdc4101a0e35cf3d165571fe3-qwh.50.1250.shuffled-as.sat03-1655.cnf', '../instances/train/88d151d4e3c6ba9bd78454de141cd108-T105.2.0.cnf', '../instances/train/8cf6b81061285343c4f33c51afdb3fbb-minxor128.cnf', '../instances/train/a931fb0e1490883ee7719eab96ed558a-T87.2.0.cnf', '../instances/train/ad69e0a0880cd377e26260f7e4bc6d51-g2-T49.2.0.cnf']
19: Timeout
19: Solved
19: Timeout
19: Solved
19: Solved
19: Timeout
19: Solved
19: Solved
19: Solved
19: Timeout
19: Solved
19: Solved
Getting instances
['/nfs/share/instances/gbd/cnf/096e485489025895cdc59887baafa08b-test_v7_r17_vr5_c1_s25451.smt2-cvc4.cnf.xz', '/nfs/share/instances/gbd/cnf/0e5ffe8651c6d9c3cccc3f6cb72be39a-g2-test_v5_r10_vr10_c1_s21502.smt2-cvc4.cnf.xz', '/nfs/share/instances/gbd/cnf/1165e12b6addad01b491c4616306186c-mulhs016-sc2009.cnf.xz', '/nfs/share/instances/gbd/cnf/28e45a3e488ddac73b6116cc6f3e67e0-g2-T99.2.0.cnf.xz', '/nfs/share/instances/gbd/cnf/3b59c5d9b6729f39c8483446701f4ed0-g2-T93.2.1.cnf.xz', '/nfs/share/instances/gbd/cnf/4106867bc76b8794330a205cf8a303ad-bvsub_19952.smt2.cnf.xz', '/nfs/share/instances/gbd/cnf/543e67dd5abc272c37775b1b742a1d9a-qwh.60.1728.shuffled-as.sat03-1659.cnf.xz', '/nfs/share/instances/gbd/cnf/70ef2b6bdc4101a0e35cf3d165571fe3-qwh.50.1250.shuffled-as.sat03-1655.cnf.xz', '/nfs/share/instances/gbd/cnf/88d151d4e3c6ba9bd78454de141cd108-T105.2.0.cnf.xz', '/nfs/share/instances/gbd/cnf/8cf6b81061285343c4f33c51afdb3fbb-minxor128.cnf.xz', '/nfs/share/instances/gbd/cnf/a931fb0e1490883ee7719eab96ed558a-T87.2.0.cnf.xz', '/nfs/share/instances/gbd/cnf/ad69e0a0880cd377e26260f7e4bc6d51-g2-T49.2.0.cnf.xz']
['../instances/train/096e485489025895cdc59887baafa08b-test_v7_r17_vr5_c1_s25451.smt2-cvc4.cnf', '../instances/train/0e5ffe8651c6d9c3cccc3f6cb72be39a-g2-test_v5_r10_vr10_c1_s21502.smt2-cvc4.cnf', '../instances/train/1165e12b6addad01b491c4616306186c-mulhs016-sc2009.cnf', '../instances/train/28e45a3e488ddac73b6116cc6f3e67e0-g2-T99.2.0.cnf', '../instances/train/3b59c5d9b6729f39c8483446701f4ed0-g2-T93.2.1.cnf', '../instances/train/4106867bc76b8794330a205cf8a303ad-bvsub_19952.smt2.cnf', '../instances/train/543e67dd5abc272c37775b1b742a1d9a-qwh.60.1728.shuffled-as.sat03-1659.cnf', '../instances/train/70ef2b6bdc4101a0e35cf3d165571fe3-qwh.50.1250.shuffled-as.sat03-1655.cnf', '../instances/train/88d151d4e3c6ba9bd78454de141cd108-T105.2.0.cnf', '../instances/train/8cf6b81061285343c4f33c51afdb3fbb-minxor128.cnf', '../instances/train/a931fb0e1490883ee7719eab96ed558a-T87.2.0.cnf', '../instances/train/ad69e0a0880cd377e26260f7e4bc6d51-g2-T49.2.0.cnf']
19: Timeout
19: Solved
19: Timeout
19: Solved
19: Solved
19: Timeout
19: Solved
19: Solved
19: Solved
19: Timeout
19: Solved
19: Solved
Getting instances
['/nfs/share/instances/gbd/cnf/096e485489025895cdc59887baafa08b-test_v7_r17_vr5_c1_s25451.smt2-cvc4.cnf.xz', '/nfs/share/instances/gbd/cnf/0e5ffe8651c6d9c3cccc3f6cb72be39a-g2-test_v5_r10_vr10_c1_s21502.smt2-cvc4.cnf.xz', '/nfs/share/instances/gbd/cnf/1165e12b6addad01b491c4616306186c-mulhs016-sc2009.cnf.xz', '/nfs/share/instances/gbd/cnf/28e45a3e488ddac73b6116cc6f3e67e0-g2-T99.2.0.cnf.xz', '/nfs/share/instances/gbd/cnf/3b59c5d9b6729f39c8483446701f4ed0-g2-T93.2.1.cnf.xz', '/nfs/share/instances/gbd/cnf/4106867bc76b8794330a205cf8a303ad-bvsub_19952.smt2.cnf.xz', '/nfs/share/instances/gbd/cnf/543e67dd5abc272c37775b1b742a1d9a-qwh.60.1728.shuffled-as.sat03-1659.cnf.xz', '/nfs/share/instances/gbd/cnf/70ef2b6bdc4101a0e35cf3d165571fe3-qwh.50.1250.shuffled-as.sat03-1655.cnf.xz', '/nfs/share/instances/gbd/cnf/88d151d4e3c6ba9bd78454de141cd108-T105.2.0.cnf.xz', '/nfs/share/instances/gbd/cnf/8cf6b81061285343c4f33c51afdb3fbb-minxor128.cnf.xz', '/nfs/share/instances/gbd/cnf/a931fb0e1490883ee7719eab96ed558a-T87.2.0.cnf.xz', '/nfs/share/instances/gbd/cnf/ad69e0a0880cd377e26260f7e4bc6d51-g2-T49.2.0.cnf.xz']
['../instances/train/096e485489025895cdc59887baafa08b-test_v7_r17_vr5_c1_s25451.smt2-cvc4.cnf', '../instances/train/0e5ffe8651c6d9c3cccc3f6cb72be39a-g2-test_v5_r10_vr10_c1_s21502.smt2-cvc4.cnf', '../instances/train/1165e12b6addad01b491c4616306186c-mulhs016-sc2009.cnf', '../instances/train/28e45a3e488ddac73b6116cc6f3e67e0-g2-T99.2.0.cnf', '../instances/train/3b59c5d9b6729f39c8483446701f4ed0-g2-T93.2.1.cnf', '../instances/train/4106867bc76b8794330a205cf8a303ad-bvsub_19952.smt2.cnf', '../instances/train/543e67dd5abc272c37775b1b742a1d9a-qwh.60.1728.shuffled-as.sat03-1659.cnf', '../instances/train/70ef2b6bdc4101a0e35cf3d165571fe3-qwh.50.1250.shuffled-as.sat03-1655.cnf', '../instances/train/88d151d4e3c6ba9bd78454de141cd108-T105.2.0.cnf', '../instances/train/8cf6b81061285343c4f33c51afdb3fbb-minxor128.cnf', '../instances/train/a931fb0e1490883ee7719eab96ed558a-T87.2.0.cnf', '../instances/train/ad69e0a0880cd377e26260f7e4bc6d51-g2-T49.2.0.cnf']
19: Timeout
19: Solved
19: Timeout
19: Solved
19: Solved
19: Timeout
19: Solved
19: Solved
19: Solved
19: Timeout
19: Solved
19: Solved
Getting instances
['/nfs/share/instances/gbd/cnf/096e485489025895cdc59887baafa08b-test_v7_r17_vr5_c1_s25451.smt2-cvc4.cnf.xz', '/nfs/share/instances/gbd/cnf/0e5ffe8651c6d9c3cccc3f6cb72be39a-g2-test_v5_r10_vr10_c1_s21502.smt2-cvc4.cnf.xz', '/nfs/share/instances/gbd/cnf/1165e12b6addad01b491c4616306186c-mulhs016-sc2009.cnf.xz', '/nfs/share/instances/gbd/cnf/28e45a3e488ddac73b6116cc6f3e67e0-g2-T99.2.0.cnf.xz', '/nfs/share/instances/gbd/cnf/3b59c5d9b6729f39c8483446701f4ed0-g2-T93.2.1.cnf.xz', '/nfs/share/instances/gbd/cnf/4106867bc76b8794330a205cf8a303ad-bvsub_19952.smt2.cnf.xz', '/nfs/share/instances/gbd/cnf/543e67dd5abc272c37775b1b742a1d9a-qwh.60.1728.shuffled-as.sat03-1659.cnf.xz', '/nfs/share/instances/gbd/cnf/70ef2b6bdc4101a0e35cf3d165571fe3-qwh.50.1250.shuffled-as.sat03-1655.cnf.xz', '/nfs/share/instances/gbd/cnf/88d151d4e3c6ba9bd78454de141cd108-T105.2.0.cnf.xz', '/nfs/share/instances/gbd/cnf/8cf6b81061285343c4f33c51afdb3fbb-minxor128.cnf.xz', '/nfs/share/instances/gbd/cnf/a931fb0e1490883ee7719eab96ed558a-T87.2.0.cnf.xz', '/nfs/share/instances/gbd/cnf/ad69e0a0880cd377e26260f7e4bc6d51-g2-T49.2.0.cnf.xz']
['../instances/train/096e485489025895cdc59887baafa08b-test_v7_r17_vr5_c1_s25451.smt2-cvc4.cnf', '../instances/train/0e5ffe8651c6d9c3cccc3f6cb72be39a-g2-test_v5_r10_vr10_c1_s21502.smt2-cvc4.cnf', '../instances/train/1165e12b6addad01b491c4616306186c-mulhs016-sc2009.cnf', '../instances/train/28e45a3e488ddac73b6116cc6f3e67e0-g2-T99.2.0.cnf', '../instances/train/3b59c5d9b6729f39c8483446701f4ed0-g2-T93.2.1.cnf', '../instances/train/4106867bc76b8794330a205cf8a303ad-bvsub_19952.smt2.cnf', '../instances/train/543e67dd5abc272c37775b1b742a1d9a-qwh.60.1728.shuffled-as.sat03-1659.cnf', '../instances/train/70ef2b6bdc4101a0e35cf3d165571fe3-qwh.50.1250.shuffled-as.sat03-1655.cnf', '../instances/train/88d151d4e3c6ba9bd78454de141cd108-T105.2.0.cnf', '../instances/train/8cf6b81061285343c4f33c51afdb3fbb-minxor128.cnf', '../instances/train/a931fb0e1490883ee7719eab96ed558a-T87.2.0.cnf', '../instances/train/ad69e0a0880cd377e26260f7e4bc6d51-g2-T49.2.0.cnf']
19: Timeout
19: Solved
19: Timeout
19: Solved
19: Solved
19: Solved
19: Solved
19: Solved
19: Solved
19: Solved
19: Solved
19: Solved
[INFO][abstract_intensifier.py:595] Added config 6f5ce4 and rejected config 39358e as incumbent because it is not better than the incumbents on 1 instances:
Getting instances
['/nfs/share/instances/gbd/cnf/096e485489025895cdc59887baafa08b-test_v7_r17_vr5_c1_s25451.smt2-cvc4.cnf.xz', '/nfs/share/instances/gbd/cnf/0e5ffe8651c6d9c3cccc3f6cb72be39a-g2-test_v5_r10_vr10_c1_s21502.smt2-cvc4.cnf.xz', '/nfs/share/instances/gbd/cnf/1165e12b6addad01b491c4616306186c-mulhs016-sc2009.cnf.xz', '/nfs/share/instances/gbd/cnf/28e45a3e488ddac73b6116cc6f3e67e0-g2-T99.2.0.cnf.xz', '/nfs/share/instances/gbd/cnf/3b59c5d9b6729f39c8483446701f4ed0-g2-T93.2.1.cnf.xz', '/nfs/share/instances/gbd/cnf/4106867bc76b8794330a205cf8a303ad-bvsub_19952.smt2.cnf.xz', '/nfs/share/instances/gbd/cnf/543e67dd5abc272c37775b1b742a1d9a-qwh.60.1728.shuffled-as.sat03-1659.cnf.xz', '/nfs/share/instances/gbd/cnf/70ef2b6bdc4101a0e35cf3d165571fe3-qwh.50.1250.shuffled-as.sat03-1655.cnf.xz', '/nfs/share/instances/gbd/cnf/88d151d4e3c6ba9bd78454de141cd108-T105.2.0.cnf.xz', '/nfs/share/instances/gbd/cnf/8cf6b81061285343c4f33c51afdb3fbb-minxor128.cnf.xz', '/nfs/share/instances/gbd/cnf/a931fb0e1490883ee7719eab96ed558a-T87.2.0.cnf.xz', '/nfs/share/instances/gbd/cnf/ad69e0a0880cd377e26260f7e4bc6d51-g2-T49.2.0.cnf.xz']
['../instances/train/096e485489025895cdc59887baafa08b-test_v7_r17_vr5_c1_s25451.smt2-cvc4.cnf', '../instances/train/0e5ffe8651c6d9c3cccc3f6cb72be39a-g2-test_v5_r10_vr10_c1_s21502.smt2-cvc4.cnf', '../instances/train/1165e12b6addad01b491c4616306186c-mulhs016-sc2009.cnf', '../instances/train/28e45a3e488ddac73b6116cc6f3e67e0-g2-T99.2.0.cnf', '../instances/train/3b59c5d9b6729f39c8483446701f4ed0-g2-T93.2.1.cnf', '../instances/train/4106867bc76b8794330a205cf8a303ad-bvsub_19952.smt2.cnf', '../instances/train/543e67dd5abc272c37775b1b742a1d9a-qwh.60.1728.shuffled-as.sat03-1659.cnf', '../instances/train/70ef2b6bdc4101a0e35cf3d165571fe3-qwh.50.1250.shuffled-as.sat03-1655.cnf', '../instances/train/88d151d4e3c6ba9bd78454de141cd108-T105.2.0.cnf', '../instances/train/8cf6b81061285343c4f33c51afdb3fbb-minxor128.cnf', '../instances/train/a931fb0e1490883ee7719eab96ed558a-T87.2.0.cnf', '../instances/train/ad69e0a0880cd377e26260f7e4bc6d51-g2-T49.2.0.cnf']
19: Timeout
19: Solved
19: Timeout
19: Solved
19: Solved
19: Timeout
19: Solved
19: Solved
19: Solved
19: Solved
19: Solved
19: Timeout
[INFO][smbo.py:328] Configuration budget is exhausted:
[INFO][smbo.py:329] --- Remaining wallclock time: inf
[INFO][smbo.py:330] --- Remaining cpu time: inf
[INFO][smbo.py:331] --- Remaining trials: 0
Configuration(values={
  'backbone': 2,
  'congruenceands': 'false',
  'congruencexors': 'true',
  'phase': 'false',
  'probeint': 966,
  'restartint': 226,
  'sweepclauses': 1647130177,
  'target': 2,
  'vivifyirr': 4,
  'congruencexorarity': 15,
})
