Setting up config
Starting smac
[INFO][abstract_initial_design.py:95] Reducing the number of initial configurations from 110 to 2 (max_ratio == 0.25).
[INFO][abstract_initial_design.py:147] Using 2 initial design configurations and 0 additional configurations.
[INFO][abstract_intensifier.py:306] Using only one seed for deterministic scenario.
Getting instances
['/nfs/share/instances/gbd/cnf/01966a0fc52b2200a13f5f835275a919-SGI_30_70_27_50_3-dir.shuffled-as.sat03-169.cnf.xz', '/nfs/share/instances/gbd/cnf/2b3de92685792ae19e4549b5c4571e27-crafted_n12_d6_c4_num4.cnf.xz', '/nfs/share/instances/gbd/cnf/39277cab188349aee0f229cb7341b5c5-crafted_n12_d6_c4_num23.cnf.xz', '/nfs/share/instances/gbd/cnf/39fba35826ce8c87cd8e8de1969b2dd2-SGI_30_80_26_70_4-log.shuffled-as.sat03-208.cnf.xz', '/nfs/share/instances/gbd/cnf/6f4df706246d29bf38adadd274fadab3-SGI_30_60_19_60_6-dir.shuffled-as.sat03-112.cnf.xz', '/nfs/share/instances/gbd/cnf/ae9522ea003ea9f75891b2d37a5e264b-srhd-sgi-m37-q446.25-n35-p30-s33692332.cnf.xz', '/nfs/share/instances/gbd/cnf/af750c18578d52e60472315692ad83c0-si2-b03m-m800-03.cnf.xz', '/nfs/share/instances/gbd/cnf/d0364ea3e1680c6da7e982e6b0264af6-new-difficult-26-243-24-70.cnf.xz', '/nfs/share/instances/gbd/cnf/f746dae2050dd4aa48bcd53e8bd897b4-ex065_25.cnf.xz']
['../instances/train/01966a0fc52b2200a13f5f835275a919-SGI_30_70_27_50_3-dir.shuffled-as.sat03-169.cnf', '../instances/train/2b3de92685792ae19e4549b5c4571e27-crafted_n12_d6_c4_num4.cnf', '../instances/train/39277cab188349aee0f229cb7341b5c5-crafted_n12_d6_c4_num23.cnf', '../instances/train/39fba35826ce8c87cd8e8de1969b2dd2-SGI_30_80_26_70_4-log.shuffled-as.sat03-208.cnf', '../instances/train/6f4df706246d29bf38adadd274fadab3-SGI_30_60_19_60_6-dir.shuffled-as.sat03-112.cnf', '../instances/train/ae9522ea003ea9f75891b2d37a5e264b-srhd-sgi-m37-q446.25-n35-p30-s33692332.cnf', '../instances/train/af750c18578d52e60472315692ad83c0-si2-b03m-m800-03.cnf', '../instances/train/d0364ea3e1680c6da7e982e6b0264af6-new-difficult-26-243-24-70.cnf', '../instances/train/f746dae2050dd4aa48bcd53e8bd897b4-ex065_25.cnf']
32: Timeout
32: Solved
32: Solved
32: Timeout
32: Timeout
32: Solved
32: Solved
32: Solved
32: Solved
[INFO][abstract_intensifier.py:516] Added config 3112da as new incumbent because there are no incumbents yet.
Getting instances
['/nfs/share/instances/gbd/cnf/01966a0fc52b2200a13f5f835275a919-SGI_30_70_27_50_3-dir.shuffled-as.sat03-169.cnf.xz', '/nfs/share/instances/gbd/cnf/2b3de92685792ae19e4549b5c4571e27-crafted_n12_d6_c4_num4.cnf.xz', '/nfs/share/instances/gbd/cnf/39277cab188349aee0f229cb7341b5c5-crafted_n12_d6_c4_num23.cnf.xz', '/nfs/share/instances/gbd/cnf/39fba35826ce8c87cd8e8de1969b2dd2-SGI_30_80_26_70_4-log.shuffled-as.sat03-208.cnf.xz', '/nfs/share/instances/gbd/cnf/6f4df706246d29bf38adadd274fadab3-SGI_30_60_19_60_6-dir.shuffled-as.sat03-112.cnf.xz', '/nfs/share/instances/gbd/cnf/ae9522ea003ea9f75891b2d37a5e264b-srhd-sgi-m37-q446.25-n35-p30-s33692332.cnf.xz', '/nfs/share/instances/gbd/cnf/af750c18578d52e60472315692ad83c0-si2-b03m-m800-03.cnf.xz', '/nfs/share/instances/gbd/cnf/d0364ea3e1680c6da7e982e6b0264af6-new-difficult-26-243-24-70.cnf.xz', '/nfs/share/instances/gbd/cnf/f746dae2050dd4aa48bcd53e8bd897b4-ex065_25.cnf.xz']
['../instances/train/01966a0fc52b2200a13f5f835275a919-SGI_30_70_27_50_3-dir.shuffled-as.sat03-169.cnf', '../instances/train/2b3de92685792ae19e4549b5c4571e27-crafted_n12_d6_c4_num4.cnf', '../instances/train/39277cab188349aee0f229cb7341b5c5-crafted_n12_d6_c4_num23.cnf', '../instances/train/39fba35826ce8c87cd8e8de1969b2dd2-SGI_30_80_26_70_4-log.shuffled-as.sat03-208.cnf', '../instances/train/6f4df706246d29bf38adadd274fadab3-SGI_30_60_19_60_6-dir.shuffled-as.sat03-112.cnf', '../instances/train/ae9522ea003ea9f75891b2d37a5e264b-srhd-sgi-m37-q446.25-n35-p30-s33692332.cnf', '../instances/train/af750c18578d52e60472315692ad83c0-si2-b03m-m800-03.cnf', '../instances/train/d0364ea3e1680c6da7e982e6b0264af6-new-difficult-26-243-24-70.cnf', '../instances/train/f746dae2050dd4aa48bcd53e8bd897b4-ex065_25.cnf']
32: Timeout
32: Solved
32: Solved
32: Timeout
32: Timeout
32: Solved
32: Solved
32: Solved
32: Solved
Getting instances
['/nfs/share/instances/gbd/cnf/01966a0fc52b2200a13f5f835275a919-SGI_30_70_27_50_3-dir.shuffled-as.sat03-169.cnf.xz', '/nfs/share/instances/gbd/cnf/2b3de92685792ae19e4549b5c4571e27-crafted_n12_d6_c4_num4.cnf.xz', '/nfs/share/instances/gbd/cnf/39277cab188349aee0f229cb7341b5c5-crafted_n12_d6_c4_num23.cnf.xz', '/nfs/share/instances/gbd/cnf/39fba35826ce8c87cd8e8de1969b2dd2-SGI_30_80_26_70_4-log.shuffled-as.sat03-208.cnf.xz', '/nfs/share/instances/gbd/cnf/6f4df706246d29bf38adadd274fadab3-SGI_30_60_19_60_6-dir.shuffled-as.sat03-112.cnf.xz', '/nfs/share/instances/gbd/cnf/ae9522ea003ea9f75891b2d37a5e264b-srhd-sgi-m37-q446.25-n35-p30-s33692332.cnf.xz', '/nfs/share/instances/gbd/cnf/af750c18578d52e60472315692ad83c0-si2-b03m-m800-03.cnf.xz', '/nfs/share/instances/gbd/cnf/d0364ea3e1680c6da7e982e6b0264af6-new-difficult-26-243-24-70.cnf.xz', '/nfs/share/instances/gbd/cnf/f746dae2050dd4aa48bcd53e8bd897b4-ex065_25.cnf.xz']
['../instances/train/01966a0fc52b2200a13f5f835275a919-SGI_30_70_27_50_3-dir.shuffled-as.sat03-169.cnf', '../instances/train/2b3de92685792ae19e4549b5c4571e27-crafted_n12_d6_c4_num4.cnf', '../instances/train/39277cab188349aee0f229cb7341b5c5-crafted_n12_d6_c4_num23.cnf', '../instances/train/39fba35826ce8c87cd8e8de1969b2dd2-SGI_30_80_26_70_4-log.shuffled-as.sat03-208.cnf', '../instances/train/6f4df706246d29bf38adadd274fadab3-SGI_30_60_19_60_6-dir.shuffled-as.sat03-112.cnf', '../instances/train/ae9522ea003ea9f75891b2d37a5e264b-srhd-sgi-m37-q446.25-n35-p30-s33692332.cnf', '../instances/train/af750c18578d52e60472315692ad83c0-si2-b03m-m800-03.cnf', '../instances/train/d0364ea3e1680c6da7e982e6b0264af6-new-difficult-26-243-24-70.cnf', '../instances/train/f746dae2050dd4aa48bcd53e8bd897b4-ex065_25.cnf']
32: Timeout
32: Solved
32: Solved
32: Timeout
32: Timeout
32: Solved
32: Solved
32: Solved
32: Solved
Getting instances
['/nfs/share/instances/gbd/cnf/01966a0fc52b2200a13f5f835275a919-SGI_30_70_27_50_3-dir.shuffled-as.sat03-169.cnf.xz', '/nfs/share/instances/gbd/cnf/2b3de92685792ae19e4549b5c4571e27-crafted_n12_d6_c4_num4.cnf.xz', '/nfs/share/instances/gbd/cnf/39277cab188349aee0f229cb7341b5c5-crafted_n12_d6_c4_num23.cnf.xz', '/nfs/share/instances/gbd/cnf/39fba35826ce8c87cd8e8de1969b2dd2-SGI_30_80_26_70_4-log.shuffled-as.sat03-208.cnf.xz', '/nfs/share/instances/gbd/cnf/6f4df706246d29bf38adadd274fadab3-SGI_30_60_19_60_6-dir.shuffled-as.sat03-112.cnf.xz', '/nfs/share/instances/gbd/cnf/ae9522ea003ea9f75891b2d37a5e264b-srhd-sgi-m37-q446.25-n35-p30-s33692332.cnf.xz', '/nfs/share/instances/gbd/cnf/af750c18578d52e60472315692ad83c0-si2-b03m-m800-03.cnf.xz', '/nfs/share/instances/gbd/cnf/d0364ea3e1680c6da7e982e6b0264af6-new-difficult-26-243-24-70.cnf.xz', '/nfs/share/instances/gbd/cnf/f746dae2050dd4aa48bcd53e8bd897b4-ex065_25.cnf.xz']
['../instances/train/01966a0fc52b2200a13f5f835275a919-SGI_30_70_27_50_3-dir.shuffled-as.sat03-169.cnf', '../instances/train/2b3de92685792ae19e4549b5c4571e27-crafted_n12_d6_c4_num4.cnf', '../instances/train/39277cab188349aee0f229cb7341b5c5-crafted_n12_d6_c4_num23.cnf', '../instances/train/39fba35826ce8c87cd8e8de1969b2dd2-SGI_30_80_26_70_4-log.shuffled-as.sat03-208.cnf', '../instances/train/6f4df706246d29bf38adadd274fadab3-SGI_30_60_19_60_6-dir.shuffled-as.sat03-112.cnf', '../instances/train/ae9522ea003ea9f75891b2d37a5e264b-srhd-sgi-m37-q446.25-n35-p30-s33692332.cnf', '../instances/train/af750c18578d52e60472315692ad83c0-si2-b03m-m800-03.cnf', '../instances/train/d0364ea3e1680c6da7e982e6b0264af6-new-difficult-26-243-24-70.cnf', '../instances/train/f746dae2050dd4aa48bcd53e8bd897b4-ex065_25.cnf']
32: Timeout
32: Solved
32: Solved
32: Timeout
32: Timeout
32: Solved
32: Solved
32: Solved
32: Solved
Getting instances
['/nfs/share/instances/gbd/cnf/01966a0fc52b2200a13f5f835275a919-SGI_30_70_27_50_3-dir.shuffled-as.sat03-169.cnf.xz', '/nfs/share/instances/gbd/cnf/2b3de92685792ae19e4549b5c4571e27-crafted_n12_d6_c4_num4.cnf.xz', '/nfs/share/instances/gbd/cnf/39277cab188349aee0f229cb7341b5c5-crafted_n12_d6_c4_num23.cnf.xz', '/nfs/share/instances/gbd/cnf/39fba35826ce8c87cd8e8de1969b2dd2-SGI_30_80_26_70_4-log.shuffled-as.sat03-208.cnf.xz', '/nfs/share/instances/gbd/cnf/6f4df706246d29bf38adadd274fadab3-SGI_30_60_19_60_6-dir.shuffled-as.sat03-112.cnf.xz', '/nfs/share/instances/gbd/cnf/ae9522ea003ea9f75891b2d37a5e264b-srhd-sgi-m37-q446.25-n35-p30-s33692332.cnf.xz', '/nfs/share/instances/gbd/cnf/af750c18578d52e60472315692ad83c0-si2-b03m-m800-03.cnf.xz', '/nfs/share/instances/gbd/cnf/d0364ea3e1680c6da7e982e6b0264af6-new-difficult-26-243-24-70.cnf.xz', '/nfs/share/instances/gbd/cnf/f746dae2050dd4aa48bcd53e8bd897b4-ex065_25.cnf.xz']
['../instances/train/01966a0fc52b2200a13f5f835275a919-SGI_30_70_27_50_3-dir.shuffled-as.sat03-169.cnf', '../instances/train/2b3de92685792ae19e4549b5c4571e27-crafted_n12_d6_c4_num4.cnf', '../instances/train/39277cab188349aee0f229cb7341b5c5-crafted_n12_d6_c4_num23.cnf', '../instances/train/39fba35826ce8c87cd8e8de1969b2dd2-SGI_30_80_26_70_4-log.shuffled-as.sat03-208.cnf', '../instances/train/6f4df706246d29bf38adadd274fadab3-SGI_30_60_19_60_6-dir.shuffled-as.sat03-112.cnf', '../instances/train/ae9522ea003ea9f75891b2d37a5e264b-srhd-sgi-m37-q446.25-n35-p30-s33692332.cnf', '../instances/train/af750c18578d52e60472315692ad83c0-si2-b03m-m800-03.cnf', '../instances/train/d0364ea3e1680c6da7e982e6b0264af6-new-difficult-26-243-24-70.cnf', '../instances/train/f746dae2050dd4aa48bcd53e8bd897b4-ex065_25.cnf']
32: Timeout
32: Solved
32: Solved
32: Timeout
32: Timeout
32: Solved
32: Solved
32: Solved
32: Solved
Getting instances
['/nfs/share/instances/gbd/cnf/01966a0fc52b2200a13f5f835275a919-SGI_30_70_27_50_3-dir.shuffled-as.sat03-169.cnf.xz', '/nfs/share/instances/gbd/cnf/2b3de92685792ae19e4549b5c4571e27-crafted_n12_d6_c4_num4.cnf.xz', '/nfs/share/instances/gbd/cnf/39277cab188349aee0f229cb7341b5c5-crafted_n12_d6_c4_num23.cnf.xz', '/nfs/share/instances/gbd/cnf/39fba35826ce8c87cd8e8de1969b2dd2-SGI_30_80_26_70_4-log.shuffled-as.sat03-208.cnf.xz', '/nfs/share/instances/gbd/cnf/6f4df706246d29bf38adadd274fadab3-SGI_30_60_19_60_6-dir.shuffled-as.sat03-112.cnf.xz', '/nfs/share/instances/gbd/cnf/ae9522ea003ea9f75891b2d37a5e264b-srhd-sgi-m37-q446.25-n35-p30-s33692332.cnf.xz', '/nfs/share/instances/gbd/cnf/af750c18578d52e60472315692ad83c0-si2-b03m-m800-03.cnf.xz', '/nfs/share/instances/gbd/cnf/d0364ea3e1680c6da7e982e6b0264af6-new-difficult-26-243-24-70.cnf.xz', '/nfs/share/instances/gbd/cnf/f746dae2050dd4aa48bcd53e8bd897b4-ex065_25.cnf.xz']
['../instances/train/01966a0fc52b2200a13f5f835275a919-SGI_30_70_27_50_3-dir.shuffled-as.sat03-169.cnf', '../instances/train/2b3de92685792ae19e4549b5c4571e27-crafted_n12_d6_c4_num4.cnf', '../instances/train/39277cab188349aee0f229cb7341b5c5-crafted_n12_d6_c4_num23.cnf', '../instances/train/39fba35826ce8c87cd8e8de1969b2dd2-SGI_30_80_26_70_4-log.shuffled-as.sat03-208.cnf', '../instances/train/6f4df706246d29bf38adadd274fadab3-SGI_30_60_19_60_6-dir.shuffled-as.sat03-112.cnf', '../instances/train/ae9522ea003ea9f75891b2d37a5e264b-srhd-sgi-m37-q446.25-n35-p30-s33692332.cnf', '../instances/train/af750c18578d52e60472315692ad83c0-si2-b03m-m800-03.cnf', '../instances/train/d0364ea3e1680c6da7e982e6b0264af6-new-difficult-26-243-24-70.cnf', '../instances/train/f746dae2050dd4aa48bcd53e8bd897b4-ex065_25.cnf']
32: Timeout
32: Solved
32: Solved
32: Timeout
32: Timeout
32: Solved
32: Solved
32: Solved
32: Solved
[INFO][abstract_intensifier.py:595] Added config b0aeb2 and rejected config 3112da as incumbent because it is not better than the incumbents on 1 instances:
Getting instances
['/nfs/share/instances/gbd/cnf/01966a0fc52b2200a13f5f835275a919-SGI_30_70_27_50_3-dir.shuffled-as.sat03-169.cnf.xz', '/nfs/share/instances/gbd/cnf/2b3de92685792ae19e4549b5c4571e27-crafted_n12_d6_c4_num4.cnf.xz', '/nfs/share/instances/gbd/cnf/39277cab188349aee0f229cb7341b5c5-crafted_n12_d6_c4_num23.cnf.xz', '/nfs/share/instances/gbd/cnf/39fba35826ce8c87cd8e8de1969b2dd2-SGI_30_80_26_70_4-log.shuffled-as.sat03-208.cnf.xz', '/nfs/share/instances/gbd/cnf/6f4df706246d29bf38adadd274fadab3-SGI_30_60_19_60_6-dir.shuffled-as.sat03-112.cnf.xz', '/nfs/share/instances/gbd/cnf/ae9522ea003ea9f75891b2d37a5e264b-srhd-sgi-m37-q446.25-n35-p30-s33692332.cnf.xz', '/nfs/share/instances/gbd/cnf/af750c18578d52e60472315692ad83c0-si2-b03m-m800-03.cnf.xz', '/nfs/share/instances/gbd/cnf/d0364ea3e1680c6da7e982e6b0264af6-new-difficult-26-243-24-70.cnf.xz', '/nfs/share/instances/gbd/cnf/f746dae2050dd4aa48bcd53e8bd897b4-ex065_25.cnf.xz']
['../instances/train/01966a0fc52b2200a13f5f835275a919-SGI_30_70_27_50_3-dir.shuffled-as.sat03-169.cnf', '../instances/train/2b3de92685792ae19e4549b5c4571e27-crafted_n12_d6_c4_num4.cnf', '../instances/train/39277cab188349aee0f229cb7341b5c5-crafted_n12_d6_c4_num23.cnf', '../instances/train/39fba35826ce8c87cd8e8de1969b2dd2-SGI_30_80_26_70_4-log.shuffled-as.sat03-208.cnf', '../instances/train/6f4df706246d29bf38adadd274fadab3-SGI_30_60_19_60_6-dir.shuffled-as.sat03-112.cnf', '../instances/train/ae9522ea003ea9f75891b2d37a5e264b-srhd-sgi-m37-q446.25-n35-p30-s33692332.cnf', '../instances/train/af750c18578d52e60472315692ad83c0-si2-b03m-m800-03.cnf', '../instances/train/d0364ea3e1680c6da7e982e6b0264af6-new-difficult-26-243-24-70.cnf', '../instances/train/f746dae2050dd4aa48bcd53e8bd897b4-ex065_25.cnf']
32: Timeout
32: Solved
32: Solved
32: Timeout
32: Timeout
32: Solved
32: Solved
32: Solved
32: Solved
Getting instances
['/nfs/share/instances/gbd/cnf/01966a0fc52b2200a13f5f835275a919-SGI_30_70_27_50_3-dir.shuffled-as.sat03-169.cnf.xz', '/nfs/share/instances/gbd/cnf/2b3de92685792ae19e4549b5c4571e27-crafted_n12_d6_c4_num4.cnf.xz', '/nfs/share/instances/gbd/cnf/39277cab188349aee0f229cb7341b5c5-crafted_n12_d6_c4_num23.cnf.xz', '/nfs/share/instances/gbd/cnf/39fba35826ce8c87cd8e8de1969b2dd2-SGI_30_80_26_70_4-log.shuffled-as.sat03-208.cnf.xz', '/nfs/share/instances/gbd/cnf/6f4df706246d29bf38adadd274fadab3-SGI_30_60_19_60_6-dir.shuffled-as.sat03-112.cnf.xz', '/nfs/share/instances/gbd/cnf/ae9522ea003ea9f75891b2d37a5e264b-srhd-sgi-m37-q446.25-n35-p30-s33692332.cnf.xz', '/nfs/share/instances/gbd/cnf/af750c18578d52e60472315692ad83c0-si2-b03m-m800-03.cnf.xz', '/nfs/share/instances/gbd/cnf/d0364ea3e1680c6da7e982e6b0264af6-new-difficult-26-243-24-70.cnf.xz', '/nfs/share/instances/gbd/cnf/f746dae2050dd4aa48bcd53e8bd897b4-ex065_25.cnf.xz']
['../instances/train/01966a0fc52b2200a13f5f835275a919-SGI_30_70_27_50_3-dir.shuffled-as.sat03-169.cnf', '../instances/train/2b3de92685792ae19e4549b5c4571e27-crafted_n12_d6_c4_num4.cnf', '../instances/train/39277cab188349aee0f229cb7341b5c5-crafted_n12_d6_c4_num23.cnf', '../instances/train/39fba35826ce8c87cd8e8de1969b2dd2-SGI_30_80_26_70_4-log.shuffled-as.sat03-208.cnf', '../instances/train/6f4df706246d29bf38adadd274fadab3-SGI_30_60_19_60_6-dir.shuffled-as.sat03-112.cnf', '../instances/train/ae9522ea003ea9f75891b2d37a5e264b-srhd-sgi-m37-q446.25-n35-p30-s33692332.cnf', '../instances/train/af750c18578d52e60472315692ad83c0-si2-b03m-m800-03.cnf', '../instances/train/d0364ea3e1680c6da7e982e6b0264af6-new-difficult-26-243-24-70.cnf', '../instances/train/f746dae2050dd4aa48bcd53e8bd897b4-ex065_25.cnf']
32: Timeout
32: Solved
32: Solved
32: Timeout
32: Timeout
32: Solved
32: Solved
32: Solved
32: Timeout
Getting instances
['/nfs/share/instances/gbd/cnf/01966a0fc52b2200a13f5f835275a919-SGI_30_70_27_50_3-dir.shuffled-as.sat03-169.cnf.xz', '/nfs/share/instances/gbd/cnf/2b3de92685792ae19e4549b5c4571e27-crafted_n12_d6_c4_num4.cnf.xz', '/nfs/share/instances/gbd/cnf/39277cab188349aee0f229cb7341b5c5-crafted_n12_d6_c4_num23.cnf.xz', '/nfs/share/instances/gbd/cnf/39fba35826ce8c87cd8e8de1969b2dd2-SGI_30_80_26_70_4-log.shuffled-as.sat03-208.cnf.xz', '/nfs/share/instances/gbd/cnf/6f4df706246d29bf38adadd274fadab3-SGI_30_60_19_60_6-dir.shuffled-as.sat03-112.cnf.xz', '/nfs/share/instances/gbd/cnf/ae9522ea003ea9f75891b2d37a5e264b-srhd-sgi-m37-q446.25-n35-p30-s33692332.cnf.xz', '/nfs/share/instances/gbd/cnf/af750c18578d52e60472315692ad83c0-si2-b03m-m800-03.cnf.xz', '/nfs/share/instances/gbd/cnf/d0364ea3e1680c6da7e982e6b0264af6-new-difficult-26-243-24-70.cnf.xz', '/nfs/share/instances/gbd/cnf/f746dae2050dd4aa48bcd53e8bd897b4-ex065_25.cnf.xz']
['../instances/train/01966a0fc52b2200a13f5f835275a919-SGI_30_70_27_50_3-dir.shuffled-as.sat03-169.cnf', '../instances/train/2b3de92685792ae19e4549b5c4571e27-crafted_n12_d6_c4_num4.cnf', '../instances/train/39277cab188349aee0f229cb7341b5c5-crafted_n12_d6_c4_num23.cnf', '../instances/train/39fba35826ce8c87cd8e8de1969b2dd2-SGI_30_80_26_70_4-log.shuffled-as.sat03-208.cnf', '../instances/train/6f4df706246d29bf38adadd274fadab3-SGI_30_60_19_60_6-dir.shuffled-as.sat03-112.cnf', '../instances/train/ae9522ea003ea9f75891b2d37a5e264b-srhd-sgi-m37-q446.25-n35-p30-s33692332.cnf', '../instances/train/af750c18578d52e60472315692ad83c0-si2-b03m-m800-03.cnf', '../instances/train/d0364ea3e1680c6da7e982e6b0264af6-new-difficult-26-243-24-70.cnf', '../instances/train/f746dae2050dd4aa48bcd53e8bd897b4-ex065_25.cnf']
32: Timeout
32: Solved
32: Solved
32: Timeout
32: Timeout
32: Solved
32: Solved
32: Solved
32: Solved
[INFO][abstract_intensifier.py:595] Added config 6f5ce4 and rejected config b0aeb2 as incumbent because it is not better than the incumbents on 1 instances:
Getting instances
['/nfs/share/instances/gbd/cnf/01966a0fc52b2200a13f5f835275a919-SGI_30_70_27_50_3-dir.shuffled-as.sat03-169.cnf.xz', '/nfs/share/instances/gbd/cnf/2b3de92685792ae19e4549b5c4571e27-crafted_n12_d6_c4_num4.cnf.xz', '/nfs/share/instances/gbd/cnf/39277cab188349aee0f229cb7341b5c5-crafted_n12_d6_c4_num23.cnf.xz', '/nfs/share/instances/gbd/cnf/39fba35826ce8c87cd8e8de1969b2dd2-SGI_30_80_26_70_4-log.shuffled-as.sat03-208.cnf.xz', '/nfs/share/instances/gbd/cnf/6f4df706246d29bf38adadd274fadab3-SGI_30_60_19_60_6-dir.shuffled-as.sat03-112.cnf.xz', '/nfs/share/instances/gbd/cnf/ae9522ea003ea9f75891b2d37a5e264b-srhd-sgi-m37-q446.25-n35-p30-s33692332.cnf.xz', '/nfs/share/instances/gbd/cnf/af750c18578d52e60472315692ad83c0-si2-b03m-m800-03.cnf.xz', '/nfs/share/instances/gbd/cnf/d0364ea3e1680c6da7e982e6b0264af6-new-difficult-26-243-24-70.cnf.xz', '/nfs/share/instances/gbd/cnf/f746dae2050dd4aa48bcd53e8bd897b4-ex065_25.cnf.xz']
['../instances/train/01966a0fc52b2200a13f5f835275a919-SGI_30_70_27_50_3-dir.shuffled-as.sat03-169.cnf', '../instances/train/2b3de92685792ae19e4549b5c4571e27-crafted_n12_d6_c4_num4.cnf', '../instances/train/39277cab188349aee0f229cb7341b5c5-crafted_n12_d6_c4_num23.cnf', '../instances/train/39fba35826ce8c87cd8e8de1969b2dd2-SGI_30_80_26_70_4-log.shuffled-as.sat03-208.cnf', '../instances/train/6f4df706246d29bf38adadd274fadab3-SGI_30_60_19_60_6-dir.shuffled-as.sat03-112.cnf', '../instances/train/ae9522ea003ea9f75891b2d37a5e264b-srhd-sgi-m37-q446.25-n35-p30-s33692332.cnf', '../instances/train/af750c18578d52e60472315692ad83c0-si2-b03m-m800-03.cnf', '../instances/train/d0364ea3e1680c6da7e982e6b0264af6-new-difficult-26-243-24-70.cnf', '../instances/train/f746dae2050dd4aa48bcd53e8bd897b4-ex065_25.cnf']
32: Timeout
32: Solved
32: Solved
32: Timeout
32: Solved
32: Solved
32: Solved
32: Solved
32: Solved
[INFO][abstract_intensifier.py:595] Added config 8b9c33 and rejected config 6f5ce4 as incumbent because it is not better than the incumbents on 1 instances:
[INFO][smbo.py:328] Configuration budget is exhausted:
[INFO][smbo.py:329] --- Remaining wallclock time: inf
[INFO][smbo.py:330] --- Remaining cpu time: inf
[INFO][smbo.py:331] --- Remaining trials: 0
Configuration(values={
  'backbone': 2,
  'congruenceands': 'false',
  'congruencexors': 'true',
  'phase': 'false',
  'probeint': 980,
  'restartint': 1904,
  'sweepclauses': 297737064,
  'target': 0,
  'vivifyirr': 53,
  'congruencexorarity': 20,
})
