Getting instances
['/nfs/share/instances/gbd/cnf/00bb0b4ef28ed38c49de4c54b9fabc4d-25_2.cnf.xz', '/nfs/share/instances/gbd/cnf/00f4aca773e5675f35263dcd46b15bde-vmpc_28.shuffled-as.sat05-1957.cnf.xz', '/nfs/share/instances/gbd/cnf/036b541db9d0839b0591d408ff4f77ae-aes_decry_2_rounds.debugged.cnf.xz', '/nfs/share/instances/gbd/cnf/075ca0a158690a55b7254d9aaee2e103-asconhashv12_opt64_H4_M2-LOD9_m0_2_U19.c.cnf.xz', '/nfs/share/instances/gbd/cnf/089f909e37b3ef0c4d90687f7e22b68f-simon-r18-0.sanitized.cnf.xz', '/nfs/share/instances/gbd/cnf/08ccc34df5d8eb9e9d45278af3dc093d-simon-r16-1.sanitized.cnf.xz', '/nfs/share/instances/gbd/cnf/0a279c478775cdeede51ad431aebf200-24_0.cnf.xz', '/nfs/share/instances/gbd/cnf/15c53f73c62a78c24bf5974e4a7afcd8-18_1.cnf.xz', '/nfs/share/instances/gbd/cnf/1a63072b90f88c7fa621b5041f412b79-asconhashv12_opt64_H8_M2-nm2vUdkK_m3_5_U3.c.cnf.xz', '/nfs/share/instances/gbd/cnf/1b02025658c2a23e1fd3ce0a9c3633cb-asconhashv12_opt64_H8_M2-I61h2mH5_m2_6.c.cnf.xz', '/nfs/share/instances/gbd/cnf/1e3c3e8d349759b8b482a6f2721762c4-apn-sbox5-cut3-symmbreak.cnf.xz', '/nfs/share/instances/gbd/cnf/1f215812371f0c428eb1f1e51f9f23d7-20_2.cnf.xz', '/nfs/share/instances/gbd/cnf/20be6aa61af15fd53b4c48eb3f2f3319-27_1.cnf.xz', '/nfs/share/instances/gbd/cnf/25b7a69d04a5029cf4ba2f483b5bec45-asconhashv12_opt64_H9_M2-LSGb5PgEM_m2_7.c.cnf.xz', '/nfs/share/instances/gbd/cnf/26254890fa7107f85242ec9190da2a7a-002.cnf.xz', '/nfs/share/instances/gbd/cnf/2722f39c27dc45a989bb52761ed52e50-31_1.cnf.xz', '/nfs/share/instances/gbd/cnf/2b043efb4bde6d83f7c95a8e8e2d7bf8-simon-r21-0.sanitized.cnf.xz', '/nfs/share/instances/gbd/cnf/2c9dc96b7a8b0410e64dd33f7e00a0c1-30_2.cnf.xz', '/nfs/share/instances/gbd/cnf/2fcd8533eba981967292f1b6e41f7433-simon-r20-0.sanitized.cnf.xz', '/nfs/share/instances/gbd/cnf/305ad7d773d6c72be9b1efbf7bf482e0-asconhashv12_opt64_H9_M2-MIC4kfhiA_m0_6_U2.c.cnf.xz', '/nfs/share/instances/gbd/cnf/30e680ded3b9be6be0b5baac273f2646-asconhashv12_opt64_H5_M2-A8qZX_m0_3_U23.c.cnf.xz', '/nfs/share/instances/gbd/cnf/3129198788f182ce6955b18aa3c7e61e-simon-r24-1.sanitized.cnf.xz', '/nfs/share/instances/gbd/cnf/396245861b331d45e1345bd43fe352e2-asconhashv12_opt64_H8_M2-1yQCyA0j_m2_6.c.cnf.xz', '/nfs/share/instances/gbd/cnf/3f341c57c37d86350af5233b8e15e52e-19_2.cnf.xz', '/nfs/share/instances/gbd/cnf/4073757aae06fc2b50c043f088b132b4-simon-r19-1.sanitized.cnf.xz', '/nfs/share/instances/gbd/cnf/4989239fbeb6eb40fc0b664d9ba92636-asconhashv12_opt64_H7_M2-K1zfAs8_m0_3_U5.c.cnf.xz', '/nfs/share/instances/gbd/cnf/4fe42891b004d7425631a8edb4252d3f-32_0.cnf.xz', '/nfs/share/instances/gbd/cnf/558113ad4d50130351db8c426230a50f-asconhashv12_opt64_H9_M2-wNfQskE8G_m1_6_U0.c.cnf.xz', '/nfs/share/instances/gbd/cnf/5dc5185101e1d439d14f0a04acfa9bfb-28_2.cnf.xz', '/nfs/share/instances/gbd/cnf/5ee7de2bd112aa39485e79c9d487bf8f-simon-r23-1.sanitized.cnf.xz', '/nfs/share/instances/gbd/cnf/6969c86fbc5814332ab8615031334fa8-asconhashv12_opt64_H11_M2-fCHjS2L0du5_m2_4.c.cnf.xz', '/nfs/share/instances/gbd/cnf/6d67f76f114db9801952ed155e745e16-23_2.cnf.xz', '/nfs/share/instances/gbd/cnf/711ff7681711949f44b07a0d530dc729-asconhashv12_opt64_H12_M2-CxLJidFX21oI_m3_6_U2.c.cnf.xz', '/nfs/share/instances/gbd/cnf/78d23f235b63b1b7f08eb1b6cfb03f34-29_1.cnf.xz', '/nfs/share/instances/gbd/cnf/79391ed5a7f19b947cefe7af1178146a-21_1.cnf.xz', '/nfs/share/instances/gbd/cnf/79b9e24dd9af185dbec18c9b0a32b1e2-g2-slp-synthesis-aes-top30.cnf.xz', '/nfs/share/instances/gbd/cnf/7cbc3ce2052ba7c5b501f75af58ab3c4-simon-r22-1.sanitized.cnf.xz', '/nfs/share/instances/gbd/cnf/7e1d279559b202016e5797901e731a39-simon-r25-0.sanitized.cnf.xz', '/nfs/share/instances/gbd/cnf/7f2b4b2bde9b866b93fbfe01341213da-asconhashv12_opt64_H5_M2-xEJ8F_m0_3_U5.c.cnf.xz', '/nfs/share/instances/gbd/cnf/8fcc57f6c75cb2ac48d19e3038ad3c6c-asconhashv12_opt64_H6_M2-4XKSMr_m1_3_U25.c.cnf.xz', '/nfs/share/instances/gbd/cnf/91b88d172a08e2a57c189bddff51bfd5-22_1.cnf.xz', '/nfs/share/instances/gbd/cnf/9276ce38c625b2d00de247f8588f1542-combined-crypto1-wff-seed-102-wffvars-500-cryptocplx-31-overlap-2.cnf.xz', '/nfs/share/instances/gbd/cnf/92c17c00d862668de6e6c45d4eecdc75-combined-crypto1-wff-seed-101-wffvars-500-cryptocplx-31-overlap-2.cnf.xz', '/nfs/share/instances/gbd/cnf/96ae6bde39369f75aa975b0f5b74c325-asconhashv12_opt64_H13_M2-NBRdIKEb8MS2W_m3_5.c.cnf.xz', '/nfs/share/instances/gbd/cnf/9a413c250f82a93d513d4092ba654ee2-asconhashv12_opt64_H4_M2-ldRf_m1_2_U21.c.cnf.xz', '/nfs/share/instances/gbd/cnf/9f3ef12b5b68f92eb9265721ea73bb03-asconhashv12_opt64_H9_M2-Jdds95CIv_m1_5.c.cnf.xz', '/nfs/share/instances/gbd/cnf/9fe43145e48a0ef0096bb72531f1a0e3-16_1.cnf.xz', '/nfs/share/instances/gbd/cnf/a5419a63d913bde0ba5bcd8a8571342f-asconhashv12_opt64_H11_M2-tBi5i1RIgRz_m0_1_U23.c.cnf.xz', '/nfs/share/instances/gbd/cnf/a8dc92a9c0434576b47c82c94ab5c446-Grain_no_init_ver1_out200_known_last105_0_u.cnf.xz', '/nfs/share/instances/gbd/cnf/a8dcaf436bda091dad9ca1ff58de7287-asconhashv12_opt64_H10_M2-BPHqhzNzqi_m5_6_U14.c.cnf.xz', '/nfs/share/instances/gbd/cnf/b8f5fc2425facb3aec52a665f32a500c-asconhashv12_opt64_H6_M2-PgbpwX_m0_4_U1.c.cnf.xz', '/nfs/share/instances/gbd/cnf/bc3a8bd47c5575c2f1b31882d28ee091-26_1.cnf.xz', '/nfs/share/instances/gbd/cnf/be5c82b97513a31e0b3bcc1c231018ad-asconhashv12_opt64_H15_M2-kwhXs2juqFoKAYA_m12_13_U16.c.cnf.xz', '/nfs/share/instances/gbd/cnf/c82eee3badbc8432dad72d1d575a0ea6-preimage_80r_495m_160h_seed_379.cnf.xz', '/nfs/share/instances/gbd/cnf/caead0e04b6de4365822b25dfd55967f-preimage_80r_490m_160h_seed_150.cnf.xz', '/nfs/share/instances/gbd/cnf/cd33a862b81ba7b887845d3510c41c62-MASG0_72_keystream76_0.cnf.xz', '/nfs/share/instances/gbd/cnf/cdce6277b01ae06ddb95468c5f05de71-simon-r17-0.sanitized.cnf.xz', '/nfs/share/instances/gbd/cnf/cfc53adcc8ed18ca161bb6f8bc02b237-asconhashv12_opt64_H7_M2-gHvzZOd_m3_4_U11.c.cnf.xz', '/nfs/share/instances/gbd/cnf/d0fe6bf914469ca51675bac9078a2c0b-asconhashv12_opt64_H10_M2-pH7B6T6Vub_m6_7.c.cnf.xz', '/nfs/share/instances/gbd/cnf/df237594dc22b8f7cad2c4b38a23e40c-17_0.cnf.xz', '/nfs/share/instances/gbd/cnf/e0bf26a7527cd162c7d3016d4b2ab9fb-md5_48_1.cnf.xz', '/nfs/share/instances/gbd/cnf/e444548857eaf649c4624e3494c89c8e-asconhashv12_opt64_H8_M2-bL4cM6NJ_m4_5_U14.c.cnf.xz', '/nfs/share/instances/gbd/cnf/ecca77b5350eca6a4323edd5b38208c6-004.cnf.xz', '/nfs/share/instances/gbd/cnf/f02379d63678798e38dcc52b043cc51d-asconhashv12_opt64_H13_M2-axxJh7DAq767y_m4_5.c.cnf.xz', '/nfs/share/instances/gbd/cnf/f448874997bae64bd455fb00309dc738-asconhashv12_opt64_H7_M2-OrF8zEw_m2_4.c.cnf.xz', '/nfs/share/instances/gbd/cnf/f48735588e3515135f039e8bc8efaee5-asconhashv12_opt64_H11_M2-MxJOnbQIXNd_m5_6.c.cnf.xz', '/nfs/share/instances/gbd/cnf/f86dad4ba35369eb720a0c9ddc45037a-combined-crypto1-wff-seed-1-wffvars-450-cryptocplx-40-overlap-2.cnf.xz', '/nfs/share/instances/gbd/cnf/f959755d7c68ea8b64d900e589fbe21f-g2-slp-synthesis-aes-top29.cnf.xz']
Starting pool with 32 threads and 68 instances
Started kissat
Process exited with expected code 10, no error: 
0: Solved
Instance /nfs/home/rzipperer/git/Kissat_hyperparamoptimization/instances/train/7cbc3ce2052ba7c5b501f75af58ab3c4-simon-r22-1.sanitized.cnffinished after 0.17669677734375 seconds
Result added to total
Started kissat
Process exited with expected code 10, no error: 
0: Solved
Instance /nfs/home/rzipperer/git/Kissat_hyperparamoptimization/instances/train/2b043efb4bde6d83f7c95a8e8e2d7bf8-simon-r21-0.sanitized.cnffinished after 0.21137762069702148 seconds
Result added to total
Started kissat
Process exited with expected code 10, no error: 
Started kissat
Process exited with expected code 10, no error: 
0: Solved
0: Solved
Instance /nfs/home/rzipperer/git/Kissat_hyperparamoptimization/instances/train/5ee7de2bd112aa39485e79c9d487bf8f-simon-r23-1.sanitized.cnffinished after 0.24696803092956543 seconds
Instance /nfs/home/rzipperer/git/Kissat_hyperparamoptimization/instances/train/3129198788f182ce6955b18aa3c7e61e-simon-r24-1.sanitized.cnffinished after 0.23955535888671875 seconds
Result added to total
Started kissat
Process exited with expected code 10, no error: 
Result added to total
Started kissat
Process exited with expected code 10, no error: 
0: Solved
Instance /nfs/home/rzipperer/git/Kissat_hyperparamoptimization/instances/train/08ccc34df5d8eb9e9d45278af3dc093d-simon-r16-1.sanitized.cnffinished after 0.26918697357177734 seconds
0: Solved
Instance /nfs/home/rzipperer/git/Kissat_hyperparamoptimization/instances/train/2fcd8533eba981967292f1b6e41f7433-simon-r20-0.sanitized.cnffinished after 0.2702162265777588 seconds
Result added to total
Result added to total
Started kissat
Process exited with expected code 10, no error: 
0: Solved
Instance /nfs/home/rzipperer/git/Kissat_hyperparamoptimization/instances/train/cdce6277b01ae06ddb95468c5f05de71-simon-r17-0.sanitized.cnffinished after 0.29047274589538574 seconds
Result added to total
Started kissat
Process exited with expected code 10, no error: 
0: Solved
Instance /nfs/home/rzipperer/git/Kissat_hyperparamoptimization/instances/train/7e1d279559b202016e5797901e731a39-simon-r25-0.sanitized.cnffinished after 0.3014709949493408 seconds
Result added to total
Started kissat
Process exited with expected code 10, no error: 
0: Solved
Instance /nfs/home/rzipperer/git/Kissat_hyperparamoptimization/instances/train/f86dad4ba35369eb720a0c9ddc45037a-combined-crypto1-wff-seed-1-wffvars-450-cryptocplx-40-overlap-2.cnffinished after 7.837416172027588 seconds
Result added to total
Started kissat
Process exited with expected code 10, no error: 
0: Solved
Instance /nfs/home/rzipperer/git/Kissat_hyperparamoptimization/instances/train/9276ce38c625b2d00de247f8588f1542-combined-crypto1-wff-seed-102-wffvars-500-cryptocplx-31-overlap-2.cnffinished after 18.831323385238647 seconds
Result added to total
Started kissat
Process exited with expected code 10, no error: 
0: Solved
Instance /nfs/home/rzipperer/git/Kissat_hyperparamoptimization/instances/train/92c17c00d862668de6e6c45d4eecdc75-combined-crypto1-wff-seed-101-wffvars-500-cryptocplx-31-overlap-2.cnffinished after 18.947097063064575 seconds
Result added to total
Started kissat
Process exited with expected code 10, no error: 
0: Solved
Instance /nfs/home/rzipperer/git/Kissat_hyperparamoptimization/instances/train/79b9e24dd9af185dbec18c9b0a32b1e2-g2-slp-synthesis-aes-top30.cnffinished after 60.57722043991089 seconds
Result added to total
Started kissat
Process exited with expected code 10, no error: 
0: Solved
Instance /nfs/home/rzipperer/git/Kissat_hyperparamoptimization/instances/train/089f909e37b3ef0c4d90687f7e22b68f-simon-r18-0.sanitized.cnffinished after 0.0426175594329834 seconds
Result added to total
Started kissat
Process exited with expected code 10, no error: 
0: Solved
Instance /nfs/home/rzipperer/git/Kissat_hyperparamoptimization/instances/train/e0bf26a7527cd162c7d3016d4b2ab9fb-md5_48_1.cnffinished after 42.17036414146423 seconds
Result added to total
Started kissat
Process exited with expected code 10, no error: 
0: Solved
Instance /nfs/home/rzipperer/git/Kissat_hyperparamoptimization/instances/train/f02379d63678798e38dcc52b043cc51d-asconhashv12_opt64_H13_M2-axxJh7DAq767y_m4_5.c.cnffinished after 168.62740063667297 seconds
Result added to total
Started kissat
Process exited with expected code 20, no error: 
0: Solved
Instance /nfs/home/rzipperer/git/Kissat_hyperparamoptimization/instances/train/8fcc57f6c75cb2ac48d19e3038ad3c6c-asconhashv12_opt64_H6_M2-4XKSMr_m1_3_U25.c.cnffinished after 181.61422562599182 seconds
Result added to total
Started kissat
Process exited with expected code 10, no error: 
0: Solved
Instance /nfs/home/rzipperer/git/Kissat_hyperparamoptimization/instances/train/4073757aae06fc2b50c043f088b132b4-simon-r19-1.sanitized.cnffinished after 0.04100942611694336 seconds
Result added to total
Started kissat
Process exited with expected code 20, no error: 
0: Solved
Instance /nfs/home/rzipperer/git/Kissat_hyperparamoptimization/instances/train/9a413c250f82a93d513d4092ba654ee2-asconhashv12_opt64_H4_M2-ldRf_m1_2_U21.c.cnffinished after 186.09794735908508 seconds
Result added to total
Started kissat
Process exited with expected code 20, no error: 
0: Solved
Instance /nfs/home/rzipperer/git/Kissat_hyperparamoptimization/instances/train/075ca0a158690a55b7254d9aaee2e103-asconhashv12_opt64_H4_M2-LOD9_m0_2_U19.c.cnffinished after 191.36366868019104 seconds
Result added to total
Started kissat
Process exited with expected code 20, no error: 
0: Solved
Instance /nfs/home/rzipperer/git/Kissat_hyperparamoptimization/instances/train/cfc53adcc8ed18ca161bb6f8bc02b237-asconhashv12_opt64_H7_M2-gHvzZOd_m3_4_U11.c.cnffinished after 195.37493538856506 seconds
Result added to total
Started kissat
Process exited with expected code 10, no error: 
0: Solved
Instance /nfs/home/rzipperer/git/Kissat_hyperparamoptimization/instances/train/f959755d7c68ea8b64d900e589fbe21f-g2-slp-synthesis-aes-top29.cnffinished after 29.031902551651 seconds
Result added to total
Started kissat
Process exited with expected code 10, no error: 
0: Solved
Instance /nfs/home/rzipperer/git/Kissat_hyperparamoptimization/instances/train/26254890fa7107f85242ec9190da2a7a-002.cnffinished after 215.44118309020996 seconds
Result added to total
Started kissat
Process exited with expected code 20, no error: 
0: Solved
Instance /nfs/home/rzipperer/git/Kissat_hyperparamoptimization/instances/train/30e680ded3b9be6be0b5baac273f2646-asconhashv12_opt64_H5_M2-A8qZX_m0_3_U23.c.cnffinished after 219.7561230659485 seconds
Result added to total
Started kissat
Process exited with expected code 20, no error: 
0: Solved
Instance /nfs/home/rzipperer/git/Kissat_hyperparamoptimization/instances/train/7f2b4b2bde9b866b93fbfe01341213da-asconhashv12_opt64_H5_M2-xEJ8F_m0_3_U5.c.cnffinished after 226.027241230011 seconds
Result added to total
Started kissat
Process exited with expected code 20, no error: 
0: Solved
Instance /nfs/home/rzipperer/git/Kissat_hyperparamoptimization/instances/train/4989239fbeb6eb40fc0b664d9ba92636-asconhashv12_opt64_H7_M2-K1zfAs8_m0_3_U5.c.cnffinished after 227.22457695007324 seconds
Result added to total
Started kissat
Process exited with expected code 10, no error: 
0: Solved
Instance /nfs/home/rzipperer/git/Kissat_hyperparamoptimization/instances/train/96ae6bde39369f75aa975b0f5b74c325-asconhashv12_opt64_H13_M2-NBRdIKEb8MS2W_m3_5.c.cnffinished after 248.43010830879211 seconds
Result added to total
Started kissat
Process exited with expected code 20, no error: 
0: Solved
Instance /nfs/home/rzipperer/git/Kissat_hyperparamoptimization/instances/train/b8f5fc2425facb3aec52a665f32a500c-asconhashv12_opt64_H6_M2-PgbpwX_m0_4_U1.c.cnffinished after 197.67310094833374 seconds
Result added to total
Started kissat
Process exited with expected code 10, no error: 
0: Solved
Instance /nfs/home/rzipperer/git/Kissat_hyperparamoptimization/instances/train/f448874997bae64bd455fb00309dc738-asconhashv12_opt64_H7_M2-OrF8zEw_m2_4.c.cnffinished after 97.78076910972595 seconds
Result added to total
Started kissat
Process exited with expected code 10, no error: 
0: Solved
Instance /nfs/home/rzipperer/git/Kissat_hyperparamoptimization/instances/train/6969c86fbc5814332ab8615031334fa8-asconhashv12_opt64_H11_M2-fCHjS2L0du5_m2_4.c.cnffinished after 286.39918541908264 seconds
Result added to total
Started kissat
Process exited with expected code 10, no error: 
0: Solved
Instance /nfs/home/rzipperer/git/Kissat_hyperparamoptimization/instances/train/ecca77b5350eca6a4323edd5b38208c6-004.cnffinished after 104.39198565483093 seconds
Result added to total
Started kissat
Process exited with expected code 10, no error: 
0: Solved
Instance /nfs/home/rzipperer/git/Kissat_hyperparamoptimization/instances/train/00f4aca773e5675f35263dcd46b15bde-vmpc_28.shuffled-as.sat05-1957.cnffinished after 334.523161649704 seconds
Result added to total
Started kissat
Process exited with expected code 10, no error: 
0: Solved
Instance /nfs/home/rzipperer/git/Kissat_hyperparamoptimization/instances/train/9f3ef12b5b68f92eb9265721ea73bb03-asconhashv12_opt64_H9_M2-Jdds95CIv_m1_5.c.cnffinished after 337.1096622943878 seconds
Result added to total
Started kissat
Process exited with expected code 10, no error: 
0: Solved
Instance /nfs/home/rzipperer/git/Kissat_hyperparamoptimization/instances/train/1b02025658c2a23e1fd3ce0a9c3633cb-asconhashv12_opt64_H8_M2-I61h2mH5_m2_6.c.cnffinished after 345.2705137729645 seconds
Result added to total
Started kissat
Process exited with expected code 10, no error: 
0: Solved
Instance /nfs/home/rzipperer/git/Kissat_hyperparamoptimization/instances/train/25b7a69d04a5029cf4ba2f483b5bec45-asconhashv12_opt64_H9_M2-LSGb5PgEM_m2_7.c.cnffinished after 352.64466524124146 seconds
Result added to total
Started kissat
Process exited with expected code 20, no error: 
0: Solved
Instance /nfs/home/rzipperer/git/Kissat_hyperparamoptimization/instances/train/be5c82b97513a31e0b3bcc1c231018ad-asconhashv12_opt64_H15_M2-kwhXs2juqFoKAYA_m12_13_U16.c.cnffinished after 201.8272500038147 seconds
Result added to total
Started kissat
Process exited with expected code 20, no error: 
0: Solved
Instance /nfs/home/rzipperer/git/Kissat_hyperparamoptimization/instances/train/a8dc92a9c0434576b47c82c94ab5c446-Grain_no_init_ver1_out200_known_last105_0_u.cnffinished after 426.1596965789795 seconds
Result added to total
Started kissat
Process exited with expected code 20, no error: 
0: Solved
Instance /nfs/home/rzipperer/git/Kissat_hyperparamoptimization/instances/train/558113ad4d50130351db8c426230a50f-asconhashv12_opt64_H9_M2-wNfQskE8G_m1_6_U0.c.cnffinished after 444.72742891311646 seconds
Result added to total
Started kissat
Process exited with expected code 20, no error: 
0: Solved
Instance /nfs/home/rzipperer/git/Kissat_hyperparamoptimization/instances/train/a8dcaf436bda091dad9ca1ff58de7287-asconhashv12_opt64_H10_M2-BPHqhzNzqi_m5_6_U14.c.cnffinished after 444.6875581741333 seconds
Result added to total
Started kissat
Process exited with expected code 20, no error: 
0: Solved
Instance /nfs/home/rzipperer/git/Kissat_hyperparamoptimization/instances/train/711ff7681711949f44b07a0d530dc729-asconhashv12_opt64_H12_M2-CxLJidFX21oI_m3_6_U2.c.cnffinished after 454.82701683044434 seconds
Result added to total
Started kissat
Process exited with expected code 10, no error: 
0: Solved
Instance /nfs/home/rzipperer/git/Kissat_hyperparamoptimization/instances/train/f48735588e3515135f039e8bc8efaee5-asconhashv12_opt64_H11_M2-MxJOnbQIXNd_m5_6.c.cnffinished after 105.123615026474 seconds
Result added to total
Started kissat
Process exited with expected code 10, no error: 
0: Solved
Instance /nfs/home/rzipperer/git/Kissat_hyperparamoptimization/instances/train/d0fe6bf914469ca51675bac9078a2c0b-asconhashv12_opt64_H10_M2-pH7B6T6Vub_m6_7.c.cnffinished after 167.77537059783936 seconds
Result added to total
Started kissat
Process exited with expected code 20, no error: 
0: Solved
Instance /nfs/home/rzipperer/git/Kissat_hyperparamoptimization/instances/train/305ad7d773d6c72be9b1efbf7bf482e0-asconhashv12_opt64_H9_M2-MIC4kfhiA_m0_6_U2.c.cnffinished after 499.6855320930481 seconds
Result added to total
Started kissat
Process exited with expected code 20, no error: 
0: Solved
Instance /nfs/home/rzipperer/git/Kissat_hyperparamoptimization/instances/train/036b541db9d0839b0591d408ff4f77ae-aes_decry_2_rounds.debugged.cnffinished after 178.96637320518494 seconds
Result added to total
Started kissat
Process exited with expected code 10, no error: 
0: Solved
Instance /nfs/home/rzipperer/git/Kissat_hyperparamoptimization/instances/train/396245861b331d45e1345bd43fe352e2-asconhashv12_opt64_H8_M2-1yQCyA0j_m2_6.c.cnffinished after 305.6073844432831 seconds
Result added to total
Started kissat
Process exited with expected code 20, no error: 
0: Solved
Instance /nfs/home/rzipperer/git/Kissat_hyperparamoptimization/instances/train/1a63072b90f88c7fa621b5041f412b79-asconhashv12_opt64_H8_M2-nm2vUdkK_m3_5_U3.c.cnffinished after 454.44843220710754 seconds
Result added to total
Started kissat
Process exited with expected code 20, no error: 
0: Solved
Instance /nfs/home/rzipperer/git/Kissat_hyperparamoptimization/instances/train/a5419a63d913bde0ba5bcd8a8571342f-asconhashv12_opt64_H11_M2-tBi5i1RIgRz_m0_1_U23.c.cnffinished after 431.506596326828 seconds
Result added to total
Started kissat
Process exited with expected code 20, no error: 
0: Solved
Instance /nfs/home/rzipperer/git/Kissat_hyperparamoptimization/instances/train/e444548857eaf649c4624e3494c89c8e-asconhashv12_opt64_H8_M2-bL4cM6NJ_m4_5_U14.c.cnffinished after 460.23959136009216 seconds
Result added to total
Started kissat
Process exited with expected code 10, no error: 
0: Solved
Instance /nfs/home/rzipperer/git/Kissat_hyperparamoptimization/instances/train/cd33a862b81ba7b887845d3510c41c62-MASG0_72_keystream76_0.cnffinished after 1774.000910282135 seconds
Result added to total
Started kissat
0: Timeout
Result added to total
Started kissat
0: Timeout
Result added to total
Started kissat
0: Timeout
Result added to total
Started kissat
0: Timeout
Result added to total
Started kissat
0: Timeout
Result added to total
Started kissat
0: Timeout
Result added to total
Started kissat
0: Timeout
Result added to total
Started kissat
0: Timeout
Result added to total
Started kissat
0: Timeout
Result added to total
Started kissat
0: Timeout
Result added to total
Started kissat
0: Timeout
Result added to total
Started kissat
0: Timeout
Result added to total
Started kissat
0: Timeout
Result added to total
Started kissat
0: Timeout
Result added to total
Started kissat
0: Timeout
Result added to total
Started kissat
0: Timeout
Result added to total
Started kissat
0: Timeout
Result added to total
Started kissat
0: Timeout
Result added to total
Started kissat
0: Timeout
Result added to total
Started kissat
0: Timeout
Result added to total
68
Terminated after 82644.81810593605 seconds
