Getting instances
['/nfs/share/instances/gbd/cnf/00b46ace235e3915a439c77a231a5657-TableSymModel_output_7_3_9.bul_.dimacs.cnf.xz', '/nfs/share/instances/gbd/cnf/10196804504080e7107809a2e5b3bfcc-ContextModel_output_6_5_6.bul_.dimacs.cnf.xz', '/nfs/share/instances/gbd/cnf/428da12ab8f5f68ae261e6468c2fef73-TableSymModel_output_8_3_10.bul_.dimacs.cnf.xz', '/nfs/share/instances/gbd/cnf/4a6a797c6b4a8055d10b74edda9a5e30-TableSymModel_output_8_4_8.bul_.dimacs.cnf.xz', '/nfs/share/instances/gbd/cnf/5918f1624d4dfd964227356786a4e9ec-ContextModel_output_8_4_9.bul.dimacs.cnf.xz', '/nfs/share/instances/gbd/cnf/70ce0cff914efdc48f2a8fe86b5c68c6-TableModel_output_8_4_7.bul_.dimacs.cnf.xz', '/nfs/share/instances/gbd/cnf/71cf538aa0751d27f144de9c8d82e458-TableModel_output_8_3_10.bul_.dimacs.cnf.xz', '/nfs/share/instances/gbd/cnf/7d58f2f0c79cbcad0496ced184ba0680-TableSymModel_output_6_3_8.bul_.dimacs.cnf.xz', '/nfs/share/instances/gbd/cnf/7dc81d3cb9066f8bc06ceffbca237572-TableModel_output_7_3_9.bul_.dimacs.cnf.xz', '/nfs/share/instances/gbd/cnf/8b797110ff321ee673eab1542069f192-ContextModel_output_8_4_10.bul.dimacs.cnf.xz', '/nfs/share/instances/gbd/cnf/8bcd3f3e269fa3c9516667b626d61602-TableSymModel_output_8_4_7.bul_.dimacs.cnf.xz', '/nfs/share/instances/gbd/cnf/8d31ec9edeac705ffd1b23f0cc4f3256-ContextModel_output_7_3_9.bul_.dimacs.cnf.xz', '/nfs/share/instances/gbd/cnf/a09a2d7397732447bdcc9651973767b7-TableSymModel_output_6_5_6.bul_.dimacs.cnf.xz', '/nfs/share/instances/gbd/cnf/a811388cc92def6ef2d639dc062d456c-ContextModel_output_6_3_8.bul_.dimacs.cnf.xz', '/nfs/share/instances/gbd/cnf/a98d77ba9d3fbe8b7c55cbf75b2b43a8-TableModel_output_6_3_8.bul_.dimacs.cnf.xz', '/nfs/share/instances/gbd/cnf/af5838e83024d2dee3942be8d8e35fec-TableModel_output_8_4_8.bul_.dimacs.cnf.xz', '/nfs/share/instances/gbd/cnf/b157aeb75aec9158fed9e16d7fd2da57-ContextModel_output_6_4_6.bul_.dimacs.cnf.xz', '/nfs/share/instances/gbd/cnf/deef4e5f8bf88393cea9589dff97d70c-ContextModel_output_8_4_8.bul_.dimacs.cnf.xz', '/nfs/share/instances/gbd/cnf/f26f199564d6ffac7e700c2e66470ec0-TableSymModel_output_6_4_6.bul_.dimacs.cnf.xz', '/nfs/share/instances/gbd/cnf/f57aba96bfed8f8a8b860eba1a8f1ea5-TableModel_output_6_4_6.bul_.dimacs.cnf.xz']
Starting pool with 20 threads and 20 instances
Started kissat
Process exited with expected code 10, no error: 
10: Solved
Instance /nfs/home/rzipperer/git/Kissat_hyperparamoptimization/instances/train/8bcd3f3e269fa3c9516667b626d61602-TableSymModel_output_8_4_7.bul_.dimacs.cnffinished after 66.22553873062134 seconds
Result added to total
Started kissat
Process exited with expected code 10, no error: 
10: Solved
Instance /nfs/home/rzipperer/git/Kissat_hyperparamoptimization/instances/train/10196804504080e7107809a2e5b3bfcc-ContextModel_output_6_5_6.bul_.dimacs.cnffinished after 80.2622332572937 seconds
Result added to total
Started kissat
Process exited with expected code 10, no error: 
10: Solved
Instance /nfs/home/rzipperer/git/Kissat_hyperparamoptimization/instances/train/70ce0cff914efdc48f2a8fe86b5c68c6-TableModel_output_8_4_7.bul_.dimacs.cnffinished after 129.64529871940613 seconds
Result added to total
Started kissat
Process exited with expected code 10, no error: 
10: Solved
Instance /nfs/home/rzipperer/git/Kissat_hyperparamoptimization/instances/train/8d31ec9edeac705ffd1b23f0cc4f3256-ContextModel_output_7_3_9.bul_.dimacs.cnffinished after 265.68832874298096 seconds
Result added to total
Started kissat
10: Timeout
Started kissat
10: Timeout
Result added to total
Result added to total
Started kissat
10: Timeout
Result added to total
Started kissat
10: Timeout
Result added to total
Started kissat
10: Timeout
Started kissat
10: Timeout
Result added to total
Result added to total
Started kissat
10: Timeout
Result added to total
Started kissat
10: Timeout
Result added to total
Started kissat
10: Timeout
Result added to total
Started kissat
10: Timeout
Result added to total
Started kissat
10: Timeout
Result added to total
Started kissat
10: Timeout
Result added to total
Started kissat
10: Timeout
Result added to total
Started kissat
10: Timeout
Result added to total
Started kissat
10: Timeout
Result added to total
Started kissat
10: Timeout
Result added to total
20
Terminated after 58141.8213994503 seconds
