Getting instances
['/nfs/share/instances/gbd/cnf/1a40d2d8c589799a0d267cae03fcd4c5-SCPC-800-40.cnf.xz', '/nfs/share/instances/gbd/cnf/63159b6b10c3d6832bd5944e05d78b11-SCPC-700-80.cnf.xz', '/nfs/share/instances/gbd/cnf/68649ac2830edad5d0dc7e3d13935132-SCPC-800-46.cnf.xz', '/nfs/share/instances/gbd/cnf/71758ed7637888d4fd4593ec820677bc-SCPC-800-42.cnf.xz', '/nfs/share/instances/gbd/cnf/751402d0738e5622b599c651283cb48a-SCPC-800-43.cnf.xz', '/nfs/share/instances/gbd/cnf/9de6ddddf7fde06bf2efd955e2bd1a83-SCPC-700-84.cnf.xz', '/nfs/share/instances/gbd/cnf/a18b6fbdfee43c007e07dedf15477797-SCPC-700-86.cnf.xz', '/nfs/share/instances/gbd/cnf/a4941208671f6ebfd118e4e563538c31-SCPC-1000-20.cnf.xz', '/nfs/share/instances/gbd/cnf/af3d5273605b21b9d4c56dd46cbf366a-SCPC-700-82.cnf.xz', '/nfs/share/instances/gbd/cnf/bca01a49805df3399a0438191019e417-SCPC-700-87.cnf.xz', '/nfs/share/instances/gbd/cnf/c0069efa0c924e416878d9426f1ef92e-SCPC-900-29.cnf.xz', '/nfs/share/instances/gbd/cnf/c1324a6876269ee93890e266fe214557-SCPC-800-50.cnf.xz', '/nfs/share/instances/gbd/cnf/c1b5c3d1016de7baeb0ddb3a2ab2d891-SCPC-900-27.cnf.xz', '/nfs/share/instances/gbd/cnf/cea96962ebd736646af54d950943d909-SCPC-800-41.cnf.xz', '/nfs/share/instances/gbd/cnf/d84a89fb1bc1ff37dc4737867257b290-SCPC-800-49.cnf.xz', '/nfs/share/instances/gbd/cnf/ed76b075cdf07435c6e4f6203dd10cb7-SCPC-700-88.cnf.xz', '/nfs/share/instances/gbd/cnf/eec821f866557886a5b0352332943fa2-SCPC-700-81.cnf.xz', '/nfs/share/instances/gbd/cnf/eecdcc36d35f06224cc972cbb08de804-SCPC-1000-18.cnf.xz', '/nfs/share/instances/gbd/cnf/f35ed23733431177436a1e7797c07dfe-SCPC-900-31.cnf.xz', '/nfs/share/instances/gbd/cnf/faeb113864d97ea4cb3f01f95d2fe92f-SCPC-800-44.cnf.xz']
Starting pool with 20 threads and 20 instances
Started kissat
Process exited with expected code 10, no error: 
11: Solved
Instance /nfs/home/rzipperer/git/Kissat_hyperparamoptimization/instances/train/eecdcc36d35f06224cc972cbb08de804-SCPC-1000-18.cnffinished after 48.50869965553284 seconds
Result added to total
Started kissat
Process exited with expected code 10, no error: 
11: Solved
Instance /nfs/home/rzipperer/git/Kissat_hyperparamoptimization/instances/train/cea96962ebd736646af54d950943d909-SCPC-800-41.cnffinished after 84.5228443145752 seconds
Result added to total
Started kissat
Process exited with expected code 10, no error: 
11: Solved
Instance /nfs/home/rzipperer/git/Kissat_hyperparamoptimization/instances/train/faeb113864d97ea4cb3f01f95d2fe92f-SCPC-800-44.cnffinished after 84.79920530319214 seconds
Result added to total
Started kissat
Process exited with expected code 10, no error: 
11: Solved
Instance /nfs/home/rzipperer/git/Kissat_hyperparamoptimization/instances/train/68649ac2830edad5d0dc7e3d13935132-SCPC-800-46.cnffinished after 86.39476943016052 seconds
Result added to total
Started kissat
Process exited with expected code 10, no error: 
11: Solved
Instance /nfs/home/rzipperer/git/Kissat_hyperparamoptimization/instances/train/71758ed7637888d4fd4593ec820677bc-SCPC-800-42.cnffinished after 87.66911506652832 seconds
Result added to total
Started kissat
Process exited with expected code 10, no error: 
11: Solved
Instance /nfs/home/rzipperer/git/Kissat_hyperparamoptimization/instances/train/c1324a6876269ee93890e266fe214557-SCPC-800-50.cnffinished after 93.1905312538147 seconds
Result added to total
Started kissat
Process exited with expected code 10, no error: 
11: Solved
Instance /nfs/home/rzipperer/git/Kissat_hyperparamoptimization/instances/train/1a40d2d8c589799a0d267cae03fcd4c5-SCPC-800-40.cnffinished after 93.36656284332275 seconds
Result added to total
Started kissat
Process exited with expected code 10, no error: 
11: Solved
Instance /nfs/home/rzipperer/git/Kissat_hyperparamoptimization/instances/train/af3d5273605b21b9d4c56dd46cbf366a-SCPC-700-82.cnffinished after 138.55714535713196 seconds
Result added to total
Started kissat
Process exited with expected code 10, no error: 
11: Solved
Instance /nfs/home/rzipperer/git/Kissat_hyperparamoptimization/instances/train/bca01a49805df3399a0438191019e417-SCPC-700-87.cnffinished after 140.70072102546692 seconds
Result added to total
Started kissat
Process exited with expected code 10, no error: 
11: Solved
Instance /nfs/home/rzipperer/git/Kissat_hyperparamoptimization/instances/train/751402d0738e5622b599c651283cb48a-SCPC-800-43.cnffinished after 159.7010543346405 seconds
Result added to total
Started kissat
Process exited with expected code 10, no error: 
11: Solved
Instance /nfs/home/rzipperer/git/Kissat_hyperparamoptimization/instances/train/d84a89fb1bc1ff37dc4737867257b290-SCPC-800-49.cnffinished after 167.65305757522583 seconds
Result added to total
Started kissat
Process exited with expected code 10, no error: 
11: Solved
Instance /nfs/home/rzipperer/git/Kissat_hyperparamoptimization/instances/train/eec821f866557886a5b0352332943fa2-SCPC-700-81.cnffinished after 175.88130855560303 seconds
Result added to total
Started kissat
Process exited with expected code 10, no error: 
11: Solved
Instance /nfs/home/rzipperer/git/Kissat_hyperparamoptimization/instances/train/c1b5c3d1016de7baeb0ddb3a2ab2d891-SCPC-900-27.cnffinished after 185.07546138763428 seconds
Result added to total
Started kissat
Process exited with expected code 10, no error: 
11: Solved
Instance /nfs/home/rzipperer/git/Kissat_hyperparamoptimization/instances/train/63159b6b10c3d6832bd5944e05d78b11-SCPC-700-80.cnffinished after 270.2041347026825 seconds
Result added to total
Started kissat
Process exited with expected code 10, no error: 
11: Solved
Instance /nfs/home/rzipperer/git/Kissat_hyperparamoptimization/instances/train/a18b6fbdfee43c007e07dedf15477797-SCPC-700-86.cnffinished after 278.8469727039337 seconds
Result added to total
Started kissat
Process exited with expected code 10, no error: 
11: Solved
Instance /nfs/home/rzipperer/git/Kissat_hyperparamoptimization/instances/train/9de6ddddf7fde06bf2efd955e2bd1a83-SCPC-700-84.cnffinished after 298.1444606781006 seconds
Result added to total
Started kissat
Process exited with expected code 10, no error: 
11: Solved
Instance /nfs/home/rzipperer/git/Kissat_hyperparamoptimization/instances/train/a4941208671f6ebfd118e4e563538c31-SCPC-1000-20.cnffinished after 370.460294008255 seconds
Result added to total
Started kissat
Process exited with expected code 10, no error: 
11: Solved
Instance /nfs/home/rzipperer/git/Kissat_hyperparamoptimization/instances/train/ed76b075cdf07435c6e4f6203dd10cb7-SCPC-700-88.cnffinished after 382.1809182167053 seconds
Result added to total
Started kissat
Process exited with expected code 10, no error: 
11: Solved
Instance /nfs/home/rzipperer/git/Kissat_hyperparamoptimization/instances/train/c0069efa0c924e416878d9426f1ef92e-SCPC-900-29.cnffinished after 748.9564802646637 seconds
Result added to total
Started kissat
11: Timeout
Result added to total
20
Terminated after 7494.81373667717 seconds
