Getting instances
['/nfs/share/instances/gbd/cnf/0c9da400944b002f90fd385d4fdab385-DivS_568_11.cnf.sanitized.cnf.xz', '/nfs/share/instances/gbd/cnf/26114429758a203d651f4df87c94de4c-sgen1-unsat-97-100.cnf.mis-72.debugged.cnf.xz', '/nfs/share/instances/gbd/cnf/2b60f9be1439f63b7f174c6b8ca7fedf-sgen1-unsat-121-100.cnf.xz', '/nfs/share/instances/gbd/cnf/2e808d215e4155379a847b146ef38b34-goldcrest-and-16.cnf.xz', '/nfs/share/instances/gbd/cnf/328da7966b09b2f6e99c93c4e877fbff-sgen3-n260-s62321009-sat.cnf.xz', '/nfs/share/instances/gbd/cnf/41f4cb4992a481c9d43e2e1a4e2349ac-sgen1-sat-180-100.cnf.xz', '/nfs/share/instances/gbd/cnf/4282ea42fd414bfd2c4bf81fe8a43e24-DivU_1520_10.cnf.sanitized.cnf.xz', '/nfs/share/instances/gbd/cnf/48539e7e4baae6db72cda7e8a9cecfa0-oisc-subrv-sll-nested-15.cnf.xz', '/nfs/share/instances/gbd/cnf/5411047bc24f4321f0e490e01e4a0910-goldcrest-and-9.cnf.xz', '/nfs/share/instances/gbd/cnf/63732c330adb8de8dd47ce1693b86d0e-FmlaEquivChain_4_8_8.sanitized.cnf.xz', '/nfs/share/instances/gbd/cnf/6543793076c30fc7cdfa5a3c819cedc7-oisc-subrv-sll-nested-11.cnf.xz', '/nfs/share/instances/gbd/cnf/74931e82fd208ed949fa44bccd80df6b-DivS_862_11.cnf.sanitized.cnf.xz', '/nfs/share/instances/gbd/cnf/8d2dfc50c1759dc11a6564d5c368c6df-FmlaImplyChain_3_7_8.sanitized.cnf.xz', '/nfs/share/instances/gbd/cnf/9cd3acdb765c15163bc239ae3a57f880-FmlaEquivChain_4_6_6.sanitized.cnf.xz', '/nfs/share/instances/gbd/cnf/accf33a84bdf211bebbd2111fb7f6b91-DivS_942_11.cnf.sanitized.cnf.xz', '/nfs/share/instances/gbd/cnf/c7bf3517f47d583ae567de3db3708969-oisc-subrv-and-nested-14.cnf.xz', '/nfs/share/instances/gbd/cnf/da43a3ef0ef5d34143e765d480dedc7a-DivU_624_11.cnf.sanitized.cnf.xz', '/nfs/share/instances/gbd/cnf/ee57608ea4b74f25aebca809d59711c9-oisc-subrv-sll-nested-13.cnf.xz', '/nfs/share/instances/gbd/cnf/f18c7c7b8666458fd04ea7a253ae1e20-FmlaImplyChain_3_7_7.sanitized.cnf.xz']
Starting pool with 20 threads and 19 instances
Started kissat
Process exited with expected code 20, no error: 
17: Solved
Instance /nfs/home/rzipperer/git/Kissat_hyperparamoptimization/instances/train/26114429758a203d651f4df87c94de4c-sgen1-unsat-97-100.cnf.mis-72.debugged.cnffinished after 20.18766188621521 seconds
Result added to total
Started kissat
Process exited with expected code 20, no error: 
17: Solved
Instance /nfs/home/rzipperer/git/Kissat_hyperparamoptimization/instances/train/da43a3ef0ef5d34143e765d480dedc7a-DivU_624_11.cnf.sanitized.cnffinished after 26.602549076080322 seconds
Result added to total
Started kissat
Process exited with expected code 20, no error: 
17: Solved
Instance /nfs/home/rzipperer/git/Kissat_hyperparamoptimization/instances/train/9cd3acdb765c15163bc239ae3a57f880-FmlaEquivChain_4_6_6.sanitized.cnffinished after 31.11657691001892 seconds
Result added to total
Started kissat
Process exited with expected code 10, no error: 
17: Solved
Instance /nfs/home/rzipperer/git/Kissat_hyperparamoptimization/instances/train/74931e82fd208ed949fa44bccd80df6b-DivS_862_11.cnf.sanitized.cnffinished after 34.96261477470398 seconds
Result added to total
Started kissat
Process exited with expected code 10, no error: 
17: Solved
Instance /nfs/home/rzipperer/git/Kissat_hyperparamoptimization/instances/train/0c9da400944b002f90fd385d4fdab385-DivS_568_11.cnf.sanitized.cnffinished after 35.123677015304565 seconds
Result added to total
Started kissat
Process exited with expected code 10, no error: 
17: Solved
Instance /nfs/home/rzipperer/git/Kissat_hyperparamoptimization/instances/train/accf33a84bdf211bebbd2111fb7f6b91-DivS_942_11.cnf.sanitized.cnffinished after 35.67774558067322 seconds
Result added to total
Started kissat
Process exited with expected code 20, no error: 
17: Solved
Instance /nfs/home/rzipperer/git/Kissat_hyperparamoptimization/instances/train/4282ea42fd414bfd2c4bf81fe8a43e24-DivU_1520_10.cnf.sanitized.cnffinished after 50.014641761779785 seconds
Result added to total
Started kissat
Process exited with expected code 20, no error: 
17: Solved
Instance /nfs/home/rzipperer/git/Kissat_hyperparamoptimization/instances/train/5411047bc24f4321f0e490e01e4a0910-goldcrest-and-9.cnffinished after 194.55980825424194 seconds
Result added to total
Started kissat
Process exited with expected code 20, no error: 
17: Solved
Instance /nfs/home/rzipperer/git/Kissat_hyperparamoptimization/instances/train/f18c7c7b8666458fd04ea7a253ae1e20-FmlaImplyChain_3_7_7.sanitized.cnffinished after 677.4017143249512 seconds
Result added to total
Started kissat
17: Timeout
Result added to total
Started kissat
17: Timeout
Result added to total
Started kissat
17: Timeout
Result added to total
Started kissat
17: Timeout
Result added to total
Started kissat
17: Timeout
Result added to total
Started kissat
17: Timeout
Result added to total
Started kissat
17: Timeout
Result added to total
Started kissat
17: Timeout
Result added to total
Started kissat
17: Timeout
Result added to total
Started kissat
17: Timeout
Result added to total
19
Terminated after 37105.64698958397 seconds
