Getting instances
['/nfs/share/instances/gbd/cnf/0945c95ba9b82c32d12fc9d9e5229c5a-SC23_Timetable_C_473_E_45_Cl_32_D_6_T_50.cnf.xz', '/nfs/share/instances/gbd/cnf/096ac97e4261eabca440fc7bc135d7c0-SC23_Timetable_C_478_E_50_Cl_32_D_6_T_50.cnf.xz', '/nfs/share/instances/gbd/cnf/177a4ad8fd76ad8240387998112c3168-SC23_Timetable_C_481_E_49_Cl_32_D_6_T_50.cnf.xz', '/nfs/share/instances/gbd/cnf/2537f10a45d7ab430334dc1de6bfbdf0-SC23_Timetable_C_486_E_50_Cl_33_D_6_T_50.cnf.xz', '/nfs/share/instances/gbd/cnf/2b7e863462991fd008f9898eca63ebf4-SC23_Timetable_C_481_E_50_Cl_32_D_6_T_50.cnf.xz', '/nfs/share/instances/gbd/cnf/323223c497a22051f5a3ef508ccbaa7c-SC23_Timetable_C_477_E_50_Cl_32_D_6_T_50.cnf.xz', '/nfs/share/instances/gbd/cnf/33cfa309d10e1d4fe30f1302807f42ce-SC23_Timetable_C_482_E_50_Cl_33_D_6_T_50.cnf.xz', '/nfs/share/instances/gbd/cnf/35b19a3332597c1e5a3668f75ca72971-SC23_Timetable_C_480_E_50_Cl_32_D_6_T_50.cnf.xz', '/nfs/share/instances/gbd/cnf/3e7dc7350195104b76b7d03ab5b0af8f-SC23_Timetable_C_490_E_50_Cl_33_D_6_T_50.cnf.xz', '/nfs/share/instances/gbd/cnf/83cf6bfa7945b54e8c4ac659d1a4359e-SC23_Timetable_C_473_E_52_Cl_32_D_6_T_50.cnf.xz', '/nfs/share/instances/gbd/cnf/8751f8d1570611ba079dfd862b14c514-SC23_Timetable_C_473_E_49_Cl_32_D_6_T_50.cnf.xz', '/nfs/share/instances/gbd/cnf/97a17306a2882e0fd1aa3981a267df0d-SC23_Timetable_C_473_E_46_Cl_32_D_6_T_50.cnf.xz', '/nfs/share/instances/gbd/cnf/9e18c079efdc17ceade5c7a330b507d2-SC23_Timetable_C_474_E_50_Cl_32_D_6_T_50.cnf.xz', '/nfs/share/instances/gbd/cnf/b5cede38496a803dcfa155a5f4295c47-SC23_Timetable_C_476_E_50_Cl_32_D_6_T_50.cnf.xz', '/nfs/share/instances/gbd/cnf/bcd753d08904860fa93a794557185e04-SC23_Timetable_C_488_E_50_Cl_33_D_6_T_50.cnf.xz', '/nfs/share/instances/gbd/cnf/d5efaaee0197822c2676e45bac5068b2-SC23_Timetable_C_484_E_50_Cl_33_D_6_T_50.cnf.xz', '/nfs/share/instances/gbd/cnf/d8f131a86243ef138af39abf52a479e5-SC23_Timetable_C_481_E_51_Cl_32_D_6_T_50.cnf.xz', '/nfs/share/instances/gbd/cnf/e966bddd11e46b735f8520f8304e368e-SC23_Timetable_C_483_E_50_Cl_33_D_6_T_50.cnf.xz', '/nfs/share/instances/gbd/cnf/f20c2aa0f9cced05a74031e0a3afaa1a-SC23_Timetable_C_473_E_50_Cl_32_D_6_T_50.cnf.xz']
Starting pool with 20 threads and 19 instances
Started kissat
Process exited with expected code 10, no error: 
18: Solved
Instance /nfs/home/rzipperer/git/Kissat_hyperparamoptimization/instances/train/8751f8d1570611ba079dfd862b14c514-SC23_Timetable_C_473_E_49_Cl_32_D_6_T_50.cnffinished after 30.93821883201599 seconds
Result added to total
Started kissat
Process exited with expected code 10, no error: 
18: Solved
Instance /nfs/home/rzipperer/git/Kissat_hyperparamoptimization/instances/train/9e18c079efdc17ceade5c7a330b507d2-SC23_Timetable_C_474_E_50_Cl_32_D_6_T_50.cnffinished after 32.98417258262634 seconds
Result added to total
Started kissat
Process exited with expected code 10, no error: 
18: Solved
Instance /nfs/home/rzipperer/git/Kissat_hyperparamoptimization/instances/train/2b7e863462991fd008f9898eca63ebf4-SC23_Timetable_C_481_E_50_Cl_32_D_6_T_50.cnffinished after 37.29979348182678 seconds
Result added to total
Started kissat
Process exited with expected code 10, no error: 
18: Solved
Instance /nfs/home/rzipperer/git/Kissat_hyperparamoptimization/instances/train/bcd753d08904860fa93a794557185e04-SC23_Timetable_C_488_E_50_Cl_33_D_6_T_50.cnffinished after 39.92990827560425 seconds
Result added to total
Started kissat
Process exited with expected code 10, no error: 
18: Solved
Instance /nfs/home/rzipperer/git/Kissat_hyperparamoptimization/instances/train/b5cede38496a803dcfa155a5f4295c47-SC23_Timetable_C_476_E_50_Cl_32_D_6_T_50.cnffinished after 40.746156454086304 seconds
Result added to total
Started kissat
Process exited with expected code 10, no error: 
18: Solved
Instance /nfs/home/rzipperer/git/Kissat_hyperparamoptimization/instances/train/096ac97e4261eabca440fc7bc135d7c0-SC23_Timetable_C_478_E_50_Cl_32_D_6_T_50.cnffinished after 44.714027881622314 seconds
Result added to total
Started kissat
Process exited with expected code 10, no error: 
18: Solved
Instance /nfs/home/rzipperer/git/Kissat_hyperparamoptimization/instances/train/d8f131a86243ef138af39abf52a479e5-SC23_Timetable_C_481_E_51_Cl_32_D_6_T_50.cnffinished after 76.243976354599 seconds
Result added to total
Started kissat
Process exited with expected code 10, no error: 
18: Solved
Instance /nfs/home/rzipperer/git/Kissat_hyperparamoptimization/instances/train/83cf6bfa7945b54e8c4ac659d1a4359e-SC23_Timetable_C_473_E_52_Cl_32_D_6_T_50.cnffinished after 113.1452865600586 seconds
Result added to total
Started kissat
Process exited with expected code 10, no error: 
18: Solved
Instance /nfs/home/rzipperer/git/Kissat_hyperparamoptimization/instances/train/2537f10a45d7ab430334dc1de6bfbdf0-SC23_Timetable_C_486_E_50_Cl_33_D_6_T_50.cnffinished after 116.39343070983887 seconds
Result added to total
Started kissat
Process exited with expected code 10, no error: 
18: Solved
Instance /nfs/home/rzipperer/git/Kissat_hyperparamoptimization/instances/train/e966bddd11e46b735f8520f8304e368e-SC23_Timetable_C_483_E_50_Cl_33_D_6_T_50.cnffinished after 117.76098561286926 seconds
Result added to total
Started kissat
Process exited with expected code 10, no error: 
18: Solved
Instance /nfs/home/rzipperer/git/Kissat_hyperparamoptimization/instances/train/33cfa309d10e1d4fe30f1302807f42ce-SC23_Timetable_C_482_E_50_Cl_33_D_6_T_50.cnffinished after 123.78927087783813 seconds
Result added to total
Started kissat
Process exited with expected code 10, no error: 
18: Solved
Instance /nfs/home/rzipperer/git/Kissat_hyperparamoptimization/instances/train/f20c2aa0f9cced05a74031e0a3afaa1a-SC23_Timetable_C_473_E_50_Cl_32_D_6_T_50.cnffinished after 128.7882113456726 seconds
Result added to total
Started kissat
Process exited with expected code 10, no error: 
18: Solved
Instance /nfs/home/rzipperer/git/Kissat_hyperparamoptimization/instances/train/35b19a3332597c1e5a3668f75ca72971-SC23_Timetable_C_480_E_50_Cl_32_D_6_T_50.cnffinished after 133.25442624092102 seconds
Result added to total
Started kissat
Process exited with expected code 10, no error: 
18: Solved
Instance /nfs/home/rzipperer/git/Kissat_hyperparamoptimization/instances/train/323223c497a22051f5a3ef508ccbaa7c-SC23_Timetable_C_477_E_50_Cl_32_D_6_T_50.cnffinished after 135.05285954475403 seconds
Result added to total
Started kissat
Process exited with expected code 10, no error: 
18: Solved
Instance /nfs/home/rzipperer/git/Kissat_hyperparamoptimization/instances/train/177a4ad8fd76ad8240387998112c3168-SC23_Timetable_C_481_E_49_Cl_32_D_6_T_50.cnffinished after 271.38359546661377 seconds
Result added to total
Started kissat
Process exited with expected code 10, no error: 
18: Solved
Instance /nfs/home/rzipperer/git/Kissat_hyperparamoptimization/instances/train/d5efaaee0197822c2676e45bac5068b2-SC23_Timetable_C_484_E_50_Cl_33_D_6_T_50.cnffinished after 573.8637835979462 seconds
Result added to total
Started kissat
18: Timeout
Result added to total
Started kissat
18: Timeout
Result added to total
Started kissat
18: Timeout
Result added to total
19
Terminated after 12816.288103818893 seconds
