Getting instances
['/nfs/share/instances/gbd/cnf/02f6ca52f1ada872d82035088701b66a-linked_list_swap_contents_safety_unwind69.cnf.xz', '/nfs/share/instances/gbd/cnf/0d3160b80aa406bfc718c007265b9e73-linked_list_swap_contents_safety_unwind65.cnf.xz', '/nfs/share/instances/gbd/cnf/0f262afd5b117000f8b4734d175aadab-linked_list_swap_contents_safety_unwind73.cnf.xz', '/nfs/share/instances/gbd/cnf/1e0da402100982e53001a64281149dd9-linked_list_swap_contents_safety_unwind63.cnf.xz', '/nfs/share/instances/gbd/cnf/25cc054738293c0d9377d7b72b78a341-string_compare_safety_cbmc_unwinding_900.cnf.xz', '/nfs/share/instances/gbd/cnf/44fd38bd0c5fc7336be468161dee4eda-post-cbmc-aes-ee-r3-noholes.cnf.xz', '/nfs/share/instances/gbd/cnf/573cc82ec61e01fd6e6308493ee56289-linked_list_swap_contents_safety_unwind80.cnf.xz', '/nfs/share/instances/gbd/cnf/6008b958ff6877f32c26b72728df4523-linked_list_swap_contents_safety_unwind76.cnf.xz', '/nfs/share/instances/gbd/cnf/878bcc11e1e243680f7946bcf428f465-linked_list_swap_contents_safety_unwind45.cnf.xz', '/nfs/share/instances/gbd/cnf/aaa3654cc92d80da84ecf5d18040c634-linked_list_swap_contents_safety_unwind62.cnf.xz', '/nfs/share/instances/gbd/cnf/c03f7f84f6ac9e523c17e391c3895183-linked_list_swap_contents_safety_unwind68.cnf.xz', '/nfs/share/instances/gbd/cnf/c21cea390a50204944aa00babd56b53c-linked_list_swap_contents_safety_unwind70.cnf.xz', '/nfs/share/instances/gbd/cnf/c8b129b9e4835b8a40d5ef0d27a45bef-linked_list_swap_contents_safety_unwind78.cnf.xz', '/nfs/share/instances/gbd/cnf/e8abb9c83efdd96a99990f3b914ea873-linked_list_swap_contents_safety_unwind57.cnf.xz', '/nfs/share/instances/gbd/cnf/f54b352934be08821aa75b3424112956-linked_list_swap_contents_safety_unwind54.cnf.xz']
Starting pool with 12 threads and 15 instances
Started kissat
Process exited with expected code 20, no error: 
23: Solved
Instance /nfs/home/rzipperer/git/Kissat_hyperparamoptimization/instances/train/878bcc11e1e243680f7946bcf428f465-linked_list_swap_contents_safety_unwind45.cnffinished after 115.34351134300232 seconds
Result added to total
Started kissat
Process exited with expected code 20, no error: 
23: Solved
Instance /nfs/home/rzipperer/git/Kissat_hyperparamoptimization/instances/train/f54b352934be08821aa75b3424112956-linked_list_swap_contents_safety_unwind54.cnffinished after 134.49459075927734 seconds
Result added to total
Started kissat
Process exited with expected code 20, no error: 
23: Solved
Instance /nfs/home/rzipperer/git/Kissat_hyperparamoptimization/instances/train/1e0da402100982e53001a64281149dd9-linked_list_swap_contents_safety_unwind63.cnffinished after 147.40022563934326 seconds
Result added to total
Started kissat
Process exited with expected code 20, no error: 
23: Solved
Instance /nfs/home/rzipperer/git/Kissat_hyperparamoptimization/instances/train/e8abb9c83efdd96a99990f3b914ea873-linked_list_swap_contents_safety_unwind57.cnffinished after 148.32940220832825 seconds
Result added to total
Started kissat
Process exited with expected code 20, no error: 
23: Solved
Instance /nfs/home/rzipperer/git/Kissat_hyperparamoptimization/instances/train/c03f7f84f6ac9e523c17e391c3895183-linked_list_swap_contents_safety_unwind68.cnffinished after 168.4648950099945 seconds
Result added to total
Started kissat
Process exited with expected code 20, no error: 
23: Solved
Instance /nfs/home/rzipperer/git/Kissat_hyperparamoptimization/instances/train/aaa3654cc92d80da84ecf5d18040c634-linked_list_swap_contents_safety_unwind62.cnffinished after 168.64729070663452 seconds
Result added to total
Started kissat
Process exited with expected code 20, no error: 
23: Solved
Instance /nfs/home/rzipperer/git/Kissat_hyperparamoptimization/instances/train/0f262afd5b117000f8b4734d175aadab-linked_list_swap_contents_safety_unwind73.cnffinished after 193.9649157524109 seconds
Result added to total
Started kissat
Process exited with expected code 20, no error: 
23: Solved
Instance /nfs/home/rzipperer/git/Kissat_hyperparamoptimization/instances/train/0d3160b80aa406bfc718c007265b9e73-linked_list_swap_contents_safety_unwind65.cnffinished after 195.2571666240692 seconds
Result added to total
Started kissat
Process exited with expected code 20, no error: 
23: Solved
Instance /nfs/home/rzipperer/git/Kissat_hyperparamoptimization/instances/train/c8b129b9e4835b8a40d5ef0d27a45bef-linked_list_swap_contents_safety_unwind78.cnffinished after 197.08377504348755 seconds
Result added to total
Started kissat
Process exited with expected code 20, no error: 
23: Solved
Instance /nfs/home/rzipperer/git/Kissat_hyperparamoptimization/instances/train/573cc82ec61e01fd6e6308493ee56289-linked_list_swap_contents_safety_unwind80.cnffinished after 228.38139057159424 seconds
Result added to total
Started kissat
Process exited with expected code 20, no error: 
23: Solved
Instance /nfs/home/rzipperer/git/Kissat_hyperparamoptimization/instances/train/02f6ca52f1ada872d82035088701b66a-linked_list_swap_contents_safety_unwind69.cnffinished after 108.96806716918945 seconds
Result added to total
Started kissat
Process exited with expected code 20, no error: 
23: Solved
Instance /nfs/home/rzipperer/git/Kissat_hyperparamoptimization/instances/train/6008b958ff6877f32c26b72728df4523-linked_list_swap_contents_safety_unwind76.cnffinished after 263.5655286312103 seconds
Result added to total
Started kissat
Process exited with expected code 20, no error: 
23: Solved
Instance /nfs/home/rzipperer/git/Kissat_hyperparamoptimization/instances/train/c21cea390a50204944aa00babd56b53c-linked_list_swap_contents_safety_unwind70.cnffinished after 281.3397698402405 seconds
Result added to total
Started kissat
Process exited with expected code 20, no error: 
23: Solved
Instance /nfs/home/rzipperer/git/Kissat_hyperparamoptimization/instances/train/44fd38bd0c5fc7336be468161dee4eda-post-cbmc-aes-ee-r3-noholes.cnffinished after 538.6616039276123 seconds
Result added to total
Started kissat
Process exited with expected code 20, no error: 
23: Solved
Instance /nfs/home/rzipperer/git/Kissat_hyperparamoptimization/instances/train/25cc054738293c0d9377d7b72b78a341-string_compare_safety_cbmc_unwinding_900.cnffinished after 1205.4903345108032 seconds
Result added to total
15
Terminated after 4095.392467737198 seconds
