Getting instances
['/nfs/share/instances/gbd/cnf/008e7716c69009090ff6bd0048dc55f8-SAT_dat.k10.cnf.xz', '/nfs/share/instances/gbd/cnf/01dd5feb463fa80f73809718f6ff735b-10pipe_q0_k.cnf.xz', '/nfs/share/instances/gbd/cnf/1427381a809c64c721838894ece6756d-shuffling-2-s25242449-of-bench-sat04-727.used-as.sat04-753.cnf.xz', '/nfs/share/instances/gbd/cnf/2ef023ae6c46e4415734f9349a36d678-velev-pipe-o-uns-1.0-7.cnf.xz', '/nfs/share/instances/gbd/cnf/34fa0922e66aee3b6f6ffe1760f459d4-f9idw.cnf.xz', '/nfs/share/instances/gbd/cnf/727cd7c528ac106f134cc882c9202108-15pipe_q0_k.cnf.xz', '/nfs/share/instances/gbd/cnf/907e7dc703e16ad2c7e56a33fe3b3e5f-manol-pipe-g10bid_i.cnf.xz', '/nfs/share/instances/gbd/cnf/a552a058e6376a36b1f1b2724f228364-IBM_FV_2004_rule_batch_1_31_1_SAT_dat.k40.debugged.cnf.xz', '/nfs/share/instances/gbd/cnf/d1f4348ad66cae01386777daae51c024-eqspctbk14spwtcl14.cnf.xz', '/nfs/share/instances/gbd/cnf/dcf5b8224d1e0748871c83ee10067255-2dlx_ca_bp_f_liveness.cnf.xz']
Starting pool with 12 threads and 10 instances
Started kissat
Process exited with expected code 10, no error: 
27: Solved
Instance /nfs/home/rzipperer/git/Kissat_hyperparamoptimization/instances/train/1427381a809c64c721838894ece6756d-shuffling-2-s25242449-of-bench-sat04-727.used-as.sat04-753.cnffinished after 34.31044363975525 seconds
Result added to total
Started kissat
Process exited with expected code 20, no error: 
27: Solved
Instance /nfs/home/rzipperer/git/Kissat_hyperparamoptimization/instances/train/008e7716c69009090ff6bd0048dc55f8-SAT_dat.k10.cnffinished after 53.86044931411743 seconds
Result added to total
Started kissat
Process exited with expected code 20, no error: 
27: Solved
Instance /nfs/home/rzipperer/git/Kissat_hyperparamoptimization/instances/train/2ef023ae6c46e4415734f9349a36d678-velev-pipe-o-uns-1.0-7.cnffinished after 231.837464094162 seconds
Result added to total
Started kissat
Process exited with expected code 20, no error: 
27: Solved
Instance /nfs/home/rzipperer/git/Kissat_hyperparamoptimization/instances/train/a552a058e6376a36b1f1b2724f228364-IBM_FV_2004_rule_batch_1_31_1_SAT_dat.k40.debugged.cnffinished after 302.9209566116333 seconds
Result added to total
Started kissat
Process exited with expected code 20, no error: 
27: Solved
Instance /nfs/home/rzipperer/git/Kissat_hyperparamoptimization/instances/train/907e7dc703e16ad2c7e56a33fe3b3e5f-manol-pipe-g10bid_i.cnffinished after 312.7628574371338 seconds
Result added to total
Started kissat
Process exited with expected code 20, no error: 
27: Solved
Instance /nfs/home/rzipperer/git/Kissat_hyperparamoptimization/instances/train/01dd5feb463fa80f73809718f6ff735b-10pipe_q0_k.cnffinished after 427.71220898628235 seconds
Result added to total
Started kissat
Process exited with expected code 20, no error: 
27: Solved
Instance /nfs/home/rzipperer/git/Kissat_hyperparamoptimization/instances/train/34fa0922e66aee3b6f6ffe1760f459d4-f9idw.cnffinished after 432.2282497882843 seconds
Result added to total
Started kissat
27: Timeout
Result added to total
Started kissat
27: Timeout
Result added to total
Started kissat
27: Timeout
Result added to total
10
Terminated after 12595.632629871368 seconds
