Getting instances
['/nfs/share/instances/gbd/cnf/04e219c640ed59dc68ea2d50493de5b5-mp1-Nb5T15.cnf.xz', '/nfs/share/instances/gbd/cnf/0ef0d91d378eab41ba6fb9dfc9b87fc8-sat-bench-trig-taylor4.cnf.xz', '/nfs/share/instances/gbd/cnf/3728fe50d8038c639c2d9c84e04fe2b1-46bits_11.dimacs.cnf.xz', '/nfs/share/instances/gbd/cnf/6077d4e5f755124ddc84068d6ccb630f-Nb44T6.cnf.xz', '/nfs/share/instances/gbd/cnf/897acc1858ce0887f286aba5c0d56d71-Nb13T165.cnf.xz', '/nfs/share/instances/gbd/cnf/8cfc8e99d31bcaf18ff3360b08c8521c-sat-bench-trig-taylor6.cnf.xz', '/nfs/share/instances/gbd/cnf/8fa526d20599ca8c3d613e9066d62e61-sat-bench-trig-taylor2.cnf.xz', '/nfs/share/instances/gbd/cnf/bd0b055b890a9ace598a0c4aba40de30-sat-bench-trig-bhaskara.cnf.xz', '/nfs/share/instances/gbd/cnf/c0293283432a9b15cd743702163f5184-mp1-Nb7T42.cnf.xz']
Starting pool with 12 threads and 9 instances
Started kissat
Process exited with expected code 10, no error: 
28: Solved
Instance /nfs/home/rzipperer/git/Kissat_hyperparamoptimization/instances/train/3728fe50d8038c639c2d9c84e04fe2b1-46bits_11.dimacs.cnffinished after 120.46096467971802 seconds
Result added to total
Started kissat
Process exited with expected code 10, no error: 
28: Solved
Instance /nfs/home/rzipperer/git/Kissat_hyperparamoptimization/instances/train/04e219c640ed59dc68ea2d50493de5b5-mp1-Nb5T15.cnffinished after 129.43420886993408 seconds
Result added to total
Started kissat
Process exited with expected code 20, no error: 
28: Solved
Instance /nfs/home/rzipperer/git/Kissat_hyperparamoptimization/instances/train/bd0b055b890a9ace598a0c4aba40de30-sat-bench-trig-bhaskara.cnffinished after 641.7828073501587 seconds
Result added to total
Started kissat
Process exited with expected code 20, no error: 
28: Solved
Instance /nfs/home/rzipperer/git/Kissat_hyperparamoptimization/instances/train/8fa526d20599ca8c3d613e9066d62e61-sat-bench-trig-taylor2.cnffinished after 797.1643929481506 seconds
Result added to total
Started kissat
28: Timeout
Result added to total
Started kissat
28: Timeout
Result added to total
Started kissat
28: Timeout
Result added to total
Started kissat
28: Timeout
Result added to total
Started kissat
28: Timeout
Result added to total
9
Terminated after 19688.84237384796 seconds
