Getting instances
['/nfs/share/instances/gbd/cnf/0191a0bf3412ed407ba669f8d69081ee-mrpp_6x6#18_20.cnf.xz', '/nfs/share/instances/gbd/cnf/02066c116dbacc40ec5cca2067db26c0-mrpp_4x4#12_12.cnf.xz', '/nfs/share/instances/gbd/cnf/0ac5ff376b826f68d384ba05a1d00de0-sokoban-p20.sas.cr.33.cnf.xz', '/nfs/share/instances/gbd/cnf/3cff6c97a515aecfe46ba0f1256a3c11-shuffling-1-s1870372346-of-bench-sat04-423.used-as.sat04-562.cnf.xz', '/nfs/share/instances/gbd/cnf/69e34d0f49c71a7e145d8104ebe0273f-sokoban-p16.sas.ex.15-sc2016.cnf.xz', '/nfs/share/instances/gbd/cnf/83dc8f675657b3e6d148ef5cf897fb82-openstacks-sequencedstrips-nonadl-nonnegated-os-sequencedstrips-p30_3.025-NOTKNOWN.cnf.xz', '/nfs/share/instances/gbd/cnf/8bf63d50ebdb645b75a24370b8f94d31-sokoban-p20.sas.cr.25.cnf.xz', '/nfs/share/instances/gbd/cnf/aacfb8797097f698d14337d3a04f3065-barman-pfile06-022.sas.ex.7.cnf.xz']
Starting pool with 12 threads and 8 instances
Started kissat
Process exited with expected code 20, no error: 
29: Solved
Instance /nfs/home/rzipperer/git/Kissat_hyperparamoptimization/instances/train/aacfb8797097f698d14337d3a04f3065-barman-pfile06-022.sas.ex.7.cnffinished after 3.4454660415649414 seconds
Result added to total
Started kissat
Process exited with expected code 20, no error: 
29: Solved
Instance /nfs/home/rzipperer/git/Kissat_hyperparamoptimization/instances/train/02066c116dbacc40ec5cca2067db26c0-mrpp_4x4#12_12.cnffinished after 13.846749544143677 seconds
Result added to total
Started kissat
Process exited with expected code 10, no error: 
29: Solved
Instance /nfs/home/rzipperer/git/Kissat_hyperparamoptimization/instances/train/0191a0bf3412ed407ba669f8d69081ee-mrpp_6x6#18_20.cnffinished after 20.945091485977173 seconds
Result added to total
Started kissat
Process exited with expected code 10, no error: 
29: Solved
Instance /nfs/home/rzipperer/git/Kissat_hyperparamoptimization/instances/train/3cff6c97a515aecfe46ba0f1256a3c11-shuffling-1-s1870372346-of-bench-sat04-423.used-as.sat04-562.cnffinished after 27.286734104156494 seconds
Result added to total
Started kissat
Process exited with expected code 20, no error: 
29: Solved
Instance /nfs/home/rzipperer/git/Kissat_hyperparamoptimization/instances/train/69e34d0f49c71a7e145d8104ebe0273f-sokoban-p16.sas.ex.15-sc2016.cnffinished after 844.4852809906006 seconds
Result added to total
Started kissat
29: Timeout
Result added to total
Started kissat
29: Timeout
Result added to total
Started kissat
29: Timeout
Result added to total
8
Terminated after 11710.009322166443 seconds
