Getting instances
['/nfs/share/instances/gbd/cnf/0336f81b60baac5b8f481dd3c32861a5-mod4block_2vars_10gates_u2_autoenc-sc2009.cnf.xz', '/nfs/share/instances/gbd/cnf/07b476c83150d3cb7e08f5d045e255ab-marg5x5.shuffled-as.sat03-1455.cnf.xz', '/nfs/share/instances/gbd/cnf/0be1e12a8e7282d1a4e389bb90f6dbc7-or_randxor_k3_n600_m600.cnf.xz', '/nfs/share/instances/gbd/cnf/0ef029cb7616d4a89eb6d1f63e89f67e-or_randxor_k3_n510_m510.sanitized.cnf.xz', '/nfs/share/instances/gbd/cnf/0fa8623240b5c14c1308f863a6dc88ab-urqh1c5x5.shuffled-as.sat03-1468.cnf.mis-103.debugged.cnf.xz', '/nfs/share/instances/gbd/cnf/1153a473e1d5dd21ccd33189d594a4aa-tseitin_d3_n10000.cnf.xz', '/nfs/share/instances/gbd/cnf/170b13af977e962321c493544b2bd0a9-circuit_48in64out_with_800gates_4in4out_dist128_seed4.sanitized.cnf.xz', '/nfs/share/instances/gbd/cnf/1a20649a8c79d6675d934cec271d573f-tseitin_grid_n100_m100.cnf.xz', '/nfs/share/instances/gbd/cnf/24bdfb34654b1aa703fae31ea91e7c7f-tseitin_d3_n158.sanitized.cnf.xz', '/nfs/share/instances/gbd/cnf/303480ca7e8322d771c94caf4ebd4e95-circuit_48in64out_with_700gates_4in4out_dist128_seed1.sanitized.cnf.xz', '/nfs/share/instances/gbd/cnf/35789168b67a74985804902008251269-tseitingrid6x200_shuffled.cnf.xz', '/nfs/share/instances/gbd/cnf/36dbc206c7d9773bebb03f752070cee9-tseitin_grid_n11_m20.sanitized.cnf.xz', '/nfs/share/instances/gbd/cnf/37ca184832fc6fa43a22ae900f1756a2-circuit_32in32out_with_350gates_6in6out_dist64_seed1.sanitized.cnf.xz', '/nfs/share/instances/gbd/cnf/385e2c7010a419a9bd47b9258c9d2903-tseitin_d3_n200.cnf.xz', '/nfs/share/instances/gbd/cnf/396fd56f3fd7b85afbba4254ea6e746c-circuit_32in32out_with_80gates_7in7out_dist128_seed1.sanitized.cnf.xz', '/nfs/share/instances/gbd/cnf/4d2f74ef97b6d40ebd71f85dcb75c543-tseitingrid7x160_shuffled-sc2016.cnf.xz', '/nfs/share/instances/gbd/cnf/4fdcf4248a332c1c9a89d37439c879a9-or_randxor_k3_n520_m520.cnf.xz', '/nfs/share/instances/gbd/cnf/511a2d81661a185c2115daec42270dec-circuit_32in32out_with_500gates_6in6out_dist64_seed1.sanitized.cnf.xz', '/nfs/share/instances/gbd/cnf/556cf803f9de4b2ec688825b5ff7e325-tseitin_d3_n174.sanitized.cnf.xz', '/nfs/share/instances/gbd/cnf/5f6861053fb4ed4fc0b997cd6b505ef4-tseitin_d3_n110000.cnf.xz', '/nfs/share/instances/gbd/cnf/670a24d73dbadd3073e9604c6ef903d1-tseitin_grid_n260_m260.cnf.xz', '/nfs/share/instances/gbd/cnf/6e5efd19744842d1fa5415173bffbf6b-tseitin_d3_n180000.cnf.xz', '/nfs/share/instances/gbd/cnf/6f7a0e1cf94b6b26eafc08a827a692ce-circuit_64in64out_with_64gates_8in5out_dist256_seed1.sanitized.cnf.xz', '/nfs/share/instances/gbd/cnf/70bfbd054dc9ffd394fab32845b492d3-circuit_32in32out_with_100gates_7in7out_dist64_seed2.sanitized.cnf.xz', '/nfs/share/instances/gbd/cnf/71ec94c233016219e12d671594dc88e5-circuit_32in32out_with_70gates_7in7out_dist128_seed1.sanitized.cnf.xz', '/nfs/share/instances/gbd/cnf/73063c6257a4ffc29f5bea7028403a64-mod2c-rand3bip-sat-250-2.shuffled-as.sat05-2534.cnf.xz', '/nfs/share/instances/gbd/cnf/758f9ed67b4d2068c209157335e07266-or_randxor_k3_n640_m640.cnf.xz', '/nfs/share/instances/gbd/cnf/7ac7fabd8c078aea420087a0c80e5563-circuit_32in32out_with_400gates_6in6out_dist64_seed1.sanitized.cnf.xz', '/nfs/share/instances/gbd/cnf/828e1066a477e98e8d834528df3fc874-or_randxor_k3_n560_m560.cnf.xz', '/nfs/share/instances/gbd/cnf/835ac60ca83af6f334b64b61c4ad345b-tseitin_d3_n160.cnf.xz', '/nfs/share/instances/gbd/cnf/8942dca5dc0876fc3f723f738d72de1c-circuit_32in32out_with_64gates_8in6out_dist128_seed2.sanitized.cnf.xz', '/nfs/share/instances/gbd/cnf/9e6c2e7b0d6f58e449716deb9305525a-circuit_32in32out_with_96gates_7in7out_dist128_seed1.sanitized.cnf.xz', '/nfs/share/instances/gbd/cnf/aa39c6d885d283a085d033ab7b89f8c8-urq45.cnf.xz', '/nfs/share/instances/gbd/cnf/adf6dacdd64c93f9de1aa0eadf427faa-circuit_48in64out_with_800gates_4in4out_dist128_seed1.sanitized.cnf.xz', '/nfs/share/instances/gbd/cnf/b68ae7866df5e852c3acb97a46da2faf-circuit_48in64out_with_1000gates_4in4out_dist128_seed4.sanitized.cnf.xz', '/nfs/share/instances/gbd/cnf/c5ae0ec49de0959cd14431ce851c14f8-Circuit_multiplier22.cnf.xz', '/nfs/share/instances/gbd/cnf/c69c5163c9087ffe770743bd4cdafcc9-tseitin_d3_n162.sanitized.cnf.xz', '/nfs/share/instances/gbd/cnf/e2deb375e56da2360ecd08fc1179fb7d-circuit_48in24out_with_100gates_7in7out_dist128_seed1.sanitized.cnf.xz', '/nfs/share/instances/gbd/cnf/e6d247292b525447a220323901842e4c-or_randxor_k3_n540_m540.cnf.xz', '/nfs/share/instances/gbd/cnf/fa50d69adc71fe4daf7f9088cd02864a-circuit_32in64out_with_150gates_6in6out_dist256_seed1.sanitized.cnf.xz', '/nfs/share/instances/gbd/cnf/ff5170c690129f8c94658e82b6aab05c-Urquhart-s5-b4.shuffled.cnf.xz']
Starting pool with 32 threads and 41 instances
Started kissat
Process exited with expected code 20, no error: 
3: Solved
Instance /nfs/home/rzipperer/git/Kissat_hyperparamoptimization/instances/train/4fdcf4248a332c1c9a89d37439c879a9-or_randxor_k3_n520_m520.cnffinished after 2.923239231109619 seconds
Result added to total
Started kissat
Process exited with expected code 10, no error: 
3: Solved
Instance /nfs/home/rzipperer/git/Kissat_hyperparamoptimization/instances/train/303480ca7e8322d771c94caf4ebd4e95-circuit_48in64out_with_700gates_4in4out_dist128_seed1.sanitized.cnffinished after 7.493383169174194 seconds
Result added to total
Started kissat
Process exited with expected code 20, no error: 
3: Solved
Instance /nfs/home/rzipperer/git/Kissat_hyperparamoptimization/instances/train/828e1066a477e98e8d834528df3fc874-or_randxor_k3_n560_m560.cnffinished after 14.086066246032715 seconds
Result added to total
Started kissat
Process exited with expected code 20, no error: 
3: Solved
Instance /nfs/home/rzipperer/git/Kissat_hyperparamoptimization/instances/train/e6d247292b525447a220323901842e4c-or_randxor_k3_n540_m540.cnffinished after 19.37632155418396 seconds
Result added to total
Started kissat
Process exited with expected code 10, no error: 
3: Solved
Instance /nfs/home/rzipperer/git/Kissat_hyperparamoptimization/instances/train/170b13af977e962321c493544b2bd0a9-circuit_48in64out_with_800gates_4in4out_dist128_seed4.sanitized.cnffinished after 22.699167490005493 seconds
Result added to total
Started kissat
Process exited with expected code 20, no error: 
3: Solved
Instance /nfs/home/rzipperer/git/Kissat_hyperparamoptimization/instances/train/758f9ed67b4d2068c209157335e07266-or_randxor_k3_n640_m640.cnffinished after 3.3624062538146973 seconds
Result added to total
Started kissat
Process exited with expected code 10, no error: 
3: Solved
Instance /nfs/home/rzipperer/git/Kissat_hyperparamoptimization/instances/train/adf6dacdd64c93f9de1aa0eadf427faa-circuit_48in64out_with_800gates_4in4out_dist128_seed1.sanitized.cnffinished after 30.60959529876709 seconds
Result added to total
Started kissat
Process exited with expected code 20, no error: 
3: Solved
Instance /nfs/home/rzipperer/git/Kissat_hyperparamoptimization/instances/train/0be1e12a8e7282d1a4e389bb90f6dbc7-or_randxor_k3_n600_m600.cnffinished after 24.977304935455322 seconds
Result added to total
Started kissat
Process exited with expected code 20, no error: 
3: Solved
Instance /nfs/home/rzipperer/git/Kissat_hyperparamoptimization/instances/train/0ef029cb7616d4a89eb6d1f63e89f67e-or_randxor_k3_n510_m510.sanitized.cnffinished after 4.5615880489349365 seconds
Result added to total
Started kissat
Process exited with expected code 10, no error: 
3: Solved
Instance /nfs/home/rzipperer/git/Kissat_hyperparamoptimization/instances/train/6f7a0e1cf94b6b26eafc08a827a692ce-circuit_64in64out_with_64gates_8in5out_dist256_seed1.sanitized.cnffinished after 52.54732370376587 seconds
Result added to total
Started kissat
Process exited with expected code 10, no error: 
3: Solved
Instance /nfs/home/rzipperer/git/Kissat_hyperparamoptimization/instances/train/37ca184832fc6fa43a22ae900f1756a2-circuit_32in32out_with_350gates_6in6out_dist64_seed1.sanitized.cnffinished after 92.56066250801086 seconds
Result added to total
Started kissat
Process exited with expected code 10, no error: 
3: Solved
Instance /nfs/home/rzipperer/git/Kissat_hyperparamoptimization/instances/train/7ac7fabd8c078aea420087a0c80e5563-circuit_32in32out_with_400gates_6in6out_dist64_seed1.sanitized.cnffinished after 120.44955015182495 seconds
Result added to total
Started kissat
Process exited with expected code 10, no error: 
3: Solved
Instance /nfs/home/rzipperer/git/Kissat_hyperparamoptimization/instances/train/e2deb375e56da2360ecd08fc1179fb7d-circuit_48in24out_with_100gates_7in7out_dist128_seed1.sanitized.cnffinished after 122.29743838310242 seconds
Result added to total
Started kissat
Process exited with expected code 10, no error: 
3: Solved
Instance /nfs/home/rzipperer/git/Kissat_hyperparamoptimization/instances/train/70bfbd054dc9ffd394fab32845b492d3-circuit_32in32out_with_100gates_7in7out_dist64_seed2.sanitized.cnffinished after 105.32561182975769 seconds
Result added to total
Started kissat
Process exited with expected code 10, no error: 
3: Solved
Instance /nfs/home/rzipperer/git/Kissat_hyperparamoptimization/instances/train/73063c6257a4ffc29f5bea7028403a64-mod2c-rand3bip-sat-250-2.shuffled-as.sat05-2534.cnffinished after 152.08321905136108 seconds
Result added to total
Started kissat
Process exited with expected code 10, no error: 
3: Solved
Instance /nfs/home/rzipperer/git/Kissat_hyperparamoptimization/instances/train/b68ae7866df5e852c3acb97a46da2faf-circuit_48in64out_with_1000gates_4in4out_dist128_seed4.sanitized.cnffinished after 153.78129029273987 seconds
Result added to total
Started kissat
Process exited with expected code 10, no error: 
3: Solved
Instance /nfs/home/rzipperer/git/Kissat_hyperparamoptimization/instances/train/396fd56f3fd7b85afbba4254ea6e746c-circuit_32in32out_with_80gates_7in7out_dist128_seed1.sanitized.cnffinished after 168.78384637832642 seconds
Result added to total
Started kissat
Process exited with expected code 10, no error: 
3: Solved
Instance /nfs/home/rzipperer/git/Kissat_hyperparamoptimization/instances/train/71ec94c233016219e12d671594dc88e5-circuit_32in32out_with_70gates_7in7out_dist128_seed1.sanitized.cnffinished after 229.3186366558075 seconds
Result added to total
Started kissat
Process exited with expected code 10, no error: 
3: Solved
Instance /nfs/home/rzipperer/git/Kissat_hyperparamoptimization/instances/train/511a2d81661a185c2115daec42270dec-circuit_32in32out_with_500gates_6in6out_dist64_seed1.sanitized.cnffinished after 203.86577343940735 seconds
Result added to total
Started kissat
Process exited with expected code 20, no error: 
3: Solved
Instance /nfs/home/rzipperer/git/Kissat_hyperparamoptimization/instances/train/aa39c6d885d283a085d033ab7b89f8c8-urq45.cnffinished after 279.40182304382324 seconds
Result added to total
Started kissat
Process exited with expected code 10, no error: 
3: Solved
Instance /nfs/home/rzipperer/git/Kissat_hyperparamoptimization/instances/train/0336f81b60baac5b8f481dd3c32861a5-mod4block_2vars_10gates_u2_autoenc-sc2009.cnffinished after 559.9752819538116 seconds
Result added to total
Started kissat
Process exited with expected code 10, no error: 
3: Solved
Instance /nfs/home/rzipperer/git/Kissat_hyperparamoptimization/instances/train/c5ae0ec49de0959cd14431ce851c14f8-Circuit_multiplier22.cnffinished after 614.435423374176 seconds
Result added to total
Started kissat
Process exited with expected code 10, no error: 
3: Solved
Instance /nfs/home/rzipperer/git/Kissat_hyperparamoptimization/instances/train/8942dca5dc0876fc3f723f738d72de1c-circuit_32in32out_with_64gates_8in6out_dist128_seed2.sanitized.cnffinished after 755.1421682834625 seconds
Result added to total
Started kissat
Process exited with expected code 10, no error: 
3: Solved
Instance /nfs/home/rzipperer/git/Kissat_hyperparamoptimization/instances/train/9e6c2e7b0d6f58e449716deb9305525a-circuit_32in32out_with_96gates_7in7out_dist128_seed1.sanitized.cnffinished after 1678.3474533557892 seconds
Result added to total
Started kissat
3: Timeout
Result added to total
Started kissat
3: Timeout
Result added to total
Started kissat
3: Timeout
Result added to total
Started kissat
3: Timeout
Started kissat
3: Timeout
Result added to total
Result added to total
Started kissat
3: Timeout
Result added to total
Started kissat
3: Timeout
Result added to total
Started kissat
3: Timeout
Result added to total
Started kissat
3: Timeout
Result added to total
Started kissat
3: Timeout
Result added to total
Started kissat
3: Timeout
Result added to total
Started kissat
3: Timeout
Started kissat
3: Timeout
Result added to total
Result added to total
Started kissat
3: Timeout
Result added to total
Started kissat
3: Timeout
Result added to total
Started kissat
3: Timeout
Result added to total
Started kissat
3: Timeout
Result added to total
41
Terminated after 66618.40457463264 seconds
