Getting instances
['/nfs/share/instances/gbd/cnf/01966a0fc52b2200a13f5f835275a919-SGI_30_70_27_50_3-dir.shuffled-as.sat03-169.cnf.xz', '/nfs/share/instances/gbd/cnf/2b3de92685792ae19e4549b5c4571e27-crafted_n12_d6_c4_num4.cnf.xz', '/nfs/share/instances/gbd/cnf/39277cab188349aee0f229cb7341b5c5-crafted_n12_d6_c4_num23.cnf.xz', '/nfs/share/instances/gbd/cnf/39fba35826ce8c87cd8e8de1969b2dd2-SGI_30_80_26_70_4-log.shuffled-as.sat03-208.cnf.xz', '/nfs/share/instances/gbd/cnf/6f4df706246d29bf38adadd274fadab3-SGI_30_60_19_60_6-dir.shuffled-as.sat03-112.cnf.xz', '/nfs/share/instances/gbd/cnf/ae9522ea003ea9f75891b2d37a5e264b-srhd-sgi-m37-q446.25-n35-p30-s33692332.cnf.xz', '/nfs/share/instances/gbd/cnf/af750c18578d52e60472315692ad83c0-si2-b03m-m800-03.cnf.xz', '/nfs/share/instances/gbd/cnf/d0364ea3e1680c6da7e982e6b0264af6-new-difficult-26-243-24-70.cnf.xz', '/nfs/share/instances/gbd/cnf/f746dae2050dd4aa48bcd53e8bd897b4-ex065_25.cnf.xz']
Starting pool with 12 threads and 9 instances
Started kissat
Process exited with expected code 10, no error: 
32: Solved
Instance /nfs/home/rzipperer/git/Kissat_hyperparamoptimization/instances/train/d0364ea3e1680c6da7e982e6b0264af6-new-difficult-26-243-24-70.cnffinished after 0.032598257064819336 seconds
Result added to total
Started kissat
Process exited with expected code 10, no error: 
32: Solved
Instance /nfs/home/rzipperer/git/Kissat_hyperparamoptimization/instances/train/ae9522ea003ea9f75891b2d37a5e264b-srhd-sgi-m37-q446.25-n35-p30-s33692332.cnffinished after 0.14108824729919434 seconds
Result added to total
Started kissat
Process exited with expected code 10, no error: 
32: Solved
Instance /nfs/home/rzipperer/git/Kissat_hyperparamoptimization/instances/train/af750c18578d52e60472315692ad83c0-si2-b03m-m800-03.cnffinished after 8.219224691390991 seconds
Result added to total
Started kissat
Process exited with expected code 20, no error: 
32: Solved
Instance /nfs/home/rzipperer/git/Kissat_hyperparamoptimization/instances/train/2b3de92685792ae19e4549b5c4571e27-crafted_n12_d6_c4_num4.cnffinished after 140.53211736679077 seconds
Result added to total
Started kissat
Process exited with expected code 20, no error: 
32: Solved
Instance /nfs/home/rzipperer/git/Kissat_hyperparamoptimization/instances/train/39277cab188349aee0f229cb7341b5c5-crafted_n12_d6_c4_num23.cnffinished after 305.4452247619629 seconds
Result added to total
Started kissat
Process exited with expected code 10, no error: 
32: Solved
Instance /nfs/home/rzipperer/git/Kissat_hyperparamoptimization/instances/train/f746dae2050dd4aa48bcd53e8bd897b4-ex065_25.cnffinished after 1506.0403127670288 seconds
Result added to total
Started kissat
Process exited with expected code 20, no error: 
32: Solved
Instance /nfs/home/rzipperer/git/Kissat_hyperparamoptimization/instances/train/6f4df706246d29bf38adadd274fadab3-SGI_30_60_19_60_6-dir.shuffled-as.sat03-112.cnffinished after 1541.1565799713135 seconds
Result added to total
Started kissat
32: Timeout
Result added to total
Started kissat
32: Timeout
Result added to total
9
Terminated after 10701.567146062851 seconds
