Getting instances
['/nfs/share/instances/gbd/cnf/05ed64e4e6229f446082752936768489-stb_495_168.apx_2_DC-AD.cnf.xz', '/nfs/share/instances/gbd/cnf/1f6cf91464c6a19022144774b162a3cc-ER_500_30_3.apx_2_DC-ST.cnf.xz', '/nfs/share/instances/gbd/cnf/275d36e3f246990dccd094e5e1442ba9-WS_500_32_50_10.apx_2_DC-AD.cnf.xz', '/nfs/share/instances/gbd/cnf/29bab0de14e56e526be9683131005cb2-stb_588_138.apx_2_DS-ST.cnf.xz', '/nfs/share/instances/gbd/cnf/2a4680a801ad32ab8768030250daf0c8-ER_500_10_5.apx_2_DC-ST.cnf.xz', '/nfs/share/instances/gbd/cnf/2eb039a5aa6bfb6e41d3afd41071ca55-ER_500_30_3.apx_1_DC-ST.cnf.xz', '/nfs/share/instances/gbd/cnf/3ff114cc7bee4f39fa56a0325e605c2d-stb_588_138.apx_2_DC-ST.cnf.xz', '/nfs/share/instances/gbd/cnf/40737c2f46512069d54b0d2bb3b47a20-ER_400_20_4.apx_2_DC-AD.cnf.xz', '/nfs/share/instances/gbd/cnf/4214f45042f8c504f9837afaec88bf8f-ER_400_20_7.apx_2_DC-AD.cnf.xz', '/nfs/share/instances/gbd/cnf/4611cd26b441b8c5866e4a2c5a7952dc-WS_400_24_90_10.apx_1_DS-ST.cnf.xz', '/nfs/share/instances/gbd/cnf/4be4ae25aae88528bc10f8369bba86df-ER_400_20_4.apx_1_DC-AD.cnf.xz', '/nfs/share/instances/gbd/cnf/4d7f6efbae05b66ffbbd509a430d57f8-stb_418_125.apx_1_DC-ST.cnf.xz', '/nfs/share/instances/gbd/cnf/55199d55fa9c3751a525d6c0a0e649bd-WS_500_16_90_70.apx_2_DC-AD.cnf.xz', '/nfs/share/instances/gbd/cnf/5cb1ca8fe8a9d9125ea9accd498445f1-stb_531_83.apx_1_DC-ST.cnf.xz', '/nfs/share/instances/gbd/cnf/67b4844c4bfbaf961cbbd79b953aa5c2-stb_588_138.apx_1_DC-AD.cnf.xz', '/nfs/share/instances/gbd/cnf/7b4622a3ab523264378a560199de47ed-ER_400_20_4.apx_1_DC-ST.cnf.xz', '/nfs/share/instances/gbd/cnf/7b9d8b9b31b530effd634f5a8f1f4411-stb_531_83.apx_2_DC-ST.cnf.xz', '/nfs/share/instances/gbd/cnf/81d2158d506ea1049708837460b9387e-WS_400_24_70_10.apx_2_DC-AD.cnf.xz', '/nfs/share/instances/gbd/cnf/8270ae50e6f2881136868db6d3a88eee-WS_400_24_90_10.apx_2_DC-AD.cnf.xz', '/nfs/share/instances/gbd/cnf/8b31606e10656ff7eb2936262b647443-stable-300-0.1-20-98765432130020.cnf.xz', '/nfs/share/instances/gbd/cnf/8db36208fc6ce43b4002cf048c549b3f-WS_400_32_90_10.apx_1_DC-AD.cnf.xz', '/nfs/share/instances/gbd/cnf/945d67baeb7860df648ab6ef4782d5ed-stb_792_333.apx_1_DS-ST.cnf.xz', '/nfs/share/instances/gbd/cnf/953e9ff735bdf5ada27b0ab2b908b6af-WS_400_24_70_10.apx_1_DC-ST.cnf.xz', '/nfs/share/instances/gbd/cnf/96a6796405061571e12d383efe27b703-WS_500_16_70_10.apx_1_DC-ST.cnf.xz', '/nfs/share/instances/gbd/cnf/9811b95bfd5888014d27e6dd384ff502-WS_500_16_90_70.apx_2_DC-ST.cnf.xz', '/nfs/share/instances/gbd/cnf/9c7043290cee8127c3626d8067759267-stb_531_83.apx_2_DC-AD.cnf.xz', '/nfs/share/instances/gbd/cnf/9e749596a8de36d8ab706c96cf128455-WS_500_16_70_10.apx_2_DC-AD.cnf.xz', '/nfs/share/instances/gbd/cnf/a58b8a5eb61d3110d9fa36a03de588d2-stb_495_168.apx_1_DC-AD.cnf.xz', '/nfs/share/instances/gbd/cnf/aa4a861240c0c39b5aa44602133ae5e1-stb_418_125.apx_2_DC-ST.cnf.xz', '/nfs/share/instances/gbd/cnf/ae7e391be73431e5dddf2bbafe95758a-WS_400_24_70_10.apx_2_DC-ST.cnf.xz', '/nfs/share/instances/gbd/cnf/b11374f7fe60b9a63fbfde24b1a0a439-stb_418_125.apx_2_DC-AD.cnf.xz', '/nfs/share/instances/gbd/cnf/b86f2425cafeb1239d65bd529e372e02-ER_500_10_1.apx_1_DC-AD.cnf.xz', '/nfs/share/instances/gbd/cnf/bbf800109d039e117ed60593c185692c-ER_500_10_2.apx_1_DS-ST.cnf.xz', '/nfs/share/instances/gbd/cnf/bd19da88800086971e554e9d66bc641d-stb_588_138.apx_1_DC-ST.cnf.xz', '/nfs/share/instances/gbd/cnf/d3daba681653ea969bedf0c4a2fdb947-ER_400_20_7.apx_1_DC-ST.cnf.xz', '/nfs/share/instances/gbd/cnf/d5f6b2092795aad67d1df1fd3a329552-ER_400_20_7.apx_2_DC-ST.cnf.xz', '/nfs/share/instances/gbd/cnf/d7f2e4ec8e631387c928c79e1054c663-stb_418_125.apx_1_DC-AD.cnf.xz', '/nfs/share/instances/gbd/cnf/db4a0d4ba26c46d66ad6cdcb0645a4d9-WS_500_16_70_10.apx_2_DC-ST.cnf.xz', '/nfs/share/instances/gbd/cnf/e84b00b1f134e0e071a2baf54cfc90e8-ER_400_20_4.apx_2_DC-ST.cnf.xz', '/nfs/share/instances/gbd/cnf/ea827f81bd0e9735739adc0d9da1b446-ER_500_30_3.apx_2_DC-AD.cnf.xz', '/nfs/share/instances/gbd/cnf/f15ad4206d95a3f8f1358b33301539be-ER_400_20_7.apx_1_DC-AD.cnf.xz']
Starting pool with 32 threads and 41 instances
Started kissat
Process exited with expected code 10, no error: 
5: Solved
Instance /nfs/home/rzipperer/git/Kissat_hyperparamoptimization/instances/train/8b31606e10656ff7eb2936262b647443-stable-300-0.1-20-98765432130020.cnffinished after 108.93392944335938 seconds
Result added to total
Started kissat
Process exited with expected code 20, no error: 
5: Solved
Instance /nfs/home/rzipperer/git/Kissat_hyperparamoptimization/instances/train/3ff114cc7bee4f39fa56a0325e605c2d-stb_588_138.apx_2_DC-ST.cnffinished after 207.64709210395813 seconds
Result added to total
Started kissat
Process exited with expected code 20, no error: 
5: Solved
Instance /nfs/home/rzipperer/git/Kissat_hyperparamoptimization/instances/train/9811b95bfd5888014d27e6dd384ff502-WS_500_16_90_70.apx_2_DC-ST.cnffinished after 218.49533128738403 seconds
Result added to total
Started kissat
Process exited with expected code 20, no error: 
5: Solved
Instance /nfs/home/rzipperer/git/Kissat_hyperparamoptimization/instances/train/05ed64e4e6229f446082752936768489-stb_495_168.apx_2_DC-AD.cnffinished after 221.13666081428528 seconds
Result added to total
Started kissat
Process exited with expected code 20, no error: 
5: Solved
Instance /nfs/home/rzipperer/git/Kissat_hyperparamoptimization/instances/train/bd19da88800086971e554e9d66bc641d-stb_588_138.apx_1_DC-ST.cnffinished after 278.28109979629517 seconds
Result added to total
Started kissat
Process exited with expected code 20, no error: 
5: Solved
Instance /nfs/home/rzipperer/git/Kissat_hyperparamoptimization/instances/train/a58b8a5eb61d3110d9fa36a03de588d2-stb_495_168.apx_1_DC-AD.cnffinished after 281.93553733825684 seconds
Result added to total
Started kissat
Process exited with expected code 10, no error: 
5: Solved
Instance /nfs/home/rzipperer/git/Kissat_hyperparamoptimization/instances/train/945d67baeb7860df648ab6ef4782d5ed-stb_792_333.apx_1_DS-ST.cnffinished after 283.2897071838379 seconds
Result added to total
Started kissat
Process exited with expected code 20, no error: 
5: Solved
Instance /nfs/home/rzipperer/git/Kissat_hyperparamoptimization/instances/train/7b9d8b9b31b530effd634f5a8f1f4411-stb_531_83.apx_2_DC-ST.cnffinished after 286.6809413433075 seconds
Result added to total
Started kissat
Process exited with expected code 10, no error: 
5: Solved
Instance /nfs/home/rzipperer/git/Kissat_hyperparamoptimization/instances/train/29bab0de14e56e526be9683131005cb2-stb_588_138.apx_2_DS-ST.cnffinished after 22.88813066482544 seconds
Result added to total
Started kissat
Process exited with expected code 20, no error: 
5: Solved
Instance /nfs/home/rzipperer/git/Kissat_hyperparamoptimization/instances/train/2eb039a5aa6bfb6e41d3afd41071ca55-ER_500_30_3.apx_1_DC-ST.cnffinished after 343.5243821144104 seconds
Result added to total
Started kissat
Process exited with expected code 20, no error: 
5: Solved
Instance /nfs/home/rzipperer/git/Kissat_hyperparamoptimization/instances/train/5cb1ca8fe8a9d9125ea9accd498445f1-stb_531_83.apx_1_DC-ST.cnffinished after 361.7919795513153 seconds
Result added to total
Started kissat
Process exited with expected code 20, no error: 
5: Solved
Instance /nfs/home/rzipperer/git/Kissat_hyperparamoptimization/instances/train/db4a0d4ba26c46d66ad6cdcb0645a4d9-WS_500_16_70_10.apx_2_DC-ST.cnffinished after 362.2413053512573 seconds
Result added to total
Started kissat
Process exited with expected code 20, no error: 
5: Solved
Instance /nfs/home/rzipperer/git/Kissat_hyperparamoptimization/instances/train/e84b00b1f134e0e071a2baf54cfc90e8-ER_400_20_4.apx_2_DC-ST.cnffinished after 374.9512321949005 seconds
Result added to total
Started kissat
Process exited with expected code 20, no error: 
5: Solved
Instance /nfs/home/rzipperer/git/Kissat_hyperparamoptimization/instances/train/7b4622a3ab523264378a560199de47ed-ER_400_20_4.apx_1_DC-ST.cnffinished after 378.8282780647278 seconds
Result added to total
Started kissat
Process exited with expected code 20, no error: 
5: Solved
Instance /nfs/home/rzipperer/git/Kissat_hyperparamoptimization/instances/train/40737c2f46512069d54b0d2bb3b47a20-ER_400_20_4.apx_2_DC-AD.cnffinished after 439.29448652267456 seconds
Result added to total
Started kissat
Process exited with expected code 20, no error: 
5: Solved
Instance /nfs/home/rzipperer/git/Kissat_hyperparamoptimization/instances/train/55199d55fa9c3751a525d6c0a0e649bd-WS_500_16_90_70.apx_2_DC-AD.cnffinished after 450.7601981163025 seconds
Result added to total
Started kissat
Process exited with expected code 20, no error: 
5: Solved
Instance /nfs/home/rzipperer/git/Kissat_hyperparamoptimization/instances/train/4be4ae25aae88528bc10f8369bba86df-ER_400_20_4.apx_1_DC-AD.cnffinished after 446.4895079135895 seconds
Result added to total
Started kissat
Process exited with expected code 20, no error: 
5: Solved
Instance /nfs/home/rzipperer/git/Kissat_hyperparamoptimization/instances/train/4d7f6efbae05b66ffbbd509a430d57f8-stb_418_125.apx_1_DC-ST.cnffinished after 617.8945672512054 seconds
Result added to total
Started kissat
Process exited with expected code 20, no error: 
5: Solved
Instance /nfs/home/rzipperer/git/Kissat_hyperparamoptimization/instances/train/d3daba681653ea969bedf0c4a2fdb947-ER_400_20_7.apx_1_DC-ST.cnffinished after 618.1571619510651 seconds
Result added to total
Started kissat
Process exited with expected code 20, no error: 
5: Solved
Instance /nfs/home/rzipperer/git/Kissat_hyperparamoptimization/instances/train/aa4a861240c0c39b5aa44602133ae5e1-stb_418_125.apx_2_DC-ST.cnffinished after 641.7794425487518 seconds
Result added to total
Started kissat
Process exited with expected code 20, no error: 
5: Solved
Instance /nfs/home/rzipperer/git/Kissat_hyperparamoptimization/instances/train/96a6796405061571e12d383efe27b703-WS_500_16_70_10.apx_1_DC-ST.cnffinished after 409.4888246059418 seconds
Result added to total
Started kissat
Process exited with expected code 20, no error: 
5: Solved
Instance /nfs/home/rzipperer/git/Kissat_hyperparamoptimization/instances/train/67b4844c4bfbaf961cbbd79b953aa5c2-stb_588_138.apx_1_DC-AD.cnffinished after 736.3856296539307 seconds
Result added to total
Started kissat
Process exited with expected code 20, no error: 
5: Solved
Instance /nfs/home/rzipperer/git/Kissat_hyperparamoptimization/instances/train/ae7e391be73431e5dddf2bbafe95758a-WS_400_24_70_10.apx_2_DC-ST.cnffinished after 770.0747463703156 seconds
Result added to total
Started kissat
Process exited with expected code 20, no error: 
5: Solved
Instance /nfs/home/rzipperer/git/Kissat_hyperparamoptimization/instances/train/f15ad4206d95a3f8f1358b33301539be-ER_400_20_7.apx_1_DC-AD.cnffinished after 780.0270380973816 seconds
Result added to total
Started kissat
Process exited with expected code 20, no error: 
5: Solved
Instance /nfs/home/rzipperer/git/Kissat_hyperparamoptimization/instances/train/9c7043290cee8127c3626d8067759267-stb_531_83.apx_2_DC-AD.cnffinished after 852.4304573535919 seconds
Result added to total
Started kissat
Process exited with expected code 20, no error: 
5: Solved
Instance /nfs/home/rzipperer/git/Kissat_hyperparamoptimization/instances/train/9e749596a8de36d8ab706c96cf128455-WS_500_16_70_10.apx_2_DC-AD.cnffinished after 694.07244348526 seconds
Result added to total
Started kissat
Process exited with expected code 20, no error: 
5: Solved
Instance /nfs/home/rzipperer/git/Kissat_hyperparamoptimization/instances/train/953e9ff735bdf5ada27b0ab2b908b6af-WS_400_24_70_10.apx_1_DC-ST.cnffinished after 1082.9483535289764 seconds
Result added to total
Started kissat
Process exited with expected code 20, no error: 
5: Solved
Instance /nfs/home/rzipperer/git/Kissat_hyperparamoptimization/instances/train/ea827f81bd0e9735739adc0d9da1b446-ER_500_30_3.apx_2_DC-AD.cnffinished after 1107.3329603672028 seconds
Result added to total
Started kissat
Process exited with expected code 20, no error: 
5: Solved
Instance /nfs/home/rzipperer/git/Kissat_hyperparamoptimization/instances/train/1f6cf91464c6a19022144774b162a3cc-ER_500_30_3.apx_2_DC-ST.cnffinished after 1122.1397700309753 seconds
Result added to total
Started kissat
Process exited with expected code 20, no error: 
5: Solved
Instance /nfs/home/rzipperer/git/Kissat_hyperparamoptimization/instances/train/81d2158d506ea1049708837460b9387e-WS_400_24_70_10.apx_2_DC-AD.cnffinished after 931.6796765327454 seconds
Result added to total
Started kissat
Process exited with expected code 20, no error: 
5: Solved
Instance /nfs/home/rzipperer/git/Kissat_hyperparamoptimization/instances/train/d7f2e4ec8e631387c928c79e1054c663-stb_418_125.apx_1_DC-AD.cnffinished after 1410.058880329132 seconds
Result added to total
Started kissat
5: Timeout
Started kissat
5: Timeout
Result added to total
Result added to total
Started kissat
5: Timeout
Result added to total
Started kissat
5: Timeout
Result added to total
Started kissat
5: Timeout
Result added to total
Started kissat
5: Timeout
Result added to total
Started kissat
Process exited with expected code 20, no error: 
5: Solved
Instance /nfs/home/rzipperer/git/Kissat_hyperparamoptimization/instances/train/b11374f7fe60b9a63fbfde24b1a0a439-stb_418_125.apx_2_DC-AD.cnffinished after 1561.6529531478882 seconds
Result added to total
Started kissat
5: Timeout
Result added to total
Started kissat
5: Timeout
Result added to total
Started kissat
5: Timeout
Result added to total
41
Terminated after 50803.29270505905 seconds
