Getting instances
['/nfs/share/instances/gbd/cnf/04ded94454830d4ea960327e8b91f5a3-mdp-28-14-sat.cnf.xz', '/nfs/share/instances/gbd/cnf/1548977b4e27032fe07cda357782cd6a-mdp-28-14-unsat.cnf.xz', '/nfs/share/instances/gbd/cnf/16c5482d8e658b54e20d59cfd4b1d588-two-trees-511v.sanitized.cnf.xz', '/nfs/share/instances/gbd/cnf/16ca57f2cdffd5b0260fc771017e1f04-mdp-36-10-unsat.cnf.xz', '/nfs/share/instances/gbd/cnf/1e74212168124b696531fed471b480b1-mdp-32-10-unsat.cnf.xz', '/nfs/share/instances/gbd/cnf/1eea3d913d346b900252d77fc0cb25c8-par32-4.shuffled.cnf.xz', '/nfs/share/instances/gbd/cnf/23daec2c71ce3c1e346e6042f3dc42eb-mdp-32-14-unsat.cnf.xz', '/nfs/share/instances/gbd/cnf/3184e52e950ac39095a801c418f68d50-mdp-28-10-unsat.cnf.xz', '/nfs/share/instances/gbd/cnf/37a11ae189df2834a3f294736f34608f-mdp-28-16-unsat.cnf.xz', '/nfs/share/instances/gbd/cnf/425c81fc3af7f5124b6282583d80df11-mdp-32-12-unsat.cnf.xz', '/nfs/share/instances/gbd/cnf/4f2d6659b5c9bf594ea12e3e1a85799f-mdp-32-11-unsat.cnf.xz', '/nfs/share/instances/gbd/cnf/7db30d12cb06f0dc2f30abff80d96d6a-two-trees-1023v.sanitized.cnf.xz', '/nfs/share/instances/gbd/cnf/8ffd718f763ed7a3f691cf46e57f8d98-mdp-32-10-sat.cnf.xz', '/nfs/share/instances/gbd/cnf/9a06700729bf3426beb8a62040f92960-mdp-36-12-unsat.cnf.xz', '/nfs/share/instances/gbd/cnf/a5dc6226e4c0bebb06926efe55640995-mdp-36-10-sat.cnf.xz', '/nfs/share/instances/gbd/cnf/a9cb77454c6cfdf4092fb304d3aae8b7-mdp-32-16-sat.cnf.xz', '/nfs/share/instances/gbd/cnf/ab3438b504b296fcee78ec9e71969863-mdp-36-14-sat.cnf.xz', '/nfs/share/instances/gbd/cnf/d11944fbca2dd6540f18bd05b6ccda0c-mdp-32-14-sat.cnf.xz', '/nfs/share/instances/gbd/cnf/d1940d3d830eb16a7d2270ca4af4acba-mdp-28-11-sat.cnf.xz', '/nfs/share/instances/gbd/cnf/db15a85651e0d941a11bf8640625edd8-mdp-32-11-sat.cnf.xz']
Starting pool with 20 threads and 20 instances
Started kissat
Process exited with expected code 10, no error: 
8: Solved
Instance /nfs/home/rzipperer/git/Kissat_hyperparamoptimization/instances/train/d1940d3d830eb16a7d2270ca4af4acba-mdp-28-11-sat.cnffinished after 563.8628597259521 seconds
Result added to total
Started kissat
Process exited with expected code 10, no error: 
8: Solved
Instance /nfs/home/rzipperer/git/Kissat_hyperparamoptimization/instances/train/04ded94454830d4ea960327e8b91f5a3-mdp-28-14-sat.cnffinished after 568.9251327514648 seconds
Result added to total
Started kissat
Process exited with expected code 10, no error: 
8: Solved
Instance /nfs/home/rzipperer/git/Kissat_hyperparamoptimization/instances/train/a9cb77454c6cfdf4092fb304d3aae8b7-mdp-32-16-sat.cnffinished after 593.3107426166534 seconds
Result added to total
Started kissat
Process exited with expected code 10, no error: 
8: Solved
Instance /nfs/home/rzipperer/git/Kissat_hyperparamoptimization/instances/train/1eea3d913d346b900252d77fc0cb25c8-par32-4.shuffled.cnffinished after 825.3425171375275 seconds
Result added to total
Started kissat
Process exited with expected code 20, no error: 
8: Solved
Instance /nfs/home/rzipperer/git/Kissat_hyperparamoptimization/instances/train/3184e52e950ac39095a801c418f68d50-mdp-28-10-unsat.cnffinished after 1088.5565211772919 seconds
Result added to total
Started kissat
8: Timeout
Started kissat
8: Timeout
Result added to total
Result added to total
Started kissat
8: Timeout
Result added to total
Started kissat
8: Timeout
Result added to total
Started kissat
8: Timeout
Result added to total
Started kissat
8: Timeout
Result added to total
Started kissat
8: Timeout
Started kissat
8: Timeout
Result added to total
Result added to total
Started kissat
8: Timeout
Result added to total
Started kissat
8: Timeout
Result added to total
Started kissat
8: Timeout
Result added to total
Started kissat
8: Timeout
Result added to total
Started kissat
8: Timeout
Result added to total
Started kissat
8: Timeout
Result added to total
Started kissat
8: Timeout
Result added to total
20
Terminated after 57639.99777340889 seconds
