Setting up config
Starting smac
[INFO][abstract_initial_design.py:95] Reducing the number of initial configurations from 110 to 2 (max_ratio == 0.25).
[INFO][abstract_initial_design.py:147] Using 2 initial design configurations and 0 additional configurations.
[INFO][abstract_intensifier.py:306] Using only one seed for deterministic scenario.
Getting instances
['/nfs/share/instances/gbd/cnf/00b46ace235e3915a439c77a231a5657-TableSymModel_output_7_3_9.bul_.dimacs.cnf.xz', '/nfs/share/instances/gbd/cnf/10196804504080e7107809a2e5b3bfcc-ContextModel_output_6_5_6.bul_.dimacs.cnf.xz', '/nfs/share/instances/gbd/cnf/428da12ab8f5f68ae261e6468c2fef73-TableSymModel_output_8_3_10.bul_.dimacs.cnf.xz', '/nfs/share/instances/gbd/cnf/4a6a797c6b4a8055d10b74edda9a5e30-TableSymModel_output_8_4_8.bul_.dimacs.cnf.xz', '/nfs/share/instances/gbd/cnf/5918f1624d4dfd964227356786a4e9ec-ContextModel_output_8_4_9.bul.dimacs.cnf.xz', '/nfs/share/instances/gbd/cnf/70ce0cff914efdc48f2a8fe86b5c68c6-TableModel_output_8_4_7.bul_.dimacs.cnf.xz', '/nfs/share/instances/gbd/cnf/71cf538aa0751d27f144de9c8d82e458-TableModel_output_8_3_10.bul_.dimacs.cnf.xz', '/nfs/share/instances/gbd/cnf/7d58f2f0c79cbcad0496ced184ba0680-TableSymModel_output_6_3_8.bul_.dimacs.cnf.xz', '/nfs/share/instances/gbd/cnf/7dc81d3cb9066f8bc06ceffbca237572-TableModel_output_7_3_9.bul_.dimacs.cnf.xz', '/nfs/share/instances/gbd/cnf/8b797110ff321ee673eab1542069f192-ContextModel_output_8_4_10.bul.dimacs.cnf.xz', '/nfs/share/instances/gbd/cnf/8bcd3f3e269fa3c9516667b626d61602-TableSymModel_output_8_4_7.bul_.dimacs.cnf.xz', '/nfs/share/instances/gbd/cnf/8d31ec9edeac705ffd1b23f0cc4f3256-ContextModel_output_7_3_9.bul_.dimacs.cnf.xz', '/nfs/share/instances/gbd/cnf/a09a2d7397732447bdcc9651973767b7-TableSymModel_output_6_5_6.bul_.dimacs.cnf.xz', '/nfs/share/instances/gbd/cnf/a811388cc92def6ef2d639dc062d456c-ContextModel_output_6_3_8.bul_.dimacs.cnf.xz', '/nfs/share/instances/gbd/cnf/a98d77ba9d3fbe8b7c55cbf75b2b43a8-TableModel_output_6_3_8.bul_.dimacs.cnf.xz', '/nfs/share/instances/gbd/cnf/af5838e83024d2dee3942be8d8e35fec-TableModel_output_8_4_8.bul_.dimacs.cnf.xz', '/nfs/share/instances/gbd/cnf/b157aeb75aec9158fed9e16d7fd2da57-ContextModel_output_6_4_6.bul_.dimacs.cnf.xz', '/nfs/share/instances/gbd/cnf/deef4e5f8bf88393cea9589dff97d70c-ContextModel_output_8_4_8.bul_.dimacs.cnf.xz', '/nfs/share/instances/gbd/cnf/f26f199564d6ffac7e700c2e66470ec0-TableSymModel_output_6_4_6.bul_.dimacs.cnf.xz', '/nfs/share/instances/gbd/cnf/f57aba96bfed8f8a8b860eba1a8f1ea5-TableModel_output_6_4_6.bul_.dimacs.cnf.xz']
['../instances/train/00b46ace235e3915a439c77a231a5657-TableSymModel_output_7_3_9.bul_.dimacs.cnf', '../instances/train/10196804504080e7107809a2e5b3bfcc-ContextModel_output_6_5_6.bul_.dimacs.cnf', '../instances/train/428da12ab8f5f68ae261e6468c2fef73-TableSymModel_output_8_3_10.bul_.dimacs.cnf', '../instances/train/4a6a797c6b4a8055d10b74edda9a5e30-TableSymModel_output_8_4_8.bul_.dimacs.cnf', '../instances/train/5918f1624d4dfd964227356786a4e9ec-ContextModel_output_8_4_9.bul.dimacs.cnf', '../instances/train/70ce0cff914efdc48f2a8fe86b5c68c6-TableModel_output_8_4_7.bul_.dimacs.cnf', '../instances/train/71cf538aa0751d27f144de9c8d82e458-TableModel_output_8_3_10.bul_.dimacs.cnf', '../instances/train/7d58f2f0c79cbcad0496ced184ba0680-TableSymModel_output_6_3_8.bul_.dimacs.cnf', '../instances/train/7dc81d3cb9066f8bc06ceffbca237572-TableModel_output_7_3_9.bul_.dimacs.cnf', '../instances/train/8b797110ff321ee673eab1542069f192-ContextModel_output_8_4_10.bul.dimacs.cnf', '../instances/train/8bcd3f3e269fa3c9516667b626d61602-TableSymModel_output_8_4_7.bul_.dimacs.cnf', '../instances/train/8d31ec9edeac705ffd1b23f0cc4f3256-ContextModel_output_7_3_9.bul_.dimacs.cnf', '../instances/train/a09a2d7397732447bdcc9651973767b7-TableSymModel_output_6_5_6.bul_.dimacs.cnf', '../instances/train/a811388cc92def6ef2d639dc062d456c-ContextModel_output_6_3_8.bul_.dimacs.cnf', '../instances/train/a98d77ba9d3fbe8b7c55cbf75b2b43a8-TableModel_output_6_3_8.bul_.dimacs.cnf', '../instances/train/af5838e83024d2dee3942be8d8e35fec-TableModel_output_8_4_8.bul_.dimacs.cnf', '../instances/train/b157aeb75aec9158fed9e16d7fd2da57-ContextModel_output_6_4_6.bul_.dimacs.cnf', '../instances/train/deef4e5f8bf88393cea9589dff97d70c-ContextModel_output_8_4_8.bul_.dimacs.cnf', '../instances/train/f26f199564d6ffac7e700c2e66470ec0-TableSymModel_output_6_4_6.bul_.dimacs.cnf', '../instances/train/f57aba96bfed8f8a8b860eba1a8f1ea5-TableModel_output_6_4_6.bul_.dimacs.cnf']
10: Timeout
10: Solved
10: Timeout
10: Timeout
10: Timeout
10: Solved
10: Timeout
10: Timeout
10: Timeout
10: Timeout
10: Solved
10: Solved
10: Timeout
10: Solved
10: Timeout
10: Timeout
10: Solved
10: Timeout
10: Timeout
10: Timeout
[INFO][abstract_intensifier.py:516] Added config 3112da as new incumbent because there are no incumbents yet.
Getting instances
['/nfs/share/instances/gbd/cnf/00b46ace235e3915a439c77a231a5657-TableSymModel_output_7_3_9.bul_.dimacs.cnf.xz', '/nfs/share/instances/gbd/cnf/10196804504080e7107809a2e5b3bfcc-ContextModel_output_6_5_6.bul_.dimacs.cnf.xz', '/nfs/share/instances/gbd/cnf/428da12ab8f5f68ae261e6468c2fef73-TableSymModel_output_8_3_10.bul_.dimacs.cnf.xz', '/nfs/share/instances/gbd/cnf/4a6a797c6b4a8055d10b74edda9a5e30-TableSymModel_output_8_4_8.bul_.dimacs.cnf.xz', '/nfs/share/instances/gbd/cnf/5918f1624d4dfd964227356786a4e9ec-ContextModel_output_8_4_9.bul.dimacs.cnf.xz', '/nfs/share/instances/gbd/cnf/70ce0cff914efdc48f2a8fe86b5c68c6-TableModel_output_8_4_7.bul_.dimacs.cnf.xz', '/nfs/share/instances/gbd/cnf/71cf538aa0751d27f144de9c8d82e458-TableModel_output_8_3_10.bul_.dimacs.cnf.xz', '/nfs/share/instances/gbd/cnf/7d58f2f0c79cbcad0496ced184ba0680-TableSymModel_output_6_3_8.bul_.dimacs.cnf.xz', '/nfs/share/instances/gbd/cnf/7dc81d3cb9066f8bc06ceffbca237572-TableModel_output_7_3_9.bul_.dimacs.cnf.xz', '/nfs/share/instances/gbd/cnf/8b797110ff321ee673eab1542069f192-ContextModel_output_8_4_10.bul.dimacs.cnf.xz', '/nfs/share/instances/gbd/cnf/8bcd3f3e269fa3c9516667b626d61602-TableSymModel_output_8_4_7.bul_.dimacs.cnf.xz', '/nfs/share/instances/gbd/cnf/8d31ec9edeac705ffd1b23f0cc4f3256-ContextModel_output_7_3_9.bul_.dimacs.cnf.xz', '/nfs/share/instances/gbd/cnf/a09a2d7397732447bdcc9651973767b7-TableSymModel_output_6_5_6.bul_.dimacs.cnf.xz', '/nfs/share/instances/gbd/cnf/a811388cc92def6ef2d639dc062d456c-ContextModel_output_6_3_8.bul_.dimacs.cnf.xz', '/nfs/share/instances/gbd/cnf/a98d77ba9d3fbe8b7c55cbf75b2b43a8-TableModel_output_6_3_8.bul_.dimacs.cnf.xz', '/nfs/share/instances/gbd/cnf/af5838e83024d2dee3942be8d8e35fec-TableModel_output_8_4_8.bul_.dimacs.cnf.xz', '/nfs/share/instances/gbd/cnf/b157aeb75aec9158fed9e16d7fd2da57-ContextModel_output_6_4_6.bul_.dimacs.cnf.xz', '/nfs/share/instances/gbd/cnf/deef4e5f8bf88393cea9589dff97d70c-ContextModel_output_8_4_8.bul_.dimacs.cnf.xz', '/nfs/share/instances/gbd/cnf/f26f199564d6ffac7e700c2e66470ec0-TableSymModel_output_6_4_6.bul_.dimacs.cnf.xz', '/nfs/share/instances/gbd/cnf/f57aba96bfed8f8a8b860eba1a8f1ea5-TableModel_output_6_4_6.bul_.dimacs.cnf.xz']
['../instances/train/00b46ace235e3915a439c77a231a5657-TableSymModel_output_7_3_9.bul_.dimacs.cnf', '../instances/train/10196804504080e7107809a2e5b3bfcc-ContextModel_output_6_5_6.bul_.dimacs.cnf', '../instances/train/428da12ab8f5f68ae261e6468c2fef73-TableSymModel_output_8_3_10.bul_.dimacs.cnf', '../instances/train/4a6a797c6b4a8055d10b74edda9a5e30-TableSymModel_output_8_4_8.bul_.dimacs.cnf', '../instances/train/5918f1624d4dfd964227356786a4e9ec-ContextModel_output_8_4_9.bul.dimacs.cnf', '../instances/train/70ce0cff914efdc48f2a8fe86b5c68c6-TableModel_output_8_4_7.bul_.dimacs.cnf', '../instances/train/71cf538aa0751d27f144de9c8d82e458-TableModel_output_8_3_10.bul_.dimacs.cnf', '../instances/train/7d58f2f0c79cbcad0496ced184ba0680-TableSymModel_output_6_3_8.bul_.dimacs.cnf', '../instances/train/7dc81d3cb9066f8bc06ceffbca237572-TableModel_output_7_3_9.bul_.dimacs.cnf', '../instances/train/8b797110ff321ee673eab1542069f192-ContextModel_output_8_4_10.bul.dimacs.cnf', '../instances/train/8bcd3f3e269fa3c9516667b626d61602-TableSymModel_output_8_4_7.bul_.dimacs.cnf', '../instances/train/8d31ec9edeac705ffd1b23f0cc4f3256-ContextModel_output_7_3_9.bul_.dimacs.cnf', '../instances/train/a09a2d7397732447bdcc9651973767b7-TableSymModel_output_6_5_6.bul_.dimacs.cnf', '../instances/train/a811388cc92def6ef2d639dc062d456c-ContextModel_output_6_3_8.bul_.dimacs.cnf', '../instances/train/a98d77ba9d3fbe8b7c55cbf75b2b43a8-TableModel_output_6_3_8.bul_.dimacs.cnf', '../instances/train/af5838e83024d2dee3942be8d8e35fec-TableModel_output_8_4_8.bul_.dimacs.cnf', '../instances/train/b157aeb75aec9158fed9e16d7fd2da57-ContextModel_output_6_4_6.bul_.dimacs.cnf', '../instances/train/deef4e5f8bf88393cea9589dff97d70c-ContextModel_output_8_4_8.bul_.dimacs.cnf', '../instances/train/f26f199564d6ffac7e700c2e66470ec0-TableSymModel_output_6_4_6.bul_.dimacs.cnf', '../instances/train/f57aba96bfed8f8a8b860eba1a8f1ea5-TableModel_output_6_4_6.bul_.dimacs.cnf']
10: Timeout
10: Solved
10: Timeout
10: Timeout
10: Timeout
10: Solved
10: Timeout
10: Timeout
10: Timeout
10: Timeout
10: Solved
10: Solved
10: Solved
10: Solved
10: Timeout
10: Timeout
10: Timeout
10: Timeout
10: Timeout
10: Timeout
Getting instances
['/nfs/share/instances/gbd/cnf/00b46ace235e3915a439c77a231a5657-TableSymModel_output_7_3_9.bul_.dimacs.cnf.xz', '/nfs/share/instances/gbd/cnf/10196804504080e7107809a2e5b3bfcc-ContextModel_output_6_5_6.bul_.dimacs.cnf.xz', '/nfs/share/instances/gbd/cnf/428da12ab8f5f68ae261e6468c2fef73-TableSymModel_output_8_3_10.bul_.dimacs.cnf.xz', '/nfs/share/instances/gbd/cnf/4a6a797c6b4a8055d10b74edda9a5e30-TableSymModel_output_8_4_8.bul_.dimacs.cnf.xz', '/nfs/share/instances/gbd/cnf/5918f1624d4dfd964227356786a4e9ec-ContextModel_output_8_4_9.bul.dimacs.cnf.xz', '/nfs/share/instances/gbd/cnf/70ce0cff914efdc48f2a8fe86b5c68c6-TableModel_output_8_4_7.bul_.dimacs.cnf.xz', '/nfs/share/instances/gbd/cnf/71cf538aa0751d27f144de9c8d82e458-TableModel_output_8_3_10.bul_.dimacs.cnf.xz', '/nfs/share/instances/gbd/cnf/7d58f2f0c79cbcad0496ced184ba0680-TableSymModel_output_6_3_8.bul_.dimacs.cnf.xz', '/nfs/share/instances/gbd/cnf/7dc81d3cb9066f8bc06ceffbca237572-TableModel_output_7_3_9.bul_.dimacs.cnf.xz', '/nfs/share/instances/gbd/cnf/8b797110ff321ee673eab1542069f192-ContextModel_output_8_4_10.bul.dimacs.cnf.xz', '/nfs/share/instances/gbd/cnf/8bcd3f3e269fa3c9516667b626d61602-TableSymModel_output_8_4_7.bul_.dimacs.cnf.xz', '/nfs/share/instances/gbd/cnf/8d31ec9edeac705ffd1b23f0cc4f3256-ContextModel_output_7_3_9.bul_.dimacs.cnf.xz', '/nfs/share/instances/gbd/cnf/a09a2d7397732447bdcc9651973767b7-TableSymModel_output_6_5_6.bul_.dimacs.cnf.xz', '/nfs/share/instances/gbd/cnf/a811388cc92def6ef2d639dc062d456c-ContextModel_output_6_3_8.bul_.dimacs.cnf.xz', '/nfs/share/instances/gbd/cnf/a98d77ba9d3fbe8b7c55cbf75b2b43a8-TableModel_output_6_3_8.bul_.dimacs.cnf.xz', '/nfs/share/instances/gbd/cnf/af5838e83024d2dee3942be8d8e35fec-TableModel_output_8_4_8.bul_.dimacs.cnf.xz', '/nfs/share/instances/gbd/cnf/b157aeb75aec9158fed9e16d7fd2da57-ContextModel_output_6_4_6.bul_.dimacs.cnf.xz', '/nfs/share/instances/gbd/cnf/deef4e5f8bf88393cea9589dff97d70c-ContextModel_output_8_4_8.bul_.dimacs.cnf.xz', '/nfs/share/instances/gbd/cnf/f26f199564d6ffac7e700c2e66470ec0-TableSymModel_output_6_4_6.bul_.dimacs.cnf.xz', '/nfs/share/instances/gbd/cnf/f57aba96bfed8f8a8b860eba1a8f1ea5-TableModel_output_6_4_6.bul_.dimacs.cnf.xz']
['../instances/train/00b46ace235e3915a439c77a231a5657-TableSymModel_output_7_3_9.bul_.dimacs.cnf', '../instances/train/10196804504080e7107809a2e5b3bfcc-ContextModel_output_6_5_6.bul_.dimacs.cnf', '../instances/train/428da12ab8f5f68ae261e6468c2fef73-TableSymModel_output_8_3_10.bul_.dimacs.cnf', '../instances/train/4a6a797c6b4a8055d10b74edda9a5e30-TableSymModel_output_8_4_8.bul_.dimacs.cnf', '../instances/train/5918f1624d4dfd964227356786a4e9ec-ContextModel_output_8_4_9.bul.dimacs.cnf', '../instances/train/70ce0cff914efdc48f2a8fe86b5c68c6-TableModel_output_8_4_7.bul_.dimacs.cnf', '../instances/train/71cf538aa0751d27f144de9c8d82e458-TableModel_output_8_3_10.bul_.dimacs.cnf', '../instances/train/7d58f2f0c79cbcad0496ced184ba0680-TableSymModel_output_6_3_8.bul_.dimacs.cnf', '../instances/train/7dc81d3cb9066f8bc06ceffbca237572-TableModel_output_7_3_9.bul_.dimacs.cnf', '../instances/train/8b797110ff321ee673eab1542069f192-ContextModel_output_8_4_10.bul.dimacs.cnf', '../instances/train/8bcd3f3e269fa3c9516667b626d61602-TableSymModel_output_8_4_7.bul_.dimacs.cnf', '../instances/train/8d31ec9edeac705ffd1b23f0cc4f3256-ContextModel_output_7_3_9.bul_.dimacs.cnf', '../instances/train/a09a2d7397732447bdcc9651973767b7-TableSymModel_output_6_5_6.bul_.dimacs.cnf', '../instances/train/a811388cc92def6ef2d639dc062d456c-ContextModel_output_6_3_8.bul_.dimacs.cnf', '../instances/train/a98d77ba9d3fbe8b7c55cbf75b2b43a8-TableModel_output_6_3_8.bul_.dimacs.cnf', '../instances/train/af5838e83024d2dee3942be8d8e35fec-TableModel_output_8_4_8.bul_.dimacs.cnf', '../instances/train/b157aeb75aec9158fed9e16d7fd2da57-ContextModel_output_6_4_6.bul_.dimacs.cnf', '../instances/train/deef4e5f8bf88393cea9589dff97d70c-ContextModel_output_8_4_8.bul_.dimacs.cnf', '../instances/train/f26f199564d6ffac7e700c2e66470ec0-TableSymModel_output_6_4_6.bul_.dimacs.cnf', '../instances/train/f57aba96bfed8f8a8b860eba1a8f1ea5-TableModel_output_6_4_6.bul_.dimacs.cnf']
10: Timeout
10: Solved
10: Timeout
10: Timeout
10: Timeout
10: Timeout
10: Timeout
10: Timeout
10: Timeout
10: Timeout
10: Timeout
10: Solved
10: Timeout
10: Solved
10: Timeout
10: Timeout
10: Timeout
10: Timeout
10: Timeout
10: Timeout
Getting instances
['/nfs/share/instances/gbd/cnf/00b46ace235e3915a439c77a231a5657-TableSymModel_output_7_3_9.bul_.dimacs.cnf.xz', '/nfs/share/instances/gbd/cnf/10196804504080e7107809a2e5b3bfcc-ContextModel_output_6_5_6.bul_.dimacs.cnf.xz', '/nfs/share/instances/gbd/cnf/428da12ab8f5f68ae261e6468c2fef73-TableSymModel_output_8_3_10.bul_.dimacs.cnf.xz', '/nfs/share/instances/gbd/cnf/4a6a797c6b4a8055d10b74edda9a5e30-TableSymModel_output_8_4_8.bul_.dimacs.cnf.xz', '/nfs/share/instances/gbd/cnf/5918f1624d4dfd964227356786a4e9ec-ContextModel_output_8_4_9.bul.dimacs.cnf.xz', '/nfs/share/instances/gbd/cnf/70ce0cff914efdc48f2a8fe86b5c68c6-TableModel_output_8_4_7.bul_.dimacs.cnf.xz', '/nfs/share/instances/gbd/cnf/71cf538aa0751d27f144de9c8d82e458-TableModel_output_8_3_10.bul_.dimacs.cnf.xz', '/nfs/share/instances/gbd/cnf/7d58f2f0c79cbcad0496ced184ba0680-TableSymModel_output_6_3_8.bul_.dimacs.cnf.xz', '/nfs/share/instances/gbd/cnf/7dc81d3cb9066f8bc06ceffbca237572-TableModel_output_7_3_9.bul_.dimacs.cnf.xz', '/nfs/share/instances/gbd/cnf/8b797110ff321ee673eab1542069f192-ContextModel_output_8_4_10.bul.dimacs.cnf.xz', '/nfs/share/instances/gbd/cnf/8bcd3f3e269fa3c9516667b626d61602-TableSymModel_output_8_4_7.bul_.dimacs.cnf.xz', '/nfs/share/instances/gbd/cnf/8d31ec9edeac705ffd1b23f0cc4f3256-ContextModel_output_7_3_9.bul_.dimacs.cnf.xz', '/nfs/share/instances/gbd/cnf/a09a2d7397732447bdcc9651973767b7-TableSymModel_output_6_5_6.bul_.dimacs.cnf.xz', '/nfs/share/instances/gbd/cnf/a811388cc92def6ef2d639dc062d456c-ContextModel_output_6_3_8.bul_.dimacs.cnf.xz', '/nfs/share/instances/gbd/cnf/a98d77ba9d3fbe8b7c55cbf75b2b43a8-TableModel_output_6_3_8.bul_.dimacs.cnf.xz', '/nfs/share/instances/gbd/cnf/af5838e83024d2dee3942be8d8e35fec-TableModel_output_8_4_8.bul_.dimacs.cnf.xz', '/nfs/share/instances/gbd/cnf/b157aeb75aec9158fed9e16d7fd2da57-ContextModel_output_6_4_6.bul_.dimacs.cnf.xz', '/nfs/share/instances/gbd/cnf/deef4e5f8bf88393cea9589dff97d70c-ContextModel_output_8_4_8.bul_.dimacs.cnf.xz', '/nfs/share/instances/gbd/cnf/f26f199564d6ffac7e700c2e66470ec0-TableSymModel_output_6_4_6.bul_.dimacs.cnf.xz', '/nfs/share/instances/gbd/cnf/f57aba96bfed8f8a8b860eba1a8f1ea5-TableModel_output_6_4_6.bul_.dimacs.cnf.xz']
['../instances/train/00b46ace235e3915a439c77a231a5657-TableSymModel_output_7_3_9.bul_.dimacs.cnf', '../instances/train/10196804504080e7107809a2e5b3bfcc-ContextModel_output_6_5_6.bul_.dimacs.cnf', '../instances/train/428da12ab8f5f68ae261e6468c2fef73-TableSymModel_output_8_3_10.bul_.dimacs.cnf', '../instances/train/4a6a797c6b4a8055d10b74edda9a5e30-TableSymModel_output_8_4_8.bul_.dimacs.cnf', '../instances/train/5918f1624d4dfd964227356786a4e9ec-ContextModel_output_8_4_9.bul.dimacs.cnf', '../instances/train/70ce0cff914efdc48f2a8fe86b5c68c6-TableModel_output_8_4_7.bul_.dimacs.cnf', '../instances/train/71cf538aa0751d27f144de9c8d82e458-TableModel_output_8_3_10.bul_.dimacs.cnf', '../instances/train/7d58f2f0c79cbcad0496ced184ba0680-TableSymModel_output_6_3_8.bul_.dimacs.cnf', '../instances/train/7dc81d3cb9066f8bc06ceffbca237572-TableModel_output_7_3_9.bul_.dimacs.cnf', '../instances/train/8b797110ff321ee673eab1542069f192-ContextModel_output_8_4_10.bul.dimacs.cnf', '../instances/train/8bcd3f3e269fa3c9516667b626d61602-TableSymModel_output_8_4_7.bul_.dimacs.cnf', '../instances/train/8d31ec9edeac705ffd1b23f0cc4f3256-ContextModel_output_7_3_9.bul_.dimacs.cnf', '../instances/train/a09a2d7397732447bdcc9651973767b7-TableSymModel_output_6_5_6.bul_.dimacs.cnf', '../instances/train/a811388cc92def6ef2d639dc062d456c-ContextModel_output_6_3_8.bul_.dimacs.cnf', '../instances/train/a98d77ba9d3fbe8b7c55cbf75b2b43a8-TableModel_output_6_3_8.bul_.dimacs.cnf', '../instances/train/af5838e83024d2dee3942be8d8e35fec-TableModel_output_8_4_8.bul_.dimacs.cnf', '../instances/train/b157aeb75aec9158fed9e16d7fd2da57-ContextModel_output_6_4_6.bul_.dimacs.cnf', '../instances/train/deef4e5f8bf88393cea9589dff97d70c-ContextModel_output_8_4_8.bul_.dimacs.cnf', '../instances/train/f26f199564d6ffac7e700c2e66470ec0-TableSymModel_output_6_4_6.bul_.dimacs.cnf', '../instances/train/f57aba96bfed8f8a8b860eba1a8f1ea5-TableModel_output_6_4_6.bul_.dimacs.cnf']
10: Timeout
10: Solved
10: Timeout
10: Timeout
10: Timeout
10: Solved
10: Timeout
10: Timeout
10: Timeout
10: Timeout
10: Solved
10: Solved
10: Timeout
10: Solved
10: Timeout
10: Timeout
10: Solved
10: Timeout
10: Timeout
10: Timeout
[INFO][abstract_intensifier.py:595] Added config 942d4d and rejected config 3112da as incumbent because it is not better than the incumbents on 1 instances:
Getting instances
['/nfs/share/instances/gbd/cnf/00b46ace235e3915a439c77a231a5657-TableSymModel_output_7_3_9.bul_.dimacs.cnf.xz', '/nfs/share/instances/gbd/cnf/10196804504080e7107809a2e5b3bfcc-ContextModel_output_6_5_6.bul_.dimacs.cnf.xz', '/nfs/share/instances/gbd/cnf/428da12ab8f5f68ae261e6468c2fef73-TableSymModel_output_8_3_10.bul_.dimacs.cnf.xz', '/nfs/share/instances/gbd/cnf/4a6a797c6b4a8055d10b74edda9a5e30-TableSymModel_output_8_4_8.bul_.dimacs.cnf.xz', '/nfs/share/instances/gbd/cnf/5918f1624d4dfd964227356786a4e9ec-ContextModel_output_8_4_9.bul.dimacs.cnf.xz', '/nfs/share/instances/gbd/cnf/70ce0cff914efdc48f2a8fe86b5c68c6-TableModel_output_8_4_7.bul_.dimacs.cnf.xz', '/nfs/share/instances/gbd/cnf/71cf538aa0751d27f144de9c8d82e458-TableModel_output_8_3_10.bul_.dimacs.cnf.xz', '/nfs/share/instances/gbd/cnf/7d58f2f0c79cbcad0496ced184ba0680-TableSymModel_output_6_3_8.bul_.dimacs.cnf.xz', '/nfs/share/instances/gbd/cnf/7dc81d3cb9066f8bc06ceffbca237572-TableModel_output_7_3_9.bul_.dimacs.cnf.xz', '/nfs/share/instances/gbd/cnf/8b797110ff321ee673eab1542069f192-ContextModel_output_8_4_10.bul.dimacs.cnf.xz', '/nfs/share/instances/gbd/cnf/8bcd3f3e269fa3c9516667b626d61602-TableSymModel_output_8_4_7.bul_.dimacs.cnf.xz', '/nfs/share/instances/gbd/cnf/8d31ec9edeac705ffd1b23f0cc4f3256-ContextModel_output_7_3_9.bul_.dimacs.cnf.xz', '/nfs/share/instances/gbd/cnf/a09a2d7397732447bdcc9651973767b7-TableSymModel_output_6_5_6.bul_.dimacs.cnf.xz', '/nfs/share/instances/gbd/cnf/a811388cc92def6ef2d639dc062d456c-ContextModel_output_6_3_8.bul_.dimacs.cnf.xz', '/nfs/share/instances/gbd/cnf/a98d77ba9d3fbe8b7c55cbf75b2b43a8-TableModel_output_6_3_8.bul_.dimacs.cnf.xz', '/nfs/share/instances/gbd/cnf/af5838e83024d2dee3942be8d8e35fec-TableModel_output_8_4_8.bul_.dimacs.cnf.xz', '/nfs/share/instances/gbd/cnf/b157aeb75aec9158fed9e16d7fd2da57-ContextModel_output_6_4_6.bul_.dimacs.cnf.xz', '/nfs/share/instances/gbd/cnf/deef4e5f8bf88393cea9589dff97d70c-ContextModel_output_8_4_8.bul_.dimacs.cnf.xz', '/nfs/share/instances/gbd/cnf/f26f199564d6ffac7e700c2e66470ec0-TableSymModel_output_6_4_6.bul_.dimacs.cnf.xz', '/nfs/share/instances/gbd/cnf/f57aba96bfed8f8a8b860eba1a8f1ea5-TableModel_output_6_4_6.bul_.dimacs.cnf.xz']
['../instances/train/00b46ace235e3915a439c77a231a5657-TableSymModel_output_7_3_9.bul_.dimacs.cnf', '../instances/train/10196804504080e7107809a2e5b3bfcc-ContextModel_output_6_5_6.bul_.dimacs.cnf', '../instances/train/428da12ab8f5f68ae261e6468c2fef73-TableSymModel_output_8_3_10.bul_.dimacs.cnf', '../instances/train/4a6a797c6b4a8055d10b74edda9a5e30-TableSymModel_output_8_4_8.bul_.dimacs.cnf', '../instances/train/5918f1624d4dfd964227356786a4e9ec-ContextModel_output_8_4_9.bul.dimacs.cnf', '../instances/train/70ce0cff914efdc48f2a8fe86b5c68c6-TableModel_output_8_4_7.bul_.dimacs.cnf', '../instances/train/71cf538aa0751d27f144de9c8d82e458-TableModel_output_8_3_10.bul_.dimacs.cnf', '../instances/train/7d58f2f0c79cbcad0496ced184ba0680-TableSymModel_output_6_3_8.bul_.dimacs.cnf', '../instances/train/7dc81d3cb9066f8bc06ceffbca237572-TableModel_output_7_3_9.bul_.dimacs.cnf', '../instances/train/8b797110ff321ee673eab1542069f192-ContextModel_output_8_4_10.bul.dimacs.cnf', '../instances/train/8bcd3f3e269fa3c9516667b626d61602-TableSymModel_output_8_4_7.bul_.dimacs.cnf', '../instances/train/8d31ec9edeac705ffd1b23f0cc4f3256-ContextModel_output_7_3_9.bul_.dimacs.cnf', '../instances/train/a09a2d7397732447bdcc9651973767b7-TableSymModel_output_6_5_6.bul_.dimacs.cnf', '../instances/train/a811388cc92def6ef2d639dc062d456c-ContextModel_output_6_3_8.bul_.dimacs.cnf', '../instances/train/a98d77ba9d3fbe8b7c55cbf75b2b43a8-TableModel_output_6_3_8.bul_.dimacs.cnf', '../instances/train/af5838e83024d2dee3942be8d8e35fec-TableModel_output_8_4_8.bul_.dimacs.cnf', '../instances/train/b157aeb75aec9158fed9e16d7fd2da57-ContextModel_output_6_4_6.bul_.dimacs.cnf', '../instances/train/deef4e5f8bf88393cea9589dff97d70c-ContextModel_output_8_4_8.bul_.dimacs.cnf', '../instances/train/f26f199564d6ffac7e700c2e66470ec0-TableSymModel_output_6_4_6.bul_.dimacs.cnf', '../instances/train/f57aba96bfed8f8a8b860eba1a8f1ea5-TableModel_output_6_4_6.bul_.dimacs.cnf']
10: Timeout
10: Solved
10: Timeout
10: Timeout
10: Timeout
10: Solved
10: Timeout
10: Timeout
10: Timeout
10: Timeout
10: Solved
10: Solved
10: Timeout
10: Solved
10: Timeout
10: Timeout
10: Timeout
10: Timeout
10: Timeout
10: Timeout
Getting instances
['/nfs/share/instances/gbd/cnf/00b46ace235e3915a439c77a231a5657-TableSymModel_output_7_3_9.bul_.dimacs.cnf.xz', '/nfs/share/instances/gbd/cnf/10196804504080e7107809a2e5b3bfcc-ContextModel_output_6_5_6.bul_.dimacs.cnf.xz', '/nfs/share/instances/gbd/cnf/428da12ab8f5f68ae261e6468c2fef73-TableSymModel_output_8_3_10.bul_.dimacs.cnf.xz', '/nfs/share/instances/gbd/cnf/4a6a797c6b4a8055d10b74edda9a5e30-TableSymModel_output_8_4_8.bul_.dimacs.cnf.xz', '/nfs/share/instances/gbd/cnf/5918f1624d4dfd964227356786a4e9ec-ContextModel_output_8_4_9.bul.dimacs.cnf.xz', '/nfs/share/instances/gbd/cnf/70ce0cff914efdc48f2a8fe86b5c68c6-TableModel_output_8_4_7.bul_.dimacs.cnf.xz', '/nfs/share/instances/gbd/cnf/71cf538aa0751d27f144de9c8d82e458-TableModel_output_8_3_10.bul_.dimacs.cnf.xz', '/nfs/share/instances/gbd/cnf/7d58f2f0c79cbcad0496ced184ba0680-TableSymModel_output_6_3_8.bul_.dimacs.cnf.xz', '/nfs/share/instances/gbd/cnf/7dc81d3cb9066f8bc06ceffbca237572-TableModel_output_7_3_9.bul_.dimacs.cnf.xz', '/nfs/share/instances/gbd/cnf/8b797110ff321ee673eab1542069f192-ContextModel_output_8_4_10.bul.dimacs.cnf.xz', '/nfs/share/instances/gbd/cnf/8bcd3f3e269fa3c9516667b626d61602-TableSymModel_output_8_4_7.bul_.dimacs.cnf.xz', '/nfs/share/instances/gbd/cnf/8d31ec9edeac705ffd1b23f0cc4f3256-ContextModel_output_7_3_9.bul_.dimacs.cnf.xz', '/nfs/share/instances/gbd/cnf/a09a2d7397732447bdcc9651973767b7-TableSymModel_output_6_5_6.bul_.dimacs.cnf.xz', '/nfs/share/instances/gbd/cnf/a811388cc92def6ef2d639dc062d456c-ContextModel_output_6_3_8.bul_.dimacs.cnf.xz', '/nfs/share/instances/gbd/cnf/a98d77ba9d3fbe8b7c55cbf75b2b43a8-TableModel_output_6_3_8.bul_.dimacs.cnf.xz', '/nfs/share/instances/gbd/cnf/af5838e83024d2dee3942be8d8e35fec-TableModel_output_8_4_8.bul_.dimacs.cnf.xz', '/nfs/share/instances/gbd/cnf/b157aeb75aec9158fed9e16d7fd2da57-ContextModel_output_6_4_6.bul_.dimacs.cnf.xz', '/nfs/share/instances/gbd/cnf/deef4e5f8bf88393cea9589dff97d70c-ContextModel_output_8_4_8.bul_.dimacs.cnf.xz', '/nfs/share/instances/gbd/cnf/f26f199564d6ffac7e700c2e66470ec0-TableSymModel_output_6_4_6.bul_.dimacs.cnf.xz', '/nfs/share/instances/gbd/cnf/f57aba96bfed8f8a8b860eba1a8f1ea5-TableModel_output_6_4_6.bul_.dimacs.cnf.xz']
['../instances/train/00b46ace235e3915a439c77a231a5657-TableSymModel_output_7_3_9.bul_.dimacs.cnf', '../instances/train/10196804504080e7107809a2e5b3bfcc-ContextModel_output_6_5_6.bul_.dimacs.cnf', '../instances/train/428da12ab8f5f68ae261e6468c2fef73-TableSymModel_output_8_3_10.bul_.dimacs.cnf', '../instances/train/4a6a797c6b4a8055d10b74edda9a5e30-TableSymModel_output_8_4_8.bul_.dimacs.cnf', '../instances/train/5918f1624d4dfd964227356786a4e9ec-ContextModel_output_8_4_9.bul.dimacs.cnf', '../instances/train/70ce0cff914efdc48f2a8fe86b5c68c6-TableModel_output_8_4_7.bul_.dimacs.cnf', '../instances/train/71cf538aa0751d27f144de9c8d82e458-TableModel_output_8_3_10.bul_.dimacs.cnf', '../instances/train/7d58f2f0c79cbcad0496ced184ba0680-TableSymModel_output_6_3_8.bul_.dimacs.cnf', '../instances/train/7dc81d3cb9066f8bc06ceffbca237572-TableModel_output_7_3_9.bul_.dimacs.cnf', '../instances/train/8b797110ff321ee673eab1542069f192-ContextModel_output_8_4_10.bul.dimacs.cnf', '../instances/train/8bcd3f3e269fa3c9516667b626d61602-TableSymModel_output_8_4_7.bul_.dimacs.cnf', '../instances/train/8d31ec9edeac705ffd1b23f0cc4f3256-ContextModel_output_7_3_9.bul_.dimacs.cnf', '../instances/train/a09a2d7397732447bdcc9651973767b7-TableSymModel_output_6_5_6.bul_.dimacs.cnf', '../instances/train/a811388cc92def6ef2d639dc062d456c-ContextModel_output_6_3_8.bul_.dimacs.cnf', '../instances/train/a98d77ba9d3fbe8b7c55cbf75b2b43a8-TableModel_output_6_3_8.bul_.dimacs.cnf', '../instances/train/af5838e83024d2dee3942be8d8e35fec-TableModel_output_8_4_8.bul_.dimacs.cnf', '../instances/train/b157aeb75aec9158fed9e16d7fd2da57-ContextModel_output_6_4_6.bul_.dimacs.cnf', '../instances/train/deef4e5f8bf88393cea9589dff97d70c-ContextModel_output_8_4_8.bul_.dimacs.cnf', '../instances/train/f26f199564d6ffac7e700c2e66470ec0-TableSymModel_output_6_4_6.bul_.dimacs.cnf', '../instances/train/f57aba96bfed8f8a8b860eba1a8f1ea5-TableModel_output_6_4_6.bul_.dimacs.cnf']
10: Timeout
10: Solved
10: Timeout
10: Timeout
10: Timeout
10: Solved
10: Timeout
10: Timeout
10: Timeout
10: Timeout
10: Solved
10: Solved
10: Timeout
10: Solved
10: Timeout
10: Timeout
10: Timeout
10: Timeout
10: Timeout
10: Timeout
Getting instances
['/nfs/share/instances/gbd/cnf/00b46ace235e3915a439c77a231a5657-TableSymModel_output_7_3_9.bul_.dimacs.cnf.xz', '/nfs/share/instances/gbd/cnf/10196804504080e7107809a2e5b3bfcc-ContextModel_output_6_5_6.bul_.dimacs.cnf.xz', '/nfs/share/instances/gbd/cnf/428da12ab8f5f68ae261e6468c2fef73-TableSymModel_output_8_3_10.bul_.dimacs.cnf.xz', '/nfs/share/instances/gbd/cnf/4a6a797c6b4a8055d10b74edda9a5e30-TableSymModel_output_8_4_8.bul_.dimacs.cnf.xz', '/nfs/share/instances/gbd/cnf/5918f1624d4dfd964227356786a4e9ec-ContextModel_output_8_4_9.bul.dimacs.cnf.xz', '/nfs/share/instances/gbd/cnf/70ce0cff914efdc48f2a8fe86b5c68c6-TableModel_output_8_4_7.bul_.dimacs.cnf.xz', '/nfs/share/instances/gbd/cnf/71cf538aa0751d27f144de9c8d82e458-TableModel_output_8_3_10.bul_.dimacs.cnf.xz', '/nfs/share/instances/gbd/cnf/7d58f2f0c79cbcad0496ced184ba0680-TableSymModel_output_6_3_8.bul_.dimacs.cnf.xz', '/nfs/share/instances/gbd/cnf/7dc81d3cb9066f8bc06ceffbca237572-TableModel_output_7_3_9.bul_.dimacs.cnf.xz', '/nfs/share/instances/gbd/cnf/8b797110ff321ee673eab1542069f192-ContextModel_output_8_4_10.bul.dimacs.cnf.xz', '/nfs/share/instances/gbd/cnf/8bcd3f3e269fa3c9516667b626d61602-TableSymModel_output_8_4_7.bul_.dimacs.cnf.xz', '/nfs/share/instances/gbd/cnf/8d31ec9edeac705ffd1b23f0cc4f3256-ContextModel_output_7_3_9.bul_.dimacs.cnf.xz', '/nfs/share/instances/gbd/cnf/a09a2d7397732447bdcc9651973767b7-TableSymModel_output_6_5_6.bul_.dimacs.cnf.xz', '/nfs/share/instances/gbd/cnf/a811388cc92def6ef2d639dc062d456c-ContextModel_output_6_3_8.bul_.dimacs.cnf.xz', '/nfs/share/instances/gbd/cnf/a98d77ba9d3fbe8b7c55cbf75b2b43a8-TableModel_output_6_3_8.bul_.dimacs.cnf.xz', '/nfs/share/instances/gbd/cnf/af5838e83024d2dee3942be8d8e35fec-TableModel_output_8_4_8.bul_.dimacs.cnf.xz', '/nfs/share/instances/gbd/cnf/b157aeb75aec9158fed9e16d7fd2da57-ContextModel_output_6_4_6.bul_.dimacs.cnf.xz', '/nfs/share/instances/gbd/cnf/deef4e5f8bf88393cea9589dff97d70c-ContextModel_output_8_4_8.bul_.dimacs.cnf.xz', '/nfs/share/instances/gbd/cnf/f26f199564d6ffac7e700c2e66470ec0-TableSymModel_output_6_4_6.bul_.dimacs.cnf.xz', '/nfs/share/instances/gbd/cnf/f57aba96bfed8f8a8b860eba1a8f1ea5-TableModel_output_6_4_6.bul_.dimacs.cnf.xz']
['../instances/train/00b46ace235e3915a439c77a231a5657-TableSymModel_output_7_3_9.bul_.dimacs.cnf', '../instances/train/10196804504080e7107809a2e5b3bfcc-ContextModel_output_6_5_6.bul_.dimacs.cnf', '../instances/train/428da12ab8f5f68ae261e6468c2fef73-TableSymModel_output_8_3_10.bul_.dimacs.cnf', '../instances/train/4a6a797c6b4a8055d10b74edda9a5e30-TableSymModel_output_8_4_8.bul_.dimacs.cnf', '../instances/train/5918f1624d4dfd964227356786a4e9ec-ContextModel_output_8_4_9.bul.dimacs.cnf', '../instances/train/70ce0cff914efdc48f2a8fe86b5c68c6-TableModel_output_8_4_7.bul_.dimacs.cnf', '../instances/train/71cf538aa0751d27f144de9c8d82e458-TableModel_output_8_3_10.bul_.dimacs.cnf', '../instances/train/7d58f2f0c79cbcad0496ced184ba0680-TableSymModel_output_6_3_8.bul_.dimacs.cnf', '../instances/train/7dc81d3cb9066f8bc06ceffbca237572-TableModel_output_7_3_9.bul_.dimacs.cnf', '../instances/train/8b797110ff321ee673eab1542069f192-ContextModel_output_8_4_10.bul.dimacs.cnf', '../instances/train/8bcd3f3e269fa3c9516667b626d61602-TableSymModel_output_8_4_7.bul_.dimacs.cnf', '../instances/train/8d31ec9edeac705ffd1b23f0cc4f3256-ContextModel_output_7_3_9.bul_.dimacs.cnf', '../instances/train/a09a2d7397732447bdcc9651973767b7-TableSymModel_output_6_5_6.bul_.dimacs.cnf', '../instances/train/a811388cc92def6ef2d639dc062d456c-ContextModel_output_6_3_8.bul_.dimacs.cnf', '../instances/train/a98d77ba9d3fbe8b7c55cbf75b2b43a8-TableModel_output_6_3_8.bul_.dimacs.cnf', '../instances/train/af5838e83024d2dee3942be8d8e35fec-TableModel_output_8_4_8.bul_.dimacs.cnf', '../instances/train/b157aeb75aec9158fed9e16d7fd2da57-ContextModel_output_6_4_6.bul_.dimacs.cnf', '../instances/train/deef4e5f8bf88393cea9589dff97d70c-ContextModel_output_8_4_8.bul_.dimacs.cnf', '../instances/train/f26f199564d6ffac7e700c2e66470ec0-TableSymModel_output_6_4_6.bul_.dimacs.cnf', '../instances/train/f57aba96bfed8f8a8b860eba1a8f1ea5-TableModel_output_6_4_6.bul_.dimacs.cnf']
10: Timeout
10: Solved
10: Timeout
10: Timeout
10: Timeout
10: Solved
10: Timeout
10: Timeout
10: Timeout
10: Timeout
10: Solved
10: Solved
10: Timeout
10: Solved
10: Timeout
10: Timeout
10: Timeout
10: Timeout
10: Timeout
10: Timeout
Getting instances
['/nfs/share/instances/gbd/cnf/00b46ace235e3915a439c77a231a5657-TableSymModel_output_7_3_9.bul_.dimacs.cnf.xz', '/nfs/share/instances/gbd/cnf/10196804504080e7107809a2e5b3bfcc-ContextModel_output_6_5_6.bul_.dimacs.cnf.xz', '/nfs/share/instances/gbd/cnf/428da12ab8f5f68ae261e6468c2fef73-TableSymModel_output_8_3_10.bul_.dimacs.cnf.xz', '/nfs/share/instances/gbd/cnf/4a6a797c6b4a8055d10b74edda9a5e30-TableSymModel_output_8_4_8.bul_.dimacs.cnf.xz', '/nfs/share/instances/gbd/cnf/5918f1624d4dfd964227356786a4e9ec-ContextModel_output_8_4_9.bul.dimacs.cnf.xz', '/nfs/share/instances/gbd/cnf/70ce0cff914efdc48f2a8fe86b5c68c6-TableModel_output_8_4_7.bul_.dimacs.cnf.xz', '/nfs/share/instances/gbd/cnf/71cf538aa0751d27f144de9c8d82e458-TableModel_output_8_3_10.bul_.dimacs.cnf.xz', '/nfs/share/instances/gbd/cnf/7d58f2f0c79cbcad0496ced184ba0680-TableSymModel_output_6_3_8.bul_.dimacs.cnf.xz', '/nfs/share/instances/gbd/cnf/7dc81d3cb9066f8bc06ceffbca237572-TableModel_output_7_3_9.bul_.dimacs.cnf.xz', '/nfs/share/instances/gbd/cnf/8b797110ff321ee673eab1542069f192-ContextModel_output_8_4_10.bul.dimacs.cnf.xz', '/nfs/share/instances/gbd/cnf/8bcd3f3e269fa3c9516667b626d61602-TableSymModel_output_8_4_7.bul_.dimacs.cnf.xz', '/nfs/share/instances/gbd/cnf/8d31ec9edeac705ffd1b23f0cc4f3256-ContextModel_output_7_3_9.bul_.dimacs.cnf.xz', '/nfs/share/instances/gbd/cnf/a09a2d7397732447bdcc9651973767b7-TableSymModel_output_6_5_6.bul_.dimacs.cnf.xz', '/nfs/share/instances/gbd/cnf/a811388cc92def6ef2d639dc062d456c-ContextModel_output_6_3_8.bul_.dimacs.cnf.xz', '/nfs/share/instances/gbd/cnf/a98d77ba9d3fbe8b7c55cbf75b2b43a8-TableModel_output_6_3_8.bul_.dimacs.cnf.xz', '/nfs/share/instances/gbd/cnf/af5838e83024d2dee3942be8d8e35fec-TableModel_output_8_4_8.bul_.dimacs.cnf.xz', '/nfs/share/instances/gbd/cnf/b157aeb75aec9158fed9e16d7fd2da57-ContextModel_output_6_4_6.bul_.dimacs.cnf.xz', '/nfs/share/instances/gbd/cnf/deef4e5f8bf88393cea9589dff97d70c-ContextModel_output_8_4_8.bul_.dimacs.cnf.xz', '/nfs/share/instances/gbd/cnf/f26f199564d6ffac7e700c2e66470ec0-TableSymModel_output_6_4_6.bul_.dimacs.cnf.xz', '/nfs/share/instances/gbd/cnf/f57aba96bfed8f8a8b860eba1a8f1ea5-TableModel_output_6_4_6.bul_.dimacs.cnf.xz']
['../instances/train/00b46ace235e3915a439c77a231a5657-TableSymModel_output_7_3_9.bul_.dimacs.cnf', '../instances/train/10196804504080e7107809a2e5b3bfcc-ContextModel_output_6_5_6.bul_.dimacs.cnf', '../instances/train/428da12ab8f5f68ae261e6468c2fef73-TableSymModel_output_8_3_10.bul_.dimacs.cnf', '../instances/train/4a6a797c6b4a8055d10b74edda9a5e30-TableSymModel_output_8_4_8.bul_.dimacs.cnf', '../instances/train/5918f1624d4dfd964227356786a4e9ec-ContextModel_output_8_4_9.bul.dimacs.cnf', '../instances/train/70ce0cff914efdc48f2a8fe86b5c68c6-TableModel_output_8_4_7.bul_.dimacs.cnf', '../instances/train/71cf538aa0751d27f144de9c8d82e458-TableModel_output_8_3_10.bul_.dimacs.cnf', '../instances/train/7d58f2f0c79cbcad0496ced184ba0680-TableSymModel_output_6_3_8.bul_.dimacs.cnf', '../instances/train/7dc81d3cb9066f8bc06ceffbca237572-TableModel_output_7_3_9.bul_.dimacs.cnf', '../instances/train/8b797110ff321ee673eab1542069f192-ContextModel_output_8_4_10.bul.dimacs.cnf', '../instances/train/8bcd3f3e269fa3c9516667b626d61602-TableSymModel_output_8_4_7.bul_.dimacs.cnf', '../instances/train/8d31ec9edeac705ffd1b23f0cc4f3256-ContextModel_output_7_3_9.bul_.dimacs.cnf', '../instances/train/a09a2d7397732447bdcc9651973767b7-TableSymModel_output_6_5_6.bul_.dimacs.cnf', '../instances/train/a811388cc92def6ef2d639dc062d456c-ContextModel_output_6_3_8.bul_.dimacs.cnf', '../instances/train/a98d77ba9d3fbe8b7c55cbf75b2b43a8-TableModel_output_6_3_8.bul_.dimacs.cnf', '../instances/train/af5838e83024d2dee3942be8d8e35fec-TableModel_output_8_4_8.bul_.dimacs.cnf', '../instances/train/b157aeb75aec9158fed9e16d7fd2da57-ContextModel_output_6_4_6.bul_.dimacs.cnf', '../instances/train/deef4e5f8bf88393cea9589dff97d70c-ContextModel_output_8_4_8.bul_.dimacs.cnf', '../instances/train/f26f199564d6ffac7e700c2e66470ec0-TableSymModel_output_6_4_6.bul_.dimacs.cnf', '../instances/train/f57aba96bfed8f8a8b860eba1a8f1ea5-TableModel_output_6_4_6.bul_.dimacs.cnf']
10: Timeout
10: Timeout
10: Timeout
10: Timeout
10: Timeout
10: Solved
10: Timeout
10: Timeout
10: Timeout
10: Timeout
10: Solved
10: Solved
10: Timeout
10: Solved
10: Timeout
10: Timeout
10: Timeout
10: Timeout
10: Timeout
10: Timeout
Getting instances
['/nfs/share/instances/gbd/cnf/00b46ace235e3915a439c77a231a5657-TableSymModel_output_7_3_9.bul_.dimacs.cnf.xz', '/nfs/share/instances/gbd/cnf/10196804504080e7107809a2e5b3bfcc-ContextModel_output_6_5_6.bul_.dimacs.cnf.xz', '/nfs/share/instances/gbd/cnf/428da12ab8f5f68ae261e6468c2fef73-TableSymModel_output_8_3_10.bul_.dimacs.cnf.xz', '/nfs/share/instances/gbd/cnf/4a6a797c6b4a8055d10b74edda9a5e30-TableSymModel_output_8_4_8.bul_.dimacs.cnf.xz', '/nfs/share/instances/gbd/cnf/5918f1624d4dfd964227356786a4e9ec-ContextModel_output_8_4_9.bul.dimacs.cnf.xz', '/nfs/share/instances/gbd/cnf/70ce0cff914efdc48f2a8fe86b5c68c6-TableModel_output_8_4_7.bul_.dimacs.cnf.xz', '/nfs/share/instances/gbd/cnf/71cf538aa0751d27f144de9c8d82e458-TableModel_output_8_3_10.bul_.dimacs.cnf.xz', '/nfs/share/instances/gbd/cnf/7d58f2f0c79cbcad0496ced184ba0680-TableSymModel_output_6_3_8.bul_.dimacs.cnf.xz', '/nfs/share/instances/gbd/cnf/7dc81d3cb9066f8bc06ceffbca237572-TableModel_output_7_3_9.bul_.dimacs.cnf.xz', '/nfs/share/instances/gbd/cnf/8b797110ff321ee673eab1542069f192-ContextModel_output_8_4_10.bul.dimacs.cnf.xz', '/nfs/share/instances/gbd/cnf/8bcd3f3e269fa3c9516667b626d61602-TableSymModel_output_8_4_7.bul_.dimacs.cnf.xz', '/nfs/share/instances/gbd/cnf/8d31ec9edeac705ffd1b23f0cc4f3256-ContextModel_output_7_3_9.bul_.dimacs.cnf.xz', '/nfs/share/instances/gbd/cnf/a09a2d7397732447bdcc9651973767b7-TableSymModel_output_6_5_6.bul_.dimacs.cnf.xz', '/nfs/share/instances/gbd/cnf/a811388cc92def6ef2d639dc062d456c-ContextModel_output_6_3_8.bul_.dimacs.cnf.xz', '/nfs/share/instances/gbd/cnf/a98d77ba9d3fbe8b7c55cbf75b2b43a8-TableModel_output_6_3_8.bul_.dimacs.cnf.xz', '/nfs/share/instances/gbd/cnf/af5838e83024d2dee3942be8d8e35fec-TableModel_output_8_4_8.bul_.dimacs.cnf.xz', '/nfs/share/instances/gbd/cnf/b157aeb75aec9158fed9e16d7fd2da57-ContextModel_output_6_4_6.bul_.dimacs.cnf.xz', '/nfs/share/instances/gbd/cnf/deef4e5f8bf88393cea9589dff97d70c-ContextModel_output_8_4_8.bul_.dimacs.cnf.xz', '/nfs/share/instances/gbd/cnf/f26f199564d6ffac7e700c2e66470ec0-TableSymModel_output_6_4_6.bul_.dimacs.cnf.xz', '/nfs/share/instances/gbd/cnf/f57aba96bfed8f8a8b860eba1a8f1ea5-TableModel_output_6_4_6.bul_.dimacs.cnf.xz']
['../instances/train/00b46ace235e3915a439c77a231a5657-TableSymModel_output_7_3_9.bul_.dimacs.cnf', '../instances/train/10196804504080e7107809a2e5b3bfcc-ContextModel_output_6_5_6.bul_.dimacs.cnf', '../instances/train/428da12ab8f5f68ae261e6468c2fef73-TableSymModel_output_8_3_10.bul_.dimacs.cnf', '../instances/train/4a6a797c6b4a8055d10b74edda9a5e30-TableSymModel_output_8_4_8.bul_.dimacs.cnf', '../instances/train/5918f1624d4dfd964227356786a4e9ec-ContextModel_output_8_4_9.bul.dimacs.cnf', '../instances/train/70ce0cff914efdc48f2a8fe86b5c68c6-TableModel_output_8_4_7.bul_.dimacs.cnf', '../instances/train/71cf538aa0751d27f144de9c8d82e458-TableModel_output_8_3_10.bul_.dimacs.cnf', '../instances/train/7d58f2f0c79cbcad0496ced184ba0680-TableSymModel_output_6_3_8.bul_.dimacs.cnf', '../instances/train/7dc81d3cb9066f8bc06ceffbca237572-TableModel_output_7_3_9.bul_.dimacs.cnf', '../instances/train/8b797110ff321ee673eab1542069f192-ContextModel_output_8_4_10.bul.dimacs.cnf', '../instances/train/8bcd3f3e269fa3c9516667b626d61602-TableSymModel_output_8_4_7.bul_.dimacs.cnf', '../instances/train/8d31ec9edeac705ffd1b23f0cc4f3256-ContextModel_output_7_3_9.bul_.dimacs.cnf', '../instances/train/a09a2d7397732447bdcc9651973767b7-TableSymModel_output_6_5_6.bul_.dimacs.cnf', '../instances/train/a811388cc92def6ef2d639dc062d456c-ContextModel_output_6_3_8.bul_.dimacs.cnf', '../instances/train/a98d77ba9d3fbe8b7c55cbf75b2b43a8-TableModel_output_6_3_8.bul_.dimacs.cnf', '../instances/train/af5838e83024d2dee3942be8d8e35fec-TableModel_output_8_4_8.bul_.dimacs.cnf', '../instances/train/b157aeb75aec9158fed9e16d7fd2da57-ContextModel_output_6_4_6.bul_.dimacs.cnf', '../instances/train/deef4e5f8bf88393cea9589dff97d70c-ContextModel_output_8_4_8.bul_.dimacs.cnf', '../instances/train/f26f199564d6ffac7e700c2e66470ec0-TableSymModel_output_6_4_6.bul_.dimacs.cnf', '../instances/train/f57aba96bfed8f8a8b860eba1a8f1ea5-TableModel_output_6_4_6.bul_.dimacs.cnf']
10: Timeout
10: Solved
10: Timeout
10: Timeout
10: Timeout
10: Solved
10: Timeout
10: Timeout
10: Timeout
10: Timeout
10: Solved
10: Solved
10: Timeout
10: Solved
10: Timeout
10: Timeout
10: Solved
10: Timeout
10: Timeout
10: Timeout
[INFO][abstract_intensifier.py:595] Added config 6f5ce4 and rejected config 942d4d as incumbent because it is not better than the incumbents on 1 instances:
Getting instances
['/nfs/share/instances/gbd/cnf/00b46ace235e3915a439c77a231a5657-TableSymModel_output_7_3_9.bul_.dimacs.cnf.xz', '/nfs/share/instances/gbd/cnf/10196804504080e7107809a2e5b3bfcc-ContextModel_output_6_5_6.bul_.dimacs.cnf.xz', '/nfs/share/instances/gbd/cnf/428da12ab8f5f68ae261e6468c2fef73-TableSymModel_output_8_3_10.bul_.dimacs.cnf.xz', '/nfs/share/instances/gbd/cnf/4a6a797c6b4a8055d10b74edda9a5e30-TableSymModel_output_8_4_8.bul_.dimacs.cnf.xz', '/nfs/share/instances/gbd/cnf/5918f1624d4dfd964227356786a4e9ec-ContextModel_output_8_4_9.bul.dimacs.cnf.xz', '/nfs/share/instances/gbd/cnf/70ce0cff914efdc48f2a8fe86b5c68c6-TableModel_output_8_4_7.bul_.dimacs.cnf.xz', '/nfs/share/instances/gbd/cnf/71cf538aa0751d27f144de9c8d82e458-TableModel_output_8_3_10.bul_.dimacs.cnf.xz', '/nfs/share/instances/gbd/cnf/7d58f2f0c79cbcad0496ced184ba0680-TableSymModel_output_6_3_8.bul_.dimacs.cnf.xz', '/nfs/share/instances/gbd/cnf/7dc81d3cb9066f8bc06ceffbca237572-TableModel_output_7_3_9.bul_.dimacs.cnf.xz', '/nfs/share/instances/gbd/cnf/8b797110ff321ee673eab1542069f192-ContextModel_output_8_4_10.bul.dimacs.cnf.xz', '/nfs/share/instances/gbd/cnf/8bcd3f3e269fa3c9516667b626d61602-TableSymModel_output_8_4_7.bul_.dimacs.cnf.xz', '/nfs/share/instances/gbd/cnf/8d31ec9edeac705ffd1b23f0cc4f3256-ContextModel_output_7_3_9.bul_.dimacs.cnf.xz', '/nfs/share/instances/gbd/cnf/a09a2d7397732447bdcc9651973767b7-TableSymModel_output_6_5_6.bul_.dimacs.cnf.xz', '/nfs/share/instances/gbd/cnf/a811388cc92def6ef2d639dc062d456c-ContextModel_output_6_3_8.bul_.dimacs.cnf.xz', '/nfs/share/instances/gbd/cnf/a98d77ba9d3fbe8b7c55cbf75b2b43a8-TableModel_output_6_3_8.bul_.dimacs.cnf.xz', '/nfs/share/instances/gbd/cnf/af5838e83024d2dee3942be8d8e35fec-TableModel_output_8_4_8.bul_.dimacs.cnf.xz', '/nfs/share/instances/gbd/cnf/b157aeb75aec9158fed9e16d7fd2da57-ContextModel_output_6_4_6.bul_.dimacs.cnf.xz', '/nfs/share/instances/gbd/cnf/deef4e5f8bf88393cea9589dff97d70c-ContextModel_output_8_4_8.bul_.dimacs.cnf.xz', '/nfs/share/instances/gbd/cnf/f26f199564d6ffac7e700c2e66470ec0-TableSymModel_output_6_4_6.bul_.dimacs.cnf.xz', '/nfs/share/instances/gbd/cnf/f57aba96bfed8f8a8b860eba1a8f1ea5-TableModel_output_6_4_6.bul_.dimacs.cnf.xz']
['../instances/train/00b46ace235e3915a439c77a231a5657-TableSymModel_output_7_3_9.bul_.dimacs.cnf', '../instances/train/10196804504080e7107809a2e5b3bfcc-ContextModel_output_6_5_6.bul_.dimacs.cnf', '../instances/train/428da12ab8f5f68ae261e6468c2fef73-TableSymModel_output_8_3_10.bul_.dimacs.cnf', '../instances/train/4a6a797c6b4a8055d10b74edda9a5e30-TableSymModel_output_8_4_8.bul_.dimacs.cnf', '../instances/train/5918f1624d4dfd964227356786a4e9ec-ContextModel_output_8_4_9.bul.dimacs.cnf', '../instances/train/70ce0cff914efdc48f2a8fe86b5c68c6-TableModel_output_8_4_7.bul_.dimacs.cnf', '../instances/train/71cf538aa0751d27f144de9c8d82e458-TableModel_output_8_3_10.bul_.dimacs.cnf', '../instances/train/7d58f2f0c79cbcad0496ced184ba0680-TableSymModel_output_6_3_8.bul_.dimacs.cnf', '../instances/train/7dc81d3cb9066f8bc06ceffbca237572-TableModel_output_7_3_9.bul_.dimacs.cnf', '../instances/train/8b797110ff321ee673eab1542069f192-ContextModel_output_8_4_10.bul.dimacs.cnf', '../instances/train/8bcd3f3e269fa3c9516667b626d61602-TableSymModel_output_8_4_7.bul_.dimacs.cnf', '../instances/train/8d31ec9edeac705ffd1b23f0cc4f3256-ContextModel_output_7_3_9.bul_.dimacs.cnf', '../instances/train/a09a2d7397732447bdcc9651973767b7-TableSymModel_output_6_5_6.bul_.dimacs.cnf', '../instances/train/a811388cc92def6ef2d639dc062d456c-ContextModel_output_6_3_8.bul_.dimacs.cnf', '../instances/train/a98d77ba9d3fbe8b7c55cbf75b2b43a8-TableModel_output_6_3_8.bul_.dimacs.cnf', '../instances/train/af5838e83024d2dee3942be8d8e35fec-TableModel_output_8_4_8.bul_.dimacs.cnf', '../instances/train/b157aeb75aec9158fed9e16d7fd2da57-ContextModel_output_6_4_6.bul_.dimacs.cnf', '../instances/train/deef4e5f8bf88393cea9589dff97d70c-ContextModel_output_8_4_8.bul_.dimacs.cnf', '../instances/train/f26f199564d6ffac7e700c2e66470ec0-TableSymModel_output_6_4_6.bul_.dimacs.cnf', '../instances/train/f57aba96bfed8f8a8b860eba1a8f1ea5-TableModel_output_6_4_6.bul_.dimacs.cnf']
10: Timeout
10: Solved
10: Timeout
10: Timeout
10: Timeout
10: Solved
10: Timeout
10: Timeout
10: Timeout
10: Timeout
10: Solved
10: Solved
10: Timeout
10: Solved
10: Timeout
10: Timeout
10: Timeout
10: Timeout
10: Timeout
10: Timeout
[INFO][smbo.py:328] Configuration budget is exhausted:
[INFO][smbo.py:329] --- Remaining wallclock time: inf
[INFO][smbo.py:330] --- Remaining cpu time: inf
[INFO][smbo.py:331] --- Remaining trials: 0
Configuration(values={
  'backbone': 2,
  'congruenceands': 'false',
  'congruencexors': 'true',
  'phase': 'false',
  'probeint': 966,
  'restartint': 226,
  'sweepclauses': 1647130177,
  'target': 2,
  'vivifyirr': 4,
  'congruencexorarity': 15,
})
