Setting up config
Starting smac
[INFO][abstract_initial_design.py:95] Reducing the number of initial configurations from 110 to 2 (max_ratio == 0.25).
[INFO][abstract_initial_design.py:147] Using 2 initial design configurations and 0 additional configurations.
[INFO][abstract_intensifier.py:306] Using only one seed for deterministic scenario.
Getting instances
['/nfs/share/instances/gbd/cnf/0191a0bf3412ed407ba669f8d69081ee-mrpp_6x6#18_20.cnf.xz', '/nfs/share/instances/gbd/cnf/02066c116dbacc40ec5cca2067db26c0-mrpp_4x4#12_12.cnf.xz', '/nfs/share/instances/gbd/cnf/0ac5ff376b826f68d384ba05a1d00de0-sokoban-p20.sas.cr.33.cnf.xz', '/nfs/share/instances/gbd/cnf/3cff6c97a515aecfe46ba0f1256a3c11-shuffling-1-s1870372346-of-bench-sat04-423.used-as.sat04-562.cnf.xz', '/nfs/share/instances/gbd/cnf/69e34d0f49c71a7e145d8104ebe0273f-sokoban-p16.sas.ex.15-sc2016.cnf.xz', '/nfs/share/instances/gbd/cnf/83dc8f675657b3e6d148ef5cf897fb82-openstacks-sequencedstrips-nonadl-nonnegated-os-sequencedstrips-p30_3.025-NOTKNOWN.cnf.xz', '/nfs/share/instances/gbd/cnf/8bf63d50ebdb645b75a24370b8f94d31-sokoban-p20.sas.cr.25.cnf.xz', '/nfs/share/instances/gbd/cnf/aacfb8797097f698d14337d3a04f3065-barman-pfile06-022.sas.ex.7.cnf.xz']
['../instances/train/0191a0bf3412ed407ba669f8d69081ee-mrpp_6x6#18_20.cnf', '../instances/train/02066c116dbacc40ec5cca2067db26c0-mrpp_4x4#12_12.cnf', '../instances/train/0ac5ff376b826f68d384ba05a1d00de0-sokoban-p20.sas.cr.33.cnf', '../instances/train/3cff6c97a515aecfe46ba0f1256a3c11-shuffling-1-s1870372346-of-bench-sat04-423.used-as.sat04-562.cnf', '../instances/train/69e34d0f49c71a7e145d8104ebe0273f-sokoban-p16.sas.ex.15-sc2016.cnf', '../instances/train/83dc8f675657b3e6d148ef5cf897fb82-openstacks-sequencedstrips-nonadl-nonnegated-os-sequencedstrips-p30_3.025-NOTKNOWN.cnf', '../instances/train/8bf63d50ebdb645b75a24370b8f94d31-sokoban-p20.sas.cr.25.cnf', '../instances/train/aacfb8797097f698d14337d3a04f3065-barman-pfile06-022.sas.ex.7.cnf']
29: Solved
29: Solved
29: Timeout
29: Solved
29: Timeout
29: Timeout
29: Timeout
29: Solved
[INFO][abstract_intensifier.py:516] Added config 3112da as new incumbent because there are no incumbents yet.
Getting instances
['/nfs/share/instances/gbd/cnf/0191a0bf3412ed407ba669f8d69081ee-mrpp_6x6#18_20.cnf.xz', '/nfs/share/instances/gbd/cnf/02066c116dbacc40ec5cca2067db26c0-mrpp_4x4#12_12.cnf.xz', '/nfs/share/instances/gbd/cnf/0ac5ff376b826f68d384ba05a1d00de0-sokoban-p20.sas.cr.33.cnf.xz', '/nfs/share/instances/gbd/cnf/3cff6c97a515aecfe46ba0f1256a3c11-shuffling-1-s1870372346-of-bench-sat04-423.used-as.sat04-562.cnf.xz', '/nfs/share/instances/gbd/cnf/69e34d0f49c71a7e145d8104ebe0273f-sokoban-p16.sas.ex.15-sc2016.cnf.xz', '/nfs/share/instances/gbd/cnf/83dc8f675657b3e6d148ef5cf897fb82-openstacks-sequencedstrips-nonadl-nonnegated-os-sequencedstrips-p30_3.025-NOTKNOWN.cnf.xz', '/nfs/share/instances/gbd/cnf/8bf63d50ebdb645b75a24370b8f94d31-sokoban-p20.sas.cr.25.cnf.xz', '/nfs/share/instances/gbd/cnf/aacfb8797097f698d14337d3a04f3065-barman-pfile06-022.sas.ex.7.cnf.xz']
['../instances/train/0191a0bf3412ed407ba669f8d69081ee-mrpp_6x6#18_20.cnf', '../instances/train/02066c116dbacc40ec5cca2067db26c0-mrpp_4x4#12_12.cnf', '../instances/train/0ac5ff376b826f68d384ba05a1d00de0-sokoban-p20.sas.cr.33.cnf', '../instances/train/3cff6c97a515aecfe46ba0f1256a3c11-shuffling-1-s1870372346-of-bench-sat04-423.used-as.sat04-562.cnf', '../instances/train/69e34d0f49c71a7e145d8104ebe0273f-sokoban-p16.sas.ex.15-sc2016.cnf', '../instances/train/83dc8f675657b3e6d148ef5cf897fb82-openstacks-sequencedstrips-nonadl-nonnegated-os-sequencedstrips-p30_3.025-NOTKNOWN.cnf', '../instances/train/8bf63d50ebdb645b75a24370b8f94d31-sokoban-p20.sas.cr.25.cnf', '../instances/train/aacfb8797097f698d14337d3a04f3065-barman-pfile06-022.sas.ex.7.cnf']
29: Solved
29: Solved
29: Timeout
29: Solved
29: Timeout
29: Timeout
29: Timeout
29: Solved
[INFO][abstract_intensifier.py:595] Added config 7568d0 and rejected config 3112da as incumbent because it is not better than the incumbents on 1 instances:
Getting instances
['/nfs/share/instances/gbd/cnf/0191a0bf3412ed407ba669f8d69081ee-mrpp_6x6#18_20.cnf.xz', '/nfs/share/instances/gbd/cnf/02066c116dbacc40ec5cca2067db26c0-mrpp_4x4#12_12.cnf.xz', '/nfs/share/instances/gbd/cnf/0ac5ff376b826f68d384ba05a1d00de0-sokoban-p20.sas.cr.33.cnf.xz', '/nfs/share/instances/gbd/cnf/3cff6c97a515aecfe46ba0f1256a3c11-shuffling-1-s1870372346-of-bench-sat04-423.used-as.sat04-562.cnf.xz', '/nfs/share/instances/gbd/cnf/69e34d0f49c71a7e145d8104ebe0273f-sokoban-p16.sas.ex.15-sc2016.cnf.xz', '/nfs/share/instances/gbd/cnf/83dc8f675657b3e6d148ef5cf897fb82-openstacks-sequencedstrips-nonadl-nonnegated-os-sequencedstrips-p30_3.025-NOTKNOWN.cnf.xz', '/nfs/share/instances/gbd/cnf/8bf63d50ebdb645b75a24370b8f94d31-sokoban-p20.sas.cr.25.cnf.xz', '/nfs/share/instances/gbd/cnf/aacfb8797097f698d14337d3a04f3065-barman-pfile06-022.sas.ex.7.cnf.xz']
['../instances/train/0191a0bf3412ed407ba669f8d69081ee-mrpp_6x6#18_20.cnf', '../instances/train/02066c116dbacc40ec5cca2067db26c0-mrpp_4x4#12_12.cnf', '../instances/train/0ac5ff376b826f68d384ba05a1d00de0-sokoban-p20.sas.cr.33.cnf', '../instances/train/3cff6c97a515aecfe46ba0f1256a3c11-shuffling-1-s1870372346-of-bench-sat04-423.used-as.sat04-562.cnf', '../instances/train/69e34d0f49c71a7e145d8104ebe0273f-sokoban-p16.sas.ex.15-sc2016.cnf', '../instances/train/83dc8f675657b3e6d148ef5cf897fb82-openstacks-sequencedstrips-nonadl-nonnegated-os-sequencedstrips-p30_3.025-NOTKNOWN.cnf', '../instances/train/8bf63d50ebdb645b75a24370b8f94d31-sokoban-p20.sas.cr.25.cnf', '../instances/train/aacfb8797097f698d14337d3a04f3065-barman-pfile06-022.sas.ex.7.cnf']
29: Solved
29: Solved
29: Timeout
29: Solved
29: Timeout
29: Timeout
29: Timeout
29: Solved
[INFO][abstract_intensifier.py:595] Added config 9d4e5c and rejected config 7568d0 as incumbent because it is not better than the incumbents on 1 instances:
Getting instances
['/nfs/share/instances/gbd/cnf/0191a0bf3412ed407ba669f8d69081ee-mrpp_6x6#18_20.cnf.xz', '/nfs/share/instances/gbd/cnf/02066c116dbacc40ec5cca2067db26c0-mrpp_4x4#12_12.cnf.xz', '/nfs/share/instances/gbd/cnf/0ac5ff376b826f68d384ba05a1d00de0-sokoban-p20.sas.cr.33.cnf.xz', '/nfs/share/instances/gbd/cnf/3cff6c97a515aecfe46ba0f1256a3c11-shuffling-1-s1870372346-of-bench-sat04-423.used-as.sat04-562.cnf.xz', '/nfs/share/instances/gbd/cnf/69e34d0f49c71a7e145d8104ebe0273f-sokoban-p16.sas.ex.15-sc2016.cnf.xz', '/nfs/share/instances/gbd/cnf/83dc8f675657b3e6d148ef5cf897fb82-openstacks-sequencedstrips-nonadl-nonnegated-os-sequencedstrips-p30_3.025-NOTKNOWN.cnf.xz', '/nfs/share/instances/gbd/cnf/8bf63d50ebdb645b75a24370b8f94d31-sokoban-p20.sas.cr.25.cnf.xz', '/nfs/share/instances/gbd/cnf/aacfb8797097f698d14337d3a04f3065-barman-pfile06-022.sas.ex.7.cnf.xz']
['../instances/train/0191a0bf3412ed407ba669f8d69081ee-mrpp_6x6#18_20.cnf', '../instances/train/02066c116dbacc40ec5cca2067db26c0-mrpp_4x4#12_12.cnf', '../instances/train/0ac5ff376b826f68d384ba05a1d00de0-sokoban-p20.sas.cr.33.cnf', '../instances/train/3cff6c97a515aecfe46ba0f1256a3c11-shuffling-1-s1870372346-of-bench-sat04-423.used-as.sat04-562.cnf', '../instances/train/69e34d0f49c71a7e145d8104ebe0273f-sokoban-p16.sas.ex.15-sc2016.cnf', '../instances/train/83dc8f675657b3e6d148ef5cf897fb82-openstacks-sequencedstrips-nonadl-nonnegated-os-sequencedstrips-p30_3.025-NOTKNOWN.cnf', '../instances/train/8bf63d50ebdb645b75a24370b8f94d31-sokoban-p20.sas.cr.25.cnf', '../instances/train/aacfb8797097f698d14337d3a04f3065-barman-pfile06-022.sas.ex.7.cnf']
29: Solved
29: Solved
29: Timeout
29: Solved
29: Timeout
29: Timeout
29: Timeout
29: Solved
Getting instances
['/nfs/share/instances/gbd/cnf/0191a0bf3412ed407ba669f8d69081ee-mrpp_6x6#18_20.cnf.xz', '/nfs/share/instances/gbd/cnf/02066c116dbacc40ec5cca2067db26c0-mrpp_4x4#12_12.cnf.xz', '/nfs/share/instances/gbd/cnf/0ac5ff376b826f68d384ba05a1d00de0-sokoban-p20.sas.cr.33.cnf.xz', '/nfs/share/instances/gbd/cnf/3cff6c97a515aecfe46ba0f1256a3c11-shuffling-1-s1870372346-of-bench-sat04-423.used-as.sat04-562.cnf.xz', '/nfs/share/instances/gbd/cnf/69e34d0f49c71a7e145d8104ebe0273f-sokoban-p16.sas.ex.15-sc2016.cnf.xz', '/nfs/share/instances/gbd/cnf/83dc8f675657b3e6d148ef5cf897fb82-openstacks-sequencedstrips-nonadl-nonnegated-os-sequencedstrips-p30_3.025-NOTKNOWN.cnf.xz', '/nfs/share/instances/gbd/cnf/8bf63d50ebdb645b75a24370b8f94d31-sokoban-p20.sas.cr.25.cnf.xz', '/nfs/share/instances/gbd/cnf/aacfb8797097f698d14337d3a04f3065-barman-pfile06-022.sas.ex.7.cnf.xz']
['../instances/train/0191a0bf3412ed407ba669f8d69081ee-mrpp_6x6#18_20.cnf', '../instances/train/02066c116dbacc40ec5cca2067db26c0-mrpp_4x4#12_12.cnf', '../instances/train/0ac5ff376b826f68d384ba05a1d00de0-sokoban-p20.sas.cr.33.cnf', '../instances/train/3cff6c97a515aecfe46ba0f1256a3c11-shuffling-1-s1870372346-of-bench-sat04-423.used-as.sat04-562.cnf', '../instances/train/69e34d0f49c71a7e145d8104ebe0273f-sokoban-p16.sas.ex.15-sc2016.cnf', '../instances/train/83dc8f675657b3e6d148ef5cf897fb82-openstacks-sequencedstrips-nonadl-nonnegated-os-sequencedstrips-p30_3.025-NOTKNOWN.cnf', '../instances/train/8bf63d50ebdb645b75a24370b8f94d31-sokoban-p20.sas.cr.25.cnf', '../instances/train/aacfb8797097f698d14337d3a04f3065-barman-pfile06-022.sas.ex.7.cnf']
29: Solved
29: Solved
29: Timeout
29: Solved
29: Timeout
29: Timeout
29: Timeout
29: Solved
Getting instances
['/nfs/share/instances/gbd/cnf/0191a0bf3412ed407ba669f8d69081ee-mrpp_6x6#18_20.cnf.xz', '/nfs/share/instances/gbd/cnf/02066c116dbacc40ec5cca2067db26c0-mrpp_4x4#12_12.cnf.xz', '/nfs/share/instances/gbd/cnf/0ac5ff376b826f68d384ba05a1d00de0-sokoban-p20.sas.cr.33.cnf.xz', '/nfs/share/instances/gbd/cnf/3cff6c97a515aecfe46ba0f1256a3c11-shuffling-1-s1870372346-of-bench-sat04-423.used-as.sat04-562.cnf.xz', '/nfs/share/instances/gbd/cnf/69e34d0f49c71a7e145d8104ebe0273f-sokoban-p16.sas.ex.15-sc2016.cnf.xz', '/nfs/share/instances/gbd/cnf/83dc8f675657b3e6d148ef5cf897fb82-openstacks-sequencedstrips-nonadl-nonnegated-os-sequencedstrips-p30_3.025-NOTKNOWN.cnf.xz', '/nfs/share/instances/gbd/cnf/8bf63d50ebdb645b75a24370b8f94d31-sokoban-p20.sas.cr.25.cnf.xz', '/nfs/share/instances/gbd/cnf/aacfb8797097f698d14337d3a04f3065-barman-pfile06-022.sas.ex.7.cnf.xz']
['../instances/train/0191a0bf3412ed407ba669f8d69081ee-mrpp_6x6#18_20.cnf', '../instances/train/02066c116dbacc40ec5cca2067db26c0-mrpp_4x4#12_12.cnf', '../instances/train/0ac5ff376b826f68d384ba05a1d00de0-sokoban-p20.sas.cr.33.cnf', '../instances/train/3cff6c97a515aecfe46ba0f1256a3c11-shuffling-1-s1870372346-of-bench-sat04-423.used-as.sat04-562.cnf', '../instances/train/69e34d0f49c71a7e145d8104ebe0273f-sokoban-p16.sas.ex.15-sc2016.cnf', '../instances/train/83dc8f675657b3e6d148ef5cf897fb82-openstacks-sequencedstrips-nonadl-nonnegated-os-sequencedstrips-p30_3.025-NOTKNOWN.cnf', '../instances/train/8bf63d50ebdb645b75a24370b8f94d31-sokoban-p20.sas.cr.25.cnf', '../instances/train/aacfb8797097f698d14337d3a04f3065-barman-pfile06-022.sas.ex.7.cnf']
29: Solved
29: Solved
29: Timeout
29: Solved
29: Timeout
29: Timeout
29: Timeout
29: Solved
Getting instances
['/nfs/share/instances/gbd/cnf/0191a0bf3412ed407ba669f8d69081ee-mrpp_6x6#18_20.cnf.xz', '/nfs/share/instances/gbd/cnf/02066c116dbacc40ec5cca2067db26c0-mrpp_4x4#12_12.cnf.xz', '/nfs/share/instances/gbd/cnf/0ac5ff376b826f68d384ba05a1d00de0-sokoban-p20.sas.cr.33.cnf.xz', '/nfs/share/instances/gbd/cnf/3cff6c97a515aecfe46ba0f1256a3c11-shuffling-1-s1870372346-of-bench-sat04-423.used-as.sat04-562.cnf.xz', '/nfs/share/instances/gbd/cnf/69e34d0f49c71a7e145d8104ebe0273f-sokoban-p16.sas.ex.15-sc2016.cnf.xz', '/nfs/share/instances/gbd/cnf/83dc8f675657b3e6d148ef5cf897fb82-openstacks-sequencedstrips-nonadl-nonnegated-os-sequencedstrips-p30_3.025-NOTKNOWN.cnf.xz', '/nfs/share/instances/gbd/cnf/8bf63d50ebdb645b75a24370b8f94d31-sokoban-p20.sas.cr.25.cnf.xz', '/nfs/share/instances/gbd/cnf/aacfb8797097f698d14337d3a04f3065-barman-pfile06-022.sas.ex.7.cnf.xz']
['../instances/train/0191a0bf3412ed407ba669f8d69081ee-mrpp_6x6#18_20.cnf', '../instances/train/02066c116dbacc40ec5cca2067db26c0-mrpp_4x4#12_12.cnf', '../instances/train/0ac5ff376b826f68d384ba05a1d00de0-sokoban-p20.sas.cr.33.cnf', '../instances/train/3cff6c97a515aecfe46ba0f1256a3c11-shuffling-1-s1870372346-of-bench-sat04-423.used-as.sat04-562.cnf', '../instances/train/69e34d0f49c71a7e145d8104ebe0273f-sokoban-p16.sas.ex.15-sc2016.cnf', '../instances/train/83dc8f675657b3e6d148ef5cf897fb82-openstacks-sequencedstrips-nonadl-nonnegated-os-sequencedstrips-p30_3.025-NOTKNOWN.cnf', '../instances/train/8bf63d50ebdb645b75a24370b8f94d31-sokoban-p20.sas.cr.25.cnf', '../instances/train/aacfb8797097f698d14337d3a04f3065-barman-pfile06-022.sas.ex.7.cnf']
29: Solved
29: Solved
29: Timeout
29: Solved
29: Timeout
29: Timeout
29: Timeout
29: Solved
Getting instances
['/nfs/share/instances/gbd/cnf/0191a0bf3412ed407ba669f8d69081ee-mrpp_6x6#18_20.cnf.xz', '/nfs/share/instances/gbd/cnf/02066c116dbacc40ec5cca2067db26c0-mrpp_4x4#12_12.cnf.xz', '/nfs/share/instances/gbd/cnf/0ac5ff376b826f68d384ba05a1d00de0-sokoban-p20.sas.cr.33.cnf.xz', '/nfs/share/instances/gbd/cnf/3cff6c97a515aecfe46ba0f1256a3c11-shuffling-1-s1870372346-of-bench-sat04-423.used-as.sat04-562.cnf.xz', '/nfs/share/instances/gbd/cnf/69e34d0f49c71a7e145d8104ebe0273f-sokoban-p16.sas.ex.15-sc2016.cnf.xz', '/nfs/share/instances/gbd/cnf/83dc8f675657b3e6d148ef5cf897fb82-openstacks-sequencedstrips-nonadl-nonnegated-os-sequencedstrips-p30_3.025-NOTKNOWN.cnf.xz', '/nfs/share/instances/gbd/cnf/8bf63d50ebdb645b75a24370b8f94d31-sokoban-p20.sas.cr.25.cnf.xz', '/nfs/share/instances/gbd/cnf/aacfb8797097f698d14337d3a04f3065-barman-pfile06-022.sas.ex.7.cnf.xz']
['../instances/train/0191a0bf3412ed407ba669f8d69081ee-mrpp_6x6#18_20.cnf', '../instances/train/02066c116dbacc40ec5cca2067db26c0-mrpp_4x4#12_12.cnf', '../instances/train/0ac5ff376b826f68d384ba05a1d00de0-sokoban-p20.sas.cr.33.cnf', '../instances/train/3cff6c97a515aecfe46ba0f1256a3c11-shuffling-1-s1870372346-of-bench-sat04-423.used-as.sat04-562.cnf', '../instances/train/69e34d0f49c71a7e145d8104ebe0273f-sokoban-p16.sas.ex.15-sc2016.cnf', '../instances/train/83dc8f675657b3e6d148ef5cf897fb82-openstacks-sequencedstrips-nonadl-nonnegated-os-sequencedstrips-p30_3.025-NOTKNOWN.cnf', '../instances/train/8bf63d50ebdb645b75a24370b8f94d31-sokoban-p20.sas.cr.25.cnf', '../instances/train/aacfb8797097f698d14337d3a04f3065-barman-pfile06-022.sas.ex.7.cnf']
29: Solved
29: Solved
29: Timeout
29: Solved
29: Timeout
29: Timeout
29: Timeout
29: Solved
Getting instances
['/nfs/share/instances/gbd/cnf/0191a0bf3412ed407ba669f8d69081ee-mrpp_6x6#18_20.cnf.xz', '/nfs/share/instances/gbd/cnf/02066c116dbacc40ec5cca2067db26c0-mrpp_4x4#12_12.cnf.xz', '/nfs/share/instances/gbd/cnf/0ac5ff376b826f68d384ba05a1d00de0-sokoban-p20.sas.cr.33.cnf.xz', '/nfs/share/instances/gbd/cnf/3cff6c97a515aecfe46ba0f1256a3c11-shuffling-1-s1870372346-of-bench-sat04-423.used-as.sat04-562.cnf.xz', '/nfs/share/instances/gbd/cnf/69e34d0f49c71a7e145d8104ebe0273f-sokoban-p16.sas.ex.15-sc2016.cnf.xz', '/nfs/share/instances/gbd/cnf/83dc8f675657b3e6d148ef5cf897fb82-openstacks-sequencedstrips-nonadl-nonnegated-os-sequencedstrips-p30_3.025-NOTKNOWN.cnf.xz', '/nfs/share/instances/gbd/cnf/8bf63d50ebdb645b75a24370b8f94d31-sokoban-p20.sas.cr.25.cnf.xz', '/nfs/share/instances/gbd/cnf/aacfb8797097f698d14337d3a04f3065-barman-pfile06-022.sas.ex.7.cnf.xz']
['../instances/train/0191a0bf3412ed407ba669f8d69081ee-mrpp_6x6#18_20.cnf', '../instances/train/02066c116dbacc40ec5cca2067db26c0-mrpp_4x4#12_12.cnf', '../instances/train/0ac5ff376b826f68d384ba05a1d00de0-sokoban-p20.sas.cr.33.cnf', '../instances/train/3cff6c97a515aecfe46ba0f1256a3c11-shuffling-1-s1870372346-of-bench-sat04-423.used-as.sat04-562.cnf', '../instances/train/69e34d0f49c71a7e145d8104ebe0273f-sokoban-p16.sas.ex.15-sc2016.cnf', '../instances/train/83dc8f675657b3e6d148ef5cf897fb82-openstacks-sequencedstrips-nonadl-nonnegated-os-sequencedstrips-p30_3.025-NOTKNOWN.cnf', '../instances/train/8bf63d50ebdb645b75a24370b8f94d31-sokoban-p20.sas.cr.25.cnf', '../instances/train/aacfb8797097f698d14337d3a04f3065-barman-pfile06-022.sas.ex.7.cnf']
29: Solved
29: Solved
29: Timeout
29: Solved
29: Timeout
29: Timeout
29: Timeout
29: Solved
Getting instances
['/nfs/share/instances/gbd/cnf/0191a0bf3412ed407ba669f8d69081ee-mrpp_6x6#18_20.cnf.xz', '/nfs/share/instances/gbd/cnf/02066c116dbacc40ec5cca2067db26c0-mrpp_4x4#12_12.cnf.xz', '/nfs/share/instances/gbd/cnf/0ac5ff376b826f68d384ba05a1d00de0-sokoban-p20.sas.cr.33.cnf.xz', '/nfs/share/instances/gbd/cnf/3cff6c97a515aecfe46ba0f1256a3c11-shuffling-1-s1870372346-of-bench-sat04-423.used-as.sat04-562.cnf.xz', '/nfs/share/instances/gbd/cnf/69e34d0f49c71a7e145d8104ebe0273f-sokoban-p16.sas.ex.15-sc2016.cnf.xz', '/nfs/share/instances/gbd/cnf/83dc8f675657b3e6d148ef5cf897fb82-openstacks-sequencedstrips-nonadl-nonnegated-os-sequencedstrips-p30_3.025-NOTKNOWN.cnf.xz', '/nfs/share/instances/gbd/cnf/8bf63d50ebdb645b75a24370b8f94d31-sokoban-p20.sas.cr.25.cnf.xz', '/nfs/share/instances/gbd/cnf/aacfb8797097f698d14337d3a04f3065-barman-pfile06-022.sas.ex.7.cnf.xz']
['../instances/train/0191a0bf3412ed407ba669f8d69081ee-mrpp_6x6#18_20.cnf', '../instances/train/02066c116dbacc40ec5cca2067db26c0-mrpp_4x4#12_12.cnf', '../instances/train/0ac5ff376b826f68d384ba05a1d00de0-sokoban-p20.sas.cr.33.cnf', '../instances/train/3cff6c97a515aecfe46ba0f1256a3c11-shuffling-1-s1870372346-of-bench-sat04-423.used-as.sat04-562.cnf', '../instances/train/69e34d0f49c71a7e145d8104ebe0273f-sokoban-p16.sas.ex.15-sc2016.cnf', '../instances/train/83dc8f675657b3e6d148ef5cf897fb82-openstacks-sequencedstrips-nonadl-nonnegated-os-sequencedstrips-p30_3.025-NOTKNOWN.cnf', '../instances/train/8bf63d50ebdb645b75a24370b8f94d31-sokoban-p20.sas.cr.25.cnf', '../instances/train/aacfb8797097f698d14337d3a04f3065-barman-pfile06-022.sas.ex.7.cnf']
29: Solved
29: Solved
29: Timeout
29: Solved
29: Timeout
29: Timeout
29: Timeout
29: Solved
[INFO][smbo.py:328] Configuration budget is exhausted:
[INFO][smbo.py:329] --- Remaining wallclock time: inf
[INFO][smbo.py:330] --- Remaining cpu time: inf
[INFO][smbo.py:331] --- Remaining trials: 0
Configuration(values={
  'backbone': 0,
  'congruenceands': 'false',
  'congruencexors': 'false',
  'phase': 'false',
  'probeint': 36,
  'restartint': 5607,
  'sweepclauses': 1810819215,
  'target': 2,
  'vivifyirr': 71,
})
