Setting up config
Starting smac
[INFO][abstract_initial_design.py:95] Reducing the number of initial configurations from 110 to 2 (max_ratio == 0.25).
[INFO][abstract_initial_design.py:147] Using 2 initial design configurations and 0 additional configurations.
[INFO][abstract_intensifier.py:306] Using only one seed for deterministic scenario.
Getting instances
['/nfs/share/instances/gbd/cnf/08455b2e1e6fda910989f0481a20f1c3-hash_table_find_safety_size_13.cnf.xz', '/nfs/share/instances/gbd/cnf/15a2ec07aaca45d454a2fbfc0624e75e-hash_table_find_safety_size_29.cnf.xz', '/nfs/share/instances/gbd/cnf/28857e681fc6a9077d5a7d0e9c7a19ad-hash_table_find_safety_size_14.cnf.xz', '/nfs/share/instances/gbd/cnf/29505dfcf090c4cfdfb59268160be81d-hash_table_find_safety_size_24.cnf.xz', '/nfs/share/instances/gbd/cnf/45faf223af97fe9177daa3ad4002cf2f-hash_table_find_safety_size_25.cnf.xz', '/nfs/share/instances/gbd/cnf/5a72cb588bcda7b1b54a1eac6b19ab2e-hash_table_find_safety_size_23.cnf.xz', '/nfs/share/instances/gbd/cnf/6549f23728c52d5319f30371ff709622-hash_table_find_safety_size_27.cnf.xz', '/nfs/share/instances/gbd/cnf/65b1e2253626af4a72b954f8186a5880-hash_table_find_safety_size_10.cnf.xz', '/nfs/share/instances/gbd/cnf/67a5b7ccde980b37576b993c79e176b0-hash_table_find_safety_size_22.cnf.xz', '/nfs/share/instances/gbd/cnf/685d37e93ba26197925353e58026ae10-hash_table_find_safety_size_12.cnf.xz', '/nfs/share/instances/gbd/cnf/6dca14e1af1795565d1e502ddc7d376b-hash_table_find_safety_size_15.cnf.xz', '/nfs/share/instances/gbd/cnf/6e31e88a5dadaa3876eb5ff4293134c2-hash_table_find_safety_size_21.cnf.xz', '/nfs/share/instances/gbd/cnf/8252d67358381873e07bb637ad177b83-hash_table_find_safety_size_16.cnf.xz', '/nfs/share/instances/gbd/cnf/9e7f2b92c6e46d03ddcafd798aa80cb6-hash_table_find_safety_size_17.cnf.xz', '/nfs/share/instances/gbd/cnf/a292411f3f563a47c05a78f8295163dc-hash_table_find_safety_size_26.cnf.xz', '/nfs/share/instances/gbd/cnf/a9d081cbb33e6051be2512f2a2269d65-hash_table_find_safety_size_20.cnf.xz', '/nfs/share/instances/gbd/cnf/bb8042839130ce5597c358c1955706ff-hash_table_find_safety_size_30.cnf.xz', '/nfs/share/instances/gbd/cnf/bc7dc7a83b442a2bf4cf8cae3f0e0faa-hash_table_find_safety_size_18.cnf.xz', '/nfs/share/instances/gbd/cnf/c40838cb3ed9babe51dc41185e70a3dd-hash_table_find_safety_size_11.cnf.xz', '/nfs/share/instances/gbd/cnf/e5a72ac8f4880702a4deacc7854318e8-hash_table_find_safety_size_19.cnf.xz']
['../instances/train/08455b2e1e6fda910989f0481a20f1c3-hash_table_find_safety_size_13.cnf', '../instances/train/15a2ec07aaca45d454a2fbfc0624e75e-hash_table_find_safety_size_29.cnf', '../instances/train/28857e681fc6a9077d5a7d0e9c7a19ad-hash_table_find_safety_size_14.cnf', '../instances/train/29505dfcf090c4cfdfb59268160be81d-hash_table_find_safety_size_24.cnf', '../instances/train/45faf223af97fe9177daa3ad4002cf2f-hash_table_find_safety_size_25.cnf', '../instances/train/5a72cb588bcda7b1b54a1eac6b19ab2e-hash_table_find_safety_size_23.cnf', '../instances/train/6549f23728c52d5319f30371ff709622-hash_table_find_safety_size_27.cnf', '../instances/train/65b1e2253626af4a72b954f8186a5880-hash_table_find_safety_size_10.cnf', '../instances/train/67a5b7ccde980b37576b993c79e176b0-hash_table_find_safety_size_22.cnf', '../instances/train/685d37e93ba26197925353e58026ae10-hash_table_find_safety_size_12.cnf', '../instances/train/6dca14e1af1795565d1e502ddc7d376b-hash_table_find_safety_size_15.cnf', '../instances/train/6e31e88a5dadaa3876eb5ff4293134c2-hash_table_find_safety_size_21.cnf', '../instances/train/8252d67358381873e07bb637ad177b83-hash_table_find_safety_size_16.cnf', '../instances/train/9e7f2b92c6e46d03ddcafd798aa80cb6-hash_table_find_safety_size_17.cnf', '../instances/train/a292411f3f563a47c05a78f8295163dc-hash_table_find_safety_size_26.cnf', '../instances/train/a9d081cbb33e6051be2512f2a2269d65-hash_table_find_safety_size_20.cnf', '../instances/train/bb8042839130ce5597c358c1955706ff-hash_table_find_safety_size_30.cnf', '../instances/train/bc7dc7a83b442a2bf4cf8cae3f0e0faa-hash_table_find_safety_size_18.cnf', '../instances/train/c40838cb3ed9babe51dc41185e70a3dd-hash_table_find_safety_size_11.cnf', '../instances/train/e5a72ac8f4880702a4deacc7854318e8-hash_table_find_safety_size_19.cnf']
16: Solved
16: Solved
16: Solved
16: Solved
16: Solved
16: Solved
16: Solved
16: Solved
16: Solved
16: Solved
16: Solved
16: Solved
16: Solved
16: Solved
16: Solved
16: Solved
16: Solved
16: Solved
16: Solved
16: Solved
[INFO][abstract_intensifier.py:516] Added config 3112da as new incumbent because there are no incumbents yet.
Getting instances
['/nfs/share/instances/gbd/cnf/08455b2e1e6fda910989f0481a20f1c3-hash_table_find_safety_size_13.cnf.xz', '/nfs/share/instances/gbd/cnf/15a2ec07aaca45d454a2fbfc0624e75e-hash_table_find_safety_size_29.cnf.xz', '/nfs/share/instances/gbd/cnf/28857e681fc6a9077d5a7d0e9c7a19ad-hash_table_find_safety_size_14.cnf.xz', '/nfs/share/instances/gbd/cnf/29505dfcf090c4cfdfb59268160be81d-hash_table_find_safety_size_24.cnf.xz', '/nfs/share/instances/gbd/cnf/45faf223af97fe9177daa3ad4002cf2f-hash_table_find_safety_size_25.cnf.xz', '/nfs/share/instances/gbd/cnf/5a72cb588bcda7b1b54a1eac6b19ab2e-hash_table_find_safety_size_23.cnf.xz', '/nfs/share/instances/gbd/cnf/6549f23728c52d5319f30371ff709622-hash_table_find_safety_size_27.cnf.xz', '/nfs/share/instances/gbd/cnf/65b1e2253626af4a72b954f8186a5880-hash_table_find_safety_size_10.cnf.xz', '/nfs/share/instances/gbd/cnf/67a5b7ccde980b37576b993c79e176b0-hash_table_find_safety_size_22.cnf.xz', '/nfs/share/instances/gbd/cnf/685d37e93ba26197925353e58026ae10-hash_table_find_safety_size_12.cnf.xz', '/nfs/share/instances/gbd/cnf/6dca14e1af1795565d1e502ddc7d376b-hash_table_find_safety_size_15.cnf.xz', '/nfs/share/instances/gbd/cnf/6e31e88a5dadaa3876eb5ff4293134c2-hash_table_find_safety_size_21.cnf.xz', '/nfs/share/instances/gbd/cnf/8252d67358381873e07bb637ad177b83-hash_table_find_safety_size_16.cnf.xz', '/nfs/share/instances/gbd/cnf/9e7f2b92c6e46d03ddcafd798aa80cb6-hash_table_find_safety_size_17.cnf.xz', '/nfs/share/instances/gbd/cnf/a292411f3f563a47c05a78f8295163dc-hash_table_find_safety_size_26.cnf.xz', '/nfs/share/instances/gbd/cnf/a9d081cbb33e6051be2512f2a2269d65-hash_table_find_safety_size_20.cnf.xz', '/nfs/share/instances/gbd/cnf/bb8042839130ce5597c358c1955706ff-hash_table_find_safety_size_30.cnf.xz', '/nfs/share/instances/gbd/cnf/bc7dc7a83b442a2bf4cf8cae3f0e0faa-hash_table_find_safety_size_18.cnf.xz', '/nfs/share/instances/gbd/cnf/c40838cb3ed9babe51dc41185e70a3dd-hash_table_find_safety_size_11.cnf.xz', '/nfs/share/instances/gbd/cnf/e5a72ac8f4880702a4deacc7854318e8-hash_table_find_safety_size_19.cnf.xz']
['../instances/train/08455b2e1e6fda910989f0481a20f1c3-hash_table_find_safety_size_13.cnf', '../instances/train/15a2ec07aaca45d454a2fbfc0624e75e-hash_table_find_safety_size_29.cnf', '../instances/train/28857e681fc6a9077d5a7d0e9c7a19ad-hash_table_find_safety_size_14.cnf', '../instances/train/29505dfcf090c4cfdfb59268160be81d-hash_table_find_safety_size_24.cnf', '../instances/train/45faf223af97fe9177daa3ad4002cf2f-hash_table_find_safety_size_25.cnf', '../instances/train/5a72cb588bcda7b1b54a1eac6b19ab2e-hash_table_find_safety_size_23.cnf', '../instances/train/6549f23728c52d5319f30371ff709622-hash_table_find_safety_size_27.cnf', '../instances/train/65b1e2253626af4a72b954f8186a5880-hash_table_find_safety_size_10.cnf', '../instances/train/67a5b7ccde980b37576b993c79e176b0-hash_table_find_safety_size_22.cnf', '../instances/train/685d37e93ba26197925353e58026ae10-hash_table_find_safety_size_12.cnf', '../instances/train/6dca14e1af1795565d1e502ddc7d376b-hash_table_find_safety_size_15.cnf', '../instances/train/6e31e88a5dadaa3876eb5ff4293134c2-hash_table_find_safety_size_21.cnf', '../instances/train/8252d67358381873e07bb637ad177b83-hash_table_find_safety_size_16.cnf', '../instances/train/9e7f2b92c6e46d03ddcafd798aa80cb6-hash_table_find_safety_size_17.cnf', '../instances/train/a292411f3f563a47c05a78f8295163dc-hash_table_find_safety_size_26.cnf', '../instances/train/a9d081cbb33e6051be2512f2a2269d65-hash_table_find_safety_size_20.cnf', '../instances/train/bb8042839130ce5597c358c1955706ff-hash_table_find_safety_size_30.cnf', '../instances/train/bc7dc7a83b442a2bf4cf8cae3f0e0faa-hash_table_find_safety_size_18.cnf', '../instances/train/c40838cb3ed9babe51dc41185e70a3dd-hash_table_find_safety_size_11.cnf', '../instances/train/e5a72ac8f4880702a4deacc7854318e8-hash_table_find_safety_size_19.cnf']
16: Solved
16: Solved
16: Solved
16: Solved
16: Solved
16: Solved
16: Solved
16: Solved
16: Solved
16: Solved
16: Solved
16: Solved
16: Solved
16: Solved
16: Solved
16: Solved
16: Solved
16: Solved
16: Solved
16: Solved
Getting instances
['/nfs/share/instances/gbd/cnf/08455b2e1e6fda910989f0481a20f1c3-hash_table_find_safety_size_13.cnf.xz', '/nfs/share/instances/gbd/cnf/15a2ec07aaca45d454a2fbfc0624e75e-hash_table_find_safety_size_29.cnf.xz', '/nfs/share/instances/gbd/cnf/28857e681fc6a9077d5a7d0e9c7a19ad-hash_table_find_safety_size_14.cnf.xz', '/nfs/share/instances/gbd/cnf/29505dfcf090c4cfdfb59268160be81d-hash_table_find_safety_size_24.cnf.xz', '/nfs/share/instances/gbd/cnf/45faf223af97fe9177daa3ad4002cf2f-hash_table_find_safety_size_25.cnf.xz', '/nfs/share/instances/gbd/cnf/5a72cb588bcda7b1b54a1eac6b19ab2e-hash_table_find_safety_size_23.cnf.xz', '/nfs/share/instances/gbd/cnf/6549f23728c52d5319f30371ff709622-hash_table_find_safety_size_27.cnf.xz', '/nfs/share/instances/gbd/cnf/65b1e2253626af4a72b954f8186a5880-hash_table_find_safety_size_10.cnf.xz', '/nfs/share/instances/gbd/cnf/67a5b7ccde980b37576b993c79e176b0-hash_table_find_safety_size_22.cnf.xz', '/nfs/share/instances/gbd/cnf/685d37e93ba26197925353e58026ae10-hash_table_find_safety_size_12.cnf.xz', '/nfs/share/instances/gbd/cnf/6dca14e1af1795565d1e502ddc7d376b-hash_table_find_safety_size_15.cnf.xz', '/nfs/share/instances/gbd/cnf/6e31e88a5dadaa3876eb5ff4293134c2-hash_table_find_safety_size_21.cnf.xz', '/nfs/share/instances/gbd/cnf/8252d67358381873e07bb637ad177b83-hash_table_find_safety_size_16.cnf.xz', '/nfs/share/instances/gbd/cnf/9e7f2b92c6e46d03ddcafd798aa80cb6-hash_table_find_safety_size_17.cnf.xz', '/nfs/share/instances/gbd/cnf/a292411f3f563a47c05a78f8295163dc-hash_table_find_safety_size_26.cnf.xz', '/nfs/share/instances/gbd/cnf/a9d081cbb33e6051be2512f2a2269d65-hash_table_find_safety_size_20.cnf.xz', '/nfs/share/instances/gbd/cnf/bb8042839130ce5597c358c1955706ff-hash_table_find_safety_size_30.cnf.xz', '/nfs/share/instances/gbd/cnf/bc7dc7a83b442a2bf4cf8cae3f0e0faa-hash_table_find_safety_size_18.cnf.xz', '/nfs/share/instances/gbd/cnf/c40838cb3ed9babe51dc41185e70a3dd-hash_table_find_safety_size_11.cnf.xz', '/nfs/share/instances/gbd/cnf/e5a72ac8f4880702a4deacc7854318e8-hash_table_find_safety_size_19.cnf.xz']
['../instances/train/08455b2e1e6fda910989f0481a20f1c3-hash_table_find_safety_size_13.cnf', '../instances/train/15a2ec07aaca45d454a2fbfc0624e75e-hash_table_find_safety_size_29.cnf', '../instances/train/28857e681fc6a9077d5a7d0e9c7a19ad-hash_table_find_safety_size_14.cnf', '../instances/train/29505dfcf090c4cfdfb59268160be81d-hash_table_find_safety_size_24.cnf', '../instances/train/45faf223af97fe9177daa3ad4002cf2f-hash_table_find_safety_size_25.cnf', '../instances/train/5a72cb588bcda7b1b54a1eac6b19ab2e-hash_table_find_safety_size_23.cnf', '../instances/train/6549f23728c52d5319f30371ff709622-hash_table_find_safety_size_27.cnf', '../instances/train/65b1e2253626af4a72b954f8186a5880-hash_table_find_safety_size_10.cnf', '../instances/train/67a5b7ccde980b37576b993c79e176b0-hash_table_find_safety_size_22.cnf', '../instances/train/685d37e93ba26197925353e58026ae10-hash_table_find_safety_size_12.cnf', '../instances/train/6dca14e1af1795565d1e502ddc7d376b-hash_table_find_safety_size_15.cnf', '../instances/train/6e31e88a5dadaa3876eb5ff4293134c2-hash_table_find_safety_size_21.cnf', '../instances/train/8252d67358381873e07bb637ad177b83-hash_table_find_safety_size_16.cnf', '../instances/train/9e7f2b92c6e46d03ddcafd798aa80cb6-hash_table_find_safety_size_17.cnf', '../instances/train/a292411f3f563a47c05a78f8295163dc-hash_table_find_safety_size_26.cnf', '../instances/train/a9d081cbb33e6051be2512f2a2269d65-hash_table_find_safety_size_20.cnf', '../instances/train/bb8042839130ce5597c358c1955706ff-hash_table_find_safety_size_30.cnf', '../instances/train/bc7dc7a83b442a2bf4cf8cae3f0e0faa-hash_table_find_safety_size_18.cnf', '../instances/train/c40838cb3ed9babe51dc41185e70a3dd-hash_table_find_safety_size_11.cnf', '../instances/train/e5a72ac8f4880702a4deacc7854318e8-hash_table_find_safety_size_19.cnf']
16: Solved
16: Solved
16: Solved
16: Solved
16: Solved
16: Solved
16: Solved
16: Solved
16: Solved
16: Solved
16: Solved
16: Solved
16: Solved
16: Solved
16: Solved
16: Solved
16: Solved
16: Solved
16: Solved
16: Solved
[INFO][abstract_intensifier.py:595] Added config d3a33d and rejected config 3112da as incumbent because it is not better than the incumbents on 1 instances:
Getting instances
['/nfs/share/instances/gbd/cnf/08455b2e1e6fda910989f0481a20f1c3-hash_table_find_safety_size_13.cnf.xz', '/nfs/share/instances/gbd/cnf/15a2ec07aaca45d454a2fbfc0624e75e-hash_table_find_safety_size_29.cnf.xz', '/nfs/share/instances/gbd/cnf/28857e681fc6a9077d5a7d0e9c7a19ad-hash_table_find_safety_size_14.cnf.xz', '/nfs/share/instances/gbd/cnf/29505dfcf090c4cfdfb59268160be81d-hash_table_find_safety_size_24.cnf.xz', '/nfs/share/instances/gbd/cnf/45faf223af97fe9177daa3ad4002cf2f-hash_table_find_safety_size_25.cnf.xz', '/nfs/share/instances/gbd/cnf/5a72cb588bcda7b1b54a1eac6b19ab2e-hash_table_find_safety_size_23.cnf.xz', '/nfs/share/instances/gbd/cnf/6549f23728c52d5319f30371ff709622-hash_table_find_safety_size_27.cnf.xz', '/nfs/share/instances/gbd/cnf/65b1e2253626af4a72b954f8186a5880-hash_table_find_safety_size_10.cnf.xz', '/nfs/share/instances/gbd/cnf/67a5b7ccde980b37576b993c79e176b0-hash_table_find_safety_size_22.cnf.xz', '/nfs/share/instances/gbd/cnf/685d37e93ba26197925353e58026ae10-hash_table_find_safety_size_12.cnf.xz', '/nfs/share/instances/gbd/cnf/6dca14e1af1795565d1e502ddc7d376b-hash_table_find_safety_size_15.cnf.xz', '/nfs/share/instances/gbd/cnf/6e31e88a5dadaa3876eb5ff4293134c2-hash_table_find_safety_size_21.cnf.xz', '/nfs/share/instances/gbd/cnf/8252d67358381873e07bb637ad177b83-hash_table_find_safety_size_16.cnf.xz', '/nfs/share/instances/gbd/cnf/9e7f2b92c6e46d03ddcafd798aa80cb6-hash_table_find_safety_size_17.cnf.xz', '/nfs/share/instances/gbd/cnf/a292411f3f563a47c05a78f8295163dc-hash_table_find_safety_size_26.cnf.xz', '/nfs/share/instances/gbd/cnf/a9d081cbb33e6051be2512f2a2269d65-hash_table_find_safety_size_20.cnf.xz', '/nfs/share/instances/gbd/cnf/bb8042839130ce5597c358c1955706ff-hash_table_find_safety_size_30.cnf.xz', '/nfs/share/instances/gbd/cnf/bc7dc7a83b442a2bf4cf8cae3f0e0faa-hash_table_find_safety_size_18.cnf.xz', '/nfs/share/instances/gbd/cnf/c40838cb3ed9babe51dc41185e70a3dd-hash_table_find_safety_size_11.cnf.xz', '/nfs/share/instances/gbd/cnf/e5a72ac8f4880702a4deacc7854318e8-hash_table_find_safety_size_19.cnf.xz']
['../instances/train/08455b2e1e6fda910989f0481a20f1c3-hash_table_find_safety_size_13.cnf', '../instances/train/15a2ec07aaca45d454a2fbfc0624e75e-hash_table_find_safety_size_29.cnf', '../instances/train/28857e681fc6a9077d5a7d0e9c7a19ad-hash_table_find_safety_size_14.cnf', '../instances/train/29505dfcf090c4cfdfb59268160be81d-hash_table_find_safety_size_24.cnf', '../instances/train/45faf223af97fe9177daa3ad4002cf2f-hash_table_find_safety_size_25.cnf', '../instances/train/5a72cb588bcda7b1b54a1eac6b19ab2e-hash_table_find_safety_size_23.cnf', '../instances/train/6549f23728c52d5319f30371ff709622-hash_table_find_safety_size_27.cnf', '../instances/train/65b1e2253626af4a72b954f8186a5880-hash_table_find_safety_size_10.cnf', '../instances/train/67a5b7ccde980b37576b993c79e176b0-hash_table_find_safety_size_22.cnf', '../instances/train/685d37e93ba26197925353e58026ae10-hash_table_find_safety_size_12.cnf', '../instances/train/6dca14e1af1795565d1e502ddc7d376b-hash_table_find_safety_size_15.cnf', '../instances/train/6e31e88a5dadaa3876eb5ff4293134c2-hash_table_find_safety_size_21.cnf', '../instances/train/8252d67358381873e07bb637ad177b83-hash_table_find_safety_size_16.cnf', '../instances/train/9e7f2b92c6e46d03ddcafd798aa80cb6-hash_table_find_safety_size_17.cnf', '../instances/train/a292411f3f563a47c05a78f8295163dc-hash_table_find_safety_size_26.cnf', '../instances/train/a9d081cbb33e6051be2512f2a2269d65-hash_table_find_safety_size_20.cnf', '../instances/train/bb8042839130ce5597c358c1955706ff-hash_table_find_safety_size_30.cnf', '../instances/train/bc7dc7a83b442a2bf4cf8cae3f0e0faa-hash_table_find_safety_size_18.cnf', '../instances/train/c40838cb3ed9babe51dc41185e70a3dd-hash_table_find_safety_size_11.cnf', '../instances/train/e5a72ac8f4880702a4deacc7854318e8-hash_table_find_safety_size_19.cnf']
16: Solved
16: Solved
16: Solved
16: Solved
16: Solved
16: Solved
16: Solved
16: Solved
16: Solved
16: Solved
16: Solved
16: Solved
16: Solved
16: Solved
16: Solved
16: Solved
16: Solved
16: Solved
16: Solved
16: Solved
Getting instances
['/nfs/share/instances/gbd/cnf/08455b2e1e6fda910989f0481a20f1c3-hash_table_find_safety_size_13.cnf.xz', '/nfs/share/instances/gbd/cnf/15a2ec07aaca45d454a2fbfc0624e75e-hash_table_find_safety_size_29.cnf.xz', '/nfs/share/instances/gbd/cnf/28857e681fc6a9077d5a7d0e9c7a19ad-hash_table_find_safety_size_14.cnf.xz', '/nfs/share/instances/gbd/cnf/29505dfcf090c4cfdfb59268160be81d-hash_table_find_safety_size_24.cnf.xz', '/nfs/share/instances/gbd/cnf/45faf223af97fe9177daa3ad4002cf2f-hash_table_find_safety_size_25.cnf.xz', '/nfs/share/instances/gbd/cnf/5a72cb588bcda7b1b54a1eac6b19ab2e-hash_table_find_safety_size_23.cnf.xz', '/nfs/share/instances/gbd/cnf/6549f23728c52d5319f30371ff709622-hash_table_find_safety_size_27.cnf.xz', '/nfs/share/instances/gbd/cnf/65b1e2253626af4a72b954f8186a5880-hash_table_find_safety_size_10.cnf.xz', '/nfs/share/instances/gbd/cnf/67a5b7ccde980b37576b993c79e176b0-hash_table_find_safety_size_22.cnf.xz', '/nfs/share/instances/gbd/cnf/685d37e93ba26197925353e58026ae10-hash_table_find_safety_size_12.cnf.xz', '/nfs/share/instances/gbd/cnf/6dca14e1af1795565d1e502ddc7d376b-hash_table_find_safety_size_15.cnf.xz', '/nfs/share/instances/gbd/cnf/6e31e88a5dadaa3876eb5ff4293134c2-hash_table_find_safety_size_21.cnf.xz', '/nfs/share/instances/gbd/cnf/8252d67358381873e07bb637ad177b83-hash_table_find_safety_size_16.cnf.xz', '/nfs/share/instances/gbd/cnf/9e7f2b92c6e46d03ddcafd798aa80cb6-hash_table_find_safety_size_17.cnf.xz', '/nfs/share/instances/gbd/cnf/a292411f3f563a47c05a78f8295163dc-hash_table_find_safety_size_26.cnf.xz', '/nfs/share/instances/gbd/cnf/a9d081cbb33e6051be2512f2a2269d65-hash_table_find_safety_size_20.cnf.xz', '/nfs/share/instances/gbd/cnf/bb8042839130ce5597c358c1955706ff-hash_table_find_safety_size_30.cnf.xz', '/nfs/share/instances/gbd/cnf/bc7dc7a83b442a2bf4cf8cae3f0e0faa-hash_table_find_safety_size_18.cnf.xz', '/nfs/share/instances/gbd/cnf/c40838cb3ed9babe51dc41185e70a3dd-hash_table_find_safety_size_11.cnf.xz', '/nfs/share/instances/gbd/cnf/e5a72ac8f4880702a4deacc7854318e8-hash_table_find_safety_size_19.cnf.xz']
['../instances/train/08455b2e1e6fda910989f0481a20f1c3-hash_table_find_safety_size_13.cnf', '../instances/train/15a2ec07aaca45d454a2fbfc0624e75e-hash_table_find_safety_size_29.cnf', '../instances/train/28857e681fc6a9077d5a7d0e9c7a19ad-hash_table_find_safety_size_14.cnf', '../instances/train/29505dfcf090c4cfdfb59268160be81d-hash_table_find_safety_size_24.cnf', '../instances/train/45faf223af97fe9177daa3ad4002cf2f-hash_table_find_safety_size_25.cnf', '../instances/train/5a72cb588bcda7b1b54a1eac6b19ab2e-hash_table_find_safety_size_23.cnf', '../instances/train/6549f23728c52d5319f30371ff709622-hash_table_find_safety_size_27.cnf', '../instances/train/65b1e2253626af4a72b954f8186a5880-hash_table_find_safety_size_10.cnf', '../instances/train/67a5b7ccde980b37576b993c79e176b0-hash_table_find_safety_size_22.cnf', '../instances/train/685d37e93ba26197925353e58026ae10-hash_table_find_safety_size_12.cnf', '../instances/train/6dca14e1af1795565d1e502ddc7d376b-hash_table_find_safety_size_15.cnf', '../instances/train/6e31e88a5dadaa3876eb5ff4293134c2-hash_table_find_safety_size_21.cnf', '../instances/train/8252d67358381873e07bb637ad177b83-hash_table_find_safety_size_16.cnf', '../instances/train/9e7f2b92c6e46d03ddcafd798aa80cb6-hash_table_find_safety_size_17.cnf', '../instances/train/a292411f3f563a47c05a78f8295163dc-hash_table_find_safety_size_26.cnf', '../instances/train/a9d081cbb33e6051be2512f2a2269d65-hash_table_find_safety_size_20.cnf', '../instances/train/bb8042839130ce5597c358c1955706ff-hash_table_find_safety_size_30.cnf', '../instances/train/bc7dc7a83b442a2bf4cf8cae3f0e0faa-hash_table_find_safety_size_18.cnf', '../instances/train/c40838cb3ed9babe51dc41185e70a3dd-hash_table_find_safety_size_11.cnf', '../instances/train/e5a72ac8f4880702a4deacc7854318e8-hash_table_find_safety_size_19.cnf']
16: Solved
16: Solved
16: Solved
16: Solved
16: Solved
16: Solved
16: Solved
16: Solved
16: Solved
16: Solved
16: Solved
16: Solved
16: Solved
16: Solved
16: Solved
16: Solved
16: Solved
16: Solved
16: Solved
16: Solved
Getting instances
['/nfs/share/instances/gbd/cnf/08455b2e1e6fda910989f0481a20f1c3-hash_table_find_safety_size_13.cnf.xz', '/nfs/share/instances/gbd/cnf/15a2ec07aaca45d454a2fbfc0624e75e-hash_table_find_safety_size_29.cnf.xz', '/nfs/share/instances/gbd/cnf/28857e681fc6a9077d5a7d0e9c7a19ad-hash_table_find_safety_size_14.cnf.xz', '/nfs/share/instances/gbd/cnf/29505dfcf090c4cfdfb59268160be81d-hash_table_find_safety_size_24.cnf.xz', '/nfs/share/instances/gbd/cnf/45faf223af97fe9177daa3ad4002cf2f-hash_table_find_safety_size_25.cnf.xz', '/nfs/share/instances/gbd/cnf/5a72cb588bcda7b1b54a1eac6b19ab2e-hash_table_find_safety_size_23.cnf.xz', '/nfs/share/instances/gbd/cnf/6549f23728c52d5319f30371ff709622-hash_table_find_safety_size_27.cnf.xz', '/nfs/share/instances/gbd/cnf/65b1e2253626af4a72b954f8186a5880-hash_table_find_safety_size_10.cnf.xz', '/nfs/share/instances/gbd/cnf/67a5b7ccde980b37576b993c79e176b0-hash_table_find_safety_size_22.cnf.xz', '/nfs/share/instances/gbd/cnf/685d37e93ba26197925353e58026ae10-hash_table_find_safety_size_12.cnf.xz', '/nfs/share/instances/gbd/cnf/6dca14e1af1795565d1e502ddc7d376b-hash_table_find_safety_size_15.cnf.xz', '/nfs/share/instances/gbd/cnf/6e31e88a5dadaa3876eb5ff4293134c2-hash_table_find_safety_size_21.cnf.xz', '/nfs/share/instances/gbd/cnf/8252d67358381873e07bb637ad177b83-hash_table_find_safety_size_16.cnf.xz', '/nfs/share/instances/gbd/cnf/9e7f2b92c6e46d03ddcafd798aa80cb6-hash_table_find_safety_size_17.cnf.xz', '/nfs/share/instances/gbd/cnf/a292411f3f563a47c05a78f8295163dc-hash_table_find_safety_size_26.cnf.xz', '/nfs/share/instances/gbd/cnf/a9d081cbb33e6051be2512f2a2269d65-hash_table_find_safety_size_20.cnf.xz', '/nfs/share/instances/gbd/cnf/bb8042839130ce5597c358c1955706ff-hash_table_find_safety_size_30.cnf.xz', '/nfs/share/instances/gbd/cnf/bc7dc7a83b442a2bf4cf8cae3f0e0faa-hash_table_find_safety_size_18.cnf.xz', '/nfs/share/instances/gbd/cnf/c40838cb3ed9babe51dc41185e70a3dd-hash_table_find_safety_size_11.cnf.xz', '/nfs/share/instances/gbd/cnf/e5a72ac8f4880702a4deacc7854318e8-hash_table_find_safety_size_19.cnf.xz']
['../instances/train/08455b2e1e6fda910989f0481a20f1c3-hash_table_find_safety_size_13.cnf', '../instances/train/15a2ec07aaca45d454a2fbfc0624e75e-hash_table_find_safety_size_29.cnf', '../instances/train/28857e681fc6a9077d5a7d0e9c7a19ad-hash_table_find_safety_size_14.cnf', '../instances/train/29505dfcf090c4cfdfb59268160be81d-hash_table_find_safety_size_24.cnf', '../instances/train/45faf223af97fe9177daa3ad4002cf2f-hash_table_find_safety_size_25.cnf', '../instances/train/5a72cb588bcda7b1b54a1eac6b19ab2e-hash_table_find_safety_size_23.cnf', '../instances/train/6549f23728c52d5319f30371ff709622-hash_table_find_safety_size_27.cnf', '../instances/train/65b1e2253626af4a72b954f8186a5880-hash_table_find_safety_size_10.cnf', '../instances/train/67a5b7ccde980b37576b993c79e176b0-hash_table_find_safety_size_22.cnf', '../instances/train/685d37e93ba26197925353e58026ae10-hash_table_find_safety_size_12.cnf', '../instances/train/6dca14e1af1795565d1e502ddc7d376b-hash_table_find_safety_size_15.cnf', '../instances/train/6e31e88a5dadaa3876eb5ff4293134c2-hash_table_find_safety_size_21.cnf', '../instances/train/8252d67358381873e07bb637ad177b83-hash_table_find_safety_size_16.cnf', '../instances/train/9e7f2b92c6e46d03ddcafd798aa80cb6-hash_table_find_safety_size_17.cnf', '../instances/train/a292411f3f563a47c05a78f8295163dc-hash_table_find_safety_size_26.cnf', '../instances/train/a9d081cbb33e6051be2512f2a2269d65-hash_table_find_safety_size_20.cnf', '../instances/train/bb8042839130ce5597c358c1955706ff-hash_table_find_safety_size_30.cnf', '../instances/train/bc7dc7a83b442a2bf4cf8cae3f0e0faa-hash_table_find_safety_size_18.cnf', '../instances/train/c40838cb3ed9babe51dc41185e70a3dd-hash_table_find_safety_size_11.cnf', '../instances/train/e5a72ac8f4880702a4deacc7854318e8-hash_table_find_safety_size_19.cnf']
16: Solved
16: Solved
16: Solved
16: Solved
16: Solved
16: Solved
16: Solved
16: Solved
16: Solved
16: Solved
16: Solved
16: Solved
16: Solved
16: Solved
16: Solved
16: Solved
16: Solved
16: Solved
16: Solved
16: Solved
Getting instances
['/nfs/share/instances/gbd/cnf/08455b2e1e6fda910989f0481a20f1c3-hash_table_find_safety_size_13.cnf.xz', '/nfs/share/instances/gbd/cnf/15a2ec07aaca45d454a2fbfc0624e75e-hash_table_find_safety_size_29.cnf.xz', '/nfs/share/instances/gbd/cnf/28857e681fc6a9077d5a7d0e9c7a19ad-hash_table_find_safety_size_14.cnf.xz', '/nfs/share/instances/gbd/cnf/29505dfcf090c4cfdfb59268160be81d-hash_table_find_safety_size_24.cnf.xz', '/nfs/share/instances/gbd/cnf/45faf223af97fe9177daa3ad4002cf2f-hash_table_find_safety_size_25.cnf.xz', '/nfs/share/instances/gbd/cnf/5a72cb588bcda7b1b54a1eac6b19ab2e-hash_table_find_safety_size_23.cnf.xz', '/nfs/share/instances/gbd/cnf/6549f23728c52d5319f30371ff709622-hash_table_find_safety_size_27.cnf.xz', '/nfs/share/instances/gbd/cnf/65b1e2253626af4a72b954f8186a5880-hash_table_find_safety_size_10.cnf.xz', '/nfs/share/instances/gbd/cnf/67a5b7ccde980b37576b993c79e176b0-hash_table_find_safety_size_22.cnf.xz', '/nfs/share/instances/gbd/cnf/685d37e93ba26197925353e58026ae10-hash_table_find_safety_size_12.cnf.xz', '/nfs/share/instances/gbd/cnf/6dca14e1af1795565d1e502ddc7d376b-hash_table_find_safety_size_15.cnf.xz', '/nfs/share/instances/gbd/cnf/6e31e88a5dadaa3876eb5ff4293134c2-hash_table_find_safety_size_21.cnf.xz', '/nfs/share/instances/gbd/cnf/8252d67358381873e07bb637ad177b83-hash_table_find_safety_size_16.cnf.xz', '/nfs/share/instances/gbd/cnf/9e7f2b92c6e46d03ddcafd798aa80cb6-hash_table_find_safety_size_17.cnf.xz', '/nfs/share/instances/gbd/cnf/a292411f3f563a47c05a78f8295163dc-hash_table_find_safety_size_26.cnf.xz', '/nfs/share/instances/gbd/cnf/a9d081cbb33e6051be2512f2a2269d65-hash_table_find_safety_size_20.cnf.xz', '/nfs/share/instances/gbd/cnf/bb8042839130ce5597c358c1955706ff-hash_table_find_safety_size_30.cnf.xz', '/nfs/share/instances/gbd/cnf/bc7dc7a83b442a2bf4cf8cae3f0e0faa-hash_table_find_safety_size_18.cnf.xz', '/nfs/share/instances/gbd/cnf/c40838cb3ed9babe51dc41185e70a3dd-hash_table_find_safety_size_11.cnf.xz', '/nfs/share/instances/gbd/cnf/e5a72ac8f4880702a4deacc7854318e8-hash_table_find_safety_size_19.cnf.xz']
['../instances/train/08455b2e1e6fda910989f0481a20f1c3-hash_table_find_safety_size_13.cnf', '../instances/train/15a2ec07aaca45d454a2fbfc0624e75e-hash_table_find_safety_size_29.cnf', '../instances/train/28857e681fc6a9077d5a7d0e9c7a19ad-hash_table_find_safety_size_14.cnf', '../instances/train/29505dfcf090c4cfdfb59268160be81d-hash_table_find_safety_size_24.cnf', '../instances/train/45faf223af97fe9177daa3ad4002cf2f-hash_table_find_safety_size_25.cnf', '../instances/train/5a72cb588bcda7b1b54a1eac6b19ab2e-hash_table_find_safety_size_23.cnf', '../instances/train/6549f23728c52d5319f30371ff709622-hash_table_find_safety_size_27.cnf', '../instances/train/65b1e2253626af4a72b954f8186a5880-hash_table_find_safety_size_10.cnf', '../instances/train/67a5b7ccde980b37576b993c79e176b0-hash_table_find_safety_size_22.cnf', '../instances/train/685d37e93ba26197925353e58026ae10-hash_table_find_safety_size_12.cnf', '../instances/train/6dca14e1af1795565d1e502ddc7d376b-hash_table_find_safety_size_15.cnf', '../instances/train/6e31e88a5dadaa3876eb5ff4293134c2-hash_table_find_safety_size_21.cnf', '../instances/train/8252d67358381873e07bb637ad177b83-hash_table_find_safety_size_16.cnf', '../instances/train/9e7f2b92c6e46d03ddcafd798aa80cb6-hash_table_find_safety_size_17.cnf', '../instances/train/a292411f3f563a47c05a78f8295163dc-hash_table_find_safety_size_26.cnf', '../instances/train/a9d081cbb33e6051be2512f2a2269d65-hash_table_find_safety_size_20.cnf', '../instances/train/bb8042839130ce5597c358c1955706ff-hash_table_find_safety_size_30.cnf', '../instances/train/bc7dc7a83b442a2bf4cf8cae3f0e0faa-hash_table_find_safety_size_18.cnf', '../instances/train/c40838cb3ed9babe51dc41185e70a3dd-hash_table_find_safety_size_11.cnf', '../instances/train/e5a72ac8f4880702a4deacc7854318e8-hash_table_find_safety_size_19.cnf']
16: Solved
16: Solved
16: Solved
16: Solved
16: Solved
16: Solved
16: Solved
16: Solved
16: Solved
16: Solved
16: Solved
16: Solved
16: Solved
16: Solved
16: Solved
16: Solved
16: Solved
16: Solved
16: Solved
16: Solved
Getting instances
['/nfs/share/instances/gbd/cnf/08455b2e1e6fda910989f0481a20f1c3-hash_table_find_safety_size_13.cnf.xz', '/nfs/share/instances/gbd/cnf/15a2ec07aaca45d454a2fbfc0624e75e-hash_table_find_safety_size_29.cnf.xz', '/nfs/share/instances/gbd/cnf/28857e681fc6a9077d5a7d0e9c7a19ad-hash_table_find_safety_size_14.cnf.xz', '/nfs/share/instances/gbd/cnf/29505dfcf090c4cfdfb59268160be81d-hash_table_find_safety_size_24.cnf.xz', '/nfs/share/instances/gbd/cnf/45faf223af97fe9177daa3ad4002cf2f-hash_table_find_safety_size_25.cnf.xz', '/nfs/share/instances/gbd/cnf/5a72cb588bcda7b1b54a1eac6b19ab2e-hash_table_find_safety_size_23.cnf.xz', '/nfs/share/instances/gbd/cnf/6549f23728c52d5319f30371ff709622-hash_table_find_safety_size_27.cnf.xz', '/nfs/share/instances/gbd/cnf/65b1e2253626af4a72b954f8186a5880-hash_table_find_safety_size_10.cnf.xz', '/nfs/share/instances/gbd/cnf/67a5b7ccde980b37576b993c79e176b0-hash_table_find_safety_size_22.cnf.xz', '/nfs/share/instances/gbd/cnf/685d37e93ba26197925353e58026ae10-hash_table_find_safety_size_12.cnf.xz', '/nfs/share/instances/gbd/cnf/6dca14e1af1795565d1e502ddc7d376b-hash_table_find_safety_size_15.cnf.xz', '/nfs/share/instances/gbd/cnf/6e31e88a5dadaa3876eb5ff4293134c2-hash_table_find_safety_size_21.cnf.xz', '/nfs/share/instances/gbd/cnf/8252d67358381873e07bb637ad177b83-hash_table_find_safety_size_16.cnf.xz', '/nfs/share/instances/gbd/cnf/9e7f2b92c6e46d03ddcafd798aa80cb6-hash_table_find_safety_size_17.cnf.xz', '/nfs/share/instances/gbd/cnf/a292411f3f563a47c05a78f8295163dc-hash_table_find_safety_size_26.cnf.xz', '/nfs/share/instances/gbd/cnf/a9d081cbb33e6051be2512f2a2269d65-hash_table_find_safety_size_20.cnf.xz', '/nfs/share/instances/gbd/cnf/bb8042839130ce5597c358c1955706ff-hash_table_find_safety_size_30.cnf.xz', '/nfs/share/instances/gbd/cnf/bc7dc7a83b442a2bf4cf8cae3f0e0faa-hash_table_find_safety_size_18.cnf.xz', '/nfs/share/instances/gbd/cnf/c40838cb3ed9babe51dc41185e70a3dd-hash_table_find_safety_size_11.cnf.xz', '/nfs/share/instances/gbd/cnf/e5a72ac8f4880702a4deacc7854318e8-hash_table_find_safety_size_19.cnf.xz']
['../instances/train/08455b2e1e6fda910989f0481a20f1c3-hash_table_find_safety_size_13.cnf', '../instances/train/15a2ec07aaca45d454a2fbfc0624e75e-hash_table_find_safety_size_29.cnf', '../instances/train/28857e681fc6a9077d5a7d0e9c7a19ad-hash_table_find_safety_size_14.cnf', '../instances/train/29505dfcf090c4cfdfb59268160be81d-hash_table_find_safety_size_24.cnf', '../instances/train/45faf223af97fe9177daa3ad4002cf2f-hash_table_find_safety_size_25.cnf', '../instances/train/5a72cb588bcda7b1b54a1eac6b19ab2e-hash_table_find_safety_size_23.cnf', '../instances/train/6549f23728c52d5319f30371ff709622-hash_table_find_safety_size_27.cnf', '../instances/train/65b1e2253626af4a72b954f8186a5880-hash_table_find_safety_size_10.cnf', '../instances/train/67a5b7ccde980b37576b993c79e176b0-hash_table_find_safety_size_22.cnf', '../instances/train/685d37e93ba26197925353e58026ae10-hash_table_find_safety_size_12.cnf', '../instances/train/6dca14e1af1795565d1e502ddc7d376b-hash_table_find_safety_size_15.cnf', '../instances/train/6e31e88a5dadaa3876eb5ff4293134c2-hash_table_find_safety_size_21.cnf', '../instances/train/8252d67358381873e07bb637ad177b83-hash_table_find_safety_size_16.cnf', '../instances/train/9e7f2b92c6e46d03ddcafd798aa80cb6-hash_table_find_safety_size_17.cnf', '../instances/train/a292411f3f563a47c05a78f8295163dc-hash_table_find_safety_size_26.cnf', '../instances/train/a9d081cbb33e6051be2512f2a2269d65-hash_table_find_safety_size_20.cnf', '../instances/train/bb8042839130ce5597c358c1955706ff-hash_table_find_safety_size_30.cnf', '../instances/train/bc7dc7a83b442a2bf4cf8cae3f0e0faa-hash_table_find_safety_size_18.cnf', '../instances/train/c40838cb3ed9babe51dc41185e70a3dd-hash_table_find_safety_size_11.cnf', '../instances/train/e5a72ac8f4880702a4deacc7854318e8-hash_table_find_safety_size_19.cnf']
16: Solved
16: Solved
16: Solved
16: Solved
16: Solved
16: Solved
16: Solved
16: Solved
16: Solved
16: Solved
16: Solved
16: Solved
16: Solved
16: Solved
16: Solved
16: Solved
16: Solved
16: Solved
16: Solved
16: Solved
Getting instances
['/nfs/share/instances/gbd/cnf/08455b2e1e6fda910989f0481a20f1c3-hash_table_find_safety_size_13.cnf.xz', '/nfs/share/instances/gbd/cnf/15a2ec07aaca45d454a2fbfc0624e75e-hash_table_find_safety_size_29.cnf.xz', '/nfs/share/instances/gbd/cnf/28857e681fc6a9077d5a7d0e9c7a19ad-hash_table_find_safety_size_14.cnf.xz', '/nfs/share/instances/gbd/cnf/29505dfcf090c4cfdfb59268160be81d-hash_table_find_safety_size_24.cnf.xz', '/nfs/share/instances/gbd/cnf/45faf223af97fe9177daa3ad4002cf2f-hash_table_find_safety_size_25.cnf.xz', '/nfs/share/instances/gbd/cnf/5a72cb588bcda7b1b54a1eac6b19ab2e-hash_table_find_safety_size_23.cnf.xz', '/nfs/share/instances/gbd/cnf/6549f23728c52d5319f30371ff709622-hash_table_find_safety_size_27.cnf.xz', '/nfs/share/instances/gbd/cnf/65b1e2253626af4a72b954f8186a5880-hash_table_find_safety_size_10.cnf.xz', '/nfs/share/instances/gbd/cnf/67a5b7ccde980b37576b993c79e176b0-hash_table_find_safety_size_22.cnf.xz', '/nfs/share/instances/gbd/cnf/685d37e93ba26197925353e58026ae10-hash_table_find_safety_size_12.cnf.xz', '/nfs/share/instances/gbd/cnf/6dca14e1af1795565d1e502ddc7d376b-hash_table_find_safety_size_15.cnf.xz', '/nfs/share/instances/gbd/cnf/6e31e88a5dadaa3876eb5ff4293134c2-hash_table_find_safety_size_21.cnf.xz', '/nfs/share/instances/gbd/cnf/8252d67358381873e07bb637ad177b83-hash_table_find_safety_size_16.cnf.xz', '/nfs/share/instances/gbd/cnf/9e7f2b92c6e46d03ddcafd798aa80cb6-hash_table_find_safety_size_17.cnf.xz', '/nfs/share/instances/gbd/cnf/a292411f3f563a47c05a78f8295163dc-hash_table_find_safety_size_26.cnf.xz', '/nfs/share/instances/gbd/cnf/a9d081cbb33e6051be2512f2a2269d65-hash_table_find_safety_size_20.cnf.xz', '/nfs/share/instances/gbd/cnf/bb8042839130ce5597c358c1955706ff-hash_table_find_safety_size_30.cnf.xz', '/nfs/share/instances/gbd/cnf/bc7dc7a83b442a2bf4cf8cae3f0e0faa-hash_table_find_safety_size_18.cnf.xz', '/nfs/share/instances/gbd/cnf/c40838cb3ed9babe51dc41185e70a3dd-hash_table_find_safety_size_11.cnf.xz', '/nfs/share/instances/gbd/cnf/e5a72ac8f4880702a4deacc7854318e8-hash_table_find_safety_size_19.cnf.xz']
['../instances/train/08455b2e1e6fda910989f0481a20f1c3-hash_table_find_safety_size_13.cnf', '../instances/train/15a2ec07aaca45d454a2fbfc0624e75e-hash_table_find_safety_size_29.cnf', '../instances/train/28857e681fc6a9077d5a7d0e9c7a19ad-hash_table_find_safety_size_14.cnf', '../instances/train/29505dfcf090c4cfdfb59268160be81d-hash_table_find_safety_size_24.cnf', '../instances/train/45faf223af97fe9177daa3ad4002cf2f-hash_table_find_safety_size_25.cnf', '../instances/train/5a72cb588bcda7b1b54a1eac6b19ab2e-hash_table_find_safety_size_23.cnf', '../instances/train/6549f23728c52d5319f30371ff709622-hash_table_find_safety_size_27.cnf', '../instances/train/65b1e2253626af4a72b954f8186a5880-hash_table_find_safety_size_10.cnf', '../instances/train/67a5b7ccde980b37576b993c79e176b0-hash_table_find_safety_size_22.cnf', '../instances/train/685d37e93ba26197925353e58026ae10-hash_table_find_safety_size_12.cnf', '../instances/train/6dca14e1af1795565d1e502ddc7d376b-hash_table_find_safety_size_15.cnf', '../instances/train/6e31e88a5dadaa3876eb5ff4293134c2-hash_table_find_safety_size_21.cnf', '../instances/train/8252d67358381873e07bb637ad177b83-hash_table_find_safety_size_16.cnf', '../instances/train/9e7f2b92c6e46d03ddcafd798aa80cb6-hash_table_find_safety_size_17.cnf', '../instances/train/a292411f3f563a47c05a78f8295163dc-hash_table_find_safety_size_26.cnf', '../instances/train/a9d081cbb33e6051be2512f2a2269d65-hash_table_find_safety_size_20.cnf', '../instances/train/bb8042839130ce5597c358c1955706ff-hash_table_find_safety_size_30.cnf', '../instances/train/bc7dc7a83b442a2bf4cf8cae3f0e0faa-hash_table_find_safety_size_18.cnf', '../instances/train/c40838cb3ed9babe51dc41185e70a3dd-hash_table_find_safety_size_11.cnf', '../instances/train/e5a72ac8f4880702a4deacc7854318e8-hash_table_find_safety_size_19.cnf']
16: Solved
16: Solved
16: Solved
16: Solved
16: Solved
16: Solved
16: Solved
16: Solved
16: Solved
16: Solved
16: Solved
16: Solved
16: Solved
16: Solved
16: Solved
16: Solved
16: Solved
16: Solved
16: Solved
16: Solved
Getting instances
['/nfs/share/instances/gbd/cnf/08455b2e1e6fda910989f0481a20f1c3-hash_table_find_safety_size_13.cnf.xz', '/nfs/share/instances/gbd/cnf/15a2ec07aaca45d454a2fbfc0624e75e-hash_table_find_safety_size_29.cnf.xz', '/nfs/share/instances/gbd/cnf/28857e681fc6a9077d5a7d0e9c7a19ad-hash_table_find_safety_size_14.cnf.xz', '/nfs/share/instances/gbd/cnf/29505dfcf090c4cfdfb59268160be81d-hash_table_find_safety_size_24.cnf.xz', '/nfs/share/instances/gbd/cnf/45faf223af97fe9177daa3ad4002cf2f-hash_table_find_safety_size_25.cnf.xz', '/nfs/share/instances/gbd/cnf/5a72cb588bcda7b1b54a1eac6b19ab2e-hash_table_find_safety_size_23.cnf.xz', '/nfs/share/instances/gbd/cnf/6549f23728c52d5319f30371ff709622-hash_table_find_safety_size_27.cnf.xz', '/nfs/share/instances/gbd/cnf/65b1e2253626af4a72b954f8186a5880-hash_table_find_safety_size_10.cnf.xz', '/nfs/share/instances/gbd/cnf/67a5b7ccde980b37576b993c79e176b0-hash_table_find_safety_size_22.cnf.xz', '/nfs/share/instances/gbd/cnf/685d37e93ba26197925353e58026ae10-hash_table_find_safety_size_12.cnf.xz', '/nfs/share/instances/gbd/cnf/6dca14e1af1795565d1e502ddc7d376b-hash_table_find_safety_size_15.cnf.xz', '/nfs/share/instances/gbd/cnf/6e31e88a5dadaa3876eb5ff4293134c2-hash_table_find_safety_size_21.cnf.xz', '/nfs/share/instances/gbd/cnf/8252d67358381873e07bb637ad177b83-hash_table_find_safety_size_16.cnf.xz', '/nfs/share/instances/gbd/cnf/9e7f2b92c6e46d03ddcafd798aa80cb6-hash_table_find_safety_size_17.cnf.xz', '/nfs/share/instances/gbd/cnf/a292411f3f563a47c05a78f8295163dc-hash_table_find_safety_size_26.cnf.xz', '/nfs/share/instances/gbd/cnf/a9d081cbb33e6051be2512f2a2269d65-hash_table_find_safety_size_20.cnf.xz', '/nfs/share/instances/gbd/cnf/bb8042839130ce5597c358c1955706ff-hash_table_find_safety_size_30.cnf.xz', '/nfs/share/instances/gbd/cnf/bc7dc7a83b442a2bf4cf8cae3f0e0faa-hash_table_find_safety_size_18.cnf.xz', '/nfs/share/instances/gbd/cnf/c40838cb3ed9babe51dc41185e70a3dd-hash_table_find_safety_size_11.cnf.xz', '/nfs/share/instances/gbd/cnf/e5a72ac8f4880702a4deacc7854318e8-hash_table_find_safety_size_19.cnf.xz']
['../instances/train/08455b2e1e6fda910989f0481a20f1c3-hash_table_find_safety_size_13.cnf', '../instances/train/15a2ec07aaca45d454a2fbfc0624e75e-hash_table_find_safety_size_29.cnf', '../instances/train/28857e681fc6a9077d5a7d0e9c7a19ad-hash_table_find_safety_size_14.cnf', '../instances/train/29505dfcf090c4cfdfb59268160be81d-hash_table_find_safety_size_24.cnf', '../instances/train/45faf223af97fe9177daa3ad4002cf2f-hash_table_find_safety_size_25.cnf', '../instances/train/5a72cb588bcda7b1b54a1eac6b19ab2e-hash_table_find_safety_size_23.cnf', '../instances/train/6549f23728c52d5319f30371ff709622-hash_table_find_safety_size_27.cnf', '../instances/train/65b1e2253626af4a72b954f8186a5880-hash_table_find_safety_size_10.cnf', '../instances/train/67a5b7ccde980b37576b993c79e176b0-hash_table_find_safety_size_22.cnf', '../instances/train/685d37e93ba26197925353e58026ae10-hash_table_find_safety_size_12.cnf', '../instances/train/6dca14e1af1795565d1e502ddc7d376b-hash_table_find_safety_size_15.cnf', '../instances/train/6e31e88a5dadaa3876eb5ff4293134c2-hash_table_find_safety_size_21.cnf', '../instances/train/8252d67358381873e07bb637ad177b83-hash_table_find_safety_size_16.cnf', '../instances/train/9e7f2b92c6e46d03ddcafd798aa80cb6-hash_table_find_safety_size_17.cnf', '../instances/train/a292411f3f563a47c05a78f8295163dc-hash_table_find_safety_size_26.cnf', '../instances/train/a9d081cbb33e6051be2512f2a2269d65-hash_table_find_safety_size_20.cnf', '../instances/train/bb8042839130ce5597c358c1955706ff-hash_table_find_safety_size_30.cnf', '../instances/train/bc7dc7a83b442a2bf4cf8cae3f0e0faa-hash_table_find_safety_size_18.cnf', '../instances/train/c40838cb3ed9babe51dc41185e70a3dd-hash_table_find_safety_size_11.cnf', '../instances/train/e5a72ac8f4880702a4deacc7854318e8-hash_table_find_safety_size_19.cnf']
16: Solved
16: Solved
16: Solved
16: Solved
16: Solved
16: Solved
16: Solved
16: Solved
16: Solved
16: Solved
16: Solved
16: Solved
16: Solved
16: Solved
16: Solved
16: Solved
16: Solved
16: Solved
16: Solved
16: Solved
[INFO][smbo.py:328] Configuration budget is exhausted:
[INFO][smbo.py:329] --- Remaining wallclock time: inf
[INFO][smbo.py:330] --- Remaining cpu time: inf
[INFO][smbo.py:331] --- Remaining trials: 0
Configuration(values={
  'backbone': 2,
  'congruenceands': 'true',
  'congruencexors': 'true',
  'phase': 'true',
  'probeint': 903,
  'restartint': 2831,
  'sweepclauses': 51750413,
  'target': 0,
  'vivifyirr': 51,
  'congruenceandarity': 9463,
  'congruencexorarity': 9,
})
