Getting instances
['/nfs/share/instances/gbd/cnf/03e9d1abe418a1727bbf2ead77d69d02-php15-mixed-15percent-blocked.cnf.xz', '/nfs/share/instances/gbd/cnf/112b0ac22b2a567cd3badfed3a5497fd-mchess16-mixed-35percent-blocked.cnf.xz', '/nfs/share/instances/gbd/cnf/1156429862d3c03160406d6d1a786f11-rphp_p8_r170.sanitized.cnf.xz', '/nfs/share/instances/gbd/cnf/189e5991b041a89700513106988e720d-rphp_p20_r20.cnf.xz', '/nfs/share/instances/gbd/cnf/23c4e178c94c0dff82ea6c87abed7ecc-rphp_p60_r60.cnf.xz', '/nfs/share/instances/gbd/cnf/2c3c28f6d939d157e909c57a265fc908-mchess_17.cnf.xz', '/nfs/share/instances/gbd/cnf/2dd4b14a8a820e7baa073554ae2c6cb0-rphp_p8_r160.sanitized.cnf.xz', '/nfs/share/instances/gbd/cnf/41457ee03686b32962c12445524f62a9-mchess18-mixed-45percent-blocked.cnf.xz', '/nfs/share/instances/gbd/cnf/54ab5a53d2fdfcda16ec74768b29f901-rphp_p30_r30.cnf.xz', '/nfs/share/instances/gbd/cnf/578b5e6a2f0b295168cb6c5420810a72-php18-mixed-35percent-blocked.cnf.xz', '/nfs/share/instances/gbd/cnf/644fd765d26bd4a380922ccd0f594c58-mchess18-mixed-25percent-blocked.cnf.xz', '/nfs/share/instances/gbd/cnf/6aacae96461cb65176942b6dc88ea470-mchess20-mixed-25percent-blocked.cnf.xz', '/nfs/share/instances/gbd/cnf/751afd7ddf8f242ed7bd93517ba82149-mchess20-mixed-45percent-blocked.cnf.xz', '/nfs/share/instances/gbd/cnf/8704094951693f99fd21403a039c8131-mchess_16.cnf.xz', '/nfs/share/instances/gbd/cnf/87ec32f70c5e3a279e636f7f62e70a19-mchess22-mixed-45percent-blocked.cnf.xz', '/nfs/share/instances/gbd/cnf/8d458780fb74c28c01a5fe89990ad521-mchess16-mixed-45percent-blocked.cnf.xz', '/nfs/share/instances/gbd/cnf/964162c1faee2c1e3a4dfa4f9c75c34f-php18-mixed-15percent-blocked.cnf.xz', '/nfs/share/instances/gbd/cnf/99d134de6323a845a2828596a48bbb1d-php17-mixed-15percent-blocked.cnf.xz', '/nfs/share/instances/gbd/cnf/a6d7268b35eec18656a85ad91b0413e9-php17-mixed-35percent-blocked.cnf.xz', '/nfs/share/instances/gbd/cnf/b3840e295097a13e6697fff6be813eeb-php16-mixed-15percent-blocked.cnf.xz', '/nfs/share/instances/gbd/cnf/cd86fbfd8b7e0d66ec5fe8fe85c014d3-mchess22-mixed-35percent-blocked.cnf.xz', '/nfs/share/instances/gbd/cnf/d17aa530bbd09452b0f32daf4ab9c8f0-tph8.cnf.xz', '/nfs/share/instances/gbd/cnf/d7f381cd99ca40ba3324c8cc03a54269-mchess16-mixed-25percent-blocked.cnf.xz', '/nfs/share/instances/gbd/cnf/eaf2f0803dd2045f1b189ee834ef0c8f-rphp_p8_r250.cnf.xz', '/nfs/share/instances/gbd/cnf/ec84eecb124c63d4757e083dd0e5a9ff-mchess_15.cnf.xz', '/nfs/share/instances/gbd/cnf/fa5c6d6736a42650656c5bc018413254-bphp_p23_h22.sanitized.cnf.xz', '/nfs/share/instances/gbd/cnf/fb5d0254bc4b8d258eb84ea1dbcdda13-mchess22-mixed-25percent-blocked.cnf.xz', '/nfs/share/instances/gbd/cnf/fe8b1ef742724947620a419d0180a640-mchess18-mixed-35percent-blocked.cnf.xz', '/nfs/share/instances/gbd/cnf/ff867fd35aa52058382a8b0c21cd1f38-mchess20-mixed-35percent-blocked.cnf.xz']
['/nfs/home/rzipperer/git/Kissat_hyperparamoptimization/instances/train/03e9d1abe418a1727bbf2ead77d69d02-php15-mixed-15percent-blocked.cnf', '/nfs/home/rzipperer/git/Kissat_hyperparamoptimization/instances/train/112b0ac22b2a567cd3badfed3a5497fd-mchess16-mixed-35percent-blocked.cnf', '/nfs/home/rzipperer/git/Kissat_hyperparamoptimization/instances/train/1156429862d3c03160406d6d1a786f11-rphp_p8_r170.sanitized.cnf', '/nfs/home/rzipperer/git/Kissat_hyperparamoptimization/instances/train/189e5991b041a89700513106988e720d-rphp_p20_r20.cnf', '/nfs/home/rzipperer/git/Kissat_hyperparamoptimization/instances/train/23c4e178c94c0dff82ea6c87abed7ecc-rphp_p60_r60.cnf', '/nfs/home/rzipperer/git/Kissat_hyperparamoptimization/instances/train/2c3c28f6d939d157e909c57a265fc908-mchess_17.cnf', '/nfs/home/rzipperer/git/Kissat_hyperparamoptimization/instances/train/2dd4b14a8a820e7baa073554ae2c6cb0-rphp_p8_r160.sanitized.cnf', '/nfs/home/rzipperer/git/Kissat_hyperparamoptimization/instances/train/41457ee03686b32962c12445524f62a9-mchess18-mixed-45percent-blocked.cnf', '/nfs/home/rzipperer/git/Kissat_hyperparamoptimization/instances/train/54ab5a53d2fdfcda16ec74768b29f901-rphp_p30_r30.cnf', '/nfs/home/rzipperer/git/Kissat_hyperparamoptimization/instances/train/578b5e6a2f0b295168cb6c5420810a72-php18-mixed-35percent-blocked.cnf', '/nfs/home/rzipperer/git/Kissat_hyperparamoptimization/instances/train/644fd765d26bd4a380922ccd0f594c58-mchess18-mixed-25percent-blocked.cnf', '/nfs/home/rzipperer/git/Kissat_hyperparamoptimization/instances/train/6aacae96461cb65176942b6dc88ea470-mchess20-mixed-25percent-blocked.cnf', '/nfs/home/rzipperer/git/Kissat_hyperparamoptimization/instances/train/751afd7ddf8f242ed7bd93517ba82149-mchess20-mixed-45percent-blocked.cnf', '/nfs/home/rzipperer/git/Kissat_hyperparamoptimization/instances/train/8704094951693f99fd21403a039c8131-mchess_16.cnf', '/nfs/home/rzipperer/git/Kissat_hyperparamoptimization/instances/train/87ec32f70c5e3a279e636f7f62e70a19-mchess22-mixed-45percent-blocked.cnf', '/nfs/home/rzipperer/git/Kissat_hyperparamoptimization/instances/train/8d458780fb74c28c01a5fe89990ad521-mchess16-mixed-45percent-blocked.cnf', '/nfs/home/rzipperer/git/Kissat_hyperparamoptimization/instances/train/964162c1faee2c1e3a4dfa4f9c75c34f-php18-mixed-15percent-blocked.cnf', '/nfs/home/rzipperer/git/Kissat_hyperparamoptimization/instances/train/99d134de6323a845a2828596a48bbb1d-php17-mixed-15percent-blocked.cnf', '/nfs/home/rzipperer/git/Kissat_hyperparamoptimization/instances/train/a6d7268b35eec18656a85ad91b0413e9-php17-mixed-35percent-blocked.cnf', '/nfs/home/rzipperer/git/Kissat_hyperparamoptimization/instances/train/b3840e295097a13e6697fff6be813eeb-php16-mixed-15percent-blocked.cnf', '/nfs/home/rzipperer/git/Kissat_hyperparamoptimization/instances/train/cd86fbfd8b7e0d66ec5fe8fe85c014d3-mchess22-mixed-35percent-blocked.cnf', '/nfs/home/rzipperer/git/Kissat_hyperparamoptimization/instances/train/d17aa530bbd09452b0f32daf4ab9c8f0-tph8.cnf', '/nfs/home/rzipperer/git/Kissat_hyperparamoptimization/instances/train/d7f381cd99ca40ba3324c8cc03a54269-mchess16-mixed-25percent-blocked.cnf', '/nfs/home/rzipperer/git/Kissat_hyperparamoptimization/instances/train/eaf2f0803dd2045f1b189ee834ef0c8f-rphp_p8_r250.cnf', '/nfs/home/rzipperer/git/Kissat_hyperparamoptimization/instances/train/ec84eecb124c63d4757e083dd0e5a9ff-mchess_15.cnf', '/nfs/home/rzipperer/git/Kissat_hyperparamoptimization/instances/train/fa5c6d6736a42650656c5bc018413254-bphp_p23_h22.sanitized.cnf', '/nfs/home/rzipperer/git/Kissat_hyperparamoptimization/instances/train/fb5d0254bc4b8d258eb84ea1dbcdda13-mchess22-mixed-25percent-blocked.cnf', '/nfs/home/rzipperer/git/Kissat_hyperparamoptimization/instances/train/fe8b1ef742724947620a419d0180a640-mchess18-mixed-35percent-blocked.cnf', '/nfs/home/rzipperer/git/Kissat_hyperparamoptimization/instances/train/ff867fd35aa52058382a8b0c21cd1f38-mchess20-mixed-35percent-blocked.cnf']
6: Timeout
6: Solved
6: Timeout
6: Timeout
6: Timeout
6: Timeout
6: Timeout
6: Solved
6: Timeout
6: Solved
6: Solved
6: Timeout
6: Timeout
6: Solved
6: Timeout
6: Solved
6: Timeout
6: Timeout
6: Solved
6: Timeout
Finished after 137805.59398841858 seconds
