Setting up config
Starting smac
[INFO][abstract_initial_design.py:95] Reducing the number of initial configurations from 110 to 2 (max_ratio == 0.25).
[INFO][abstract_initial_design.py:147] Using 2 initial design configurations and 0 additional configurations.
[INFO][abstract_intensifier.py:306] Using only one seed for deterministic scenario.
Getting instances
['/nfs/share/instances/gbd/cnf/0bad2ce307bf5b68db26fa34e252c9d4-af-synthesis_stb_50_100_4_sat.cnf.xz', '/nfs/share/instances/gbd/cnf/14ea5857d75ae2b235a3ba97373ea732-af-synthesis_stb_50_40_9_unsat.cnf.xz', '/nfs/share/instances/gbd/cnf/16c27d738cb45b766b8823ca4f428cf0-rbsat-v760c43649gyes7.cnf.xz', '/nfs/share/instances/gbd/cnf/170a7d847694ee4cfa5c421757672882-af-synthesis_stb_50_140_0_unsat.cnf.xz', '/nfs/share/instances/gbd/cnf/1a1c9d1dc1ae7fcff92e3c3499864b75-af-synthesis_stb_50_200_4_unsat.cnf.xz', '/nfs/share/instances/gbd/cnf/1b0f4ff7984b8d4cf2873200fb1680fb-af-synthesis_stb_50_140_1_unsat.cnf.xz', '/nfs/share/instances/gbd/cnf/38833d6a1ff6a56ef22bd2dc1e3fdde7-rbsat-v1150c84314gyes10.cnf.xz', '/nfs/share/instances/gbd/cnf/3ed56242f55e3653dbceeb4a70221787-rbsat-v945c61409gyes9-sc2009.cnf.xz', '/nfs/share/instances/gbd/cnf/5e5fe73a2e0ffc8e19873298566919fb-rbsat-v760c43649gyes3.cnf.xz', '/nfs/share/instances/gbd/cnf/695e287a447fcdd924985a6e73057a38-rbsat-v1150c84314gyes1.cnf.xz', '/nfs/share/instances/gbd/cnf/71a3dd6156463c0c55c4b38394faa753-af-synthesis_stb_50_120_4_sat.cnf.xz', '/nfs/share/instances/gbd/cnf/7429e380834066c206394139c9e1e17d-af-synthesis_stb_50_100_9_sat.cnf.xz', '/nfs/share/instances/gbd/cnf/82d9e8d2cfea101dfe52c8359b7bb163-af-synthesis_stb_50_40_2_unsat.cnf.xz', '/nfs/share/instances/gbd/cnf/94571e8a1081385029d1ecd53ffcdf8e-af-synthesis_stb_50_200_0_unsat.cnf.xz', '/nfs/share/instances/gbd/cnf/be18894105e006399cc018abc14b204f-af-synthesis_stb_50_40_9_sat.cnf.xz', '/nfs/share/instances/gbd/cnf/c9f511adbb3d6e1b37b410f972f270c6-af-synthesis_stb_50_140_3_unsat.cnf.xz', '/nfs/share/instances/gbd/cnf/e067414e153ee98a7842bd6d6dafeee5-af-synthesis_stb_50_200_0_sat.cnf.xz', '/nfs/share/instances/gbd/cnf/e99e266b422513a2898c13898a1de501-rbsat-v760c43649gyes9.cnf.xz', '/nfs/share/instances/gbd/cnf/f16b7329ef5728f722c291156b3b098e-af-synthesis_stb_50_100_9_unsat.cnf.xz']
['../instances/train/0bad2ce307bf5b68db26fa34e252c9d4-af-synthesis_stb_50_100_4_sat.cnf', '../instances/train/14ea5857d75ae2b235a3ba97373ea732-af-synthesis_stb_50_40_9_unsat.cnf', '../instances/train/16c27d738cb45b766b8823ca4f428cf0-rbsat-v760c43649gyes7.cnf', '../instances/train/170a7d847694ee4cfa5c421757672882-af-synthesis_stb_50_140_0_unsat.cnf', '../instances/train/1a1c9d1dc1ae7fcff92e3c3499864b75-af-synthesis_stb_50_200_4_unsat.cnf', '../instances/train/1b0f4ff7984b8d4cf2873200fb1680fb-af-synthesis_stb_50_140_1_unsat.cnf', '../instances/train/38833d6a1ff6a56ef22bd2dc1e3fdde7-rbsat-v1150c84314gyes10.cnf', '../instances/train/3ed56242f55e3653dbceeb4a70221787-rbsat-v945c61409gyes9-sc2009.cnf', '../instances/train/5e5fe73a2e0ffc8e19873298566919fb-rbsat-v760c43649gyes3.cnf', '../instances/train/695e287a447fcdd924985a6e73057a38-rbsat-v1150c84314gyes1.cnf', '../instances/train/71a3dd6156463c0c55c4b38394faa753-af-synthesis_stb_50_120_4_sat.cnf', '../instances/train/7429e380834066c206394139c9e1e17d-af-synthesis_stb_50_100_9_sat.cnf', '../instances/train/82d9e8d2cfea101dfe52c8359b7bb163-af-synthesis_stb_50_40_2_unsat.cnf', '../instances/train/94571e8a1081385029d1ecd53ffcdf8e-af-synthesis_stb_50_200_0_unsat.cnf', '../instances/train/be18894105e006399cc018abc14b204f-af-synthesis_stb_50_40_9_sat.cnf', '../instances/train/c9f511adbb3d6e1b37b410f972f270c6-af-synthesis_stb_50_140_3_unsat.cnf', '../instances/train/e067414e153ee98a7842bd6d6dafeee5-af-synthesis_stb_50_200_0_sat.cnf', '../instances/train/e99e266b422513a2898c13898a1de501-rbsat-v760c43649gyes9.cnf', '../instances/train/f16b7329ef5728f722c291156b3b098e-af-synthesis_stb_50_100_9_unsat.cnf']
9: Solved
9: Timeout
9: Timeout
9: Solved
9: Solved
9: Timeout
9: Solved
9: Solved
9: Timeout
9: Timeout
9: Solved
9: Solved
9: Solved
9: Solved
9: Solved
9: Solved
9: Solved
9: Solved
9: Solved
[INFO][abstract_intensifier.py:516] Added config 3112da as new incumbent because there are no incumbents yet.
Getting instances
['/nfs/share/instances/gbd/cnf/0bad2ce307bf5b68db26fa34e252c9d4-af-synthesis_stb_50_100_4_sat.cnf.xz', '/nfs/share/instances/gbd/cnf/14ea5857d75ae2b235a3ba97373ea732-af-synthesis_stb_50_40_9_unsat.cnf.xz', '/nfs/share/instances/gbd/cnf/16c27d738cb45b766b8823ca4f428cf0-rbsat-v760c43649gyes7.cnf.xz', '/nfs/share/instances/gbd/cnf/170a7d847694ee4cfa5c421757672882-af-synthesis_stb_50_140_0_unsat.cnf.xz', '/nfs/share/instances/gbd/cnf/1a1c9d1dc1ae7fcff92e3c3499864b75-af-synthesis_stb_50_200_4_unsat.cnf.xz', '/nfs/share/instances/gbd/cnf/1b0f4ff7984b8d4cf2873200fb1680fb-af-synthesis_stb_50_140_1_unsat.cnf.xz', '/nfs/share/instances/gbd/cnf/38833d6a1ff6a56ef22bd2dc1e3fdde7-rbsat-v1150c84314gyes10.cnf.xz', '/nfs/share/instances/gbd/cnf/3ed56242f55e3653dbceeb4a70221787-rbsat-v945c61409gyes9-sc2009.cnf.xz', '/nfs/share/instances/gbd/cnf/5e5fe73a2e0ffc8e19873298566919fb-rbsat-v760c43649gyes3.cnf.xz', '/nfs/share/instances/gbd/cnf/695e287a447fcdd924985a6e73057a38-rbsat-v1150c84314gyes1.cnf.xz', '/nfs/share/instances/gbd/cnf/71a3dd6156463c0c55c4b38394faa753-af-synthesis_stb_50_120_4_sat.cnf.xz', '/nfs/share/instances/gbd/cnf/7429e380834066c206394139c9e1e17d-af-synthesis_stb_50_100_9_sat.cnf.xz', '/nfs/share/instances/gbd/cnf/82d9e8d2cfea101dfe52c8359b7bb163-af-synthesis_stb_50_40_2_unsat.cnf.xz', '/nfs/share/instances/gbd/cnf/94571e8a1081385029d1ecd53ffcdf8e-af-synthesis_stb_50_200_0_unsat.cnf.xz', '/nfs/share/instances/gbd/cnf/be18894105e006399cc018abc14b204f-af-synthesis_stb_50_40_9_sat.cnf.xz', '/nfs/share/instances/gbd/cnf/c9f511adbb3d6e1b37b410f972f270c6-af-synthesis_stb_50_140_3_unsat.cnf.xz', '/nfs/share/instances/gbd/cnf/e067414e153ee98a7842bd6d6dafeee5-af-synthesis_stb_50_200_0_sat.cnf.xz', '/nfs/share/instances/gbd/cnf/e99e266b422513a2898c13898a1de501-rbsat-v760c43649gyes9.cnf.xz', '/nfs/share/instances/gbd/cnf/f16b7329ef5728f722c291156b3b098e-af-synthesis_stb_50_100_9_unsat.cnf.xz']
['../instances/train/0bad2ce307bf5b68db26fa34e252c9d4-af-synthesis_stb_50_100_4_sat.cnf', '../instances/train/14ea5857d75ae2b235a3ba97373ea732-af-synthesis_stb_50_40_9_unsat.cnf', '../instances/train/16c27d738cb45b766b8823ca4f428cf0-rbsat-v760c43649gyes7.cnf', '../instances/train/170a7d847694ee4cfa5c421757672882-af-synthesis_stb_50_140_0_unsat.cnf', '../instances/train/1a1c9d1dc1ae7fcff92e3c3499864b75-af-synthesis_stb_50_200_4_unsat.cnf', '../instances/train/1b0f4ff7984b8d4cf2873200fb1680fb-af-synthesis_stb_50_140_1_unsat.cnf', '../instances/train/38833d6a1ff6a56ef22bd2dc1e3fdde7-rbsat-v1150c84314gyes10.cnf', '../instances/train/3ed56242f55e3653dbceeb4a70221787-rbsat-v945c61409gyes9-sc2009.cnf', '../instances/train/5e5fe73a2e0ffc8e19873298566919fb-rbsat-v760c43649gyes3.cnf', '../instances/train/695e287a447fcdd924985a6e73057a38-rbsat-v1150c84314gyes1.cnf', '../instances/train/71a3dd6156463c0c55c4b38394faa753-af-synthesis_stb_50_120_4_sat.cnf', '../instances/train/7429e380834066c206394139c9e1e17d-af-synthesis_stb_50_100_9_sat.cnf', '../instances/train/82d9e8d2cfea101dfe52c8359b7bb163-af-synthesis_stb_50_40_2_unsat.cnf', '../instances/train/94571e8a1081385029d1ecd53ffcdf8e-af-synthesis_stb_50_200_0_unsat.cnf', '../instances/train/be18894105e006399cc018abc14b204f-af-synthesis_stb_50_40_9_sat.cnf', '../instances/train/c9f511adbb3d6e1b37b410f972f270c6-af-synthesis_stb_50_140_3_unsat.cnf', '../instances/train/e067414e153ee98a7842bd6d6dafeee5-af-synthesis_stb_50_200_0_sat.cnf', '../instances/train/e99e266b422513a2898c13898a1de501-rbsat-v760c43649gyes9.cnf', '../instances/train/f16b7329ef5728f722c291156b3b098e-af-synthesis_stb_50_100_9_unsat.cnf']
9: Solved
9: Timeout
9: Solved
9: Solved
9: Solved
9: Timeout
9: Timeout
9: Solved
9: Solved
9: Timeout
9: Solved
9: Solved
9: Solved
9: Solved
9: Solved
9: Solved
9: Solved
9: Solved
9: Solved
[INFO][abstract_intensifier.py:595] Added config 7568d0 and rejected config 3112da as incumbent because it is not better than the incumbents on 1 instances:
Getting instances
['/nfs/share/instances/gbd/cnf/0bad2ce307bf5b68db26fa34e252c9d4-af-synthesis_stb_50_100_4_sat.cnf.xz', '/nfs/share/instances/gbd/cnf/14ea5857d75ae2b235a3ba97373ea732-af-synthesis_stb_50_40_9_unsat.cnf.xz', '/nfs/share/instances/gbd/cnf/16c27d738cb45b766b8823ca4f428cf0-rbsat-v760c43649gyes7.cnf.xz', '/nfs/share/instances/gbd/cnf/170a7d847694ee4cfa5c421757672882-af-synthesis_stb_50_140_0_unsat.cnf.xz', '/nfs/share/instances/gbd/cnf/1a1c9d1dc1ae7fcff92e3c3499864b75-af-synthesis_stb_50_200_4_unsat.cnf.xz', '/nfs/share/instances/gbd/cnf/1b0f4ff7984b8d4cf2873200fb1680fb-af-synthesis_stb_50_140_1_unsat.cnf.xz', '/nfs/share/instances/gbd/cnf/38833d6a1ff6a56ef22bd2dc1e3fdde7-rbsat-v1150c84314gyes10.cnf.xz', '/nfs/share/instances/gbd/cnf/3ed56242f55e3653dbceeb4a70221787-rbsat-v945c61409gyes9-sc2009.cnf.xz', '/nfs/share/instances/gbd/cnf/5e5fe73a2e0ffc8e19873298566919fb-rbsat-v760c43649gyes3.cnf.xz', '/nfs/share/instances/gbd/cnf/695e287a447fcdd924985a6e73057a38-rbsat-v1150c84314gyes1.cnf.xz', '/nfs/share/instances/gbd/cnf/71a3dd6156463c0c55c4b38394faa753-af-synthesis_stb_50_120_4_sat.cnf.xz', '/nfs/share/instances/gbd/cnf/7429e380834066c206394139c9e1e17d-af-synthesis_stb_50_100_9_sat.cnf.xz', '/nfs/share/instances/gbd/cnf/82d9e8d2cfea101dfe52c8359b7bb163-af-synthesis_stb_50_40_2_unsat.cnf.xz', '/nfs/share/instances/gbd/cnf/94571e8a1081385029d1ecd53ffcdf8e-af-synthesis_stb_50_200_0_unsat.cnf.xz', '/nfs/share/instances/gbd/cnf/be18894105e006399cc018abc14b204f-af-synthesis_stb_50_40_9_sat.cnf.xz', '/nfs/share/instances/gbd/cnf/c9f511adbb3d6e1b37b410f972f270c6-af-synthesis_stb_50_140_3_unsat.cnf.xz', '/nfs/share/instances/gbd/cnf/e067414e153ee98a7842bd6d6dafeee5-af-synthesis_stb_50_200_0_sat.cnf.xz', '/nfs/share/instances/gbd/cnf/e99e266b422513a2898c13898a1de501-rbsat-v760c43649gyes9.cnf.xz', '/nfs/share/instances/gbd/cnf/f16b7329ef5728f722c291156b3b098e-af-synthesis_stb_50_100_9_unsat.cnf.xz']
['../instances/train/0bad2ce307bf5b68db26fa34e252c9d4-af-synthesis_stb_50_100_4_sat.cnf', '../instances/train/14ea5857d75ae2b235a3ba97373ea732-af-synthesis_stb_50_40_9_unsat.cnf', '../instances/train/16c27d738cb45b766b8823ca4f428cf0-rbsat-v760c43649gyes7.cnf', '../instances/train/170a7d847694ee4cfa5c421757672882-af-synthesis_stb_50_140_0_unsat.cnf', '../instances/train/1a1c9d1dc1ae7fcff92e3c3499864b75-af-synthesis_stb_50_200_4_unsat.cnf', '../instances/train/1b0f4ff7984b8d4cf2873200fb1680fb-af-synthesis_stb_50_140_1_unsat.cnf', '../instances/train/38833d6a1ff6a56ef22bd2dc1e3fdde7-rbsat-v1150c84314gyes10.cnf', '../instances/train/3ed56242f55e3653dbceeb4a70221787-rbsat-v945c61409gyes9-sc2009.cnf', '../instances/train/5e5fe73a2e0ffc8e19873298566919fb-rbsat-v760c43649gyes3.cnf', '../instances/train/695e287a447fcdd924985a6e73057a38-rbsat-v1150c84314gyes1.cnf', '../instances/train/71a3dd6156463c0c55c4b38394faa753-af-synthesis_stb_50_120_4_sat.cnf', '../instances/train/7429e380834066c206394139c9e1e17d-af-synthesis_stb_50_100_9_sat.cnf', '../instances/train/82d9e8d2cfea101dfe52c8359b7bb163-af-synthesis_stb_50_40_2_unsat.cnf', '../instances/train/94571e8a1081385029d1ecd53ffcdf8e-af-synthesis_stb_50_200_0_unsat.cnf', '../instances/train/be18894105e006399cc018abc14b204f-af-synthesis_stb_50_40_9_sat.cnf', '../instances/train/c9f511adbb3d6e1b37b410f972f270c6-af-synthesis_stb_50_140_3_unsat.cnf', '../instances/train/e067414e153ee98a7842bd6d6dafeee5-af-synthesis_stb_50_200_0_sat.cnf', '../instances/train/e99e266b422513a2898c13898a1de501-rbsat-v760c43649gyes9.cnf', '../instances/train/f16b7329ef5728f722c291156b3b098e-af-synthesis_stb_50_100_9_unsat.cnf']
9: Solved
9: Timeout
9: Timeout
9: Solved
9: Solved
9: Timeout
9: Timeout
9: Solved
9: Solved
9: Timeout
9: Solved
9: Solved
9: Solved
9: Solved
9: Solved
9: Solved
9: Solved
9: Solved
9: Solved
Getting instances
['/nfs/share/instances/gbd/cnf/0bad2ce307bf5b68db26fa34e252c9d4-af-synthesis_stb_50_100_4_sat.cnf.xz', '/nfs/share/instances/gbd/cnf/14ea5857d75ae2b235a3ba97373ea732-af-synthesis_stb_50_40_9_unsat.cnf.xz', '/nfs/share/instances/gbd/cnf/16c27d738cb45b766b8823ca4f428cf0-rbsat-v760c43649gyes7.cnf.xz', '/nfs/share/instances/gbd/cnf/170a7d847694ee4cfa5c421757672882-af-synthesis_stb_50_140_0_unsat.cnf.xz', '/nfs/share/instances/gbd/cnf/1a1c9d1dc1ae7fcff92e3c3499864b75-af-synthesis_stb_50_200_4_unsat.cnf.xz', '/nfs/share/instances/gbd/cnf/1b0f4ff7984b8d4cf2873200fb1680fb-af-synthesis_stb_50_140_1_unsat.cnf.xz', '/nfs/share/instances/gbd/cnf/38833d6a1ff6a56ef22bd2dc1e3fdde7-rbsat-v1150c84314gyes10.cnf.xz', '/nfs/share/instances/gbd/cnf/3ed56242f55e3653dbceeb4a70221787-rbsat-v945c61409gyes9-sc2009.cnf.xz', '/nfs/share/instances/gbd/cnf/5e5fe73a2e0ffc8e19873298566919fb-rbsat-v760c43649gyes3.cnf.xz', '/nfs/share/instances/gbd/cnf/695e287a447fcdd924985a6e73057a38-rbsat-v1150c84314gyes1.cnf.xz', '/nfs/share/instances/gbd/cnf/71a3dd6156463c0c55c4b38394faa753-af-synthesis_stb_50_120_4_sat.cnf.xz', '/nfs/share/instances/gbd/cnf/7429e380834066c206394139c9e1e17d-af-synthesis_stb_50_100_9_sat.cnf.xz', '/nfs/share/instances/gbd/cnf/82d9e8d2cfea101dfe52c8359b7bb163-af-synthesis_stb_50_40_2_unsat.cnf.xz', '/nfs/share/instances/gbd/cnf/94571e8a1081385029d1ecd53ffcdf8e-af-synthesis_stb_50_200_0_unsat.cnf.xz', '/nfs/share/instances/gbd/cnf/be18894105e006399cc018abc14b204f-af-synthesis_stb_50_40_9_sat.cnf.xz', '/nfs/share/instances/gbd/cnf/c9f511adbb3d6e1b37b410f972f270c6-af-synthesis_stb_50_140_3_unsat.cnf.xz', '/nfs/share/instances/gbd/cnf/e067414e153ee98a7842bd6d6dafeee5-af-synthesis_stb_50_200_0_sat.cnf.xz', '/nfs/share/instances/gbd/cnf/e99e266b422513a2898c13898a1de501-rbsat-v760c43649gyes9.cnf.xz', '/nfs/share/instances/gbd/cnf/f16b7329ef5728f722c291156b3b098e-af-synthesis_stb_50_100_9_unsat.cnf.xz']
['../instances/train/0bad2ce307bf5b68db26fa34e252c9d4-af-synthesis_stb_50_100_4_sat.cnf', '../instances/train/14ea5857d75ae2b235a3ba97373ea732-af-synthesis_stb_50_40_9_unsat.cnf', '../instances/train/16c27d738cb45b766b8823ca4f428cf0-rbsat-v760c43649gyes7.cnf', '../instances/train/170a7d847694ee4cfa5c421757672882-af-synthesis_stb_50_140_0_unsat.cnf', '../instances/train/1a1c9d1dc1ae7fcff92e3c3499864b75-af-synthesis_stb_50_200_4_unsat.cnf', '../instances/train/1b0f4ff7984b8d4cf2873200fb1680fb-af-synthesis_stb_50_140_1_unsat.cnf', '../instances/train/38833d6a1ff6a56ef22bd2dc1e3fdde7-rbsat-v1150c84314gyes10.cnf', '../instances/train/3ed56242f55e3653dbceeb4a70221787-rbsat-v945c61409gyes9-sc2009.cnf', '../instances/train/5e5fe73a2e0ffc8e19873298566919fb-rbsat-v760c43649gyes3.cnf', '../instances/train/695e287a447fcdd924985a6e73057a38-rbsat-v1150c84314gyes1.cnf', '../instances/train/71a3dd6156463c0c55c4b38394faa753-af-synthesis_stb_50_120_4_sat.cnf', '../instances/train/7429e380834066c206394139c9e1e17d-af-synthesis_stb_50_100_9_sat.cnf', '../instances/train/82d9e8d2cfea101dfe52c8359b7bb163-af-synthesis_stb_50_40_2_unsat.cnf', '../instances/train/94571e8a1081385029d1ecd53ffcdf8e-af-synthesis_stb_50_200_0_unsat.cnf', '../instances/train/be18894105e006399cc018abc14b204f-af-synthesis_stb_50_40_9_sat.cnf', '../instances/train/c9f511adbb3d6e1b37b410f972f270c6-af-synthesis_stb_50_140_3_unsat.cnf', '../instances/train/e067414e153ee98a7842bd6d6dafeee5-af-synthesis_stb_50_200_0_sat.cnf', '../instances/train/e99e266b422513a2898c13898a1de501-rbsat-v760c43649gyes9.cnf', '../instances/train/f16b7329ef5728f722c291156b3b098e-af-synthesis_stb_50_100_9_unsat.cnf']
9: Solved
9: Timeout
9: Solved
9: Solved
9: Solved
9: Timeout
9: Solved
9: Solved
9: Solved
9: Timeout
9: Solved
9: Solved
9: Solved
9: Solved
9: Solved
9: Solved
9: Solved
9: Solved
9: Solved
[INFO][abstract_intensifier.py:595] Added config 2b3f63 and rejected config 7568d0 as incumbent because it is not better than the incumbents on 1 instances:
Getting instances
['/nfs/share/instances/gbd/cnf/0bad2ce307bf5b68db26fa34e252c9d4-af-synthesis_stb_50_100_4_sat.cnf.xz', '/nfs/share/instances/gbd/cnf/14ea5857d75ae2b235a3ba97373ea732-af-synthesis_stb_50_40_9_unsat.cnf.xz', '/nfs/share/instances/gbd/cnf/16c27d738cb45b766b8823ca4f428cf0-rbsat-v760c43649gyes7.cnf.xz', '/nfs/share/instances/gbd/cnf/170a7d847694ee4cfa5c421757672882-af-synthesis_stb_50_140_0_unsat.cnf.xz', '/nfs/share/instances/gbd/cnf/1a1c9d1dc1ae7fcff92e3c3499864b75-af-synthesis_stb_50_200_4_unsat.cnf.xz', '/nfs/share/instances/gbd/cnf/1b0f4ff7984b8d4cf2873200fb1680fb-af-synthesis_stb_50_140_1_unsat.cnf.xz', '/nfs/share/instances/gbd/cnf/38833d6a1ff6a56ef22bd2dc1e3fdde7-rbsat-v1150c84314gyes10.cnf.xz', '/nfs/share/instances/gbd/cnf/3ed56242f55e3653dbceeb4a70221787-rbsat-v945c61409gyes9-sc2009.cnf.xz', '/nfs/share/instances/gbd/cnf/5e5fe73a2e0ffc8e19873298566919fb-rbsat-v760c43649gyes3.cnf.xz', '/nfs/share/instances/gbd/cnf/695e287a447fcdd924985a6e73057a38-rbsat-v1150c84314gyes1.cnf.xz', '/nfs/share/instances/gbd/cnf/71a3dd6156463c0c55c4b38394faa753-af-synthesis_stb_50_120_4_sat.cnf.xz', '/nfs/share/instances/gbd/cnf/7429e380834066c206394139c9e1e17d-af-synthesis_stb_50_100_9_sat.cnf.xz', '/nfs/share/instances/gbd/cnf/82d9e8d2cfea101dfe52c8359b7bb163-af-synthesis_stb_50_40_2_unsat.cnf.xz', '/nfs/share/instances/gbd/cnf/94571e8a1081385029d1ecd53ffcdf8e-af-synthesis_stb_50_200_0_unsat.cnf.xz', '/nfs/share/instances/gbd/cnf/be18894105e006399cc018abc14b204f-af-synthesis_stb_50_40_9_sat.cnf.xz', '/nfs/share/instances/gbd/cnf/c9f511adbb3d6e1b37b410f972f270c6-af-synthesis_stb_50_140_3_unsat.cnf.xz', '/nfs/share/instances/gbd/cnf/e067414e153ee98a7842bd6d6dafeee5-af-synthesis_stb_50_200_0_sat.cnf.xz', '/nfs/share/instances/gbd/cnf/e99e266b422513a2898c13898a1de501-rbsat-v760c43649gyes9.cnf.xz', '/nfs/share/instances/gbd/cnf/f16b7329ef5728f722c291156b3b098e-af-synthesis_stb_50_100_9_unsat.cnf.xz']
['../instances/train/0bad2ce307bf5b68db26fa34e252c9d4-af-synthesis_stb_50_100_4_sat.cnf', '../instances/train/14ea5857d75ae2b235a3ba97373ea732-af-synthesis_stb_50_40_9_unsat.cnf', '../instances/train/16c27d738cb45b766b8823ca4f428cf0-rbsat-v760c43649gyes7.cnf', '../instances/train/170a7d847694ee4cfa5c421757672882-af-synthesis_stb_50_140_0_unsat.cnf', '../instances/train/1a1c9d1dc1ae7fcff92e3c3499864b75-af-synthesis_stb_50_200_4_unsat.cnf', '../instances/train/1b0f4ff7984b8d4cf2873200fb1680fb-af-synthesis_stb_50_140_1_unsat.cnf', '../instances/train/38833d6a1ff6a56ef22bd2dc1e3fdde7-rbsat-v1150c84314gyes10.cnf', '../instances/train/3ed56242f55e3653dbceeb4a70221787-rbsat-v945c61409gyes9-sc2009.cnf', '../instances/train/5e5fe73a2e0ffc8e19873298566919fb-rbsat-v760c43649gyes3.cnf', '../instances/train/695e287a447fcdd924985a6e73057a38-rbsat-v1150c84314gyes1.cnf', '../instances/train/71a3dd6156463c0c55c4b38394faa753-af-synthesis_stb_50_120_4_sat.cnf', '../instances/train/7429e380834066c206394139c9e1e17d-af-synthesis_stb_50_100_9_sat.cnf', '../instances/train/82d9e8d2cfea101dfe52c8359b7bb163-af-synthesis_stb_50_40_2_unsat.cnf', '../instances/train/94571e8a1081385029d1ecd53ffcdf8e-af-synthesis_stb_50_200_0_unsat.cnf', '../instances/train/be18894105e006399cc018abc14b204f-af-synthesis_stb_50_40_9_sat.cnf', '../instances/train/c9f511adbb3d6e1b37b410f972f270c6-af-synthesis_stb_50_140_3_unsat.cnf', '../instances/train/e067414e153ee98a7842bd6d6dafeee5-af-synthesis_stb_50_200_0_sat.cnf', '../instances/train/e99e266b422513a2898c13898a1de501-rbsat-v760c43649gyes9.cnf', '../instances/train/f16b7329ef5728f722c291156b3b098e-af-synthesis_stb_50_100_9_unsat.cnf']
9: Timeout
9: Timeout
9: Solved
9: Solved
9: Solved
9: Timeout
9: Timeout
9: Solved
9: Timeout
9: Timeout
9: Solved
9: Solved
9: Solved
9: Solved
9: Solved
9: Solved
9: Solved
9: Solved
9: Solved
Getting instances
['/nfs/share/instances/gbd/cnf/0bad2ce307bf5b68db26fa34e252c9d4-af-synthesis_stb_50_100_4_sat.cnf.xz', '/nfs/share/instances/gbd/cnf/14ea5857d75ae2b235a3ba97373ea732-af-synthesis_stb_50_40_9_unsat.cnf.xz', '/nfs/share/instances/gbd/cnf/16c27d738cb45b766b8823ca4f428cf0-rbsat-v760c43649gyes7.cnf.xz', '/nfs/share/instances/gbd/cnf/170a7d847694ee4cfa5c421757672882-af-synthesis_stb_50_140_0_unsat.cnf.xz', '/nfs/share/instances/gbd/cnf/1a1c9d1dc1ae7fcff92e3c3499864b75-af-synthesis_stb_50_200_4_unsat.cnf.xz', '/nfs/share/instances/gbd/cnf/1b0f4ff7984b8d4cf2873200fb1680fb-af-synthesis_stb_50_140_1_unsat.cnf.xz', '/nfs/share/instances/gbd/cnf/38833d6a1ff6a56ef22bd2dc1e3fdde7-rbsat-v1150c84314gyes10.cnf.xz', '/nfs/share/instances/gbd/cnf/3ed56242f55e3653dbceeb4a70221787-rbsat-v945c61409gyes9-sc2009.cnf.xz', '/nfs/share/instances/gbd/cnf/5e5fe73a2e0ffc8e19873298566919fb-rbsat-v760c43649gyes3.cnf.xz', '/nfs/share/instances/gbd/cnf/695e287a447fcdd924985a6e73057a38-rbsat-v1150c84314gyes1.cnf.xz', '/nfs/share/instances/gbd/cnf/71a3dd6156463c0c55c4b38394faa753-af-synthesis_stb_50_120_4_sat.cnf.xz', '/nfs/share/instances/gbd/cnf/7429e380834066c206394139c9e1e17d-af-synthesis_stb_50_100_9_sat.cnf.xz', '/nfs/share/instances/gbd/cnf/82d9e8d2cfea101dfe52c8359b7bb163-af-synthesis_stb_50_40_2_unsat.cnf.xz', '/nfs/share/instances/gbd/cnf/94571e8a1081385029d1ecd53ffcdf8e-af-synthesis_stb_50_200_0_unsat.cnf.xz', '/nfs/share/instances/gbd/cnf/be18894105e006399cc018abc14b204f-af-synthesis_stb_50_40_9_sat.cnf.xz', '/nfs/share/instances/gbd/cnf/c9f511adbb3d6e1b37b410f972f270c6-af-synthesis_stb_50_140_3_unsat.cnf.xz', '/nfs/share/instances/gbd/cnf/e067414e153ee98a7842bd6d6dafeee5-af-synthesis_stb_50_200_0_sat.cnf.xz', '/nfs/share/instances/gbd/cnf/e99e266b422513a2898c13898a1de501-rbsat-v760c43649gyes9.cnf.xz', '/nfs/share/instances/gbd/cnf/f16b7329ef5728f722c291156b3b098e-af-synthesis_stb_50_100_9_unsat.cnf.xz']
['../instances/train/0bad2ce307bf5b68db26fa34e252c9d4-af-synthesis_stb_50_100_4_sat.cnf', '../instances/train/14ea5857d75ae2b235a3ba97373ea732-af-synthesis_stb_50_40_9_unsat.cnf', '../instances/train/16c27d738cb45b766b8823ca4f428cf0-rbsat-v760c43649gyes7.cnf', '../instances/train/170a7d847694ee4cfa5c421757672882-af-synthesis_stb_50_140_0_unsat.cnf', '../instances/train/1a1c9d1dc1ae7fcff92e3c3499864b75-af-synthesis_stb_50_200_4_unsat.cnf', '../instances/train/1b0f4ff7984b8d4cf2873200fb1680fb-af-synthesis_stb_50_140_1_unsat.cnf', '../instances/train/38833d6a1ff6a56ef22bd2dc1e3fdde7-rbsat-v1150c84314gyes10.cnf', '../instances/train/3ed56242f55e3653dbceeb4a70221787-rbsat-v945c61409gyes9-sc2009.cnf', '../instances/train/5e5fe73a2e0ffc8e19873298566919fb-rbsat-v760c43649gyes3.cnf', '../instances/train/695e287a447fcdd924985a6e73057a38-rbsat-v1150c84314gyes1.cnf', '../instances/train/71a3dd6156463c0c55c4b38394faa753-af-synthesis_stb_50_120_4_sat.cnf', '../instances/train/7429e380834066c206394139c9e1e17d-af-synthesis_stb_50_100_9_sat.cnf', '../instances/train/82d9e8d2cfea101dfe52c8359b7bb163-af-synthesis_stb_50_40_2_unsat.cnf', '../instances/train/94571e8a1081385029d1ecd53ffcdf8e-af-synthesis_stb_50_200_0_unsat.cnf', '../instances/train/be18894105e006399cc018abc14b204f-af-synthesis_stb_50_40_9_sat.cnf', '../instances/train/c9f511adbb3d6e1b37b410f972f270c6-af-synthesis_stb_50_140_3_unsat.cnf', '../instances/train/e067414e153ee98a7842bd6d6dafeee5-af-synthesis_stb_50_200_0_sat.cnf', '../instances/train/e99e266b422513a2898c13898a1de501-rbsat-v760c43649gyes9.cnf', '../instances/train/f16b7329ef5728f722c291156b3b098e-af-synthesis_stb_50_100_9_unsat.cnf']
9: Solved
9: Timeout
9: Timeout
9: Solved
9: Solved
9: Timeout
9: Timeout
9: Solved
9: Solved
9: Timeout
9: Solved
9: Solved
9: Solved
9: Solved
9: Timeout
9: Solved
9: Solved
9: Solved
9: Solved
Getting instances
['/nfs/share/instances/gbd/cnf/0bad2ce307bf5b68db26fa34e252c9d4-af-synthesis_stb_50_100_4_sat.cnf.xz', '/nfs/share/instances/gbd/cnf/14ea5857d75ae2b235a3ba97373ea732-af-synthesis_stb_50_40_9_unsat.cnf.xz', '/nfs/share/instances/gbd/cnf/16c27d738cb45b766b8823ca4f428cf0-rbsat-v760c43649gyes7.cnf.xz', '/nfs/share/instances/gbd/cnf/170a7d847694ee4cfa5c421757672882-af-synthesis_stb_50_140_0_unsat.cnf.xz', '/nfs/share/instances/gbd/cnf/1a1c9d1dc1ae7fcff92e3c3499864b75-af-synthesis_stb_50_200_4_unsat.cnf.xz', '/nfs/share/instances/gbd/cnf/1b0f4ff7984b8d4cf2873200fb1680fb-af-synthesis_stb_50_140_1_unsat.cnf.xz', '/nfs/share/instances/gbd/cnf/38833d6a1ff6a56ef22bd2dc1e3fdde7-rbsat-v1150c84314gyes10.cnf.xz', '/nfs/share/instances/gbd/cnf/3ed56242f55e3653dbceeb4a70221787-rbsat-v945c61409gyes9-sc2009.cnf.xz', '/nfs/share/instances/gbd/cnf/5e5fe73a2e0ffc8e19873298566919fb-rbsat-v760c43649gyes3.cnf.xz', '/nfs/share/instances/gbd/cnf/695e287a447fcdd924985a6e73057a38-rbsat-v1150c84314gyes1.cnf.xz', '/nfs/share/instances/gbd/cnf/71a3dd6156463c0c55c4b38394faa753-af-synthesis_stb_50_120_4_sat.cnf.xz', '/nfs/share/instances/gbd/cnf/7429e380834066c206394139c9e1e17d-af-synthesis_stb_50_100_9_sat.cnf.xz', '/nfs/share/instances/gbd/cnf/82d9e8d2cfea101dfe52c8359b7bb163-af-synthesis_stb_50_40_2_unsat.cnf.xz', '/nfs/share/instances/gbd/cnf/94571e8a1081385029d1ecd53ffcdf8e-af-synthesis_stb_50_200_0_unsat.cnf.xz', '/nfs/share/instances/gbd/cnf/be18894105e006399cc018abc14b204f-af-synthesis_stb_50_40_9_sat.cnf.xz', '/nfs/share/instances/gbd/cnf/c9f511adbb3d6e1b37b410f972f270c6-af-synthesis_stb_50_140_3_unsat.cnf.xz', '/nfs/share/instances/gbd/cnf/e067414e153ee98a7842bd6d6dafeee5-af-synthesis_stb_50_200_0_sat.cnf.xz', '/nfs/share/instances/gbd/cnf/e99e266b422513a2898c13898a1de501-rbsat-v760c43649gyes9.cnf.xz', '/nfs/share/instances/gbd/cnf/f16b7329ef5728f722c291156b3b098e-af-synthesis_stb_50_100_9_unsat.cnf.xz']
['../instances/train/0bad2ce307bf5b68db26fa34e252c9d4-af-synthesis_stb_50_100_4_sat.cnf', '../instances/train/14ea5857d75ae2b235a3ba97373ea732-af-synthesis_stb_50_40_9_unsat.cnf', '../instances/train/16c27d738cb45b766b8823ca4f428cf0-rbsat-v760c43649gyes7.cnf', '../instances/train/170a7d847694ee4cfa5c421757672882-af-synthesis_stb_50_140_0_unsat.cnf', '../instances/train/1a1c9d1dc1ae7fcff92e3c3499864b75-af-synthesis_stb_50_200_4_unsat.cnf', '../instances/train/1b0f4ff7984b8d4cf2873200fb1680fb-af-synthesis_stb_50_140_1_unsat.cnf', '../instances/train/38833d6a1ff6a56ef22bd2dc1e3fdde7-rbsat-v1150c84314gyes10.cnf', '../instances/train/3ed56242f55e3653dbceeb4a70221787-rbsat-v945c61409gyes9-sc2009.cnf', '../instances/train/5e5fe73a2e0ffc8e19873298566919fb-rbsat-v760c43649gyes3.cnf', '../instances/train/695e287a447fcdd924985a6e73057a38-rbsat-v1150c84314gyes1.cnf', '../instances/train/71a3dd6156463c0c55c4b38394faa753-af-synthesis_stb_50_120_4_sat.cnf', '../instances/train/7429e380834066c206394139c9e1e17d-af-synthesis_stb_50_100_9_sat.cnf', '../instances/train/82d9e8d2cfea101dfe52c8359b7bb163-af-synthesis_stb_50_40_2_unsat.cnf', '../instances/train/94571e8a1081385029d1ecd53ffcdf8e-af-synthesis_stb_50_200_0_unsat.cnf', '../instances/train/be18894105e006399cc018abc14b204f-af-synthesis_stb_50_40_9_sat.cnf', '../instances/train/c9f511adbb3d6e1b37b410f972f270c6-af-synthesis_stb_50_140_3_unsat.cnf', '../instances/train/e067414e153ee98a7842bd6d6dafeee5-af-synthesis_stb_50_200_0_sat.cnf', '../instances/train/e99e266b422513a2898c13898a1de501-rbsat-v760c43649gyes9.cnf', '../instances/train/f16b7329ef5728f722c291156b3b098e-af-synthesis_stb_50_100_9_unsat.cnf']
9: Solved
9: Timeout
9: Solved
9: Solved
9: Solved
9: Timeout
9: Timeout
9: Solved
9: Solved
9: Timeout
9: Solved
9: Solved
9: Solved
9: Solved
9: Solved
9: Solved
9: Solved
9: Solved
9: Solved
Getting instances
['/nfs/share/instances/gbd/cnf/0bad2ce307bf5b68db26fa34e252c9d4-af-synthesis_stb_50_100_4_sat.cnf.xz', '/nfs/share/instances/gbd/cnf/14ea5857d75ae2b235a3ba97373ea732-af-synthesis_stb_50_40_9_unsat.cnf.xz', '/nfs/share/instances/gbd/cnf/16c27d738cb45b766b8823ca4f428cf0-rbsat-v760c43649gyes7.cnf.xz', '/nfs/share/instances/gbd/cnf/170a7d847694ee4cfa5c421757672882-af-synthesis_stb_50_140_0_unsat.cnf.xz', '/nfs/share/instances/gbd/cnf/1a1c9d1dc1ae7fcff92e3c3499864b75-af-synthesis_stb_50_200_4_unsat.cnf.xz', '/nfs/share/instances/gbd/cnf/1b0f4ff7984b8d4cf2873200fb1680fb-af-synthesis_stb_50_140_1_unsat.cnf.xz', '/nfs/share/instances/gbd/cnf/38833d6a1ff6a56ef22bd2dc1e3fdde7-rbsat-v1150c84314gyes10.cnf.xz', '/nfs/share/instances/gbd/cnf/3ed56242f55e3653dbceeb4a70221787-rbsat-v945c61409gyes9-sc2009.cnf.xz', '/nfs/share/instances/gbd/cnf/5e5fe73a2e0ffc8e19873298566919fb-rbsat-v760c43649gyes3.cnf.xz', '/nfs/share/instances/gbd/cnf/695e287a447fcdd924985a6e73057a38-rbsat-v1150c84314gyes1.cnf.xz', '/nfs/share/instances/gbd/cnf/71a3dd6156463c0c55c4b38394faa753-af-synthesis_stb_50_120_4_sat.cnf.xz', '/nfs/share/instances/gbd/cnf/7429e380834066c206394139c9e1e17d-af-synthesis_stb_50_100_9_sat.cnf.xz', '/nfs/share/instances/gbd/cnf/82d9e8d2cfea101dfe52c8359b7bb163-af-synthesis_stb_50_40_2_unsat.cnf.xz', '/nfs/share/instances/gbd/cnf/94571e8a1081385029d1ecd53ffcdf8e-af-synthesis_stb_50_200_0_unsat.cnf.xz', '/nfs/share/instances/gbd/cnf/be18894105e006399cc018abc14b204f-af-synthesis_stb_50_40_9_sat.cnf.xz', '/nfs/share/instances/gbd/cnf/c9f511adbb3d6e1b37b410f972f270c6-af-synthesis_stb_50_140_3_unsat.cnf.xz', '/nfs/share/instances/gbd/cnf/e067414e153ee98a7842bd6d6dafeee5-af-synthesis_stb_50_200_0_sat.cnf.xz', '/nfs/share/instances/gbd/cnf/e99e266b422513a2898c13898a1de501-rbsat-v760c43649gyes9.cnf.xz', '/nfs/share/instances/gbd/cnf/f16b7329ef5728f722c291156b3b098e-af-synthesis_stb_50_100_9_unsat.cnf.xz']
['../instances/train/0bad2ce307bf5b68db26fa34e252c9d4-af-synthesis_stb_50_100_4_sat.cnf', '../instances/train/14ea5857d75ae2b235a3ba97373ea732-af-synthesis_stb_50_40_9_unsat.cnf', '../instances/train/16c27d738cb45b766b8823ca4f428cf0-rbsat-v760c43649gyes7.cnf', '../instances/train/170a7d847694ee4cfa5c421757672882-af-synthesis_stb_50_140_0_unsat.cnf', '../instances/train/1a1c9d1dc1ae7fcff92e3c3499864b75-af-synthesis_stb_50_200_4_unsat.cnf', '../instances/train/1b0f4ff7984b8d4cf2873200fb1680fb-af-synthesis_stb_50_140_1_unsat.cnf', '../instances/train/38833d6a1ff6a56ef22bd2dc1e3fdde7-rbsat-v1150c84314gyes10.cnf', '../instances/train/3ed56242f55e3653dbceeb4a70221787-rbsat-v945c61409gyes9-sc2009.cnf', '../instances/train/5e5fe73a2e0ffc8e19873298566919fb-rbsat-v760c43649gyes3.cnf', '../instances/train/695e287a447fcdd924985a6e73057a38-rbsat-v1150c84314gyes1.cnf', '../instances/train/71a3dd6156463c0c55c4b38394faa753-af-synthesis_stb_50_120_4_sat.cnf', '../instances/train/7429e380834066c206394139c9e1e17d-af-synthesis_stb_50_100_9_sat.cnf', '../instances/train/82d9e8d2cfea101dfe52c8359b7bb163-af-synthesis_stb_50_40_2_unsat.cnf', '../instances/train/94571e8a1081385029d1ecd53ffcdf8e-af-synthesis_stb_50_200_0_unsat.cnf', '../instances/train/be18894105e006399cc018abc14b204f-af-synthesis_stb_50_40_9_sat.cnf', '../instances/train/c9f511adbb3d6e1b37b410f972f270c6-af-synthesis_stb_50_140_3_unsat.cnf', '../instances/train/e067414e153ee98a7842bd6d6dafeee5-af-synthesis_stb_50_200_0_sat.cnf', '../instances/train/e99e266b422513a2898c13898a1de501-rbsat-v760c43649gyes9.cnf', '../instances/train/f16b7329ef5728f722c291156b3b098e-af-synthesis_stb_50_100_9_unsat.cnf']
9: Solved
9: Timeout
9: Solved
9: Solved
9: Solved
9: Timeout
9: Timeout
9: Solved
9: Solved
9: Timeout
9: Solved
9: Solved
9: Solved
9: Solved
9: Solved
9: Solved
9: Solved
9: Solved
9: Solved
Getting instances
['/nfs/share/instances/gbd/cnf/0bad2ce307bf5b68db26fa34e252c9d4-af-synthesis_stb_50_100_4_sat.cnf.xz', '/nfs/share/instances/gbd/cnf/14ea5857d75ae2b235a3ba97373ea732-af-synthesis_stb_50_40_9_unsat.cnf.xz', '/nfs/share/instances/gbd/cnf/16c27d738cb45b766b8823ca4f428cf0-rbsat-v760c43649gyes7.cnf.xz', '/nfs/share/instances/gbd/cnf/170a7d847694ee4cfa5c421757672882-af-synthesis_stb_50_140_0_unsat.cnf.xz', '/nfs/share/instances/gbd/cnf/1a1c9d1dc1ae7fcff92e3c3499864b75-af-synthesis_stb_50_200_4_unsat.cnf.xz', '/nfs/share/instances/gbd/cnf/1b0f4ff7984b8d4cf2873200fb1680fb-af-synthesis_stb_50_140_1_unsat.cnf.xz', '/nfs/share/instances/gbd/cnf/38833d6a1ff6a56ef22bd2dc1e3fdde7-rbsat-v1150c84314gyes10.cnf.xz', '/nfs/share/instances/gbd/cnf/3ed56242f55e3653dbceeb4a70221787-rbsat-v945c61409gyes9-sc2009.cnf.xz', '/nfs/share/instances/gbd/cnf/5e5fe73a2e0ffc8e19873298566919fb-rbsat-v760c43649gyes3.cnf.xz', '/nfs/share/instances/gbd/cnf/695e287a447fcdd924985a6e73057a38-rbsat-v1150c84314gyes1.cnf.xz', '/nfs/share/instances/gbd/cnf/71a3dd6156463c0c55c4b38394faa753-af-synthesis_stb_50_120_4_sat.cnf.xz', '/nfs/share/instances/gbd/cnf/7429e380834066c206394139c9e1e17d-af-synthesis_stb_50_100_9_sat.cnf.xz', '/nfs/share/instances/gbd/cnf/82d9e8d2cfea101dfe52c8359b7bb163-af-synthesis_stb_50_40_2_unsat.cnf.xz', '/nfs/share/instances/gbd/cnf/94571e8a1081385029d1ecd53ffcdf8e-af-synthesis_stb_50_200_0_unsat.cnf.xz', '/nfs/share/instances/gbd/cnf/be18894105e006399cc018abc14b204f-af-synthesis_stb_50_40_9_sat.cnf.xz', '/nfs/share/instances/gbd/cnf/c9f511adbb3d6e1b37b410f972f270c6-af-synthesis_stb_50_140_3_unsat.cnf.xz', '/nfs/share/instances/gbd/cnf/e067414e153ee98a7842bd6d6dafeee5-af-synthesis_stb_50_200_0_sat.cnf.xz', '/nfs/share/instances/gbd/cnf/e99e266b422513a2898c13898a1de501-rbsat-v760c43649gyes9.cnf.xz', '/nfs/share/instances/gbd/cnf/f16b7329ef5728f722c291156b3b098e-af-synthesis_stb_50_100_9_unsat.cnf.xz']
['../instances/train/0bad2ce307bf5b68db26fa34e252c9d4-af-synthesis_stb_50_100_4_sat.cnf', '../instances/train/14ea5857d75ae2b235a3ba97373ea732-af-synthesis_stb_50_40_9_unsat.cnf', '../instances/train/16c27d738cb45b766b8823ca4f428cf0-rbsat-v760c43649gyes7.cnf', '../instances/train/170a7d847694ee4cfa5c421757672882-af-synthesis_stb_50_140_0_unsat.cnf', '../instances/train/1a1c9d1dc1ae7fcff92e3c3499864b75-af-synthesis_stb_50_200_4_unsat.cnf', '../instances/train/1b0f4ff7984b8d4cf2873200fb1680fb-af-synthesis_stb_50_140_1_unsat.cnf', '../instances/train/38833d6a1ff6a56ef22bd2dc1e3fdde7-rbsat-v1150c84314gyes10.cnf', '../instances/train/3ed56242f55e3653dbceeb4a70221787-rbsat-v945c61409gyes9-sc2009.cnf', '../instances/train/5e5fe73a2e0ffc8e19873298566919fb-rbsat-v760c43649gyes3.cnf', '../instances/train/695e287a447fcdd924985a6e73057a38-rbsat-v1150c84314gyes1.cnf', '../instances/train/71a3dd6156463c0c55c4b38394faa753-af-synthesis_stb_50_120_4_sat.cnf', '../instances/train/7429e380834066c206394139c9e1e17d-af-synthesis_stb_50_100_9_sat.cnf', '../instances/train/82d9e8d2cfea101dfe52c8359b7bb163-af-synthesis_stb_50_40_2_unsat.cnf', '../instances/train/94571e8a1081385029d1ecd53ffcdf8e-af-synthesis_stb_50_200_0_unsat.cnf', '../instances/train/be18894105e006399cc018abc14b204f-af-synthesis_stb_50_40_9_sat.cnf', '../instances/train/c9f511adbb3d6e1b37b410f972f270c6-af-synthesis_stb_50_140_3_unsat.cnf', '../instances/train/e067414e153ee98a7842bd6d6dafeee5-af-synthesis_stb_50_200_0_sat.cnf', '../instances/train/e99e266b422513a2898c13898a1de501-rbsat-v760c43649gyes9.cnf', '../instances/train/f16b7329ef5728f722c291156b3b098e-af-synthesis_stb_50_100_9_unsat.cnf']
9: Solved
9: Timeout
9: Solved
9: Solved
9: Solved
9: Solved
9: Timeout
9: Solved
9: Solved
9: Timeout
9: Solved
9: Solved
9: Solved
9: Solved
9: Solved
9: Solved
9: Solved
9: Solved
9: Solved
Getting instances
['/nfs/share/instances/gbd/cnf/0bad2ce307bf5b68db26fa34e252c9d4-af-synthesis_stb_50_100_4_sat.cnf.xz', '/nfs/share/instances/gbd/cnf/14ea5857d75ae2b235a3ba97373ea732-af-synthesis_stb_50_40_9_unsat.cnf.xz', '/nfs/share/instances/gbd/cnf/16c27d738cb45b766b8823ca4f428cf0-rbsat-v760c43649gyes7.cnf.xz', '/nfs/share/instances/gbd/cnf/170a7d847694ee4cfa5c421757672882-af-synthesis_stb_50_140_0_unsat.cnf.xz', '/nfs/share/instances/gbd/cnf/1a1c9d1dc1ae7fcff92e3c3499864b75-af-synthesis_stb_50_200_4_unsat.cnf.xz', '/nfs/share/instances/gbd/cnf/1b0f4ff7984b8d4cf2873200fb1680fb-af-synthesis_stb_50_140_1_unsat.cnf.xz', '/nfs/share/instances/gbd/cnf/38833d6a1ff6a56ef22bd2dc1e3fdde7-rbsat-v1150c84314gyes10.cnf.xz', '/nfs/share/instances/gbd/cnf/3ed56242f55e3653dbceeb4a70221787-rbsat-v945c61409gyes9-sc2009.cnf.xz', '/nfs/share/instances/gbd/cnf/5e5fe73a2e0ffc8e19873298566919fb-rbsat-v760c43649gyes3.cnf.xz', '/nfs/share/instances/gbd/cnf/695e287a447fcdd924985a6e73057a38-rbsat-v1150c84314gyes1.cnf.xz', '/nfs/share/instances/gbd/cnf/71a3dd6156463c0c55c4b38394faa753-af-synthesis_stb_50_120_4_sat.cnf.xz', '/nfs/share/instances/gbd/cnf/7429e380834066c206394139c9e1e17d-af-synthesis_stb_50_100_9_sat.cnf.xz', '/nfs/share/instances/gbd/cnf/82d9e8d2cfea101dfe52c8359b7bb163-af-synthesis_stb_50_40_2_unsat.cnf.xz', '/nfs/share/instances/gbd/cnf/94571e8a1081385029d1ecd53ffcdf8e-af-synthesis_stb_50_200_0_unsat.cnf.xz', '/nfs/share/instances/gbd/cnf/be18894105e006399cc018abc14b204f-af-synthesis_stb_50_40_9_sat.cnf.xz', '/nfs/share/instances/gbd/cnf/c9f511adbb3d6e1b37b410f972f270c6-af-synthesis_stb_50_140_3_unsat.cnf.xz', '/nfs/share/instances/gbd/cnf/e067414e153ee98a7842bd6d6dafeee5-af-synthesis_stb_50_200_0_sat.cnf.xz', '/nfs/share/instances/gbd/cnf/e99e266b422513a2898c13898a1de501-rbsat-v760c43649gyes9.cnf.xz', '/nfs/share/instances/gbd/cnf/f16b7329ef5728f722c291156b3b098e-af-synthesis_stb_50_100_9_unsat.cnf.xz']
['../instances/train/0bad2ce307bf5b68db26fa34e252c9d4-af-synthesis_stb_50_100_4_sat.cnf', '../instances/train/14ea5857d75ae2b235a3ba97373ea732-af-synthesis_stb_50_40_9_unsat.cnf', '../instances/train/16c27d738cb45b766b8823ca4f428cf0-rbsat-v760c43649gyes7.cnf', '../instances/train/170a7d847694ee4cfa5c421757672882-af-synthesis_stb_50_140_0_unsat.cnf', '../instances/train/1a1c9d1dc1ae7fcff92e3c3499864b75-af-synthesis_stb_50_200_4_unsat.cnf', '../instances/train/1b0f4ff7984b8d4cf2873200fb1680fb-af-synthesis_stb_50_140_1_unsat.cnf', '../instances/train/38833d6a1ff6a56ef22bd2dc1e3fdde7-rbsat-v1150c84314gyes10.cnf', '../instances/train/3ed56242f55e3653dbceeb4a70221787-rbsat-v945c61409gyes9-sc2009.cnf', '../instances/train/5e5fe73a2e0ffc8e19873298566919fb-rbsat-v760c43649gyes3.cnf', '../instances/train/695e287a447fcdd924985a6e73057a38-rbsat-v1150c84314gyes1.cnf', '../instances/train/71a3dd6156463c0c55c4b38394faa753-af-synthesis_stb_50_120_4_sat.cnf', '../instances/train/7429e380834066c206394139c9e1e17d-af-synthesis_stb_50_100_9_sat.cnf', '../instances/train/82d9e8d2cfea101dfe52c8359b7bb163-af-synthesis_stb_50_40_2_unsat.cnf', '../instances/train/94571e8a1081385029d1ecd53ffcdf8e-af-synthesis_stb_50_200_0_unsat.cnf', '../instances/train/be18894105e006399cc018abc14b204f-af-synthesis_stb_50_40_9_sat.cnf', '../instances/train/c9f511adbb3d6e1b37b410f972f270c6-af-synthesis_stb_50_140_3_unsat.cnf', '../instances/train/e067414e153ee98a7842bd6d6dafeee5-af-synthesis_stb_50_200_0_sat.cnf', '../instances/train/e99e266b422513a2898c13898a1de501-rbsat-v760c43649gyes9.cnf', '../instances/train/f16b7329ef5728f722c291156b3b098e-af-synthesis_stb_50_100_9_unsat.cnf']
9: Timeout
9: Timeout
9: Solved
9: Solved
9: Solved
9: Solved
9: Timeout
9: Solved
9: Solved
9: Timeout
9: Solved
9: Solved
9: Solved
9: Solved
9: Solved
9: Solved
9: Solved
9: Solved
9: Solved
[INFO][smbo.py:328] Configuration budget is exhausted:
[INFO][smbo.py:329] --- Remaining wallclock time: inf
[INFO][smbo.py:330] --- Remaining cpu time: inf
[INFO][smbo.py:331] --- Remaining trials: 0
Configuration(values={
  'backbone': 1,
  'congruenceands': 'false',
  'congruencexors': 'false',
  'phase': 'true',
  'probeint': 79,
  'restartint': 6000,
  'sweepclauses': 340041433,
  'target': 1,
  'vivifyirr': 29,
})
