Getting instances
['/nfs/share/instances/gbd/cnf/18416a9ac0909dce5fa96345f784c87e-intervals122.cnf.xz', '/nfs/share/instances/gbd/cnf/22d0a2fdc65d884c2bbde56af9feba4a-intervals961.cnf.xz', '/nfs/share/instances/gbd/cnf/262009b8df6350761c7dfc8761f0af79-intervals788.cnf.xz', '/nfs/share/instances/gbd/cnf/34e5fd58b65bf305cc773f0dbfb47917-intervals553.cnf.xz', '/nfs/share/instances/gbd/cnf/3f4174289e971950c290f27892169bc5-intervals607.cnf.xz', '/nfs/share/instances/gbd/cnf/4380f8ed143d97a65f8888b2feeddb80-intervals477.cnf.xz', '/nfs/share/instances/gbd/cnf/48ac8814180bdc90bf96a4caea64dae2-intervals633.cnf.xz', '/nfs/share/instances/gbd/cnf/4f38f4b005cc54122135c8c21aec4b85-intervals7.cnf.xz', '/nfs/share/instances/gbd/cnf/52be8740aab896317320cd44a5d2af2f-intervals753.cnf.xz', '/nfs/share/instances/gbd/cnf/5b3d8a4465726adfcb58b9cdb1cc33f1-intervals222.cnf.xz', '/nfs/share/instances/gbd/cnf/67904554c73addf89fe675bd8e494641-intervals327.cnf.xz', '/nfs/share/instances/gbd/cnf/8c7477dc33a412514998a2fd6b32dbf5-intervals855.cnf.xz', '/nfs/share/instances/gbd/cnf/aa0d6b8c63f57956b9aed350f38e0571-intervals244.cnf.xz', '/nfs/share/instances/gbd/cnf/b5b1803491a265b02d595c1fb62d5991-intervals802.cnf.xz', '/nfs/share/instances/gbd/cnf/b6c6f1081dbb672e8294685d03326b09-intervals80.cnf.xz', '/nfs/share/instances/gbd/cnf/cd58fa8eba4046fd0a86642e1fe26cb9-intervals803.cnf.xz', '/nfs/share/instances/gbd/cnf/d89f0a7a08f9b60579b26b01e2196394-intervals467.cnf.xz', '/nfs/share/instances/gbd/cnf/dd6ef995af0267ce71076250a1226801-intervals313.cnf.xz', '/nfs/share/instances/gbd/cnf/e46bdd62b3789b64f7fbb3bd6c99484e-intervals727.cnf.xz', '/nfs/share/instances/gbd/cnf/f090d0d6eaff3b92c817f5db6fa47544-intervals718.cnf.xz']
['/nfs/home/rzipperer/git/Kissat_hyperparamoptimization/instances/train/18416a9ac0909dce5fa96345f784c87e-intervals122.cnf', '/nfs/home/rzipperer/git/Kissat_hyperparamoptimization/instances/train/22d0a2fdc65d884c2bbde56af9feba4a-intervals961.cnf', '/nfs/home/rzipperer/git/Kissat_hyperparamoptimization/instances/train/262009b8df6350761c7dfc8761f0af79-intervals788.cnf', '/nfs/home/rzipperer/git/Kissat_hyperparamoptimization/instances/train/34e5fd58b65bf305cc773f0dbfb47917-intervals553.cnf', '/nfs/home/rzipperer/git/Kissat_hyperparamoptimization/instances/train/3f4174289e971950c290f27892169bc5-intervals607.cnf', '/nfs/home/rzipperer/git/Kissat_hyperparamoptimization/instances/train/4380f8ed143d97a65f8888b2feeddb80-intervals477.cnf', '/nfs/home/rzipperer/git/Kissat_hyperparamoptimization/instances/train/48ac8814180bdc90bf96a4caea64dae2-intervals633.cnf', '/nfs/home/rzipperer/git/Kissat_hyperparamoptimization/instances/train/4f38f4b005cc54122135c8c21aec4b85-intervals7.cnf', '/nfs/home/rzipperer/git/Kissat_hyperparamoptimization/instances/train/52be8740aab896317320cd44a5d2af2f-intervals753.cnf', '/nfs/home/rzipperer/git/Kissat_hyperparamoptimization/instances/train/5b3d8a4465726adfcb58b9cdb1cc33f1-intervals222.cnf', '/nfs/home/rzipperer/git/Kissat_hyperparamoptimization/instances/train/67904554c73addf89fe675bd8e494641-intervals327.cnf', '/nfs/home/rzipperer/git/Kissat_hyperparamoptimization/instances/train/8c7477dc33a412514998a2fd6b32dbf5-intervals855.cnf', '/nfs/home/rzipperer/git/Kissat_hyperparamoptimization/instances/train/aa0d6b8c63f57956b9aed350f38e0571-intervals244.cnf', '/nfs/home/rzipperer/git/Kissat_hyperparamoptimization/instances/train/b5b1803491a265b02d595c1fb62d5991-intervals802.cnf', '/nfs/home/rzipperer/git/Kissat_hyperparamoptimization/instances/train/b6c6f1081dbb672e8294685d03326b09-intervals80.cnf', '/nfs/home/rzipperer/git/Kissat_hyperparamoptimization/instances/train/cd58fa8eba4046fd0a86642e1fe26cb9-intervals803.cnf', '/nfs/home/rzipperer/git/Kissat_hyperparamoptimization/instances/train/d89f0a7a08f9b60579b26b01e2196394-intervals467.cnf', '/nfs/home/rzipperer/git/Kissat_hyperparamoptimization/instances/train/dd6ef995af0267ce71076250a1226801-intervals313.cnf', '/nfs/home/rzipperer/git/Kissat_hyperparamoptimization/instances/train/e46bdd62b3789b64f7fbb3bd6c99484e-intervals727.cnf', '/nfs/home/rzipperer/git/Kissat_hyperparamoptimization/instances/train/f090d0d6eaff3b92c817f5db6fa47544-intervals718.cnf']
15: Timeout
15: Timeout
15: Timeout
15: Timeout
15: Timeout
15: Timeout
15: Timeout
15: Timeout
15: Timeout
15: Timeout
15: Timeout
15: Timeout
15: Timeout
15: Timeout
15: Timeout
15: Timeout
15: Timeout
15: Timeout
15: Timeout
15: Timeout
Finished after 200000 seconds
