-backbone=0 32000
-backbone=2 32000
-bump=0 32000
-chrono=0 32000
-congruence=0 32000
-eliminate=0 32000
-extract=0 32000
-factor=0 32000
-fastel=0 32000
-forward=0 32000
-lucky=0 32000
-phase=0 32000
-phasesaving=0 32000
-preprocess=0 32000
-probe=0 32000
-randec=0 32000
-reluctant=0 32000
-reorder=0 32000
-reorder=1 32000
-rephase=0 32000
-restart=0 32000
-stable=0 32000
-stable=2 32000
-substitute=0 32000
-sweep=0 32000
-target=0 32000
-target=2 32000
-transitive=0 32000
-vivify=0 32000
-warmup=0 32000
