-backbone=0 31000
-backbone=2 31000
-bump=0 31000
-chrono=0 31000
-congruence=0 31000
-eliminate=0 31000
-extract=0 31000
-factor=0 31000
-fastel=0 31000
-forward=0 31000
-lucky=0 31000
-phase=0 31000
-phasesaving=0 31000
-preprocess=0 31000
-probe=0 31000
-randec=0 31000
-reluctant=0 31000
-reorder=0 31000
-reorder=1 31000
-rephase=0 31000
-restart=0 31000
-stable=0 31000
-stable=2 31000
-substitute=0 31000
-sweep=0 31000
-target=0 31000
-target=2 31000
-transitive=0 31000
-vivify=0 31000
-warmup=0 31000
