Setting up config
Starting smac
[INFO][abstract_initial_design.py:95] Reducing the number of initial configurations from 110 to 2 (max_ratio == 0.25).
[INFO][abstract_initial_design.py:147] Using 2 initial design configurations and 0 additional configurations.
[INFO][abstract_intensifier.py:306] Using only one seed for deterministic scenario.
Getting instances
['/nfs/share/instances/gbd/cnf/04e219c640ed59dc68ea2d50493de5b5-mp1-Nb5T15.cnf.xz', '/nfs/share/instances/gbd/cnf/0ef0d91d378eab41ba6fb9dfc9b87fc8-sat-bench-trig-taylor4.cnf.xz', '/nfs/share/instances/gbd/cnf/3728fe50d8038c639c2d9c84e04fe2b1-46bits_11.dimacs.cnf.xz', '/nfs/share/instances/gbd/cnf/6077d4e5f755124ddc84068d6ccb630f-Nb44T6.cnf.xz', '/nfs/share/instances/gbd/cnf/897acc1858ce0887f286aba5c0d56d71-Nb13T165.cnf.xz', '/nfs/share/instances/gbd/cnf/8cfc8e99d31bcaf18ff3360b08c8521c-sat-bench-trig-taylor6.cnf.xz', '/nfs/share/instances/gbd/cnf/8fa526d20599ca8c3d613e9066d62e61-sat-bench-trig-taylor2.cnf.xz', '/nfs/share/instances/gbd/cnf/bd0b055b890a9ace598a0c4aba40de30-sat-bench-trig-bhaskara.cnf.xz', '/nfs/share/instances/gbd/cnf/c0293283432a9b15cd743702163f5184-mp1-Nb7T42.cnf.xz']
['../instances/train/04e219c640ed59dc68ea2d50493de5b5-mp1-Nb5T15.cnf', '../instances/train/0ef0d91d378eab41ba6fb9dfc9b87fc8-sat-bench-trig-taylor4.cnf', '../instances/train/3728fe50d8038c639c2d9c84e04fe2b1-46bits_11.dimacs.cnf', '../instances/train/6077d4e5f755124ddc84068d6ccb630f-Nb44T6.cnf', '../instances/train/897acc1858ce0887f286aba5c0d56d71-Nb13T165.cnf', '../instances/train/8cfc8e99d31bcaf18ff3360b08c8521c-sat-bench-trig-taylor6.cnf', '../instances/train/8fa526d20599ca8c3d613e9066d62e61-sat-bench-trig-taylor2.cnf', '../instances/train/bd0b055b890a9ace598a0c4aba40de30-sat-bench-trig-bhaskara.cnf', '../instances/train/c0293283432a9b15cd743702163f5184-mp1-Nb7T42.cnf']
28: Solved
28: Timeout
28: Solved
28: Solved
28: Timeout
28: Timeout
28: Timeout
28: Solved
28: Timeout
[INFO][abstract_intensifier.py:516] Added config 3112da as new incumbent because there are no incumbents yet.
Getting instances
['/nfs/share/instances/gbd/cnf/04e219c640ed59dc68ea2d50493de5b5-mp1-Nb5T15.cnf.xz', '/nfs/share/instances/gbd/cnf/0ef0d91d378eab41ba6fb9dfc9b87fc8-sat-bench-trig-taylor4.cnf.xz', '/nfs/share/instances/gbd/cnf/3728fe50d8038c639c2d9c84e04fe2b1-46bits_11.dimacs.cnf.xz', '/nfs/share/instances/gbd/cnf/6077d4e5f755124ddc84068d6ccb630f-Nb44T6.cnf.xz', '/nfs/share/instances/gbd/cnf/897acc1858ce0887f286aba5c0d56d71-Nb13T165.cnf.xz', '/nfs/share/instances/gbd/cnf/8cfc8e99d31bcaf18ff3360b08c8521c-sat-bench-trig-taylor6.cnf.xz', '/nfs/share/instances/gbd/cnf/8fa526d20599ca8c3d613e9066d62e61-sat-bench-trig-taylor2.cnf.xz', '/nfs/share/instances/gbd/cnf/bd0b055b890a9ace598a0c4aba40de30-sat-bench-trig-bhaskara.cnf.xz', '/nfs/share/instances/gbd/cnf/c0293283432a9b15cd743702163f5184-mp1-Nb7T42.cnf.xz']
['../instances/train/04e219c640ed59dc68ea2d50493de5b5-mp1-Nb5T15.cnf', '../instances/train/0ef0d91d378eab41ba6fb9dfc9b87fc8-sat-bench-trig-taylor4.cnf', '../instances/train/3728fe50d8038c639c2d9c84e04fe2b1-46bits_11.dimacs.cnf', '../instances/train/6077d4e5f755124ddc84068d6ccb630f-Nb44T6.cnf', '../instances/train/897acc1858ce0887f286aba5c0d56d71-Nb13T165.cnf', '../instances/train/8cfc8e99d31bcaf18ff3360b08c8521c-sat-bench-trig-taylor6.cnf', '../instances/train/8fa526d20599ca8c3d613e9066d62e61-sat-bench-trig-taylor2.cnf', '../instances/train/bd0b055b890a9ace598a0c4aba40de30-sat-bench-trig-bhaskara.cnf', '../instances/train/c0293283432a9b15cd743702163f5184-mp1-Nb7T42.cnf']
28: Solved
28: Timeout
28: Solved
28: Timeout
28: Timeout
28: Timeout
28: Timeout
28: Solved
28: Solved
[INFO][abstract_intensifier.py:595] Added config 7568d0 and rejected config 3112da as incumbent because it is not better than the incumbents on 1 instances:
Getting instances
['/nfs/share/instances/gbd/cnf/04e219c640ed59dc68ea2d50493de5b5-mp1-Nb5T15.cnf.xz', '/nfs/share/instances/gbd/cnf/0ef0d91d378eab41ba6fb9dfc9b87fc8-sat-bench-trig-taylor4.cnf.xz', '/nfs/share/instances/gbd/cnf/3728fe50d8038c639c2d9c84e04fe2b1-46bits_11.dimacs.cnf.xz', '/nfs/share/instances/gbd/cnf/6077d4e5f755124ddc84068d6ccb630f-Nb44T6.cnf.xz', '/nfs/share/instances/gbd/cnf/897acc1858ce0887f286aba5c0d56d71-Nb13T165.cnf.xz', '/nfs/share/instances/gbd/cnf/8cfc8e99d31bcaf18ff3360b08c8521c-sat-bench-trig-taylor6.cnf.xz', '/nfs/share/instances/gbd/cnf/8fa526d20599ca8c3d613e9066d62e61-sat-bench-trig-taylor2.cnf.xz', '/nfs/share/instances/gbd/cnf/bd0b055b890a9ace598a0c4aba40de30-sat-bench-trig-bhaskara.cnf.xz', '/nfs/share/instances/gbd/cnf/c0293283432a9b15cd743702163f5184-mp1-Nb7T42.cnf.xz']
['../instances/train/04e219c640ed59dc68ea2d50493de5b5-mp1-Nb5T15.cnf', '../instances/train/0ef0d91d378eab41ba6fb9dfc9b87fc8-sat-bench-trig-taylor4.cnf', '../instances/train/3728fe50d8038c639c2d9c84e04fe2b1-46bits_11.dimacs.cnf', '../instances/train/6077d4e5f755124ddc84068d6ccb630f-Nb44T6.cnf', '../instances/train/897acc1858ce0887f286aba5c0d56d71-Nb13T165.cnf', '../instances/train/8cfc8e99d31bcaf18ff3360b08c8521c-sat-bench-trig-taylor6.cnf', '../instances/train/8fa526d20599ca8c3d613e9066d62e61-sat-bench-trig-taylor2.cnf', '../instances/train/bd0b055b890a9ace598a0c4aba40de30-sat-bench-trig-bhaskara.cnf', '../instances/train/c0293283432a9b15cd743702163f5184-mp1-Nb7T42.cnf']
28: Solved
28: Timeout
28: Solved
28: Timeout
28: Timeout
28: Timeout
28: Timeout
28: Solved
28: Timeout
Getting instances
['/nfs/share/instances/gbd/cnf/04e219c640ed59dc68ea2d50493de5b5-mp1-Nb5T15.cnf.xz', '/nfs/share/instances/gbd/cnf/0ef0d91d378eab41ba6fb9dfc9b87fc8-sat-bench-trig-taylor4.cnf.xz', '/nfs/share/instances/gbd/cnf/3728fe50d8038c639c2d9c84e04fe2b1-46bits_11.dimacs.cnf.xz', '/nfs/share/instances/gbd/cnf/6077d4e5f755124ddc84068d6ccb630f-Nb44T6.cnf.xz', '/nfs/share/instances/gbd/cnf/897acc1858ce0887f286aba5c0d56d71-Nb13T165.cnf.xz', '/nfs/share/instances/gbd/cnf/8cfc8e99d31bcaf18ff3360b08c8521c-sat-bench-trig-taylor6.cnf.xz', '/nfs/share/instances/gbd/cnf/8fa526d20599ca8c3d613e9066d62e61-sat-bench-trig-taylor2.cnf.xz', '/nfs/share/instances/gbd/cnf/bd0b055b890a9ace598a0c4aba40de30-sat-bench-trig-bhaskara.cnf.xz', '/nfs/share/instances/gbd/cnf/c0293283432a9b15cd743702163f5184-mp1-Nb7T42.cnf.xz']
['../instances/train/04e219c640ed59dc68ea2d50493de5b5-mp1-Nb5T15.cnf', '../instances/train/0ef0d91d378eab41ba6fb9dfc9b87fc8-sat-bench-trig-taylor4.cnf', '../instances/train/3728fe50d8038c639c2d9c84e04fe2b1-46bits_11.dimacs.cnf', '../instances/train/6077d4e5f755124ddc84068d6ccb630f-Nb44T6.cnf', '../instances/train/897acc1858ce0887f286aba5c0d56d71-Nb13T165.cnf', '../instances/train/8cfc8e99d31bcaf18ff3360b08c8521c-sat-bench-trig-taylor6.cnf', '../instances/train/8fa526d20599ca8c3d613e9066d62e61-sat-bench-trig-taylor2.cnf', '../instances/train/bd0b055b890a9ace598a0c4aba40de30-sat-bench-trig-bhaskara.cnf', '../instances/train/c0293283432a9b15cd743702163f5184-mp1-Nb7T42.cnf']
28: Solved
28: Timeout
28: Solved
28: Timeout
28: Timeout
28: Timeout
28: Timeout
28: Solved
28: Solved
[INFO][abstract_intensifier.py:595] Added config 2b3f63 and rejected config 7568d0 as incumbent because it is not better than the incumbents on 1 instances:
Getting instances
['/nfs/share/instances/gbd/cnf/04e219c640ed59dc68ea2d50493de5b5-mp1-Nb5T15.cnf.xz', '/nfs/share/instances/gbd/cnf/0ef0d91d378eab41ba6fb9dfc9b87fc8-sat-bench-trig-taylor4.cnf.xz', '/nfs/share/instances/gbd/cnf/3728fe50d8038c639c2d9c84e04fe2b1-46bits_11.dimacs.cnf.xz', '/nfs/share/instances/gbd/cnf/6077d4e5f755124ddc84068d6ccb630f-Nb44T6.cnf.xz', '/nfs/share/instances/gbd/cnf/897acc1858ce0887f286aba5c0d56d71-Nb13T165.cnf.xz', '/nfs/share/instances/gbd/cnf/8cfc8e99d31bcaf18ff3360b08c8521c-sat-bench-trig-taylor6.cnf.xz', '/nfs/share/instances/gbd/cnf/8fa526d20599ca8c3d613e9066d62e61-sat-bench-trig-taylor2.cnf.xz', '/nfs/share/instances/gbd/cnf/bd0b055b890a9ace598a0c4aba40de30-sat-bench-trig-bhaskara.cnf.xz', '/nfs/share/instances/gbd/cnf/c0293283432a9b15cd743702163f5184-mp1-Nb7T42.cnf.xz']
['../instances/train/04e219c640ed59dc68ea2d50493de5b5-mp1-Nb5T15.cnf', '../instances/train/0ef0d91d378eab41ba6fb9dfc9b87fc8-sat-bench-trig-taylor4.cnf', '../instances/train/3728fe50d8038c639c2d9c84e04fe2b1-46bits_11.dimacs.cnf', '../instances/train/6077d4e5f755124ddc84068d6ccb630f-Nb44T6.cnf', '../instances/train/897acc1858ce0887f286aba5c0d56d71-Nb13T165.cnf', '../instances/train/8cfc8e99d31bcaf18ff3360b08c8521c-sat-bench-trig-taylor6.cnf', '../instances/train/8fa526d20599ca8c3d613e9066d62e61-sat-bench-trig-taylor2.cnf', '../instances/train/bd0b055b890a9ace598a0c4aba40de30-sat-bench-trig-bhaskara.cnf', '../instances/train/c0293283432a9b15cd743702163f5184-mp1-Nb7T42.cnf']
28: Solved
28: Timeout
28: Solved
28: Timeout
28: Timeout
28: Timeout
28: Solved
28: Solved
28: Timeout
Getting instances
['/nfs/share/instances/gbd/cnf/04e219c640ed59dc68ea2d50493de5b5-mp1-Nb5T15.cnf.xz', '/nfs/share/instances/gbd/cnf/0ef0d91d378eab41ba6fb9dfc9b87fc8-sat-bench-trig-taylor4.cnf.xz', '/nfs/share/instances/gbd/cnf/3728fe50d8038c639c2d9c84e04fe2b1-46bits_11.dimacs.cnf.xz', '/nfs/share/instances/gbd/cnf/6077d4e5f755124ddc84068d6ccb630f-Nb44T6.cnf.xz', '/nfs/share/instances/gbd/cnf/897acc1858ce0887f286aba5c0d56d71-Nb13T165.cnf.xz', '/nfs/share/instances/gbd/cnf/8cfc8e99d31bcaf18ff3360b08c8521c-sat-bench-trig-taylor6.cnf.xz', '/nfs/share/instances/gbd/cnf/8fa526d20599ca8c3d613e9066d62e61-sat-bench-trig-taylor2.cnf.xz', '/nfs/share/instances/gbd/cnf/bd0b055b890a9ace598a0c4aba40de30-sat-bench-trig-bhaskara.cnf.xz', '/nfs/share/instances/gbd/cnf/c0293283432a9b15cd743702163f5184-mp1-Nb7T42.cnf.xz']
['../instances/train/04e219c640ed59dc68ea2d50493de5b5-mp1-Nb5T15.cnf', '../instances/train/0ef0d91d378eab41ba6fb9dfc9b87fc8-sat-bench-trig-taylor4.cnf', '../instances/train/3728fe50d8038c639c2d9c84e04fe2b1-46bits_11.dimacs.cnf', '../instances/train/6077d4e5f755124ddc84068d6ccb630f-Nb44T6.cnf', '../instances/train/897acc1858ce0887f286aba5c0d56d71-Nb13T165.cnf', '../instances/train/8cfc8e99d31bcaf18ff3360b08c8521c-sat-bench-trig-taylor6.cnf', '../instances/train/8fa526d20599ca8c3d613e9066d62e61-sat-bench-trig-taylor2.cnf', '../instances/train/bd0b055b890a9ace598a0c4aba40de30-sat-bench-trig-bhaskara.cnf', '../instances/train/c0293283432a9b15cd743702163f5184-mp1-Nb7T42.cnf']
28: Solved
28: Timeout
28: Solved
28: Timeout
28: Solved
28: Timeout
28: Timeout
28: Solved
28: Timeout
Getting instances
['/nfs/share/instances/gbd/cnf/04e219c640ed59dc68ea2d50493de5b5-mp1-Nb5T15.cnf.xz', '/nfs/share/instances/gbd/cnf/0ef0d91d378eab41ba6fb9dfc9b87fc8-sat-bench-trig-taylor4.cnf.xz', '/nfs/share/instances/gbd/cnf/3728fe50d8038c639c2d9c84e04fe2b1-46bits_11.dimacs.cnf.xz', '/nfs/share/instances/gbd/cnf/6077d4e5f755124ddc84068d6ccb630f-Nb44T6.cnf.xz', '/nfs/share/instances/gbd/cnf/897acc1858ce0887f286aba5c0d56d71-Nb13T165.cnf.xz', '/nfs/share/instances/gbd/cnf/8cfc8e99d31bcaf18ff3360b08c8521c-sat-bench-trig-taylor6.cnf.xz', '/nfs/share/instances/gbd/cnf/8fa526d20599ca8c3d613e9066d62e61-sat-bench-trig-taylor2.cnf.xz', '/nfs/share/instances/gbd/cnf/bd0b055b890a9ace598a0c4aba40de30-sat-bench-trig-bhaskara.cnf.xz', '/nfs/share/instances/gbd/cnf/c0293283432a9b15cd743702163f5184-mp1-Nb7T42.cnf.xz']
['../instances/train/04e219c640ed59dc68ea2d50493de5b5-mp1-Nb5T15.cnf', '../instances/train/0ef0d91d378eab41ba6fb9dfc9b87fc8-sat-bench-trig-taylor4.cnf', '../instances/train/3728fe50d8038c639c2d9c84e04fe2b1-46bits_11.dimacs.cnf', '../instances/train/6077d4e5f755124ddc84068d6ccb630f-Nb44T6.cnf', '../instances/train/897acc1858ce0887f286aba5c0d56d71-Nb13T165.cnf', '../instances/train/8cfc8e99d31bcaf18ff3360b08c8521c-sat-bench-trig-taylor6.cnf', '../instances/train/8fa526d20599ca8c3d613e9066d62e61-sat-bench-trig-taylor2.cnf', '../instances/train/bd0b055b890a9ace598a0c4aba40de30-sat-bench-trig-bhaskara.cnf', '../instances/train/c0293283432a9b15cd743702163f5184-mp1-Nb7T42.cnf']
28: Timeout
28: Timeout
28: Solved
28: Timeout
28: Timeout
28: Timeout
28: Timeout
28: Solved
28: Timeout
Getting instances
['/nfs/share/instances/gbd/cnf/04e219c640ed59dc68ea2d50493de5b5-mp1-Nb5T15.cnf.xz', '/nfs/share/instances/gbd/cnf/0ef0d91d378eab41ba6fb9dfc9b87fc8-sat-bench-trig-taylor4.cnf.xz', '/nfs/share/instances/gbd/cnf/3728fe50d8038c639c2d9c84e04fe2b1-46bits_11.dimacs.cnf.xz', '/nfs/share/instances/gbd/cnf/6077d4e5f755124ddc84068d6ccb630f-Nb44T6.cnf.xz', '/nfs/share/instances/gbd/cnf/897acc1858ce0887f286aba5c0d56d71-Nb13T165.cnf.xz', '/nfs/share/instances/gbd/cnf/8cfc8e99d31bcaf18ff3360b08c8521c-sat-bench-trig-taylor6.cnf.xz', '/nfs/share/instances/gbd/cnf/8fa526d20599ca8c3d613e9066d62e61-sat-bench-trig-taylor2.cnf.xz', '/nfs/share/instances/gbd/cnf/bd0b055b890a9ace598a0c4aba40de30-sat-bench-trig-bhaskara.cnf.xz', '/nfs/share/instances/gbd/cnf/c0293283432a9b15cd743702163f5184-mp1-Nb7T42.cnf.xz']
['../instances/train/04e219c640ed59dc68ea2d50493de5b5-mp1-Nb5T15.cnf', '../instances/train/0ef0d91d378eab41ba6fb9dfc9b87fc8-sat-bench-trig-taylor4.cnf', '../instances/train/3728fe50d8038c639c2d9c84e04fe2b1-46bits_11.dimacs.cnf', '../instances/train/6077d4e5f755124ddc84068d6ccb630f-Nb44T6.cnf', '../instances/train/897acc1858ce0887f286aba5c0d56d71-Nb13T165.cnf', '../instances/train/8cfc8e99d31bcaf18ff3360b08c8521c-sat-bench-trig-taylor6.cnf', '../instances/train/8fa526d20599ca8c3d613e9066d62e61-sat-bench-trig-taylor2.cnf', '../instances/train/bd0b055b890a9ace598a0c4aba40de30-sat-bench-trig-bhaskara.cnf', '../instances/train/c0293283432a9b15cd743702163f5184-mp1-Nb7T42.cnf']
28: Solved
28: Timeout
28: Solved
28: Timeout
28: Timeout
28: Timeout
28: Solved
28: Solved
28: Solved
[INFO][abstract_intensifier.py:595] Added config bb58a9 and rejected config 2b3f63 as incumbent because it is not better than the incumbents on 1 instances:
Getting instances
['/nfs/share/instances/gbd/cnf/04e219c640ed59dc68ea2d50493de5b5-mp1-Nb5T15.cnf.xz', '/nfs/share/instances/gbd/cnf/0ef0d91d378eab41ba6fb9dfc9b87fc8-sat-bench-trig-taylor4.cnf.xz', '/nfs/share/instances/gbd/cnf/3728fe50d8038c639c2d9c84e04fe2b1-46bits_11.dimacs.cnf.xz', '/nfs/share/instances/gbd/cnf/6077d4e5f755124ddc84068d6ccb630f-Nb44T6.cnf.xz', '/nfs/share/instances/gbd/cnf/897acc1858ce0887f286aba5c0d56d71-Nb13T165.cnf.xz', '/nfs/share/instances/gbd/cnf/8cfc8e99d31bcaf18ff3360b08c8521c-sat-bench-trig-taylor6.cnf.xz', '/nfs/share/instances/gbd/cnf/8fa526d20599ca8c3d613e9066d62e61-sat-bench-trig-taylor2.cnf.xz', '/nfs/share/instances/gbd/cnf/bd0b055b890a9ace598a0c4aba40de30-sat-bench-trig-bhaskara.cnf.xz', '/nfs/share/instances/gbd/cnf/c0293283432a9b15cd743702163f5184-mp1-Nb7T42.cnf.xz']
['../instances/train/04e219c640ed59dc68ea2d50493de5b5-mp1-Nb5T15.cnf', '../instances/train/0ef0d91d378eab41ba6fb9dfc9b87fc8-sat-bench-trig-taylor4.cnf', '../instances/train/3728fe50d8038c639c2d9c84e04fe2b1-46bits_11.dimacs.cnf', '../instances/train/6077d4e5f755124ddc84068d6ccb630f-Nb44T6.cnf', '../instances/train/897acc1858ce0887f286aba5c0d56d71-Nb13T165.cnf', '../instances/train/8cfc8e99d31bcaf18ff3360b08c8521c-sat-bench-trig-taylor6.cnf', '../instances/train/8fa526d20599ca8c3d613e9066d62e61-sat-bench-trig-taylor2.cnf', '../instances/train/bd0b055b890a9ace598a0c4aba40de30-sat-bench-trig-bhaskara.cnf', '../instances/train/c0293283432a9b15cd743702163f5184-mp1-Nb7T42.cnf']
28: Solved
28: Timeout
28: Solved
28: Timeout
28: Timeout
28: Timeout
28: Timeout
28: Solved
28: Solved
Getting instances
['/nfs/share/instances/gbd/cnf/04e219c640ed59dc68ea2d50493de5b5-mp1-Nb5T15.cnf.xz', '/nfs/share/instances/gbd/cnf/0ef0d91d378eab41ba6fb9dfc9b87fc8-sat-bench-trig-taylor4.cnf.xz', '/nfs/share/instances/gbd/cnf/3728fe50d8038c639c2d9c84e04fe2b1-46bits_11.dimacs.cnf.xz', '/nfs/share/instances/gbd/cnf/6077d4e5f755124ddc84068d6ccb630f-Nb44T6.cnf.xz', '/nfs/share/instances/gbd/cnf/897acc1858ce0887f286aba5c0d56d71-Nb13T165.cnf.xz', '/nfs/share/instances/gbd/cnf/8cfc8e99d31bcaf18ff3360b08c8521c-sat-bench-trig-taylor6.cnf.xz', '/nfs/share/instances/gbd/cnf/8fa526d20599ca8c3d613e9066d62e61-sat-bench-trig-taylor2.cnf.xz', '/nfs/share/instances/gbd/cnf/bd0b055b890a9ace598a0c4aba40de30-sat-bench-trig-bhaskara.cnf.xz', '/nfs/share/instances/gbd/cnf/c0293283432a9b15cd743702163f5184-mp1-Nb7T42.cnf.xz']
['../instances/train/04e219c640ed59dc68ea2d50493de5b5-mp1-Nb5T15.cnf', '../instances/train/0ef0d91d378eab41ba6fb9dfc9b87fc8-sat-bench-trig-taylor4.cnf', '../instances/train/3728fe50d8038c639c2d9c84e04fe2b1-46bits_11.dimacs.cnf', '../instances/train/6077d4e5f755124ddc84068d6ccb630f-Nb44T6.cnf', '../instances/train/897acc1858ce0887f286aba5c0d56d71-Nb13T165.cnf', '../instances/train/8cfc8e99d31bcaf18ff3360b08c8521c-sat-bench-trig-taylor6.cnf', '../instances/train/8fa526d20599ca8c3d613e9066d62e61-sat-bench-trig-taylor2.cnf', '../instances/train/bd0b055b890a9ace598a0c4aba40de30-sat-bench-trig-bhaskara.cnf', '../instances/train/c0293283432a9b15cd743702163f5184-mp1-Nb7T42.cnf']
28: Solved
28: Timeout
28: Solved
28: Solved
28: Timeout
28: Timeout
28: Timeout
28: Timeout
28: Timeout
[INFO][smbo.py:328] Configuration budget is exhausted:
[INFO][smbo.py:329] --- Remaining wallclock time: inf
[INFO][smbo.py:330] --- Remaining cpu time: inf
[INFO][smbo.py:331] --- Remaining trials: 0
Configuration(values={
  'backbone': 1,
  'congruenceands': 'true',
  'congruencexors': 'false',
  'phase': 'false',
  'probeint': 440,
  'restartint': 7112,
  'sweepclauses': 1057393875,
  'target': 2,
  'vivifyirr': 88,
  'congruenceandarity': 1000000,
})
