Getting instances
['/nfs/share/instances/gbd/cnf/00bb0b4ef28ed38c49de4c54b9fabc4d-25_2.cnf.xz', '/nfs/share/instances/gbd/cnf/00f4aca773e5675f35263dcd46b15bde-vmpc_28.shuffled-as.sat05-1957.cnf.xz', '/nfs/share/instances/gbd/cnf/036b541db9d0839b0591d408ff4f77ae-aes_decry_2_rounds.debugged.cnf.xz', '/nfs/share/instances/gbd/cnf/075ca0a158690a55b7254d9aaee2e103-asconhashv12_opt64_H4_M2-LOD9_m0_2_U19.c.cnf.xz', '/nfs/share/instances/gbd/cnf/089f909e37b3ef0c4d90687f7e22b68f-simon-r18-0.sanitized.cnf.xz', '/nfs/share/instances/gbd/cnf/08ccc34df5d8eb9e9d45278af3dc093d-simon-r16-1.sanitized.cnf.xz', '/nfs/share/instances/gbd/cnf/0a279c478775cdeede51ad431aebf200-24_0.cnf.xz', '/nfs/share/instances/gbd/cnf/15c53f73c62a78c24bf5974e4a7afcd8-18_1.cnf.xz', '/nfs/share/instances/gbd/cnf/1a63072b90f88c7fa621b5041f412b79-asconhashv12_opt64_H8_M2-nm2vUdkK_m3_5_U3.c.cnf.xz', '/nfs/share/instances/gbd/cnf/1b02025658c2a23e1fd3ce0a9c3633cb-asconhashv12_opt64_H8_M2-I61h2mH5_m2_6.c.cnf.xz', '/nfs/share/instances/gbd/cnf/1e3c3e8d349759b8b482a6f2721762c4-apn-sbox5-cut3-symmbreak.cnf.xz', '/nfs/share/instances/gbd/cnf/1f215812371f0c428eb1f1e51f9f23d7-20_2.cnf.xz', '/nfs/share/instances/gbd/cnf/20be6aa61af15fd53b4c48eb3f2f3319-27_1.cnf.xz', '/nfs/share/instances/gbd/cnf/25b7a69d04a5029cf4ba2f483b5bec45-asconhashv12_opt64_H9_M2-LSGb5PgEM_m2_7.c.cnf.xz', '/nfs/share/instances/gbd/cnf/26254890fa7107f85242ec9190da2a7a-002.cnf.xz', '/nfs/share/instances/gbd/cnf/2722f39c27dc45a989bb52761ed52e50-31_1.cnf.xz', '/nfs/share/instances/gbd/cnf/2b043efb4bde6d83f7c95a8e8e2d7bf8-simon-r21-0.sanitized.cnf.xz', '/nfs/share/instances/gbd/cnf/2c9dc96b7a8b0410e64dd33f7e00a0c1-30_2.cnf.xz', '/nfs/share/instances/gbd/cnf/2fcd8533eba981967292f1b6e41f7433-simon-r20-0.sanitized.cnf.xz', '/nfs/share/instances/gbd/cnf/305ad7d773d6c72be9b1efbf7bf482e0-asconhashv12_opt64_H9_M2-MIC4kfhiA_m0_6_U2.c.cnf.xz', '/nfs/share/instances/gbd/cnf/30e680ded3b9be6be0b5baac273f2646-asconhashv12_opt64_H5_M2-A8qZX_m0_3_U23.c.cnf.xz', '/nfs/share/instances/gbd/cnf/3129198788f182ce6955b18aa3c7e61e-simon-r24-1.sanitized.cnf.xz', '/nfs/share/instances/gbd/cnf/396245861b331d45e1345bd43fe352e2-asconhashv12_opt64_H8_M2-1yQCyA0j_m2_6.c.cnf.xz', '/nfs/share/instances/gbd/cnf/3f341c57c37d86350af5233b8e15e52e-19_2.cnf.xz', '/nfs/share/instances/gbd/cnf/4073757aae06fc2b50c043f088b132b4-simon-r19-1.sanitized.cnf.xz', '/nfs/share/instances/gbd/cnf/4989239fbeb6eb40fc0b664d9ba92636-asconhashv12_opt64_H7_M2-K1zfAs8_m0_3_U5.c.cnf.xz', '/nfs/share/instances/gbd/cnf/4fe42891b004d7425631a8edb4252d3f-32_0.cnf.xz', '/nfs/share/instances/gbd/cnf/558113ad4d50130351db8c426230a50f-asconhashv12_opt64_H9_M2-wNfQskE8G_m1_6_U0.c.cnf.xz', '/nfs/share/instances/gbd/cnf/5dc5185101e1d439d14f0a04acfa9bfb-28_2.cnf.xz', '/nfs/share/instances/gbd/cnf/5ee7de2bd112aa39485e79c9d487bf8f-simon-r23-1.sanitized.cnf.xz', '/nfs/share/instances/gbd/cnf/6969c86fbc5814332ab8615031334fa8-asconhashv12_opt64_H11_M2-fCHjS2L0du5_m2_4.c.cnf.xz', '/nfs/share/instances/gbd/cnf/6d67f76f114db9801952ed155e745e16-23_2.cnf.xz', '/nfs/share/instances/gbd/cnf/711ff7681711949f44b07a0d530dc729-asconhashv12_opt64_H12_M2-CxLJidFX21oI_m3_6_U2.c.cnf.xz', '/nfs/share/instances/gbd/cnf/78d23f235b63b1b7f08eb1b6cfb03f34-29_1.cnf.xz', '/nfs/share/instances/gbd/cnf/79391ed5a7f19b947cefe7af1178146a-21_1.cnf.xz', '/nfs/share/instances/gbd/cnf/79b9e24dd9af185dbec18c9b0a32b1e2-g2-slp-synthesis-aes-top30.cnf.xz', '/nfs/share/instances/gbd/cnf/7cbc3ce2052ba7c5b501f75af58ab3c4-simon-r22-1.sanitized.cnf.xz', '/nfs/share/instances/gbd/cnf/7e1d279559b202016e5797901e731a39-simon-r25-0.sanitized.cnf.xz', '/nfs/share/instances/gbd/cnf/7f2b4b2bde9b866b93fbfe01341213da-asconhashv12_opt64_H5_M2-xEJ8F_m0_3_U5.c.cnf.xz', '/nfs/share/instances/gbd/cnf/8fcc57f6c75cb2ac48d19e3038ad3c6c-asconhashv12_opt64_H6_M2-4XKSMr_m1_3_U25.c.cnf.xz', '/nfs/share/instances/gbd/cnf/91b88d172a08e2a57c189bddff51bfd5-22_1.cnf.xz', '/nfs/share/instances/gbd/cnf/9276ce38c625b2d00de247f8588f1542-combined-crypto1-wff-seed-102-wffvars-500-cryptocplx-31-overlap-2.cnf.xz', '/nfs/share/instances/gbd/cnf/92c17c00d862668de6e6c45d4eecdc75-combined-crypto1-wff-seed-101-wffvars-500-cryptocplx-31-overlap-2.cnf.xz', '/nfs/share/instances/gbd/cnf/96ae6bde39369f75aa975b0f5b74c325-asconhashv12_opt64_H13_M2-NBRdIKEb8MS2W_m3_5.c.cnf.xz', '/nfs/share/instances/gbd/cnf/9a413c250f82a93d513d4092ba654ee2-asconhashv12_opt64_H4_M2-ldRf_m1_2_U21.c.cnf.xz', '/nfs/share/instances/gbd/cnf/9f3ef12b5b68f92eb9265721ea73bb03-asconhashv12_opt64_H9_M2-Jdds95CIv_m1_5.c.cnf.xz', '/nfs/share/instances/gbd/cnf/9fe43145e48a0ef0096bb72531f1a0e3-16_1.cnf.xz', '/nfs/share/instances/gbd/cnf/a5419a63d913bde0ba5bcd8a8571342f-asconhashv12_opt64_H11_M2-tBi5i1RIgRz_m0_1_U23.c.cnf.xz', '/nfs/share/instances/gbd/cnf/a8dc92a9c0434576b47c82c94ab5c446-Grain_no_init_ver1_out200_known_last105_0_u.cnf.xz', '/nfs/share/instances/gbd/cnf/a8dcaf436bda091dad9ca1ff58de7287-asconhashv12_opt64_H10_M2-BPHqhzNzqi_m5_6_U14.c.cnf.xz', '/nfs/share/instances/gbd/cnf/b8f5fc2425facb3aec52a665f32a500c-asconhashv12_opt64_H6_M2-PgbpwX_m0_4_U1.c.cnf.xz', '/nfs/share/instances/gbd/cnf/bc3a8bd47c5575c2f1b31882d28ee091-26_1.cnf.xz', '/nfs/share/instances/gbd/cnf/be5c82b97513a31e0b3bcc1c231018ad-asconhashv12_opt64_H15_M2-kwhXs2juqFoKAYA_m12_13_U16.c.cnf.xz', '/nfs/share/instances/gbd/cnf/c82eee3badbc8432dad72d1d575a0ea6-preimage_80r_495m_160h_seed_379.cnf.xz', '/nfs/share/instances/gbd/cnf/caead0e04b6de4365822b25dfd55967f-preimage_80r_490m_160h_seed_150.cnf.xz', '/nfs/share/instances/gbd/cnf/cd33a862b81ba7b887845d3510c41c62-MASG0_72_keystream76_0.cnf.xz', '/nfs/share/instances/gbd/cnf/cdce6277b01ae06ddb95468c5f05de71-simon-r17-0.sanitized.cnf.xz', '/nfs/share/instances/gbd/cnf/cfc53adcc8ed18ca161bb6f8bc02b237-asconhashv12_opt64_H7_M2-gHvzZOd_m3_4_U11.c.cnf.xz', '/nfs/share/instances/gbd/cnf/d0fe6bf914469ca51675bac9078a2c0b-asconhashv12_opt64_H10_M2-pH7B6T6Vub_m6_7.c.cnf.xz', '/nfs/share/instances/gbd/cnf/df237594dc22b8f7cad2c4b38a23e40c-17_0.cnf.xz', '/nfs/share/instances/gbd/cnf/e0bf26a7527cd162c7d3016d4b2ab9fb-md5_48_1.cnf.xz', '/nfs/share/instances/gbd/cnf/e444548857eaf649c4624e3494c89c8e-asconhashv12_opt64_H8_M2-bL4cM6NJ_m4_5_U14.c.cnf.xz', '/nfs/share/instances/gbd/cnf/ecca77b5350eca6a4323edd5b38208c6-004.cnf.xz', '/nfs/share/instances/gbd/cnf/f02379d63678798e38dcc52b043cc51d-asconhashv12_opt64_H13_M2-axxJh7DAq767y_m4_5.c.cnf.xz', '/nfs/share/instances/gbd/cnf/f448874997bae64bd455fb00309dc738-asconhashv12_opt64_H7_M2-OrF8zEw_m2_4.c.cnf.xz', '/nfs/share/instances/gbd/cnf/f48735588e3515135f039e8bc8efaee5-asconhashv12_opt64_H11_M2-MxJOnbQIXNd_m5_6.c.cnf.xz', '/nfs/share/instances/gbd/cnf/f86dad4ba35369eb720a0c9ddc45037a-combined-crypto1-wff-seed-1-wffvars-450-cryptocplx-40-overlap-2.cnf.xz', '/nfs/share/instances/gbd/cnf/f959755d7c68ea8b64d900e589fbe21f-g2-slp-synthesis-aes-top29.cnf.xz']
Shuffling instances with seed 31
Setting up config
Starting smac
[INFO][abstract_initial_design.py:95] Reducing the number of initial configurations from 390 to 2 (max_ratio == 0.25).
[INFO][abstract_initial_design.py:147] Using 2 initial design configurations and 0 additional configurations.
[INFO][abstract_intensifier.py:306] Using only one seed for deterministic scenario.
---Testing configuration---
Configuration(values={
  'backbone': 1,
  'bump': 1,
  'chrono': 0,
  'congruence': 0,
  'eagersubsume': 3,
  'eliminate': 0,
  'emafast': 959976,
  'extract': 1,
  'factor': 1,
  'fastel': 1,
  'forward': 0,
  'jumpreasons': 1,
  'lucky': 0,
  'minimize': 0,
  'otfs': 1,
  'phase': 1,
  'phasesaving': 1,
  'preprocess': 1,
  'probe': 0,
  'promote': 1,
  'randec': 0,
  'reducehigh': 579,
  'reducelow': 683,
  'reluctant': 1,
  'reorder': 2,
  'rephase': 0,
  'restart': 0,
  'shrink': 1,
  'stable': 1,
  'substitute': 0,
  'sweep': 0,
  'target': 1,
  'tier1': 69,
  'tier1relative': 946,
  'tier2': 646,
  'tier2relative': 105,
  'transitive': 1,
  'vivify': 1,
  'warmup': 0,
})
On 20 instances
Worst case runtime for this iteration is 100000 seconds
Running configuration on file /nfs/home/rzipperer/git/Kissat_hyperparamoptimization/instances/train/2722f39c27dc45a989bb52761ed52e50-31_1.cnf
Timeout
Running configuration on file /nfs/home/rzipperer/git/Kissat_hyperparamoptimization/instances/train/4073757aae06fc2b50c043f088b132b4-simon-r19-1.sanitized.cnf
Timeout
Running configuration on file /nfs/home/rzipperer/git/Kissat_hyperparamoptimization/instances/train/6969c86fbc5814332ab8615031334fa8-asconhashv12_opt64_H11_M2-fCHjS2L0du5_m2_4.c.cnf
Solved
Running configuration on file /nfs/home/rzipperer/git/Kissat_hyperparamoptimization/instances/train/be5c82b97513a31e0b3bcc1c231018ad-asconhashv12_opt64_H15_M2-kwhXs2juqFoKAYA_m12_13_U16.c.cnf
Solved
Running configuration on file /nfs/home/rzipperer/git/Kissat_hyperparamoptimization/instances/train/bc3a8bd47c5575c2f1b31882d28ee091-26_1.cnf
Timeout
Running configuration on file /nfs/home/rzipperer/git/Kissat_hyperparamoptimization/instances/train/c82eee3badbc8432dad72d1d575a0ea6-preimage_80r_495m_160h_seed_379.cnf
Solved
Running configuration on file /nfs/home/rzipperer/git/Kissat_hyperparamoptimization/instances/train/1e3c3e8d349759b8b482a6f2721762c4-apn-sbox5-cut3-symmbreak.cnf
Timeout
Running configuration on file /nfs/home/rzipperer/git/Kissat_hyperparamoptimization/instances/train/a8dcaf436bda091dad9ca1ff58de7287-asconhashv12_opt64_H10_M2-BPHqhzNzqi_m5_6_U14.c.cnf
Solved
Running configuration on file /nfs/home/rzipperer/git/Kissat_hyperparamoptimization/instances/train/5ee7de2bd112aa39485e79c9d487bf8f-simon-r23-1.sanitized.cnf
Timeout
Running configuration on file /nfs/home/rzipperer/git/Kissat_hyperparamoptimization/instances/train/cd33a862b81ba7b887845d3510c41c62-MASG0_72_keystream76_0.cnf
Timeout
Running configuration on file /nfs/home/rzipperer/git/Kissat_hyperparamoptimization/instances/train/30e680ded3b9be6be0b5baac273f2646-asconhashv12_opt64_H5_M2-A8qZX_m0_3_U23.c.cnf
Solved
Running configuration on file /nfs/home/rzipperer/git/Kissat_hyperparamoptimization/instances/train/00bb0b4ef28ed38c49de4c54b9fabc4d-25_2.cnf
Timeout
Running configuration on file /nfs/home/rzipperer/git/Kissat_hyperparamoptimization/instances/train/2b043efb4bde6d83f7c95a8e8e2d7bf8-simon-r21-0.sanitized.cnf
Timeout
Running configuration on file /nfs/home/rzipperer/git/Kissat_hyperparamoptimization/instances/train/79b9e24dd9af185dbec18c9b0a32b1e2-g2-slp-synthesis-aes-top30.cnf
Solved
Running configuration on file /nfs/home/rzipperer/git/Kissat_hyperparamoptimization/instances/train/711ff7681711949f44b07a0d530dc729-asconhashv12_opt64_H12_M2-CxLJidFX21oI_m3_6_U2.c.cnf
Solved
Running configuration on file /nfs/home/rzipperer/git/Kissat_hyperparamoptimization/instances/train/396245861b331d45e1345bd43fe352e2-asconhashv12_opt64_H8_M2-1yQCyA0j_m2_6.c.cnf
Solved
Running configuration on file /nfs/home/rzipperer/git/Kissat_hyperparamoptimization/instances/train/ecca77b5350eca6a4323edd5b38208c6-004.cnf
Timeout
Running configuration on file /nfs/home/rzipperer/git/Kissat_hyperparamoptimization/instances/train/089f909e37b3ef0c4d90687f7e22b68f-simon-r18-0.sanitized.cnf
Timeout
Running configuration on file /nfs/home/rzipperer/git/Kissat_hyperparamoptimization/instances/train/1f215812371f0c428eb1f1e51f9f23d7-20_2.cnf
Timeout
Running configuration on file /nfs/home/rzipperer/git/Kissat_hyperparamoptimization/instances/train/91b88d172a08e2a57c189bddff51bfd5-22_1.cnf
Timeout
[INFO][abstract_intensifier.py:516] Added config 36bc04 as new incumbent because there are no incumbents yet.
---Testing configuration---
Configuration(values={
  'backbone': 2,
  'bump': 0,
  'chrono': 1,
  'congruence': 1,
  'eagersubsume': 1,
  'eliminate': 1,
  'emafast': 349118,
  'extract': 0,
  'factor': 0,
  'fastel': 0,
  'forward': 1,
  'jumpreasons': 0,
  'lucky': 1,
  'minimize': 1,
  'otfs': 0,
  'phase': 0,
  'phasesaving': 0,
  'preprocess': 0,
  'probe': 1,
  'promote': 0,
  'randec': 1,
  'reducehigh': 360,
  'reducelow': 283,
  'reluctant': 0,
  'reorder': 1,
  'rephase': 1,
  'restart': 1,
  'shrink': 3,
  'stable': 1,
  'substitute': 1,
  'sweep': 1,
  'target': 1,
  'tier1': 14,
  'tier1relative': 445,
  'tier2': 133,
  'tier2relative': 505,
  'transitive': 0,
  'vivify': 0,
  'warmup': 1,
})
On 20 instances
Worst case runtime for this iteration is 100000 seconds
Running configuration on file /nfs/home/rzipperer/git/Kissat_hyperparamoptimization/instances/train/2722f39c27dc45a989bb52761ed52e50-31_1.cnf
Timeout
Running configuration on file /nfs/home/rzipperer/git/Kissat_hyperparamoptimization/instances/train/4073757aae06fc2b50c043f088b132b4-simon-r19-1.sanitized.cnf
Solved
Running configuration on file /nfs/home/rzipperer/git/Kissat_hyperparamoptimization/instances/train/6969c86fbc5814332ab8615031334fa8-asconhashv12_opt64_H11_M2-fCHjS2L0du5_m2_4.c.cnf
Solved
Running configuration on file /nfs/home/rzipperer/git/Kissat_hyperparamoptimization/instances/train/be5c82b97513a31e0b3bcc1c231018ad-asconhashv12_opt64_H15_M2-kwhXs2juqFoKAYA_m12_13_U16.c.cnf
Solved
Running configuration on file /nfs/home/rzipperer/git/Kissat_hyperparamoptimization/instances/train/bc3a8bd47c5575c2f1b31882d28ee091-26_1.cnf
Timeout
Running configuration on file /nfs/home/rzipperer/git/Kissat_hyperparamoptimization/instances/train/c82eee3badbc8432dad72d1d575a0ea6-preimage_80r_495m_160h_seed_379.cnf
Solved
Running configuration on file /nfs/home/rzipperer/git/Kissat_hyperparamoptimization/instances/train/1e3c3e8d349759b8b482a6f2721762c4-apn-sbox5-cut3-symmbreak.cnf
Timeout
Running configuration on file /nfs/home/rzipperer/git/Kissat_hyperparamoptimization/instances/train/a8dcaf436bda091dad9ca1ff58de7287-asconhashv12_opt64_H10_M2-BPHqhzNzqi_m5_6_U14.c.cnf
Solved
Running configuration on file /nfs/home/rzipperer/git/Kissat_hyperparamoptimization/instances/train/5ee7de2bd112aa39485e79c9d487bf8f-simon-r23-1.sanitized.cnf
Solved
Running configuration on file /nfs/home/rzipperer/git/Kissat_hyperparamoptimization/instances/train/cd33a862b81ba7b887845d3510c41c62-MASG0_72_keystream76_0.cnf
Timeout
Running configuration on file /nfs/home/rzipperer/git/Kissat_hyperparamoptimization/instances/train/30e680ded3b9be6be0b5baac273f2646-asconhashv12_opt64_H5_M2-A8qZX_m0_3_U23.c.cnf
Solved
Running configuration on file /nfs/home/rzipperer/git/Kissat_hyperparamoptimization/instances/train/00bb0b4ef28ed38c49de4c54b9fabc4d-25_2.cnf
Timeout
Running configuration on file /nfs/home/rzipperer/git/Kissat_hyperparamoptimization/instances/train/2b043efb4bde6d83f7c95a8e8e2d7bf8-simon-r21-0.sanitized.cnf
Solved
Running configuration on file /nfs/home/rzipperer/git/Kissat_hyperparamoptimization/instances/train/79b9e24dd9af185dbec18c9b0a32b1e2-g2-slp-synthesis-aes-top30.cnf
Timeout
Running configuration on file /nfs/home/rzipperer/git/Kissat_hyperparamoptimization/instances/train/711ff7681711949f44b07a0d530dc729-asconhashv12_opt64_H12_M2-CxLJidFX21oI_m3_6_U2.c.cnf
Solved
Running configuration on file /nfs/home/rzipperer/git/Kissat_hyperparamoptimization/instances/train/396245861b331d45e1345bd43fe352e2-asconhashv12_opt64_H8_M2-1yQCyA0j_m2_6.c.cnf
Solved
Running configuration on file /nfs/home/rzipperer/git/Kissat_hyperparamoptimization/instances/train/ecca77b5350eca6a4323edd5b38208c6-004.cnf
Solved
Running configuration on file /nfs/home/rzipperer/git/Kissat_hyperparamoptimization/instances/train/089f909e37b3ef0c4d90687f7e22b68f-simon-r18-0.sanitized.cnf
Solved
Running configuration on file /nfs/home/rzipperer/git/Kissat_hyperparamoptimization/instances/train/1f215812371f0c428eb1f1e51f9f23d7-20_2.cnf
Timeout
Running configuration on file /nfs/home/rzipperer/git/Kissat_hyperparamoptimization/instances/train/91b88d172a08e2a57c189bddff51bfd5-22_1.cnf
Timeout
[INFO][abstract_intensifier.py:595] Added config cf0a0e and rejected config 36bc04 as incumbent because it is not better than the incumbents on 1 instances:
---Testing configuration---
Configuration(values={
  'backbone': 2,
  'bump': 1,
  'chrono': 0,
  'congruence': 1,
  'eagersubsume': 0,
  'eliminate': 1,
  'emafast': 710467,
  'extract': 1,
  'factor': 0,
  'fastel': 0,
  'forward': 1,
  'jumpreasons': 0,
  'lucky': 1,
  'minimize': 0,
  'otfs': 1,
  'phase': 1,
  'phasesaving': 0,
  'preprocess': 0,
  'probe': 1,
  'promote': 1,
  'randec': 0,
  'reducehigh': 21,
  'reducelow': 502,
  'reluctant': 1,
  'reorder': 0,
  'rephase': 1,
  'restart': 0,
  'shrink': 3,
  'stable': 1,
  'substitute': 0,
  'sweep': 1,
  'target': 1,
  'tier1': 48,
  'tier1relative': 584,
  'tier2': 515,
  'tier2relative': 428,
  'transitive': 0,
  'vivify': 1,
  'warmup': 1,
})
On 20 instances
Worst case runtime for this iteration is 100000 seconds
Running configuration on file /nfs/home/rzipperer/git/Kissat_hyperparamoptimization/instances/train/2722f39c27dc45a989bb52761ed52e50-31_1.cnf
Timeout
Running configuration on file /nfs/home/rzipperer/git/Kissat_hyperparamoptimization/instances/train/4073757aae06fc2b50c043f088b132b4-simon-r19-1.sanitized.cnf
Solved
Running configuration on file /nfs/home/rzipperer/git/Kissat_hyperparamoptimization/instances/train/6969c86fbc5814332ab8615031334fa8-asconhashv12_opt64_H11_M2-fCHjS2L0du5_m2_4.c.cnf
Solved
Running configuration on file /nfs/home/rzipperer/git/Kissat_hyperparamoptimization/instances/train/be5c82b97513a31e0b3bcc1c231018ad-asconhashv12_opt64_H15_M2-kwhXs2juqFoKAYA_m12_13_U16.c.cnf
Solved
Running configuration on file /nfs/home/rzipperer/git/Kissat_hyperparamoptimization/instances/train/bc3a8bd47c5575c2f1b31882d28ee091-26_1.cnf
Timeout
Running configuration on file /nfs/home/rzipperer/git/Kissat_hyperparamoptimization/instances/train/c82eee3badbc8432dad72d1d575a0ea6-preimage_80r_495m_160h_seed_379.cnf
Solved
Running configuration on file /nfs/home/rzipperer/git/Kissat_hyperparamoptimization/instances/train/1e3c3e8d349759b8b482a6f2721762c4-apn-sbox5-cut3-symmbreak.cnf
Timeout
Running configuration on file /nfs/home/rzipperer/git/Kissat_hyperparamoptimization/instances/train/a8dcaf436bda091dad9ca1ff58de7287-asconhashv12_opt64_H10_M2-BPHqhzNzqi_m5_6_U14.c.cnf
Timeout
Running configuration on file /nfs/home/rzipperer/git/Kissat_hyperparamoptimization/instances/train/5ee7de2bd112aa39485e79c9d487bf8f-simon-r23-1.sanitized.cnf
Solved
Running configuration on file /nfs/home/rzipperer/git/Kissat_hyperparamoptimization/instances/train/cd33a862b81ba7b887845d3510c41c62-MASG0_72_keystream76_0.cnf
Solved
Running configuration on file /nfs/home/rzipperer/git/Kissat_hyperparamoptimization/instances/train/30e680ded3b9be6be0b5baac273f2646-asconhashv12_opt64_H5_M2-A8qZX_m0_3_U23.c.cnf
Solved
Running configuration on file /nfs/home/rzipperer/git/Kissat_hyperparamoptimization/instances/train/00bb0b4ef28ed38c49de4c54b9fabc4d-25_2.cnf
Timeout
Running configuration on file /nfs/home/rzipperer/git/Kissat_hyperparamoptimization/instances/train/2b043efb4bde6d83f7c95a8e8e2d7bf8-simon-r21-0.sanitized.cnf
Solved
Running configuration on file /nfs/home/rzipperer/git/Kissat_hyperparamoptimization/instances/train/79b9e24dd9af185dbec18c9b0a32b1e2-g2-slp-synthesis-aes-top30.cnf
Solved
Running configuration on file /nfs/home/rzipperer/git/Kissat_hyperparamoptimization/instances/train/711ff7681711949f44b07a0d530dc729-asconhashv12_opt64_H12_M2-CxLJidFX21oI_m3_6_U2.c.cnf
Timeout
Running configuration on file /nfs/home/rzipperer/git/Kissat_hyperparamoptimization/instances/train/396245861b331d45e1345bd43fe352e2-asconhashv12_opt64_H8_M2-1yQCyA0j_m2_6.c.cnf
Timeout
Running configuration on file /nfs/home/rzipperer/git/Kissat_hyperparamoptimization/instances/train/ecca77b5350eca6a4323edd5b38208c6-004.cnf
Solved
Running configuration on file /nfs/home/rzipperer/git/Kissat_hyperparamoptimization/instances/train/089f909e37b3ef0c4d90687f7e22b68f-simon-r18-0.sanitized.cnf
Solved
Running configuration on file /nfs/home/rzipperer/git/Kissat_hyperparamoptimization/instances/train/1f215812371f0c428eb1f1e51f9f23d7-20_2.cnf
Timeout
Running configuration on file /nfs/home/rzipperer/git/Kissat_hyperparamoptimization/instances/train/91b88d172a08e2a57c189bddff51bfd5-22_1.cnf
Timeout
---Testing configuration---
Configuration(values={
  'backbone': 2,
  'bump': 1,
  'chrono': 0,
  'congruence': 0,
  'eagersubsume': 0,
  'eliminate': 1,
  'emafast': 607359,
  'extract': 1,
  'factor': 1,
  'fastel': 1,
  'forward': 1,
  'jumpreasons': 0,
  'lucky': 0,
  'minimize': 1,
  'otfs': 1,
  'phase': 1,
  'phasesaving': 0,
  'preprocess': 0,
  'probe': 1,
  'promote': 1,
  'randec': 1,
  'reducehigh': 17,
  'reducelow': 39,
  'reluctant': 0,
  'reorder': 0,
  'rephase': 1,
  'restart': 1,
  'shrink': 3,
  'stable': 1,
  'substitute': 0,
  'sweep': 0,
  'target': 2,
  'tier1': 88,
  'tier1relative': 394,
  'tier2': 505,
  'tier2relative': 707,
  'transitive': 0,
  'vivify': 1,
  'warmup': 0,
})
On 20 instances
Worst case runtime for this iteration is 100000 seconds
Running configuration on file /nfs/home/rzipperer/git/Kissat_hyperparamoptimization/instances/train/2722f39c27dc45a989bb52761ed52e50-31_1.cnf
Timeout
Running configuration on file /nfs/home/rzipperer/git/Kissat_hyperparamoptimization/instances/train/4073757aae06fc2b50c043f088b132b4-simon-r19-1.sanitized.cnf
Solved
Running configuration on file /nfs/home/rzipperer/git/Kissat_hyperparamoptimization/instances/train/6969c86fbc5814332ab8615031334fa8-asconhashv12_opt64_H11_M2-fCHjS2L0du5_m2_4.c.cnf
Solved
Running configuration on file /nfs/home/rzipperer/git/Kissat_hyperparamoptimization/instances/train/be5c82b97513a31e0b3bcc1c231018ad-asconhashv12_opt64_H15_M2-kwhXs2juqFoKAYA_m12_13_U16.c.cnf
Solved
Running configuration on file /nfs/home/rzipperer/git/Kissat_hyperparamoptimization/instances/train/bc3a8bd47c5575c2f1b31882d28ee091-26_1.cnf
Timeout
Running configuration on file /nfs/home/rzipperer/git/Kissat_hyperparamoptimization/instances/train/c82eee3badbc8432dad72d1d575a0ea6-preimage_80r_495m_160h_seed_379.cnf
Solved
Running configuration on file /nfs/home/rzipperer/git/Kissat_hyperparamoptimization/instances/train/1e3c3e8d349759b8b482a6f2721762c4-apn-sbox5-cut3-symmbreak.cnf
Timeout
Running configuration on file /nfs/home/rzipperer/git/Kissat_hyperparamoptimization/instances/train/a8dcaf436bda091dad9ca1ff58de7287-asconhashv12_opt64_H10_M2-BPHqhzNzqi_m5_6_U14.c.cnf
Solved
Running configuration on file /nfs/home/rzipperer/git/Kissat_hyperparamoptimization/instances/train/5ee7de2bd112aa39485e79c9d487bf8f-simon-r23-1.sanitized.cnf
Solved
Running configuration on file /nfs/home/rzipperer/git/Kissat_hyperparamoptimization/instances/train/cd33a862b81ba7b887845d3510c41c62-MASG0_72_keystream76_0.cnf
Solved
Running configuration on file /nfs/home/rzipperer/git/Kissat_hyperparamoptimization/instances/train/30e680ded3b9be6be0b5baac273f2646-asconhashv12_opt64_H5_M2-A8qZX_m0_3_U23.c.cnf
Solved
Running configuration on file /nfs/home/rzipperer/git/Kissat_hyperparamoptimization/instances/train/00bb0b4ef28ed38c49de4c54b9fabc4d-25_2.cnf
Timeout
Running configuration on file /nfs/home/rzipperer/git/Kissat_hyperparamoptimization/instances/train/2b043efb4bde6d83f7c95a8e8e2d7bf8-simon-r21-0.sanitized.cnf
Solved
Running configuration on file /nfs/home/rzipperer/git/Kissat_hyperparamoptimization/instances/train/79b9e24dd9af185dbec18c9b0a32b1e2-g2-slp-synthesis-aes-top30.cnf
Solved
Running configuration on file /nfs/home/rzipperer/git/Kissat_hyperparamoptimization/instances/train/711ff7681711949f44b07a0d530dc729-asconhashv12_opt64_H12_M2-CxLJidFX21oI_m3_6_U2.c.cnf
Solved
Running configuration on file /nfs/home/rzipperer/git/Kissat_hyperparamoptimization/instances/train/396245861b331d45e1345bd43fe352e2-asconhashv12_opt64_H8_M2-1yQCyA0j_m2_6.c.cnf
Solved
Running configuration on file /nfs/home/rzipperer/git/Kissat_hyperparamoptimization/instances/train/ecca77b5350eca6a4323edd5b38208c6-004.cnf
Solved
Running configuration on file /nfs/home/rzipperer/git/Kissat_hyperparamoptimization/instances/train/089f909e37b3ef0c4d90687f7e22b68f-simon-r18-0.sanitized.cnf
Solved
Running configuration on file /nfs/home/rzipperer/git/Kissat_hyperparamoptimization/instances/train/1f215812371f0c428eb1f1e51f9f23d7-20_2.cnf
Timeout
Running configuration on file /nfs/home/rzipperer/git/Kissat_hyperparamoptimization/instances/train/91b88d172a08e2a57c189bddff51bfd5-22_1.cnf
Timeout
[INFO][abstract_intensifier.py:595] Added config 19f505 and rejected config cf0a0e as incumbent because it is not better than the incumbents on 1 instances:
---Testing configuration---
Configuration(values={
  'backbone': 2,
  'bump': 0,
  'chrono': 1,
  'congruence': 0,
  'eagersubsume': 0,
  'eliminate': 1,
  'emafast': 894425,
  'extract': 0,
  'factor': 1,
  'fastel': 1,
  'forward': 1,
  'jumpreasons': 0,
  'lucky': 1,
  'minimize': 0,
  'otfs': 0,
  'phase': 0,
  'phasesaving': 1,
  'preprocess': 0,
  'probe': 1,
  'promote': 0,
  'randec': 0,
  'reducehigh': 461,
  'reducelow': 49,
  'reluctant': 1,
  'reorder': 0,
  'rephase': 0,
  'restart': 0,
  'shrink': 3,
  'stable': 0,
  'substitute': 0,
  'sweep': 0,
  'target': 1,
  'tier1': 60,
  'tier1relative': 630,
  'tier2': 919,
  'tier2relative': 509,
  'transitive': 0,
  'vivify': 1,
  'warmup': 0,
})
On 20 instances
Worst case runtime for this iteration is 100000 seconds
Running configuration on file /nfs/home/rzipperer/git/Kissat_hyperparamoptimization/instances/train/2722f39c27dc45a989bb52761ed52e50-31_1.cnf
Timeout
Running configuration on file /nfs/home/rzipperer/git/Kissat_hyperparamoptimization/instances/train/4073757aae06fc2b50c043f088b132b4-simon-r19-1.sanitized.cnf
Solved
Running configuration on file /nfs/home/rzipperer/git/Kissat_hyperparamoptimization/instances/train/6969c86fbc5814332ab8615031334fa8-asconhashv12_opt64_H11_M2-fCHjS2L0du5_m2_4.c.cnf
Timeout
Running configuration on file /nfs/home/rzipperer/git/Kissat_hyperparamoptimization/instances/train/be5c82b97513a31e0b3bcc1c231018ad-asconhashv12_opt64_H15_M2-kwhXs2juqFoKAYA_m12_13_U16.c.cnf
Timeout
Running configuration on file /nfs/home/rzipperer/git/Kissat_hyperparamoptimization/instances/train/bc3a8bd47c5575c2f1b31882d28ee091-26_1.cnf
Timeout
Running configuration on file /nfs/home/rzipperer/git/Kissat_hyperparamoptimization/instances/train/c82eee3badbc8432dad72d1d575a0ea6-preimage_80r_495m_160h_seed_379.cnf
Timeout
Running configuration on file /nfs/home/rzipperer/git/Kissat_hyperparamoptimization/instances/train/1e3c3e8d349759b8b482a6f2721762c4-apn-sbox5-cut3-symmbreak.cnf
Timeout
Running configuration on file /nfs/home/rzipperer/git/Kissat_hyperparamoptimization/instances/train/a8dcaf436bda091dad9ca1ff58de7287-asconhashv12_opt64_H10_M2-BPHqhzNzqi_m5_6_U14.c.cnf
Timeout
Running configuration on file /nfs/home/rzipperer/git/Kissat_hyperparamoptimization/instances/train/5ee7de2bd112aa39485e79c9d487bf8f-simon-r23-1.sanitized.cnf
Solved
Running configuration on file /nfs/home/rzipperer/git/Kissat_hyperparamoptimization/instances/train/cd33a862b81ba7b887845d3510c41c62-MASG0_72_keystream76_0.cnf
Timeout
Running configuration on file /nfs/home/rzipperer/git/Kissat_hyperparamoptimization/instances/train/30e680ded3b9be6be0b5baac273f2646-asconhashv12_opt64_H5_M2-A8qZX_m0_3_U23.c.cnf
Timeout
Running configuration on file /nfs/home/rzipperer/git/Kissat_hyperparamoptimization/instances/train/00bb0b4ef28ed38c49de4c54b9fabc4d-25_2.cnf
Timeout
Running configuration on file /nfs/home/rzipperer/git/Kissat_hyperparamoptimization/instances/train/2b043efb4bde6d83f7c95a8e8e2d7bf8-simon-r21-0.sanitized.cnf
Solved
Running configuration on file /nfs/home/rzipperer/git/Kissat_hyperparamoptimization/instances/train/79b9e24dd9af185dbec18c9b0a32b1e2-g2-slp-synthesis-aes-top30.cnf
Timeout
Running configuration on file /nfs/home/rzipperer/git/Kissat_hyperparamoptimization/instances/train/711ff7681711949f44b07a0d530dc729-asconhashv12_opt64_H12_M2-CxLJidFX21oI_m3_6_U2.c.cnf
Timeout
Running configuration on file /nfs/home/rzipperer/git/Kissat_hyperparamoptimization/instances/train/396245861b331d45e1345bd43fe352e2-asconhashv12_opt64_H8_M2-1yQCyA0j_m2_6.c.cnf
Timeout
Running configuration on file /nfs/home/rzipperer/git/Kissat_hyperparamoptimization/instances/train/ecca77b5350eca6a4323edd5b38208c6-004.cnf
Timeout
Running configuration on file /nfs/home/rzipperer/git/Kissat_hyperparamoptimization/instances/train/089f909e37b3ef0c4d90687f7e22b68f-simon-r18-0.sanitized.cnf
Solved
Running configuration on file /nfs/home/rzipperer/git/Kissat_hyperparamoptimization/instances/train/1f215812371f0c428eb1f1e51f9f23d7-20_2.cnf
Timeout
Running configuration on file /nfs/home/rzipperer/git/Kissat_hyperparamoptimization/instances/train/91b88d172a08e2a57c189bddff51bfd5-22_1.cnf
Timeout
---Testing configuration---
Configuration(values={
  'backbone': 2,
  'bump': 0,
  'chrono': 1,
  'congruence': 0,
  'eagersubsume': 3,
  'eliminate': 1,
  'emafast': 160126,
  'extract': 0,
  'factor': 0,
  'fastel': 1,
  'forward': 1,
  'jumpreasons': 1,
  'lucky': 1,
  'minimize': 0,
  'otfs': 1,
  'phase': 1,
  'phasesaving': 1,
  'preprocess': 0,
  'probe': 1,
  'promote': 1,
  'randec': 1,
  'reducehigh': 127,
  'reducelow': 812,
  'reluctant': 0,
  'reorder': 2,
  'rephase': 1,
  'restart': 0,
  'shrink': 3,
  'stable': 0,
  'substitute': 1,
  'sweep': 1,
  'target': 2,
  'tier1': 49,
  'tier1relative': 377,
  'tier2': 266,
  'tier2relative': 394,
  'transitive': 1,
  'vivify': 1,
  'warmup': 1,
})
On 20 instances
Worst case runtime for this iteration is 100000 seconds
Running configuration on file /nfs/home/rzipperer/git/Kissat_hyperparamoptimization/instances/train/2722f39c27dc45a989bb52761ed52e50-31_1.cnf
Timeout
Running configuration on file /nfs/home/rzipperer/git/Kissat_hyperparamoptimization/instances/train/4073757aae06fc2b50c043f088b132b4-simon-r19-1.sanitized.cnf
Solved
Running configuration on file /nfs/home/rzipperer/git/Kissat_hyperparamoptimization/instances/train/6969c86fbc5814332ab8615031334fa8-asconhashv12_opt64_H11_M2-fCHjS2L0du5_m2_4.c.cnf
Solved
Running configuration on file /nfs/home/rzipperer/git/Kissat_hyperparamoptimization/instances/train/be5c82b97513a31e0b3bcc1c231018ad-asconhashv12_opt64_H15_M2-kwhXs2juqFoKAYA_m12_13_U16.c.cnf
Solved
Running configuration on file /nfs/home/rzipperer/git/Kissat_hyperparamoptimization/instances/train/bc3a8bd47c5575c2f1b31882d28ee091-26_1.cnf
Timeout
Running configuration on file /nfs/home/rzipperer/git/Kissat_hyperparamoptimization/instances/train/c82eee3badbc8432dad72d1d575a0ea6-preimage_80r_495m_160h_seed_379.cnf
Solved
Running configuration on file /nfs/home/rzipperer/git/Kissat_hyperparamoptimization/instances/train/1e3c3e8d349759b8b482a6f2721762c4-apn-sbox5-cut3-symmbreak.cnf
Timeout
Running configuration on file /nfs/home/rzipperer/git/Kissat_hyperparamoptimization/instances/train/a8dcaf436bda091dad9ca1ff58de7287-asconhashv12_opt64_H10_M2-BPHqhzNzqi_m5_6_U14.c.cnf
Timeout
Running configuration on file /nfs/home/rzipperer/git/Kissat_hyperparamoptimization/instances/train/5ee7de2bd112aa39485e79c9d487bf8f-simon-r23-1.sanitized.cnf
Solved
Running configuration on file /nfs/home/rzipperer/git/Kissat_hyperparamoptimization/instances/train/cd33a862b81ba7b887845d3510c41c62-MASG0_72_keystream76_0.cnf
Timeout
Running configuration on file /nfs/home/rzipperer/git/Kissat_hyperparamoptimization/instances/train/30e680ded3b9be6be0b5baac273f2646-asconhashv12_opt64_H5_M2-A8qZX_m0_3_U23.c.cnf
Solved
Running configuration on file /nfs/home/rzipperer/git/Kissat_hyperparamoptimization/instances/train/00bb0b4ef28ed38c49de4c54b9fabc4d-25_2.cnf
Timeout
Running configuration on file /nfs/home/rzipperer/git/Kissat_hyperparamoptimization/instances/train/2b043efb4bde6d83f7c95a8e8e2d7bf8-simon-r21-0.sanitized.cnf
Solved
Running configuration on file /nfs/home/rzipperer/git/Kissat_hyperparamoptimization/instances/train/79b9e24dd9af185dbec18c9b0a32b1e2-g2-slp-synthesis-aes-top30.cnf
Solved
Running configuration on file /nfs/home/rzipperer/git/Kissat_hyperparamoptimization/instances/train/711ff7681711949f44b07a0d530dc729-asconhashv12_opt64_H12_M2-CxLJidFX21oI_m3_6_U2.c.cnf
Timeout
Running configuration on file /nfs/home/rzipperer/git/Kissat_hyperparamoptimization/instances/train/396245861b331d45e1345bd43fe352e2-asconhashv12_opt64_H8_M2-1yQCyA0j_m2_6.c.cnf
Solved
Running configuration on file /nfs/home/rzipperer/git/Kissat_hyperparamoptimization/instances/train/ecca77b5350eca6a4323edd5b38208c6-004.cnf
Timeout
Running configuration on file /nfs/home/rzipperer/git/Kissat_hyperparamoptimization/instances/train/089f909e37b3ef0c4d90687f7e22b68f-simon-r18-0.sanitized.cnf
Solved
Running configuration on file /nfs/home/rzipperer/git/Kissat_hyperparamoptimization/instances/train/1f215812371f0c428eb1f1e51f9f23d7-20_2.cnf
Timeout
Running configuration on file /nfs/home/rzipperer/git/Kissat_hyperparamoptimization/instances/train/91b88d172a08e2a57c189bddff51bfd5-22_1.cnf
Timeout
---Testing configuration---
Configuration(values={
  'backbone': 2,
  'bump': 1,
  'chrono': 0,
  'congruence': 1,
  'eagersubsume': 1,
  'eliminate': 1,
  'emafast': 61895,
  'extract': 1,
  'factor': 0,
  'fastel': 1,
  'forward': 1,
  'jumpreasons': 0,
  'lucky': 0,
  'minimize': 0,
  'otfs': 0,
  'phase': 1,
  'phasesaving': 0,
  'preprocess': 0,
  'probe': 1,
  'promote': 1,
  'randec': 1,
  'reducehigh': 765,
  'reducelow': 378,
  'reluctant': 1,
  'reorder': 0,
  'rephase': 1,
  'restart': 1,
  'shrink': 3,
  'stable': 2,
  'substitute': 1,
  'sweep': 1,
  'target': 1,
  'tier1': 43,
  'tier1relative': 955,
  'tier2': 462,
  'tier2relative': 101,
  'transitive': 1,
  'vivify': 0,
  'warmup': 1,
})
On 20 instances
Worst case runtime for this iteration is 100000 seconds
Running configuration on file /nfs/home/rzipperer/git/Kissat_hyperparamoptimization/instances/train/2722f39c27dc45a989bb52761ed52e50-31_1.cnf
Timeout
Running configuration on file /nfs/home/rzipperer/git/Kissat_hyperparamoptimization/instances/train/4073757aae06fc2b50c043f088b132b4-simon-r19-1.sanitized.cnf
Solved
Running configuration on file /nfs/home/rzipperer/git/Kissat_hyperparamoptimization/instances/train/6969c86fbc5814332ab8615031334fa8-asconhashv12_opt64_H11_M2-fCHjS2L0du5_m2_4.c.cnf
Solved
Running configuration on file /nfs/home/rzipperer/git/Kissat_hyperparamoptimization/instances/train/be5c82b97513a31e0b3bcc1c231018ad-asconhashv12_opt64_H15_M2-kwhXs2juqFoKAYA_m12_13_U16.c.cnf
Solved
Running configuration on file /nfs/home/rzipperer/git/Kissat_hyperparamoptimization/instances/train/bc3a8bd47c5575c2f1b31882d28ee091-26_1.cnf
Timeout
Running configuration on file /nfs/home/rzipperer/git/Kissat_hyperparamoptimization/instances/train/c82eee3badbc8432dad72d1d575a0ea6-preimage_80r_495m_160h_seed_379.cnf
Solved
Running configuration on file /nfs/home/rzipperer/git/Kissat_hyperparamoptimization/instances/train/1e3c3e8d349759b8b482a6f2721762c4-apn-sbox5-cut3-symmbreak.cnf
Timeout
Running configuration on file /nfs/home/rzipperer/git/Kissat_hyperparamoptimization/instances/train/a8dcaf436bda091dad9ca1ff58de7287-asconhashv12_opt64_H10_M2-BPHqhzNzqi_m5_6_U14.c.cnf
Solved
Running configuration on file /nfs/home/rzipperer/git/Kissat_hyperparamoptimization/instances/train/5ee7de2bd112aa39485e79c9d487bf8f-simon-r23-1.sanitized.cnf
Solved
Running configuration on file /nfs/home/rzipperer/git/Kissat_hyperparamoptimization/instances/train/cd33a862b81ba7b887845d3510c41c62-MASG0_72_keystream76_0.cnf
Solved
Running configuration on file /nfs/home/rzipperer/git/Kissat_hyperparamoptimization/instances/train/30e680ded3b9be6be0b5baac273f2646-asconhashv12_opt64_H5_M2-A8qZX_m0_3_U23.c.cnf
Solved
Running configuration on file /nfs/home/rzipperer/git/Kissat_hyperparamoptimization/instances/train/00bb0b4ef28ed38c49de4c54b9fabc4d-25_2.cnf
Timeout
Running configuration on file /nfs/home/rzipperer/git/Kissat_hyperparamoptimization/instances/train/2b043efb4bde6d83f7c95a8e8e2d7bf8-simon-r21-0.sanitized.cnf
Solved
Running configuration on file /nfs/home/rzipperer/git/Kissat_hyperparamoptimization/instances/train/79b9e24dd9af185dbec18c9b0a32b1e2-g2-slp-synthesis-aes-top30.cnf
Solved
Running configuration on file /nfs/home/rzipperer/git/Kissat_hyperparamoptimization/instances/train/711ff7681711949f44b07a0d530dc729-asconhashv12_opt64_H12_M2-CxLJidFX21oI_m3_6_U2.c.cnf
Solved
Running configuration on file /nfs/home/rzipperer/git/Kissat_hyperparamoptimization/instances/train/396245861b331d45e1345bd43fe352e2-asconhashv12_opt64_H8_M2-1yQCyA0j_m2_6.c.cnf
Solved
Running configuration on file /nfs/home/rzipperer/git/Kissat_hyperparamoptimization/instances/train/ecca77b5350eca6a4323edd5b38208c6-004.cnf
Solved
Running configuration on file /nfs/home/rzipperer/git/Kissat_hyperparamoptimization/instances/train/089f909e37b3ef0c4d90687f7e22b68f-simon-r18-0.sanitized.cnf
Solved
Running configuration on file /nfs/home/rzipperer/git/Kissat_hyperparamoptimization/instances/train/1f215812371f0c428eb1f1e51f9f23d7-20_2.cnf
Timeout
Running configuration on file /nfs/home/rzipperer/git/Kissat_hyperparamoptimization/instances/train/91b88d172a08e2a57c189bddff51bfd5-22_1.cnf
Timeout
---Testing configuration---
Configuration(values={
  'backbone': 2,
  'bump': 1,
  'chrono': 0,
  'congruence': 1,
  'eagersubsume': 4,
  'eliminate': 0,
  'emafast': 119198,
  'extract': 0,
  'factor': 0,
  'fastel': 1,
  'forward': 1,
  'jumpreasons': 1,
  'lucky': 1,
  'minimize': 1,
  'otfs': 1,
  'phase': 1,
  'phasesaving': 1,
  'preprocess': 0,
  'probe': 1,
  'promote': 0,
  'randec': 1,
  'reducehigh': 913,
  'reducelow': 699,
  'reluctant': 0,
  'reorder': 2,
  'rephase': 0,
  'restart': 0,
  'shrink': 3,
  'stable': 0,
  'substitute': 1,
  'sweep': 0,
  'target': 1,
  'tier1': 14,
  'tier1relative': 470,
  'tier2': 334,
  'tier2relative': 434,
  'transitive': 0,
  'vivify': 1,
  'warmup': 0,
})
On 20 instances
Worst case runtime for this iteration is 100000 seconds
Running configuration on file /nfs/home/rzipperer/git/Kissat_hyperparamoptimization/instances/train/2722f39c27dc45a989bb52761ed52e50-31_1.cnf
Timeout
Running configuration on file /nfs/home/rzipperer/git/Kissat_hyperparamoptimization/instances/train/4073757aae06fc2b50c043f088b132b4-simon-r19-1.sanitized.cnf
Solved
Running configuration on file /nfs/home/rzipperer/git/Kissat_hyperparamoptimization/instances/train/6969c86fbc5814332ab8615031334fa8-asconhashv12_opt64_H11_M2-fCHjS2L0du5_m2_4.c.cnf
Solved
Running configuration on file /nfs/home/rzipperer/git/Kissat_hyperparamoptimization/instances/train/be5c82b97513a31e0b3bcc1c231018ad-asconhashv12_opt64_H15_M2-kwhXs2juqFoKAYA_m12_13_U16.c.cnf
Solved
Running configuration on file /nfs/home/rzipperer/git/Kissat_hyperparamoptimization/instances/train/bc3a8bd47c5575c2f1b31882d28ee091-26_1.cnf
Timeout
Running configuration on file /nfs/home/rzipperer/git/Kissat_hyperparamoptimization/instances/train/c82eee3badbc8432dad72d1d575a0ea6-preimage_80r_495m_160h_seed_379.cnf
Solved
Running configuration on file /nfs/home/rzipperer/git/Kissat_hyperparamoptimization/instances/train/1e3c3e8d349759b8b482a6f2721762c4-apn-sbox5-cut3-symmbreak.cnf
Timeout
Running configuration on file /nfs/home/rzipperer/git/Kissat_hyperparamoptimization/instances/train/a8dcaf436bda091dad9ca1ff58de7287-asconhashv12_opt64_H10_M2-BPHqhzNzqi_m5_6_U14.c.cnf
Timeout
Running configuration on file /nfs/home/rzipperer/git/Kissat_hyperparamoptimization/instances/train/5ee7de2bd112aa39485e79c9d487bf8f-simon-r23-1.sanitized.cnf
Solved
Running configuration on file /nfs/home/rzipperer/git/Kissat_hyperparamoptimization/instances/train/cd33a862b81ba7b887845d3510c41c62-MASG0_72_keystream76_0.cnf
Timeout
Running configuration on file /nfs/home/rzipperer/git/Kissat_hyperparamoptimization/instances/train/30e680ded3b9be6be0b5baac273f2646-asconhashv12_opt64_H5_M2-A8qZX_m0_3_U23.c.cnf
Solved
Running configuration on file /nfs/home/rzipperer/git/Kissat_hyperparamoptimization/instances/train/00bb0b4ef28ed38c49de4c54b9fabc4d-25_2.cnf
Timeout
Running configuration on file /nfs/home/rzipperer/git/Kissat_hyperparamoptimization/instances/train/2b043efb4bde6d83f7c95a8e8e2d7bf8-simon-r21-0.sanitized.cnf
Solved
Running configuration on file /nfs/home/rzipperer/git/Kissat_hyperparamoptimization/instances/train/79b9e24dd9af185dbec18c9b0a32b1e2-g2-slp-synthesis-aes-top30.cnf
Solved
Running configuration on file /nfs/home/rzipperer/git/Kissat_hyperparamoptimization/instances/train/711ff7681711949f44b07a0d530dc729-asconhashv12_opt64_H12_M2-CxLJidFX21oI_m3_6_U2.c.cnf
Solved
Running configuration on file /nfs/home/rzipperer/git/Kissat_hyperparamoptimization/instances/train/396245861b331d45e1345bd43fe352e2-asconhashv12_opt64_H8_M2-1yQCyA0j_m2_6.c.cnf
Solved
Running configuration on file /nfs/home/rzipperer/git/Kissat_hyperparamoptimization/instances/train/ecca77b5350eca6a4323edd5b38208c6-004.cnf
Timeout
Running configuration on file /nfs/home/rzipperer/git/Kissat_hyperparamoptimization/instances/train/089f909e37b3ef0c4d90687f7e22b68f-simon-r18-0.sanitized.cnf
Solved
Running configuration on file /nfs/home/rzipperer/git/Kissat_hyperparamoptimization/instances/train/1f215812371f0c428eb1f1e51f9f23d7-20_2.cnf
Timeout
Running configuration on file /nfs/home/rzipperer/git/Kissat_hyperparamoptimization/instances/train/91b88d172a08e2a57c189bddff51bfd5-22_1.cnf
Timeout
---Testing configuration---
Configuration(values={
  'backbone': 2,
  'bump': 1,
  'chrono': 1,
  'congruence': 0,
  'eagersubsume': 1,
  'eliminate': 0,
  'emafast': 438789,
  'extract': 1,
  'factor': 1,
  'fastel': 1,
  'forward': 1,
  'jumpreasons': 0,
  'lucky': 1,
  'minimize': 1,
  'otfs': 0,
  'phase': 1,
  'phasesaving': 0,
  'preprocess': 0,
  'probe': 1,
  'promote': 1,
  'randec': 0,
  'reducehigh': 51,
  'reducelow': 47,
  'reluctant': 0,
  'reorder': 2,
  'rephase': 0,
  'restart': 0,
  'shrink': 3,
  'stable': 0,
  'substitute': 0,
  'sweep': 1,
  'target': 0,
  'tier1': 5,
  'tier1relative': 31,
  'tier2': 8,
  'tier2relative': 706,
  'transitive': 1,
  'vivify': 1,
  'warmup': 1,
})
On 20 instances
Worst case runtime for this iteration is 100000 seconds
Running configuration on file /nfs/home/rzipperer/git/Kissat_hyperparamoptimization/instances/train/2722f39c27dc45a989bb52761ed52e50-31_1.cnf
Timeout
Running configuration on file /nfs/home/rzipperer/git/Kissat_hyperparamoptimization/instances/train/4073757aae06fc2b50c043f088b132b4-simon-r19-1.sanitized.cnf
Solved
Running configuration on file /nfs/home/rzipperer/git/Kissat_hyperparamoptimization/instances/train/6969c86fbc5814332ab8615031334fa8-asconhashv12_opt64_H11_M2-fCHjS2L0du5_m2_4.c.cnf
Solved
Running configuration on file /nfs/home/rzipperer/git/Kissat_hyperparamoptimization/instances/train/be5c82b97513a31e0b3bcc1c231018ad-asconhashv12_opt64_H15_M2-kwhXs2juqFoKAYA_m12_13_U16.c.cnf
Solved
Running configuration on file /nfs/home/rzipperer/git/Kissat_hyperparamoptimization/instances/train/bc3a8bd47c5575c2f1b31882d28ee091-26_1.cnf
Timeout
Running configuration on file /nfs/home/rzipperer/git/Kissat_hyperparamoptimization/instances/train/c82eee3badbc8432dad72d1d575a0ea6-preimage_80r_495m_160h_seed_379.cnf
Solved
Running configuration on file /nfs/home/rzipperer/git/Kissat_hyperparamoptimization/instances/train/1e3c3e8d349759b8b482a6f2721762c4-apn-sbox5-cut3-symmbreak.cnf
Timeout
Running configuration on file /nfs/home/rzipperer/git/Kissat_hyperparamoptimization/instances/train/a8dcaf436bda091dad9ca1ff58de7287-asconhashv12_opt64_H10_M2-BPHqhzNzqi_m5_6_U14.c.cnf
Solved
Running configuration on file /nfs/home/rzipperer/git/Kissat_hyperparamoptimization/instances/train/5ee7de2bd112aa39485e79c9d487bf8f-simon-r23-1.sanitized.cnf
Solved
Running configuration on file /nfs/home/rzipperer/git/Kissat_hyperparamoptimization/instances/train/cd33a862b81ba7b887845d3510c41c62-MASG0_72_keystream76_0.cnf
Solved
Running configuration on file /nfs/home/rzipperer/git/Kissat_hyperparamoptimization/instances/train/30e680ded3b9be6be0b5baac273f2646-asconhashv12_opt64_H5_M2-A8qZX_m0_3_U23.c.cnf
Solved
Running configuration on file /nfs/home/rzipperer/git/Kissat_hyperparamoptimization/instances/train/00bb0b4ef28ed38c49de4c54b9fabc4d-25_2.cnf
Timeout
Running configuration on file /nfs/home/rzipperer/git/Kissat_hyperparamoptimization/instances/train/2b043efb4bde6d83f7c95a8e8e2d7bf8-simon-r21-0.sanitized.cnf
Solved
Running configuration on file /nfs/home/rzipperer/git/Kissat_hyperparamoptimization/instances/train/79b9e24dd9af185dbec18c9b0a32b1e2-g2-slp-synthesis-aes-top30.cnf
Solved
Running configuration on file /nfs/home/rzipperer/git/Kissat_hyperparamoptimization/instances/train/711ff7681711949f44b07a0d530dc729-asconhashv12_opt64_H12_M2-CxLJidFX21oI_m3_6_U2.c.cnf
Solved
Running configuration on file /nfs/home/rzipperer/git/Kissat_hyperparamoptimization/instances/train/396245861b331d45e1345bd43fe352e2-asconhashv12_opt64_H8_M2-1yQCyA0j_m2_6.c.cnf
Solved
Running configuration on file /nfs/home/rzipperer/git/Kissat_hyperparamoptimization/instances/train/ecca77b5350eca6a4323edd5b38208c6-004.cnf
Solved
Running configuration on file /nfs/home/rzipperer/git/Kissat_hyperparamoptimization/instances/train/089f909e37b3ef0c4d90687f7e22b68f-simon-r18-0.sanitized.cnf
Solved
Running configuration on file /nfs/home/rzipperer/git/Kissat_hyperparamoptimization/instances/train/1f215812371f0c428eb1f1e51f9f23d7-20_2.cnf
Timeout
Running configuration on file /nfs/home/rzipperer/git/Kissat_hyperparamoptimization/instances/train/91b88d172a08e2a57c189bddff51bfd5-22_1.cnf
Timeout
---Testing configuration---
Configuration(values={
  'backbone': 2,
  'bump': 0,
  'chrono': 1,
  'congruence': 1,
  'eagersubsume': 1,
  'eliminate': 0,
  'emafast': 349118,
  'extract': 1,
  'factor': 1,
  'fastel': 0,
  'forward': 1,
  'jumpreasons': 0,
  'lucky': 1,
  'minimize': 0,
  'otfs': 0,
  'phase': 0,
  'phasesaving': 0,
  'preprocess': 0,
  'probe': 1,
  'promote': 0,
  'randec': 0,
  'reducehigh': 360,
  'reducelow': 283,
  'reluctant': 0,
  'reorder': 1,
  'rephase': 1,
  'restart': 1,
  'shrink': 3,
  'stable': 1,
  'substitute': 0,
  'sweep': 1,
  'target': 0,
  'tier1': 14,
  'tier1relative': 445,
  'tier2': 133,
  'tier2relative': 505,
  'transitive': 0,
  'vivify': 0,
  'warmup': 0,
})
On 20 instances
Worst case runtime for this iteration is 100000 seconds
Running configuration on file /nfs/home/rzipperer/git/Kissat_hyperparamoptimization/instances/train/2722f39c27dc45a989bb52761ed52e50-31_1.cnf
Timeout
Running configuration on file /nfs/home/rzipperer/git/Kissat_hyperparamoptimization/instances/train/4073757aae06fc2b50c043f088b132b4-simon-r19-1.sanitized.cnf
Solved
Running configuration on file /nfs/home/rzipperer/git/Kissat_hyperparamoptimization/instances/train/6969c86fbc5814332ab8615031334fa8-asconhashv12_opt64_H11_M2-fCHjS2L0du5_m2_4.c.cnf
Solved
Running configuration on file /nfs/home/rzipperer/git/Kissat_hyperparamoptimization/instances/train/be5c82b97513a31e0b3bcc1c231018ad-asconhashv12_opt64_H15_M2-kwhXs2juqFoKAYA_m12_13_U16.c.cnf
Solved
Running configuration on file /nfs/home/rzipperer/git/Kissat_hyperparamoptimization/instances/train/bc3a8bd47c5575c2f1b31882d28ee091-26_1.cnf
Timeout
Running configuration on file /nfs/home/rzipperer/git/Kissat_hyperparamoptimization/instances/train/c82eee3badbc8432dad72d1d575a0ea6-preimage_80r_495m_160h_seed_379.cnf
Solved
Running configuration on file /nfs/home/rzipperer/git/Kissat_hyperparamoptimization/instances/train/1e3c3e8d349759b8b482a6f2721762c4-apn-sbox5-cut3-symmbreak.cnf
Timeout
Running configuration on file /nfs/home/rzipperer/git/Kissat_hyperparamoptimization/instances/train/a8dcaf436bda091dad9ca1ff58de7287-asconhashv12_opt64_H10_M2-BPHqhzNzqi_m5_6_U14.c.cnf
Solved
Running configuration on file /nfs/home/rzipperer/git/Kissat_hyperparamoptimization/instances/train/5ee7de2bd112aa39485e79c9d487bf8f-simon-r23-1.sanitized.cnf
Solved
Running configuration on file /nfs/home/rzipperer/git/Kissat_hyperparamoptimization/instances/train/cd33a862b81ba7b887845d3510c41c62-MASG0_72_keystream76_0.cnf
Timeout
Running configuration on file /nfs/home/rzipperer/git/Kissat_hyperparamoptimization/instances/train/30e680ded3b9be6be0b5baac273f2646-asconhashv12_opt64_H5_M2-A8qZX_m0_3_U23.c.cnf
Solved
Running configuration on file /nfs/home/rzipperer/git/Kissat_hyperparamoptimization/instances/train/00bb0b4ef28ed38c49de4c54b9fabc4d-25_2.cnf
Timeout
Running configuration on file /nfs/home/rzipperer/git/Kissat_hyperparamoptimization/instances/train/2b043efb4bde6d83f7c95a8e8e2d7bf8-simon-r21-0.sanitized.cnf
Solved
Running configuration on file /nfs/home/rzipperer/git/Kissat_hyperparamoptimization/instances/train/79b9e24dd9af185dbec18c9b0a32b1e2-g2-slp-synthesis-aes-top30.cnf
Timeout
Running configuration on file /nfs/home/rzipperer/git/Kissat_hyperparamoptimization/instances/train/711ff7681711949f44b07a0d530dc729-asconhashv12_opt64_H12_M2-CxLJidFX21oI_m3_6_U2.c.cnf
Solved
Running configuration on file /nfs/home/rzipperer/git/Kissat_hyperparamoptimization/instances/train/396245861b331d45e1345bd43fe352e2-asconhashv12_opt64_H8_M2-1yQCyA0j_m2_6.c.cnf
Solved
Running configuration on file /nfs/home/rzipperer/git/Kissat_hyperparamoptimization/instances/train/ecca77b5350eca6a4323edd5b38208c6-004.cnf
Timeout
Running configuration on file /nfs/home/rzipperer/git/Kissat_hyperparamoptimization/instances/train/089f909e37b3ef0c4d90687f7e22b68f-simon-r18-0.sanitized.cnf
Solved
Running configuration on file /nfs/home/rzipperer/git/Kissat_hyperparamoptimization/instances/train/1f215812371f0c428eb1f1e51f9f23d7-20_2.cnf
Timeout
Running configuration on file /nfs/home/rzipperer/git/Kissat_hyperparamoptimization/instances/train/91b88d172a08e2a57c189bddff51bfd5-22_1.cnf
Timeout
[INFO][smbo.py:328] Configuration budget is exhausted:
[INFO][smbo.py:329] --- Remaining wallclock time: inf
[INFO][smbo.py:330] --- Remaining cpu time: inf
[INFO][smbo.py:331] --- Remaining trials: 0
Configuration(values={
  'backbone': 2,
  'bump': 1,
  'chrono': 0,
  'congruence': 0,
  'eagersubsume': 0,
  'eliminate': 1,
  'emafast': 607359,
  'extract': 1,
  'factor': 1,
  'fastel': 1,
  'forward': 1,
  'jumpreasons': 0,
  'lucky': 0,
  'minimize': 1,
  'otfs': 1,
  'phase': 1,
  'phasesaving': 0,
  'preprocess': 0,
  'probe': 1,
  'promote': 1,
  'randec': 1,
  'reducehigh': 17,
  'reducelow': 39,
  'reluctant': 0,
  'reorder': 0,
  'rephase': 1,
  'restart': 1,
  'shrink': 3,
  'stable': 1,
  'substitute': 0,
  'sweep': 0,
  'target': 2,
  'tier1': 88,
  'tier1relative': 394,
  'tier2': 505,
  'tier2relative': 707,
  'transitive': 0,
  'vivify': 1,
  'warmup': 0,
})
