Getting instances
['/nfs/share/instances/gbd/cnf/00d1fe07ab948b348bb3fb423b1ef40d-lec_mult_KvW_12x11.sanitized.cnf.xz', '/nfs/share/instances/gbd/cnf/017ba03ed108f492c9293c7c95e5cae9-multiplier_14bits__miter_14.cnf.xz', '/nfs/share/instances/gbd/cnf/0811f761eee5e4ef28196fd98884a67b-multiplier_13bits__miter_15.cnf.xz', '/nfs/share/instances/gbd/cnf/08be288536c3178e6874a5676493923c-g2-hwmcc15deep-bob12s02-k16.cnf.xz', '/nfs/share/instances/gbd/cnf/093fa3ff9f7bc9979c43f9d2310ac21d-128_125.sanitized.cnf.xz', '/nfs/share/instances/gbd/cnf/0a02751cacf5e1cdfcc842a7f220199f-hwmcc17miters-xits-iso-bobsmfpu.sanitized.cnf.xz', '/nfs/share/instances/gbd/cnf/0ae0c5a4fb9001d63669a0aa5b592167-multiplier_16bits__miter_19.cnf.xz', '/nfs/share/instances/gbd/cnf/0cace8a29a1d6b225a8da561d35e8f5a-lru_10.sanitized.cnf.xz', '/nfs/share/instances/gbd/cnf/0cfe9c90d3a51435a5e4dba7634b882f-g2-ak128boothbg2msisc.cnf.xz', '/nfs/share/instances/gbd/cnf/1545660e72158c7e90da5ad4c877a124-hwmcc20miters-iso-rast-p06.sanitized.cnf.xz', '/nfs/share/instances/gbd/cnf/19004c7d629f7e6e83c6e1d7a9a768a9-6s166.cnf.xz', '/nfs/share/instances/gbd/cnf/1a20d903db74ab566efc68a35e6b0ec5-hwmcc20miters-iso-rast-p11.sanitized.cnf.xz', '/nfs/share/instances/gbd/cnf/210fe1c0ffefde5bcd03d59b1efa6984-32_325.sanitized.cnf.xz', '/nfs/share/instances/gbd/cnf/25447f441df2f134223d3e43319c99ad-lec_mult_CvW_12x11.sanitized.cnf.xz', '/nfs/share/instances/gbd/cnf/26b648475cfd06695a17ac95f4469744-128_75.sanitized.cnf.xz', '/nfs/share/instances/gbd/cnf/278aa933fdef642f33fb02a2b18717c1-lec_mult_DvK_11x10.sanitized.cnf.xz', '/nfs/share/instances/gbd/cnf/282a02a1743eb47c6b340e52ecce40a2-lru_6.sanitized.cnf.xz', '/nfs/share/instances/gbd/cnf/2a144840047376cee3b7b99455158976-goldberg03:hard_eq_check:i10mul.miter.used-as.sat04-333.cnf.xz', '/nfs/share/instances/gbd/cnf/31bb67fe67e57dbeb8c4819b01892588-hwmcc17miters-xits-iso-oski15a08b08s.sanitized.cnf.xz', '/nfs/share/instances/gbd/cnf/3663000b31a5c80922afc6e48322accb-6s165.cnf.xz', '/nfs/share/instances/gbd/cnf/385042a6042a0df5ddfec6e17f285ae7-lec_mult_CvD_11x11.sanitized.cnf.xz', '/nfs/share/instances/gbd/cnf/38ca761a5808eace8bc8f1fcfdb5b5a8-multiplier_15bits__miter_20.cnf.xz', '/nfs/share/instances/gbd/cnf/462d72f9b78ab1cd080667ff12a114ac-lec_mult_CvK_12x12.sanitized.cnf.xz', '/nfs/share/instances/gbd/cnf/4c54efa61599e33d514bf718ff23ad09-lec_mult_CvK_12x11.sanitized.cnf.xz', '/nfs/share/instances/gbd/cnf/57c305967b30c503da1737258e6cc7e5-6s20-sc2013.cnf.xz', '/nfs/share/instances/gbd/cnf/5ab3040d8617bf9f4d4cef4e56dcfd03-g2-hwmcc15deep-6s161-k17.cnf.xz', '/nfs/share/instances/gbd/cnf/5b0f16de2c5419b80b608db37d07d994-lec_mult_KvW_11x10.sanitized.cnf.xz', '/nfs/share/instances/gbd/cnf/62c763bdf8d351b15df3a4d62a03eba0-g2-ak128astepbg2asisc.cnf.xz', '/nfs/share/instances/gbd/cnf/65c5a5d228ec5e52d1a72f918086f584-32_100.sanitized.cnf.xz', '/nfs/share/instances/gbd/cnf/778e0fd8f034b7cfd539b1b523ed4c4a-lec_mult_CvW_12x12.sanitized.cnf.xz', '/nfs/share/instances/gbd/cnf/7b48f9354d25521bd542d859c0ecdde9-hwmcc17miters-xits-iso-oski15a08b00s.sanitized.cnf.xz', '/nfs/share/instances/gbd/cnf/812926407774771b3bd9885f7bfa4841-lru_9.sanitized.cnf.xz', '/nfs/share/instances/gbd/cnf/84c6d7e4a18aacf166105aaa3cd6e3de-128_100.sanitized.cnf.xz', '/nfs/share/instances/gbd/cnf/88e89266e58f1f125ebc4e0f66e2c060-32_200.sanitized.cnf.xz', '/nfs/share/instances/gbd/cnf/8b91c5bf4dfd87ffb46c5ef88a3ef1cd-lec_mult_DvW_12x11.sanitized.cnf.xz', '/nfs/share/instances/gbd/cnf/8d4b50ec0cf99097e9ab0835937afee5-hwmcc17miters-xits-iso-6s281b35.sanitized.cnf.xz', '/nfs/share/instances/gbd/cnf/912ce8c21d8fb8abc491cb205ec23e9f-hwmcc20miters-iso-mul2.sanitized.cnf.xz', '/nfs/share/instances/gbd/cnf/a14d9ee17051ec08a4334ba43089502c-64_200.sanitized.cnf.xz', '/nfs/share/instances/gbd/cnf/aceab5a3452e2901e645065bda3e8847-lru_8.sanitized.cnf.xz', '/nfs/share/instances/gbd/cnf/b76fa2f50a42120ec54fa98c29113326-lec_mult_DvK_12x12.sanitized.cnf.xz', '/nfs/share/instances/gbd/cnf/bb591c6447fb6b4180f6d288eb2ff62a-lec_mult_DvW_11x10.sanitized.cnf.xz', '/nfs/share/instances/gbd/cnf/bdcdb52d16f87ea20f091ca4b0b6a36f-lec_mult_CvK_11x10.sanitized.cnf.xz', '/nfs/share/instances/gbd/cnf/c214f1eb2576af00e3fb09f7d0305764-64_150.sanitized.cnf.xz', '/nfs/share/instances/gbd/cnf/c6e03256680b96b52e3345a497333c2b-hwb-n24-02-S786928571.shuffled-as.sat03-1618.cnf.xz', '/nfs/share/instances/gbd/cnf/c8e64404361f2426490d39459832c66a-64_25.sanitized.cnf.xz', '/nfs/share/instances/gbd/cnf/d3893e43819a907055a84e48a6ee97ba-g2-ak128boothbg2msaig.cnf.xz', '/nfs/share/instances/gbd/cnf/d7dbb2cba940af33b2bce37ea99b8110-6s130-opt.cnf.xz', '/nfs/share/instances/gbd/cnf/dacb03ea801d459ef08db23a8b1d104f-lec_mult_DvW_12x12.sanitized.cnf.xz', '/nfs/share/instances/gbd/cnf/dd57f6ebf07a7f932a82bed1877788e6-lec_mult_KvW_10x10.sanitized.cnf.xz', '/nfs/share/instances/gbd/cnf/ddc0720fa5a91d9cc0dc726644ab9e9f-6s167-opt.cnf.xz', '/nfs/share/instances/gbd/cnf/e06be7a69dbd6d6866a2799cd40c4bfe-hwmcc20miters-iso-mul7.sanitized.cnf.xz', '/nfs/share/instances/gbd/cnf/e371cd7cdde3e7ccb9834290fd4a92d0-32_350.sanitized.cnf.xz', '/nfs/share/instances/gbd/cnf/e38601380bfbab35dd8c5927283533fb-lec_mult_CvK_11x11.sanitized.cnf.xz', '/nfs/share/instances/gbd/cnf/e85fb114c33f450dc2622c78bc6fa019-lru_7.sanitized.cnf.xz', '/nfs/share/instances/gbd/cnf/f0426369f61595aee97055965ee7e6a3-hwmcc12miters-xits-iso-6s111.sanitized.cnf.xz', '/nfs/share/instances/gbd/cnf/f70788e8446c1bc42684316de0a6c164-hwmcc20miters-iso-mul3.sanitized.cnf.xz']
Shuffling instances with seed 31
Setting up config
Starting smac
[INFO][abstract_initial_design.py:95] Reducing the number of initial configurations from 390 to 2 (max_ratio == 0.25).
[INFO][abstract_initial_design.py:147] Using 2 initial design configurations and 0 additional configurations.
[INFO][abstract_intensifier.py:306] Using only one seed for deterministic scenario.
---Testing configuration---
Configuration(values={
  'backbone': 1,
  'bump': 1,
  'chrono': 0,
  'congruence': 0,
  'eagersubsume': 3,
  'eliminate': 0,
  'emafast': 959976,
  'extract': 1,
  'factor': 1,
  'fastel': 1,
  'forward': 0,
  'jumpreasons': 1,
  'lucky': 0,
  'minimize': 0,
  'otfs': 1,
  'phase': 1,
  'phasesaving': 1,
  'preprocess': 1,
  'probe': 0,
  'promote': 1,
  'randec': 0,
  'reducehigh': 579,
  'reducelow': 683,
  'reluctant': 1,
  'reorder': 2,
  'rephase': 0,
  'restart': 0,
  'shrink': 1,
  'stable': 1,
  'substitute': 0,
  'sweep': 0,
  'target': 1,
  'tier1': 69,
  'tier1relative': 946,
  'tier2': 646,
  'tier2relative': 105,
  'transitive': 1,
  'vivify': 1,
  'warmup': 0,
})
On 20 instances
Worst case runtime for this iteration is 100000 seconds
Running configuration on file /nfs/home/rzipperer/git/Kissat_hyperparamoptimization/instances/train/278aa933fdef642f33fb02a2b18717c1-lec_mult_DvK_11x10.sanitized.cnf
Solved
Running configuration on file /nfs/home/rzipperer/git/Kissat_hyperparamoptimization/instances/train/38ca761a5808eace8bc8f1fcfdb5b5a8-multiplier_15bits__miter_20.cnf
Timeout
Running configuration on file /nfs/home/rzipperer/git/Kissat_hyperparamoptimization/instances/train/b76fa2f50a42120ec54fa98c29113326-lec_mult_DvK_12x12.sanitized.cnf
Timeout
Running configuration on file /nfs/home/rzipperer/git/Kissat_hyperparamoptimization/instances/train/c214f1eb2576af00e3fb09f7d0305764-64_150.sanitized.cnf
Solved
Running configuration on file /nfs/home/rzipperer/git/Kissat_hyperparamoptimization/instances/train/093fa3ff9f7bc9979c43f9d2310ac21d-128_125.sanitized.cnf
Timeout
Running configuration on file /nfs/home/rzipperer/git/Kissat_hyperparamoptimization/instances/train/385042a6042a0df5ddfec6e17f285ae7-lec_mult_CvD_11x11.sanitized.cnf
Solved
Running configuration on file /nfs/home/rzipperer/git/Kissat_hyperparamoptimization/instances/train/aceab5a3452e2901e645065bda3e8847-lru_8.sanitized.cnf
Solved
Running configuration on file /nfs/home/rzipperer/git/Kissat_hyperparamoptimization/instances/train/2a144840047376cee3b7b99455158976-goldberg03:hard_eq_check:i10mul.miter.used-as.sat04-333.cnf
Timeout
Running configuration on file /nfs/home/rzipperer/git/Kissat_hyperparamoptimization/instances/train/4c54efa61599e33d514bf718ff23ad09-lec_mult_CvK_12x11.sanitized.cnf
Timeout
Running configuration on file /nfs/home/rzipperer/git/Kissat_hyperparamoptimization/instances/train/bb591c6447fb6b4180f6d288eb2ff62a-lec_mult_DvW_11x10.sanitized.cnf
Solved
Running configuration on file /nfs/home/rzipperer/git/Kissat_hyperparamoptimization/instances/train/462d72f9b78ab1cd080667ff12a114ac-lec_mult_CvK_12x12.sanitized.cnf
Timeout
Running configuration on file /nfs/home/rzipperer/git/Kissat_hyperparamoptimization/instances/train/84c6d7e4a18aacf166105aaa3cd6e3de-128_100.sanitized.cnf
Timeout
Running configuration on file /nfs/home/rzipperer/git/Kissat_hyperparamoptimization/instances/train/bdcdb52d16f87ea20f091ca4b0b6a36f-lec_mult_CvK_11x10.sanitized.cnf
Solved
Running configuration on file /nfs/home/rzipperer/git/Kissat_hyperparamoptimization/instances/train/282a02a1743eb47c6b340e52ecce40a2-lru_6.sanitized.cnf
Solved
Running configuration on file /nfs/home/rzipperer/git/Kissat_hyperparamoptimization/instances/train/f0426369f61595aee97055965ee7e6a3-hwmcc12miters-xits-iso-6s111.sanitized.cnf
Timeout
Running configuration on file /nfs/home/rzipperer/git/Kissat_hyperparamoptimization/instances/train/017ba03ed108f492c9293c7c95e5cae9-multiplier_14bits__miter_14.cnf
Timeout
Running configuration on file /nfs/home/rzipperer/git/Kissat_hyperparamoptimization/instances/train/8d4b50ec0cf99097e9ab0835937afee5-hwmcc17miters-xits-iso-6s281b35.sanitized.cnf
Timeout
Running configuration on file /nfs/home/rzipperer/git/Kissat_hyperparamoptimization/instances/train/31bb67fe67e57dbeb8c4819b01892588-hwmcc17miters-xits-iso-oski15a08b08s.sanitized.cnf
Timeout
Running configuration on file /nfs/home/rzipperer/git/Kissat_hyperparamoptimization/instances/train/778e0fd8f034b7cfd539b1b523ed4c4a-lec_mult_CvW_12x12.sanitized.cnf
Timeout
Running configuration on file /nfs/home/rzipperer/git/Kissat_hyperparamoptimization/instances/train/812926407774771b3bd9885f7bfa4841-lru_9.sanitized.cnf
Solved
[INFO][abstract_intensifier.py:516] Added config 36bc04 as new incumbent because there are no incumbents yet.
---Testing configuration---
Configuration(values={
  'backbone': 2,
  'bump': 0,
  'chrono': 1,
  'congruence': 1,
  'eagersubsume': 1,
  'eliminate': 1,
  'emafast': 349118,
  'extract': 0,
  'factor': 0,
  'fastel': 0,
  'forward': 1,
  'jumpreasons': 0,
  'lucky': 1,
  'minimize': 1,
  'otfs': 0,
  'phase': 0,
  'phasesaving': 0,
  'preprocess': 0,
  'probe': 1,
  'promote': 0,
  'randec': 1,
  'reducehigh': 360,
  'reducelow': 283,
  'reluctant': 0,
  'reorder': 1,
  'rephase': 1,
  'restart': 1,
  'shrink': 3,
  'stable': 1,
  'substitute': 1,
  'sweep': 1,
  'target': 1,
  'tier1': 14,
  'tier1relative': 445,
  'tier2': 133,
  'tier2relative': 505,
  'transitive': 0,
  'vivify': 0,
  'warmup': 1,
})
On 20 instances
Worst case runtime for this iteration is 100000 seconds
Running configuration on file /nfs/home/rzipperer/git/Kissat_hyperparamoptimization/instances/train/278aa933fdef642f33fb02a2b18717c1-lec_mult_DvK_11x10.sanitized.cnf
Solved
Running configuration on file /nfs/home/rzipperer/git/Kissat_hyperparamoptimization/instances/train/38ca761a5808eace8bc8f1fcfdb5b5a8-multiplier_15bits__miter_20.cnf
Timeout
Running configuration on file /nfs/home/rzipperer/git/Kissat_hyperparamoptimization/instances/train/b76fa2f50a42120ec54fa98c29113326-lec_mult_DvK_12x12.sanitized.cnf
Timeout
Running configuration on file /nfs/home/rzipperer/git/Kissat_hyperparamoptimization/instances/train/c214f1eb2576af00e3fb09f7d0305764-64_150.sanitized.cnf
Solved
Running configuration on file /nfs/home/rzipperer/git/Kissat_hyperparamoptimization/instances/train/093fa3ff9f7bc9979c43f9d2310ac21d-128_125.sanitized.cnf
Solved
Running configuration on file /nfs/home/rzipperer/git/Kissat_hyperparamoptimization/instances/train/385042a6042a0df5ddfec6e17f285ae7-lec_mult_CvD_11x11.sanitized.cnf
Solved
Running configuration on file /nfs/home/rzipperer/git/Kissat_hyperparamoptimization/instances/train/aceab5a3452e2901e645065bda3e8847-lru_8.sanitized.cnf
Solved
Running configuration on file /nfs/home/rzipperer/git/Kissat_hyperparamoptimization/instances/train/2a144840047376cee3b7b99455158976-goldberg03:hard_eq_check:i10mul.miter.used-as.sat04-333.cnf
Solved
Running configuration on file /nfs/home/rzipperer/git/Kissat_hyperparamoptimization/instances/train/4c54efa61599e33d514bf718ff23ad09-lec_mult_CvK_12x11.sanitized.cnf
Solved
Running configuration on file /nfs/home/rzipperer/git/Kissat_hyperparamoptimization/instances/train/bb591c6447fb6b4180f6d288eb2ff62a-lec_mult_DvW_11x10.sanitized.cnf
Solved
Running configuration on file /nfs/home/rzipperer/git/Kissat_hyperparamoptimization/instances/train/462d72f9b78ab1cd080667ff12a114ac-lec_mult_CvK_12x12.sanitized.cnf
Timeout
Running configuration on file /nfs/home/rzipperer/git/Kissat_hyperparamoptimization/instances/train/84c6d7e4a18aacf166105aaa3cd6e3de-128_100.sanitized.cnf
Solved
Running configuration on file /nfs/home/rzipperer/git/Kissat_hyperparamoptimization/instances/train/bdcdb52d16f87ea20f091ca4b0b6a36f-lec_mult_CvK_11x10.sanitized.cnf
Solved
Running configuration on file /nfs/home/rzipperer/git/Kissat_hyperparamoptimization/instances/train/282a02a1743eb47c6b340e52ecce40a2-lru_6.sanitized.cnf
Solved
Running configuration on file /nfs/home/rzipperer/git/Kissat_hyperparamoptimization/instances/train/f0426369f61595aee97055965ee7e6a3-hwmcc12miters-xits-iso-6s111.sanitized.cnf
Solved
Running configuration on file /nfs/home/rzipperer/git/Kissat_hyperparamoptimization/instances/train/017ba03ed108f492c9293c7c95e5cae9-multiplier_14bits__miter_14.cnf
Timeout
Running configuration on file /nfs/home/rzipperer/git/Kissat_hyperparamoptimization/instances/train/8d4b50ec0cf99097e9ab0835937afee5-hwmcc17miters-xits-iso-6s281b35.sanitized.cnf
Solved
Running configuration on file /nfs/home/rzipperer/git/Kissat_hyperparamoptimization/instances/train/31bb67fe67e57dbeb8c4819b01892588-hwmcc17miters-xits-iso-oski15a08b08s.sanitized.cnf
Solved
Running configuration on file /nfs/home/rzipperer/git/Kissat_hyperparamoptimization/instances/train/778e0fd8f034b7cfd539b1b523ed4c4a-lec_mult_CvW_12x12.sanitized.cnf
Solved
Running configuration on file /nfs/home/rzipperer/git/Kissat_hyperparamoptimization/instances/train/812926407774771b3bd9885f7bfa4841-lru_9.sanitized.cnf
Solved
[INFO][abstract_intensifier.py:595] Added config cf0a0e and rejected config 36bc04 as incumbent because it is not better than the incumbents on 1 instances:
---Testing configuration---
Configuration(values={
  'backbone': 2,
  'bump': 1,
  'chrono': 0,
  'congruence': 1,
  'eagersubsume': 0,
  'eliminate': 1,
  'emafast': 710467,
  'extract': 1,
  'factor': 0,
  'fastel': 0,
  'forward': 1,
  'jumpreasons': 0,
  'lucky': 1,
  'minimize': 0,
  'otfs': 1,
  'phase': 1,
  'phasesaving': 0,
  'preprocess': 0,
  'probe': 1,
  'promote': 1,
  'randec': 0,
  'reducehigh': 21,
  'reducelow': 502,
  'reluctant': 1,
  'reorder': 0,
  'rephase': 1,
  'restart': 0,
  'shrink': 3,
  'stable': 1,
  'substitute': 0,
  'sweep': 1,
  'target': 1,
  'tier1': 48,
  'tier1relative': 584,
  'tier2': 515,
  'tier2relative': 428,
  'transitive': 0,
  'vivify': 1,
  'warmup': 1,
})
On 20 instances
Worst case runtime for this iteration is 100000 seconds
Running configuration on file /nfs/home/rzipperer/git/Kissat_hyperparamoptimization/instances/train/278aa933fdef642f33fb02a2b18717c1-lec_mult_DvK_11x10.sanitized.cnf
Solved
Running configuration on file /nfs/home/rzipperer/git/Kissat_hyperparamoptimization/instances/train/38ca761a5808eace8bc8f1fcfdb5b5a8-multiplier_15bits__miter_20.cnf
Timeout
Running configuration on file /nfs/home/rzipperer/git/Kissat_hyperparamoptimization/instances/train/b76fa2f50a42120ec54fa98c29113326-lec_mult_DvK_12x12.sanitized.cnf
Timeout
Running configuration on file /nfs/home/rzipperer/git/Kissat_hyperparamoptimization/instances/train/c214f1eb2576af00e3fb09f7d0305764-64_150.sanitized.cnf
Solved
Running configuration on file /nfs/home/rzipperer/git/Kissat_hyperparamoptimization/instances/train/093fa3ff9f7bc9979c43f9d2310ac21d-128_125.sanitized.cnf
Solved
Running configuration on file /nfs/home/rzipperer/git/Kissat_hyperparamoptimization/instances/train/385042a6042a0df5ddfec6e17f285ae7-lec_mult_CvD_11x11.sanitized.cnf
Solved
Running configuration on file /nfs/home/rzipperer/git/Kissat_hyperparamoptimization/instances/train/aceab5a3452e2901e645065bda3e8847-lru_8.sanitized.cnf
Solved
Running configuration on file /nfs/home/rzipperer/git/Kissat_hyperparamoptimization/instances/train/2a144840047376cee3b7b99455158976-goldberg03:hard_eq_check:i10mul.miter.used-as.sat04-333.cnf
Solved
Running configuration on file /nfs/home/rzipperer/git/Kissat_hyperparamoptimization/instances/train/4c54efa61599e33d514bf718ff23ad09-lec_mult_CvK_12x11.sanitized.cnf
Solved
Running configuration on file /nfs/home/rzipperer/git/Kissat_hyperparamoptimization/instances/train/bb591c6447fb6b4180f6d288eb2ff62a-lec_mult_DvW_11x10.sanitized.cnf
Solved
Running configuration on file /nfs/home/rzipperer/git/Kissat_hyperparamoptimization/instances/train/462d72f9b78ab1cd080667ff12a114ac-lec_mult_CvK_12x12.sanitized.cnf
Timeout
Running configuration on file /nfs/home/rzipperer/git/Kissat_hyperparamoptimization/instances/train/84c6d7e4a18aacf166105aaa3cd6e3de-128_100.sanitized.cnf
Solved
Running configuration on file /nfs/home/rzipperer/git/Kissat_hyperparamoptimization/instances/train/bdcdb52d16f87ea20f091ca4b0b6a36f-lec_mult_CvK_11x10.sanitized.cnf
Solved
Running configuration on file /nfs/home/rzipperer/git/Kissat_hyperparamoptimization/instances/train/282a02a1743eb47c6b340e52ecce40a2-lru_6.sanitized.cnf
Solved
Running configuration on file /nfs/home/rzipperer/git/Kissat_hyperparamoptimization/instances/train/f0426369f61595aee97055965ee7e6a3-hwmcc12miters-xits-iso-6s111.sanitized.cnf
Timeout
Running configuration on file /nfs/home/rzipperer/git/Kissat_hyperparamoptimization/instances/train/017ba03ed108f492c9293c7c95e5cae9-multiplier_14bits__miter_14.cnf
Solved
Running configuration on file /nfs/home/rzipperer/git/Kissat_hyperparamoptimization/instances/train/8d4b50ec0cf99097e9ab0835937afee5-hwmcc17miters-xits-iso-6s281b35.sanitized.cnf
Solved
Running configuration on file /nfs/home/rzipperer/git/Kissat_hyperparamoptimization/instances/train/31bb67fe67e57dbeb8c4819b01892588-hwmcc17miters-xits-iso-oski15a08b08s.sanitized.cnf
Solved
Running configuration on file /nfs/home/rzipperer/git/Kissat_hyperparamoptimization/instances/train/778e0fd8f034b7cfd539b1b523ed4c4a-lec_mult_CvW_12x12.sanitized.cnf
Solved
Running configuration on file /nfs/home/rzipperer/git/Kissat_hyperparamoptimization/instances/train/812926407774771b3bd9885f7bfa4841-lru_9.sanitized.cnf
Solved
---Testing configuration---
Configuration(values={
  'backbone': 2,
  'bump': 1,
  'chrono': 0,
  'congruence': 0,
  'eagersubsume': 0,
  'eliminate': 1,
  'emafast': 607359,
  'extract': 1,
  'factor': 1,
  'fastel': 1,
  'forward': 1,
  'jumpreasons': 0,
  'lucky': 0,
  'minimize': 1,
  'otfs': 1,
  'phase': 1,
  'phasesaving': 0,
  'preprocess': 0,
  'probe': 1,
  'promote': 1,
  'randec': 1,
  'reducehigh': 17,
  'reducelow': 39,
  'reluctant': 0,
  'reorder': 0,
  'rephase': 1,
  'restart': 1,
  'shrink': 3,
  'stable': 1,
  'substitute': 0,
  'sweep': 0,
  'target': 2,
  'tier1': 88,
  'tier1relative': 394,
  'tier2': 505,
  'tier2relative': 707,
  'transitive': 0,
  'vivify': 1,
  'warmup': 0,
})
On 20 instances
Worst case runtime for this iteration is 100000 seconds
Running configuration on file /nfs/home/rzipperer/git/Kissat_hyperparamoptimization/instances/train/278aa933fdef642f33fb02a2b18717c1-lec_mult_DvK_11x10.sanitized.cnf
Solved
Running configuration on file /nfs/home/rzipperer/git/Kissat_hyperparamoptimization/instances/train/38ca761a5808eace8bc8f1fcfdb5b5a8-multiplier_15bits__miter_20.cnf
Timeout
Running configuration on file /nfs/home/rzipperer/git/Kissat_hyperparamoptimization/instances/train/b76fa2f50a42120ec54fa98c29113326-lec_mult_DvK_12x12.sanitized.cnf
Timeout
Running configuration on file /nfs/home/rzipperer/git/Kissat_hyperparamoptimization/instances/train/c214f1eb2576af00e3fb09f7d0305764-64_150.sanitized.cnf
Solved
Running configuration on file /nfs/home/rzipperer/git/Kissat_hyperparamoptimization/instances/train/093fa3ff9f7bc9979c43f9d2310ac21d-128_125.sanitized.cnf
Solved
Running configuration on file /nfs/home/rzipperer/git/Kissat_hyperparamoptimization/instances/train/385042a6042a0df5ddfec6e17f285ae7-lec_mult_CvD_11x11.sanitized.cnf
Solved
Running configuration on file /nfs/home/rzipperer/git/Kissat_hyperparamoptimization/instances/train/aceab5a3452e2901e645065bda3e8847-lru_8.sanitized.cnf
Solved
Running configuration on file /nfs/home/rzipperer/git/Kissat_hyperparamoptimization/instances/train/2a144840047376cee3b7b99455158976-goldberg03:hard_eq_check:i10mul.miter.used-as.sat04-333.cnf
Solved
Running configuration on file /nfs/home/rzipperer/git/Kissat_hyperparamoptimization/instances/train/4c54efa61599e33d514bf718ff23ad09-lec_mult_CvK_12x11.sanitized.cnf
Solved
Running configuration on file /nfs/home/rzipperer/git/Kissat_hyperparamoptimization/instances/train/bb591c6447fb6b4180f6d288eb2ff62a-lec_mult_DvW_11x10.sanitized.cnf
Solved
Running configuration on file /nfs/home/rzipperer/git/Kissat_hyperparamoptimization/instances/train/462d72f9b78ab1cd080667ff12a114ac-lec_mult_CvK_12x12.sanitized.cnf
Timeout
Running configuration on file /nfs/home/rzipperer/git/Kissat_hyperparamoptimization/instances/train/84c6d7e4a18aacf166105aaa3cd6e3de-128_100.sanitized.cnf
Solved
Running configuration on file /nfs/home/rzipperer/git/Kissat_hyperparamoptimization/instances/train/bdcdb52d16f87ea20f091ca4b0b6a36f-lec_mult_CvK_11x10.sanitized.cnf
Solved
Running configuration on file /nfs/home/rzipperer/git/Kissat_hyperparamoptimization/instances/train/282a02a1743eb47c6b340e52ecce40a2-lru_6.sanitized.cnf
Solved
Running configuration on file /nfs/home/rzipperer/git/Kissat_hyperparamoptimization/instances/train/f0426369f61595aee97055965ee7e6a3-hwmcc12miters-xits-iso-6s111.sanitized.cnf
Timeout
Running configuration on file /nfs/home/rzipperer/git/Kissat_hyperparamoptimization/instances/train/017ba03ed108f492c9293c7c95e5cae9-multiplier_14bits__miter_14.cnf
Timeout
Running configuration on file /nfs/home/rzipperer/git/Kissat_hyperparamoptimization/instances/train/8d4b50ec0cf99097e9ab0835937afee5-hwmcc17miters-xits-iso-6s281b35.sanitized.cnf
Timeout
Running configuration on file /nfs/home/rzipperer/git/Kissat_hyperparamoptimization/instances/train/31bb67fe67e57dbeb8c4819b01892588-hwmcc17miters-xits-iso-oski15a08b08s.sanitized.cnf
Timeout
Running configuration on file /nfs/home/rzipperer/git/Kissat_hyperparamoptimization/instances/train/778e0fd8f034b7cfd539b1b523ed4c4a-lec_mult_CvW_12x12.sanitized.cnf
Timeout
Running configuration on file /nfs/home/rzipperer/git/Kissat_hyperparamoptimization/instances/train/812926407774771b3bd9885f7bfa4841-lru_9.sanitized.cnf
Solved
---Testing configuration---
Configuration(values={
  'backbone': 2,
  'bump': 0,
  'chrono': 1,
  'congruence': 0,
  'eagersubsume': 0,
  'eliminate': 1,
  'emafast': 894425,
  'extract': 0,
  'factor': 1,
  'fastel': 1,
  'forward': 1,
  'jumpreasons': 0,
  'lucky': 1,
  'minimize': 0,
  'otfs': 0,
  'phase': 0,
  'phasesaving': 1,
  'preprocess': 0,
  'probe': 1,
  'promote': 0,
  'randec': 0,
  'reducehigh': 461,
  'reducelow': 49,
  'reluctant': 1,
  'reorder': 0,
  'rephase': 0,
  'restart': 0,
  'shrink': 3,
  'stable': 0,
  'substitute': 0,
  'sweep': 0,
  'target': 1,
  'tier1': 60,
  'tier1relative': 630,
  'tier2': 919,
  'tier2relative': 509,
  'transitive': 0,
  'vivify': 1,
  'warmup': 0,
})
On 20 instances
Worst case runtime for this iteration is 100000 seconds
Running configuration on file /nfs/home/rzipperer/git/Kissat_hyperparamoptimization/instances/train/278aa933fdef642f33fb02a2b18717c1-lec_mult_DvK_11x10.sanitized.cnf
Timeout
Running configuration on file /nfs/home/rzipperer/git/Kissat_hyperparamoptimization/instances/train/38ca761a5808eace8bc8f1fcfdb5b5a8-multiplier_15bits__miter_20.cnf
Timeout
Running configuration on file /nfs/home/rzipperer/git/Kissat_hyperparamoptimization/instances/train/b76fa2f50a42120ec54fa98c29113326-lec_mult_DvK_12x12.sanitized.cnf
Timeout
Running configuration on file /nfs/home/rzipperer/git/Kissat_hyperparamoptimization/instances/train/c214f1eb2576af00e3fb09f7d0305764-64_150.sanitized.cnf
Solved
Running configuration on file /nfs/home/rzipperer/git/Kissat_hyperparamoptimization/instances/train/093fa3ff9f7bc9979c43f9d2310ac21d-128_125.sanitized.cnf
Solved
Running configuration on file /nfs/home/rzipperer/git/Kissat_hyperparamoptimization/instances/train/385042a6042a0df5ddfec6e17f285ae7-lec_mult_CvD_11x11.sanitized.cnf
Timeout
Running configuration on file /nfs/home/rzipperer/git/Kissat_hyperparamoptimization/instances/train/aceab5a3452e2901e645065bda3e8847-lru_8.sanitized.cnf
Solved
Running configuration on file /nfs/home/rzipperer/git/Kissat_hyperparamoptimization/instances/train/2a144840047376cee3b7b99455158976-goldberg03:hard_eq_check:i10mul.miter.used-as.sat04-333.cnf
Timeout
Running configuration on file /nfs/home/rzipperer/git/Kissat_hyperparamoptimization/instances/train/4c54efa61599e33d514bf718ff23ad09-lec_mult_CvK_12x11.sanitized.cnf
Timeout
Running configuration on file /nfs/home/rzipperer/git/Kissat_hyperparamoptimization/instances/train/bb591c6447fb6b4180f6d288eb2ff62a-lec_mult_DvW_11x10.sanitized.cnf
Timeout
Running configuration on file /nfs/home/rzipperer/git/Kissat_hyperparamoptimization/instances/train/462d72f9b78ab1cd080667ff12a114ac-lec_mult_CvK_12x12.sanitized.cnf
Timeout
Running configuration on file /nfs/home/rzipperer/git/Kissat_hyperparamoptimization/instances/train/84c6d7e4a18aacf166105aaa3cd6e3de-128_100.sanitized.cnf
Solved
Running configuration on file /nfs/home/rzipperer/git/Kissat_hyperparamoptimization/instances/train/bdcdb52d16f87ea20f091ca4b0b6a36f-lec_mult_CvK_11x10.sanitized.cnf
Timeout
Running configuration on file /nfs/home/rzipperer/git/Kissat_hyperparamoptimization/instances/train/282a02a1743eb47c6b340e52ecce40a2-lru_6.sanitized.cnf
Solved
Running configuration on file /nfs/home/rzipperer/git/Kissat_hyperparamoptimization/instances/train/f0426369f61595aee97055965ee7e6a3-hwmcc12miters-xits-iso-6s111.sanitized.cnf
Timeout
Running configuration on file /nfs/home/rzipperer/git/Kissat_hyperparamoptimization/instances/train/017ba03ed108f492c9293c7c95e5cae9-multiplier_14bits__miter_14.cnf
Timeout
Running configuration on file /nfs/home/rzipperer/git/Kissat_hyperparamoptimization/instances/train/8d4b50ec0cf99097e9ab0835937afee5-hwmcc17miters-xits-iso-6s281b35.sanitized.cnf
Timeout
Running configuration on file /nfs/home/rzipperer/git/Kissat_hyperparamoptimization/instances/train/31bb67fe67e57dbeb8c4819b01892588-hwmcc17miters-xits-iso-oski15a08b08s.sanitized.cnf
Timeout
Running configuration on file /nfs/home/rzipperer/git/Kissat_hyperparamoptimization/instances/train/778e0fd8f034b7cfd539b1b523ed4c4a-lec_mult_CvW_12x12.sanitized.cnf
Timeout
Running configuration on file /nfs/home/rzipperer/git/Kissat_hyperparamoptimization/instances/train/812926407774771b3bd9885f7bfa4841-lru_9.sanitized.cnf
Solved
---Testing configuration---
Configuration(values={
  'backbone': 2,
  'bump': 0,
  'chrono': 1,
  'congruence': 0,
  'eagersubsume': 3,
  'eliminate': 1,
  'emafast': 160126,
  'extract': 0,
  'factor': 0,
  'fastel': 1,
  'forward': 1,
  'jumpreasons': 1,
  'lucky': 1,
  'minimize': 0,
  'otfs': 1,
  'phase': 1,
  'phasesaving': 1,
  'preprocess': 0,
  'probe': 1,
  'promote': 1,
  'randec': 1,
  'reducehigh': 127,
  'reducelow': 812,
  'reluctant': 0,
  'reorder': 2,
  'rephase': 1,
  'restart': 0,
  'shrink': 3,
  'stable': 0,
  'substitute': 1,
  'sweep': 1,
  'target': 2,
  'tier1': 49,
  'tier1relative': 377,
  'tier2': 266,
  'tier2relative': 394,
  'transitive': 1,
  'vivify': 1,
  'warmup': 1,
})
On 20 instances
Worst case runtime for this iteration is 100000 seconds
Running configuration on file /nfs/home/rzipperer/git/Kissat_hyperparamoptimization/instances/train/278aa933fdef642f33fb02a2b18717c1-lec_mult_DvK_11x10.sanitized.cnf
Solved
Running configuration on file /nfs/home/rzipperer/git/Kissat_hyperparamoptimization/instances/train/38ca761a5808eace8bc8f1fcfdb5b5a8-multiplier_15bits__miter_20.cnf
Timeout
Running configuration on file /nfs/home/rzipperer/git/Kissat_hyperparamoptimization/instances/train/b76fa2f50a42120ec54fa98c29113326-lec_mult_DvK_12x12.sanitized.cnf
Timeout
Running configuration on file /nfs/home/rzipperer/git/Kissat_hyperparamoptimization/instances/train/c214f1eb2576af00e3fb09f7d0305764-64_150.sanitized.cnf
Solved
Running configuration on file /nfs/home/rzipperer/git/Kissat_hyperparamoptimization/instances/train/093fa3ff9f7bc9979c43f9d2310ac21d-128_125.sanitized.cnf
Solved
Running configuration on file /nfs/home/rzipperer/git/Kissat_hyperparamoptimization/instances/train/385042a6042a0df5ddfec6e17f285ae7-lec_mult_CvD_11x11.sanitized.cnf
Solved
Running configuration on file /nfs/home/rzipperer/git/Kissat_hyperparamoptimization/instances/train/aceab5a3452e2901e645065bda3e8847-lru_8.sanitized.cnf
Solved
Running configuration on file /nfs/home/rzipperer/git/Kissat_hyperparamoptimization/instances/train/2a144840047376cee3b7b99455158976-goldberg03:hard_eq_check:i10mul.miter.used-as.sat04-333.cnf
Solved
Running configuration on file /nfs/home/rzipperer/git/Kissat_hyperparamoptimization/instances/train/4c54efa61599e33d514bf718ff23ad09-lec_mult_CvK_12x11.sanitized.cnf
Timeout
Running configuration on file /nfs/home/rzipperer/git/Kissat_hyperparamoptimization/instances/train/bb591c6447fb6b4180f6d288eb2ff62a-lec_mult_DvW_11x10.sanitized.cnf
Solved
Running configuration on file /nfs/home/rzipperer/git/Kissat_hyperparamoptimization/instances/train/462d72f9b78ab1cd080667ff12a114ac-lec_mult_CvK_12x12.sanitized.cnf
Timeout
Running configuration on file /nfs/home/rzipperer/git/Kissat_hyperparamoptimization/instances/train/84c6d7e4a18aacf166105aaa3cd6e3de-128_100.sanitized.cnf
Solved
Running configuration on file /nfs/home/rzipperer/git/Kissat_hyperparamoptimization/instances/train/bdcdb52d16f87ea20f091ca4b0b6a36f-lec_mult_CvK_11x10.sanitized.cnf
Solved
Running configuration on file /nfs/home/rzipperer/git/Kissat_hyperparamoptimization/instances/train/282a02a1743eb47c6b340e52ecce40a2-lru_6.sanitized.cnf
Solved
Running configuration on file /nfs/home/rzipperer/git/Kissat_hyperparamoptimization/instances/train/f0426369f61595aee97055965ee7e6a3-hwmcc12miters-xits-iso-6s111.sanitized.cnf
Timeout
Running configuration on file /nfs/home/rzipperer/git/Kissat_hyperparamoptimization/instances/train/017ba03ed108f492c9293c7c95e5cae9-multiplier_14bits__miter_14.cnf
Timeout
Running configuration on file /nfs/home/rzipperer/git/Kissat_hyperparamoptimization/instances/train/8d4b50ec0cf99097e9ab0835937afee5-hwmcc17miters-xits-iso-6s281b35.sanitized.cnf
Timeout
Running configuration on file /nfs/home/rzipperer/git/Kissat_hyperparamoptimization/instances/train/31bb67fe67e57dbeb8c4819b01892588-hwmcc17miters-xits-iso-oski15a08b08s.sanitized.cnf
Timeout
Running configuration on file /nfs/home/rzipperer/git/Kissat_hyperparamoptimization/instances/train/778e0fd8f034b7cfd539b1b523ed4c4a-lec_mult_CvW_12x12.sanitized.cnf
Solved
Running configuration on file /nfs/home/rzipperer/git/Kissat_hyperparamoptimization/instances/train/812926407774771b3bd9885f7bfa4841-lru_9.sanitized.cnf
Solved
---Testing configuration---
Configuration(values={
  'backbone': 2,
  'bump': 1,
  'chrono': 0,
  'congruence': 1,
  'eagersubsume': 1,
  'eliminate': 1,
  'emafast': 61895,
  'extract': 1,
  'factor': 0,
  'fastel': 1,
  'forward': 1,
  'jumpreasons': 0,
  'lucky': 0,
  'minimize': 0,
  'otfs': 0,
  'phase': 1,
  'phasesaving': 0,
  'preprocess': 0,
  'probe': 1,
  'promote': 1,
  'randec': 1,
  'reducehigh': 765,
  'reducelow': 378,
  'reluctant': 1,
  'reorder': 0,
  'rephase': 1,
  'restart': 1,
  'shrink': 3,
  'stable': 2,
  'substitute': 1,
  'sweep': 1,
  'target': 1,
  'tier1': 43,
  'tier1relative': 955,
  'tier2': 462,
  'tier2relative': 101,
  'transitive': 1,
  'vivify': 0,
  'warmup': 1,
})
On 20 instances
Worst case runtime for this iteration is 100000 seconds
Running configuration on file /nfs/home/rzipperer/git/Kissat_hyperparamoptimization/instances/train/278aa933fdef642f33fb02a2b18717c1-lec_mult_DvK_11x10.sanitized.cnf
Solved
Running configuration on file /nfs/home/rzipperer/git/Kissat_hyperparamoptimization/instances/train/38ca761a5808eace8bc8f1fcfdb5b5a8-multiplier_15bits__miter_20.cnf
Timeout
Running configuration on file /nfs/home/rzipperer/git/Kissat_hyperparamoptimization/instances/train/b76fa2f50a42120ec54fa98c29113326-lec_mult_DvK_12x12.sanitized.cnf
Timeout
Running configuration on file /nfs/home/rzipperer/git/Kissat_hyperparamoptimization/instances/train/c214f1eb2576af00e3fb09f7d0305764-64_150.sanitized.cnf
Solved
Running configuration on file /nfs/home/rzipperer/git/Kissat_hyperparamoptimization/instances/train/093fa3ff9f7bc9979c43f9d2310ac21d-128_125.sanitized.cnf
Solved
Running configuration on file /nfs/home/rzipperer/git/Kissat_hyperparamoptimization/instances/train/385042a6042a0df5ddfec6e17f285ae7-lec_mult_CvD_11x11.sanitized.cnf
Solved
Running configuration on file /nfs/home/rzipperer/git/Kissat_hyperparamoptimization/instances/train/aceab5a3452e2901e645065bda3e8847-lru_8.sanitized.cnf
Solved
Running configuration on file /nfs/home/rzipperer/git/Kissat_hyperparamoptimization/instances/train/2a144840047376cee3b7b99455158976-goldberg03:hard_eq_check:i10mul.miter.used-as.sat04-333.cnf
Solved
Running configuration on file /nfs/home/rzipperer/git/Kissat_hyperparamoptimization/instances/train/4c54efa61599e33d514bf718ff23ad09-lec_mult_CvK_12x11.sanitized.cnf
Timeout
Running configuration on file /nfs/home/rzipperer/git/Kissat_hyperparamoptimization/instances/train/bb591c6447fb6b4180f6d288eb2ff62a-lec_mult_DvW_11x10.sanitized.cnf
Solved
Running configuration on file /nfs/home/rzipperer/git/Kissat_hyperparamoptimization/instances/train/462d72f9b78ab1cd080667ff12a114ac-lec_mult_CvK_12x12.sanitized.cnf
Timeout
Running configuration on file /nfs/home/rzipperer/git/Kissat_hyperparamoptimization/instances/train/84c6d7e4a18aacf166105aaa3cd6e3de-128_100.sanitized.cnf
Solved
Running configuration on file /nfs/home/rzipperer/git/Kissat_hyperparamoptimization/instances/train/bdcdb52d16f87ea20f091ca4b0b6a36f-lec_mult_CvK_11x10.sanitized.cnf
Solved
Running configuration on file /nfs/home/rzipperer/git/Kissat_hyperparamoptimization/instances/train/282a02a1743eb47c6b340e52ecce40a2-lru_6.sanitized.cnf
Solved
Running configuration on file /nfs/home/rzipperer/git/Kissat_hyperparamoptimization/instances/train/f0426369f61595aee97055965ee7e6a3-hwmcc12miters-xits-iso-6s111.sanitized.cnf
Solved
Running configuration on file /nfs/home/rzipperer/git/Kissat_hyperparamoptimization/instances/train/017ba03ed108f492c9293c7c95e5cae9-multiplier_14bits__miter_14.cnf
Timeout
Running configuration on file /nfs/home/rzipperer/git/Kissat_hyperparamoptimization/instances/train/8d4b50ec0cf99097e9ab0835937afee5-hwmcc17miters-xits-iso-6s281b35.sanitized.cnf
Solved
Running configuration on file /nfs/home/rzipperer/git/Kissat_hyperparamoptimization/instances/train/31bb67fe67e57dbeb8c4819b01892588-hwmcc17miters-xits-iso-oski15a08b08s.sanitized.cnf
Solved
Running configuration on file /nfs/home/rzipperer/git/Kissat_hyperparamoptimization/instances/train/778e0fd8f034b7cfd539b1b523ed4c4a-lec_mult_CvW_12x12.sanitized.cnf
Timeout
Running configuration on file /nfs/home/rzipperer/git/Kissat_hyperparamoptimization/instances/train/812926407774771b3bd9885f7bfa4841-lru_9.sanitized.cnf
Solved
---Testing configuration---
Configuration(values={
  'backbone': 2,
  'bump': 1,
  'chrono': 0,
  'congruence': 1,
  'eagersubsume': 4,
  'eliminate': 0,
  'emafast': 119198,
  'extract': 0,
  'factor': 0,
  'fastel': 1,
  'forward': 1,
  'jumpreasons': 1,
  'lucky': 1,
  'minimize': 1,
  'otfs': 1,
  'phase': 1,
  'phasesaving': 1,
  'preprocess': 0,
  'probe': 1,
  'promote': 0,
  'randec': 1,
  'reducehigh': 913,
  'reducelow': 699,
  'reluctant': 0,
  'reorder': 2,
  'rephase': 0,
  'restart': 0,
  'shrink': 3,
  'stable': 0,
  'substitute': 1,
  'sweep': 0,
  'target': 1,
  'tier1': 14,
  'tier1relative': 470,
  'tier2': 334,
  'tier2relative': 434,
  'transitive': 0,
  'vivify': 1,
  'warmup': 0,
})
On 20 instances
Worst case runtime for this iteration is 100000 seconds
Running configuration on file /nfs/home/rzipperer/git/Kissat_hyperparamoptimization/instances/train/278aa933fdef642f33fb02a2b18717c1-lec_mult_DvK_11x10.sanitized.cnf
Solved
Running configuration on file /nfs/home/rzipperer/git/Kissat_hyperparamoptimization/instances/train/38ca761a5808eace8bc8f1fcfdb5b5a8-multiplier_15bits__miter_20.cnf
Timeout
Running configuration on file /nfs/home/rzipperer/git/Kissat_hyperparamoptimization/instances/train/b76fa2f50a42120ec54fa98c29113326-lec_mult_DvK_12x12.sanitized.cnf
Timeout
Running configuration on file /nfs/home/rzipperer/git/Kissat_hyperparamoptimization/instances/train/c214f1eb2576af00e3fb09f7d0305764-64_150.sanitized.cnf
Solved
Running configuration on file /nfs/home/rzipperer/git/Kissat_hyperparamoptimization/instances/train/093fa3ff9f7bc9979c43f9d2310ac21d-128_125.sanitized.cnf
Solved
Running configuration on file /nfs/home/rzipperer/git/Kissat_hyperparamoptimization/instances/train/385042a6042a0df5ddfec6e17f285ae7-lec_mult_CvD_11x11.sanitized.cnf
Solved
Running configuration on file /nfs/home/rzipperer/git/Kissat_hyperparamoptimization/instances/train/aceab5a3452e2901e645065bda3e8847-lru_8.sanitized.cnf
Solved
Running configuration on file /nfs/home/rzipperer/git/Kissat_hyperparamoptimization/instances/train/2a144840047376cee3b7b99455158976-goldberg03:hard_eq_check:i10mul.miter.used-as.sat04-333.cnf
Solved
Running configuration on file /nfs/home/rzipperer/git/Kissat_hyperparamoptimization/instances/train/4c54efa61599e33d514bf718ff23ad09-lec_mult_CvK_12x11.sanitized.cnf
Timeout
Running configuration on file /nfs/home/rzipperer/git/Kissat_hyperparamoptimization/instances/train/bb591c6447fb6b4180f6d288eb2ff62a-lec_mult_DvW_11x10.sanitized.cnf
Solved
Running configuration on file /nfs/home/rzipperer/git/Kissat_hyperparamoptimization/instances/train/462d72f9b78ab1cd080667ff12a114ac-lec_mult_CvK_12x12.sanitized.cnf
Timeout
Running configuration on file /nfs/home/rzipperer/git/Kissat_hyperparamoptimization/instances/train/84c6d7e4a18aacf166105aaa3cd6e3de-128_100.sanitized.cnf
Solved
Running configuration on file /nfs/home/rzipperer/git/Kissat_hyperparamoptimization/instances/train/bdcdb52d16f87ea20f091ca4b0b6a36f-lec_mult_CvK_11x10.sanitized.cnf
Solved
Running configuration on file /nfs/home/rzipperer/git/Kissat_hyperparamoptimization/instances/train/282a02a1743eb47c6b340e52ecce40a2-lru_6.sanitized.cnf
Solved
Running configuration on file /nfs/home/rzipperer/git/Kissat_hyperparamoptimization/instances/train/f0426369f61595aee97055965ee7e6a3-hwmcc12miters-xits-iso-6s111.sanitized.cnf
Solved
Running configuration on file /nfs/home/rzipperer/git/Kissat_hyperparamoptimization/instances/train/017ba03ed108f492c9293c7c95e5cae9-multiplier_14bits__miter_14.cnf
Timeout
Running configuration on file /nfs/home/rzipperer/git/Kissat_hyperparamoptimization/instances/train/8d4b50ec0cf99097e9ab0835937afee5-hwmcc17miters-xits-iso-6s281b35.sanitized.cnf
Solved
Running configuration on file /nfs/home/rzipperer/git/Kissat_hyperparamoptimization/instances/train/31bb67fe67e57dbeb8c4819b01892588-hwmcc17miters-xits-iso-oski15a08b08s.sanitized.cnf
Solved
Running configuration on file /nfs/home/rzipperer/git/Kissat_hyperparamoptimization/instances/train/778e0fd8f034b7cfd539b1b523ed4c4a-lec_mult_CvW_12x12.sanitized.cnf
Timeout
Running configuration on file /nfs/home/rzipperer/git/Kissat_hyperparamoptimization/instances/train/812926407774771b3bd9885f7bfa4841-lru_9.sanitized.cnf
Solved
---Testing configuration---
Configuration(values={
  'backbone': 2,
  'bump': 1,
  'chrono': 1,
  'congruence': 0,
  'eagersubsume': 1,
  'eliminate': 0,
  'emafast': 438789,
  'extract': 1,
  'factor': 1,
  'fastel': 1,
  'forward': 1,
  'jumpreasons': 0,
  'lucky': 1,
  'minimize': 1,
  'otfs': 0,
  'phase': 1,
  'phasesaving': 0,
  'preprocess': 0,
  'probe': 1,
  'promote': 1,
  'randec': 0,
  'reducehigh': 51,
  'reducelow': 47,
  'reluctant': 0,
  'reorder': 2,
  'rephase': 0,
  'restart': 0,
  'shrink': 3,
  'stable': 0,
  'substitute': 0,
  'sweep': 1,
  'target': 0,
  'tier1': 5,
  'tier1relative': 31,
  'tier2': 8,
  'tier2relative': 706,
  'transitive': 1,
  'vivify': 1,
  'warmup': 1,
})
On 20 instances
Worst case runtime for this iteration is 100000 seconds
Running configuration on file /nfs/home/rzipperer/git/Kissat_hyperparamoptimization/instances/train/278aa933fdef642f33fb02a2b18717c1-lec_mult_DvK_11x10.sanitized.cnf
Solved
Running configuration on file /nfs/home/rzipperer/git/Kissat_hyperparamoptimization/instances/train/38ca761a5808eace8bc8f1fcfdb5b5a8-multiplier_15bits__miter_20.cnf
Timeout
Running configuration on file /nfs/home/rzipperer/git/Kissat_hyperparamoptimization/instances/train/b76fa2f50a42120ec54fa98c29113326-lec_mult_DvK_12x12.sanitized.cnf
Timeout
Running configuration on file /nfs/home/rzipperer/git/Kissat_hyperparamoptimization/instances/train/c214f1eb2576af00e3fb09f7d0305764-64_150.sanitized.cnf
Solved
Running configuration on file /nfs/home/rzipperer/git/Kissat_hyperparamoptimization/instances/train/093fa3ff9f7bc9979c43f9d2310ac21d-128_125.sanitized.cnf
Timeout
Running configuration on file /nfs/home/rzipperer/git/Kissat_hyperparamoptimization/instances/train/385042a6042a0df5ddfec6e17f285ae7-lec_mult_CvD_11x11.sanitized.cnf
Solved
Running configuration on file /nfs/home/rzipperer/git/Kissat_hyperparamoptimization/instances/train/aceab5a3452e2901e645065bda3e8847-lru_8.sanitized.cnf
Solved
Running configuration on file /nfs/home/rzipperer/git/Kissat_hyperparamoptimization/instances/train/2a144840047376cee3b7b99455158976-goldberg03:hard_eq_check:i10mul.miter.used-as.sat04-333.cnf
Solved
Running configuration on file /nfs/home/rzipperer/git/Kissat_hyperparamoptimization/instances/train/4c54efa61599e33d514bf718ff23ad09-lec_mult_CvK_12x11.sanitized.cnf
Solved
Running configuration on file /nfs/home/rzipperer/git/Kissat_hyperparamoptimization/instances/train/bb591c6447fb6b4180f6d288eb2ff62a-lec_mult_DvW_11x10.sanitized.cnf
Solved
Running configuration on file /nfs/home/rzipperer/git/Kissat_hyperparamoptimization/instances/train/462d72f9b78ab1cd080667ff12a114ac-lec_mult_CvK_12x12.sanitized.cnf
Timeout
Running configuration on file /nfs/home/rzipperer/git/Kissat_hyperparamoptimization/instances/train/84c6d7e4a18aacf166105aaa3cd6e3de-128_100.sanitized.cnf
Timeout
Running configuration on file /nfs/home/rzipperer/git/Kissat_hyperparamoptimization/instances/train/bdcdb52d16f87ea20f091ca4b0b6a36f-lec_mult_CvK_11x10.sanitized.cnf
Solved
Running configuration on file /nfs/home/rzipperer/git/Kissat_hyperparamoptimization/instances/train/282a02a1743eb47c6b340e52ecce40a2-lru_6.sanitized.cnf
Solved
Running configuration on file /nfs/home/rzipperer/git/Kissat_hyperparamoptimization/instances/train/f0426369f61595aee97055965ee7e6a3-hwmcc12miters-xits-iso-6s111.sanitized.cnf
Timeout
Running configuration on file /nfs/home/rzipperer/git/Kissat_hyperparamoptimization/instances/train/017ba03ed108f492c9293c7c95e5cae9-multiplier_14bits__miter_14.cnf
Timeout
Running configuration on file /nfs/home/rzipperer/git/Kissat_hyperparamoptimization/instances/train/8d4b50ec0cf99097e9ab0835937afee5-hwmcc17miters-xits-iso-6s281b35.sanitized.cnf
Timeout
Running configuration on file /nfs/home/rzipperer/git/Kissat_hyperparamoptimization/instances/train/31bb67fe67e57dbeb8c4819b01892588-hwmcc17miters-xits-iso-oski15a08b08s.sanitized.cnf
Solved
Running configuration on file /nfs/home/rzipperer/git/Kissat_hyperparamoptimization/instances/train/778e0fd8f034b7cfd539b1b523ed4c4a-lec_mult_CvW_12x12.sanitized.cnf
Timeout
Running configuration on file /nfs/home/rzipperer/git/Kissat_hyperparamoptimization/instances/train/812926407774771b3bd9885f7bfa4841-lru_9.sanitized.cnf
Solved
---Testing configuration---
Configuration(values={
  'backbone': 2,
  'bump': 0,
  'chrono': 1,
  'congruence': 1,
  'eagersubsume': 1,
  'eliminate': 0,
  'emafast': 349118,
  'extract': 1,
  'factor': 1,
  'fastel': 0,
  'forward': 1,
  'jumpreasons': 0,
  'lucky': 1,
  'minimize': 0,
  'otfs': 0,
  'phase': 0,
  'phasesaving': 0,
  'preprocess': 0,
  'probe': 1,
  'promote': 0,
  'randec': 0,
  'reducehigh': 360,
  'reducelow': 283,
  'reluctant': 0,
  'reorder': 1,
  'rephase': 1,
  'restart': 1,
  'shrink': 3,
  'stable': 1,
  'substitute': 0,
  'sweep': 1,
  'target': 0,
  'tier1': 14,
  'tier1relative': 445,
  'tier2': 133,
  'tier2relative': 505,
  'transitive': 0,
  'vivify': 0,
  'warmup': 0,
})
On 20 instances
Worst case runtime for this iteration is 100000 seconds
Running configuration on file /nfs/home/rzipperer/git/Kissat_hyperparamoptimization/instances/train/278aa933fdef642f33fb02a2b18717c1-lec_mult_DvK_11x10.sanitized.cnf
Solved
Running configuration on file /nfs/home/rzipperer/git/Kissat_hyperparamoptimization/instances/train/38ca761a5808eace8bc8f1fcfdb5b5a8-multiplier_15bits__miter_20.cnf
Timeout
Running configuration on file /nfs/home/rzipperer/git/Kissat_hyperparamoptimization/instances/train/b76fa2f50a42120ec54fa98c29113326-lec_mult_DvK_12x12.sanitized.cnf
Timeout
Running configuration on file /nfs/home/rzipperer/git/Kissat_hyperparamoptimization/instances/train/c214f1eb2576af00e3fb09f7d0305764-64_150.sanitized.cnf
Solved
Running configuration on file /nfs/home/rzipperer/git/Kissat_hyperparamoptimization/instances/train/093fa3ff9f7bc9979c43f9d2310ac21d-128_125.sanitized.cnf
Solved
Running configuration on file /nfs/home/rzipperer/git/Kissat_hyperparamoptimization/instances/train/385042a6042a0df5ddfec6e17f285ae7-lec_mult_CvD_11x11.sanitized.cnf
Solved
Running configuration on file /nfs/home/rzipperer/git/Kissat_hyperparamoptimization/instances/train/aceab5a3452e2901e645065bda3e8847-lru_8.sanitized.cnf
Solved
Running configuration on file /nfs/home/rzipperer/git/Kissat_hyperparamoptimization/instances/train/2a144840047376cee3b7b99455158976-goldberg03:hard_eq_check:i10mul.miter.used-as.sat04-333.cnf
Solved
Running configuration on file /nfs/home/rzipperer/git/Kissat_hyperparamoptimization/instances/train/4c54efa61599e33d514bf718ff23ad09-lec_mult_CvK_12x11.sanitized.cnf
Timeout
Running configuration on file /nfs/home/rzipperer/git/Kissat_hyperparamoptimization/instances/train/bb591c6447fb6b4180f6d288eb2ff62a-lec_mult_DvW_11x10.sanitized.cnf
Solved
Running configuration on file /nfs/home/rzipperer/git/Kissat_hyperparamoptimization/instances/train/462d72f9b78ab1cd080667ff12a114ac-lec_mult_CvK_12x12.sanitized.cnf
Timeout
Running configuration on file /nfs/home/rzipperer/git/Kissat_hyperparamoptimization/instances/train/84c6d7e4a18aacf166105aaa3cd6e3de-128_100.sanitized.cnf
Solved
Running configuration on file /nfs/home/rzipperer/git/Kissat_hyperparamoptimization/instances/train/bdcdb52d16f87ea20f091ca4b0b6a36f-lec_mult_CvK_11x10.sanitized.cnf
Solved
Running configuration on file /nfs/home/rzipperer/git/Kissat_hyperparamoptimization/instances/train/282a02a1743eb47c6b340e52ecce40a2-lru_6.sanitized.cnf
Solved
Running configuration on file /nfs/home/rzipperer/git/Kissat_hyperparamoptimization/instances/train/f0426369f61595aee97055965ee7e6a3-hwmcc12miters-xits-iso-6s111.sanitized.cnf
Solved
Running configuration on file /nfs/home/rzipperer/git/Kissat_hyperparamoptimization/instances/train/017ba03ed108f492c9293c7c95e5cae9-multiplier_14bits__miter_14.cnf
Timeout
Running configuration on file /nfs/home/rzipperer/git/Kissat_hyperparamoptimization/instances/train/8d4b50ec0cf99097e9ab0835937afee5-hwmcc17miters-xits-iso-6s281b35.sanitized.cnf
Solved
Running configuration on file /nfs/home/rzipperer/git/Kissat_hyperparamoptimization/instances/train/31bb67fe67e57dbeb8c4819b01892588-hwmcc17miters-xits-iso-oski15a08b08s.sanitized.cnf
Solved
Running configuration on file /nfs/home/rzipperer/git/Kissat_hyperparamoptimization/instances/train/778e0fd8f034b7cfd539b1b523ed4c4a-lec_mult_CvW_12x12.sanitized.cnf
Timeout
Running configuration on file /nfs/home/rzipperer/git/Kissat_hyperparamoptimization/instances/train/812926407774771b3bd9885f7bfa4841-lru_9.sanitized.cnf
Solved
[INFO][smbo.py:328] Configuration budget is exhausted:
[INFO][smbo.py:329] --- Remaining wallclock time: inf
[INFO][smbo.py:330] --- Remaining cpu time: inf
[INFO][smbo.py:331] --- Remaining trials: 0
Configuration(values={
  'backbone': 2,
  'bump': 0,
  'chrono': 1,
  'congruence': 1,
  'eagersubsume': 1,
  'eliminate': 1,
  'emafast': 349118,
  'extract': 0,
  'factor': 0,
  'fastel': 0,
  'forward': 1,
  'jumpreasons': 0,
  'lucky': 1,
  'minimize': 1,
  'otfs': 0,
  'phase': 0,
  'phasesaving': 0,
  'preprocess': 0,
  'probe': 1,
  'promote': 0,
  'randec': 1,
  'reducehigh': 360,
  'reducelow': 283,
  'reluctant': 0,
  'reorder': 1,
  'rephase': 1,
  'restart': 1,
  'shrink': 3,
  'stable': 1,
  'substitute': 1,
  'sweep': 1,
  'target': 1,
  'tier1': 14,
  'tier1relative': 445,
  'tier2': 133,
  'tier2relative': 505,
  'transitive': 0,
  'vivify': 0,
  'warmup': 1,
})
