Getting instances
['/nfs/share/instances/gbd/cnf/090eefb9bc472f6478e70baf2c6d2403-PRP_100_150.cnf.xz', '/nfs/share/instances/gbd/cnf/150b5f8cac40bb4e0fcbdd65c3c04701-PRP_100_550.cnf.xz', '/nfs/share/instances/gbd/cnf/1b86f59ce4c43f19f0ad1238f8c362b4-PRP_30_37.cnf.xz', '/nfs/share/instances/gbd/cnf/1d42a7c3616ce163e292340cfcd34f97-PRP_100_600.cnf.xz', '/nfs/share/instances/gbd/cnf/291c2b4fa2d8b009cd2a8331891ba667-PRP_30_40.cnf.xz', '/nfs/share/instances/gbd/cnf/339b1cfda231aaca601cd6339c07ca2c-PRP_100_450.cnf.xz', '/nfs/share/instances/gbd/cnf/3a7a64e1d6cf5ce969b2b05b5464f707-PRP_30_38.cnf.xz', '/nfs/share/instances/gbd/cnf/44ad104c3b0c83b4cfc260583dee2397-PRP_30_36.cnf.xz', '/nfs/share/instances/gbd/cnf/93a87994c03a7752f85d863239555d48-PRP_30_35.cnf.xz', '/nfs/share/instances/gbd/cnf/9631e4082abf03e560b889c5715d3979-PRP_30_41.cnf.xz', '/nfs/share/instances/gbd/cnf/98c6da979a0a22d384d465a1da17111e-PRP_100_250.cnf.xz', '/nfs/share/instances/gbd/cnf/a83665715cf54e10f6d5382b97fd909c-PRP_100_400.cnf.xz', '/nfs/share/instances/gbd/cnf/b44611ea7852dd30215cc1cb09e1ab79-PRP_30_39.cnf.xz', '/nfs/share/instances/gbd/cnf/bdc85226a8d910a8b7d6a8730c7a4572-PRP_40_40.cnf.xz', '/nfs/share/instances/gbd/cnf/d3529338d35aa27e8024932d3b5f64b5-PRP_20_50.cnf.xz', '/nfs/share/instances/gbd/cnf/d46c3fc9e953d4f84e8a18e52e29e7b7-PRP_100_350.cnf.xz', '/nfs/share/instances/gbd/cnf/d66ab8bce1b8979dbd26b3c220e817be-PRP_200_100.cnf.xz', '/nfs/share/instances/gbd/cnf/ddd3b43476c18cf483aac233d4dc1c68-PRP_20_40.cnf.xz', '/nfs/share/instances/gbd/cnf/ea5b47b3ffb3b8cb77a2cff83cc1ffba-PRP_100_500.cnf.xz', '/nfs/share/instances/gbd/cnf/fdc5aa7c150fd1c49ad3b50433277528-PRP_100_300.cnf.xz']
Shuffling instances with seed 31
Setting up config
Starting smac
[INFO][abstract_initial_design.py:95] Reducing the number of initial configurations from 390 to 2 (max_ratio == 0.25).
[INFO][abstract_initial_design.py:147] Using 2 initial design configurations and 0 additional configurations.
[INFO][abstract_intensifier.py:306] Using only one seed for deterministic scenario.
---Testing configuration---
Configuration(values={
  'backbone': 1,
  'bump': 1,
  'chrono': 0,
  'congruence': 0,
  'eagersubsume': 3,
  'eliminate': 0,
  'emafast': 959976,
  'extract': 1,
  'factor': 1,
  'fastel': 1,
  'forward': 0,
  'jumpreasons': 1,
  'lucky': 0,
  'minimize': 0,
  'otfs': 1,
  'phase': 1,
  'phasesaving': 1,
  'preprocess': 1,
  'probe': 0,
  'promote': 1,
  'randec': 0,
  'reducehigh': 579,
  'reducelow': 683,
  'reluctant': 1,
  'reorder': 2,
  'rephase': 0,
  'restart': 0,
  'shrink': 1,
  'stable': 1,
  'substitute': 0,
  'sweep': 0,
  'target': 1,
  'tier1': 69,
  'tier1relative': 946,
  'tier2': 646,
  'tier2relative': 105,
  'transitive': 1,
  'vivify': 1,
  'warmup': 0,
})
On 20 instances
Worst case runtime for this iteration is 100000 seconds
Running configuration on file /nfs/home/rzipperer/git/Kissat_hyperparamoptimization/instances/train/44ad104c3b0c83b4cfc260583dee2397-PRP_30_36.cnf
Solved
Running configuration on file /nfs/home/rzipperer/git/Kissat_hyperparamoptimization/instances/train/9631e4082abf03e560b889c5715d3979-PRP_30_41.cnf
Timeout
Running configuration on file /nfs/home/rzipperer/git/Kissat_hyperparamoptimization/instances/train/ea5b47b3ffb3b8cb77a2cff83cc1ffba-PRP_100_500.cnf
Timeout
Running configuration on file /nfs/home/rzipperer/git/Kissat_hyperparamoptimization/instances/train/a83665715cf54e10f6d5382b97fd909c-PRP_100_400.cnf
Timeout
Running configuration on file /nfs/home/rzipperer/git/Kissat_hyperparamoptimization/instances/train/3a7a64e1d6cf5ce969b2b05b5464f707-PRP_30_38.cnf
Timeout
Running configuration on file /nfs/home/rzipperer/git/Kissat_hyperparamoptimization/instances/train/bdc85226a8d910a8b7d6a8730c7a4572-PRP_40_40.cnf
Timeout
Running configuration on file /nfs/home/rzipperer/git/Kissat_hyperparamoptimization/instances/train/339b1cfda231aaca601cd6339c07ca2c-PRP_100_450.cnf
Timeout
Running configuration on file /nfs/home/rzipperer/git/Kissat_hyperparamoptimization/instances/train/d3529338d35aa27e8024932d3b5f64b5-PRP_20_50.cnf
Solved
Running configuration on file /nfs/home/rzipperer/git/Kissat_hyperparamoptimization/instances/train/d66ab8bce1b8979dbd26b3c220e817be-PRP_200_100.cnf
Timeout
Running configuration on file /nfs/home/rzipperer/git/Kissat_hyperparamoptimization/instances/train/ddd3b43476c18cf483aac233d4dc1c68-PRP_20_40.cnf
Solved
Running configuration on file /nfs/home/rzipperer/git/Kissat_hyperparamoptimization/instances/train/93a87994c03a7752f85d863239555d48-PRP_30_35.cnf
Solved
Running configuration on file /nfs/home/rzipperer/git/Kissat_hyperparamoptimization/instances/train/150b5f8cac40bb4e0fcbdd65c3c04701-PRP_100_550.cnf
Timeout
Running configuration on file /nfs/home/rzipperer/git/Kissat_hyperparamoptimization/instances/train/1b86f59ce4c43f19f0ad1238f8c362b4-PRP_30_37.cnf
Solved
Running configuration on file /nfs/home/rzipperer/git/Kissat_hyperparamoptimization/instances/train/fdc5aa7c150fd1c49ad3b50433277528-PRP_100_300.cnf
Timeout
Running configuration on file /nfs/home/rzipperer/git/Kissat_hyperparamoptimization/instances/train/98c6da979a0a22d384d465a1da17111e-PRP_100_250.cnf
Timeout
Running configuration on file /nfs/home/rzipperer/git/Kissat_hyperparamoptimization/instances/train/291c2b4fa2d8b009cd2a8331891ba667-PRP_30_40.cnf
Solved
Running configuration on file /nfs/home/rzipperer/git/Kissat_hyperparamoptimization/instances/train/b44611ea7852dd30215cc1cb09e1ab79-PRP_30_39.cnf
Solved
Running configuration on file /nfs/home/rzipperer/git/Kissat_hyperparamoptimization/instances/train/1d42a7c3616ce163e292340cfcd34f97-PRP_100_600.cnf
Timeout
Running configuration on file /nfs/home/rzipperer/git/Kissat_hyperparamoptimization/instances/train/d46c3fc9e953d4f84e8a18e52e29e7b7-PRP_100_350.cnf
Timeout
Running configuration on file /nfs/home/rzipperer/git/Kissat_hyperparamoptimization/instances/train/090eefb9bc472f6478e70baf2c6d2403-PRP_100_150.cnf
Timeout
[INFO][abstract_intensifier.py:516] Added config 36bc04 as new incumbent because there are no incumbents yet.
---Testing configuration---
Configuration(values={
  'backbone': 2,
  'bump': 0,
  'chrono': 1,
  'congruence': 1,
  'eagersubsume': 1,
  'eliminate': 1,
  'emafast': 349118,
  'extract': 0,
  'factor': 0,
  'fastel': 0,
  'forward': 1,
  'jumpreasons': 0,
  'lucky': 1,
  'minimize': 1,
  'otfs': 0,
  'phase': 0,
  'phasesaving': 0,
  'preprocess': 0,
  'probe': 1,
  'promote': 0,
  'randec': 1,
  'reducehigh': 360,
  'reducelow': 283,
  'reluctant': 0,
  'reorder': 1,
  'rephase': 1,
  'restart': 1,
  'shrink': 3,
  'stable': 1,
  'substitute': 1,
  'sweep': 1,
  'target': 1,
  'tier1': 14,
  'tier1relative': 445,
  'tier2': 133,
  'tier2relative': 505,
  'transitive': 0,
  'vivify': 0,
  'warmup': 1,
})
On 20 instances
Worst case runtime for this iteration is 100000 seconds
Running configuration on file /nfs/home/rzipperer/git/Kissat_hyperparamoptimization/instances/train/44ad104c3b0c83b4cfc260583dee2397-PRP_30_36.cnf
Solved
Running configuration on file /nfs/home/rzipperer/git/Kissat_hyperparamoptimization/instances/train/9631e4082abf03e560b889c5715d3979-PRP_30_41.cnf
Solved
Running configuration on file /nfs/home/rzipperer/git/Kissat_hyperparamoptimization/instances/train/ea5b47b3ffb3b8cb77a2cff83cc1ffba-PRP_100_500.cnf
Solved
Running configuration on file /nfs/home/rzipperer/git/Kissat_hyperparamoptimization/instances/train/a83665715cf54e10f6d5382b97fd909c-PRP_100_400.cnf
Solved
Running configuration on file /nfs/home/rzipperer/git/Kissat_hyperparamoptimization/instances/train/3a7a64e1d6cf5ce969b2b05b5464f707-PRP_30_38.cnf
Solved
Running configuration on file /nfs/home/rzipperer/git/Kissat_hyperparamoptimization/instances/train/bdc85226a8d910a8b7d6a8730c7a4572-PRP_40_40.cnf
Solved
Running configuration on file /nfs/home/rzipperer/git/Kissat_hyperparamoptimization/instances/train/339b1cfda231aaca601cd6339c07ca2c-PRP_100_450.cnf
Solved
Running configuration on file /nfs/home/rzipperer/git/Kissat_hyperparamoptimization/instances/train/d3529338d35aa27e8024932d3b5f64b5-PRP_20_50.cnf
Solved
Running configuration on file /nfs/home/rzipperer/git/Kissat_hyperparamoptimization/instances/train/d66ab8bce1b8979dbd26b3c220e817be-PRP_200_100.cnf
Solved
Running configuration on file /nfs/home/rzipperer/git/Kissat_hyperparamoptimization/instances/train/ddd3b43476c18cf483aac233d4dc1c68-PRP_20_40.cnf
Solved
Running configuration on file /nfs/home/rzipperer/git/Kissat_hyperparamoptimization/instances/train/93a87994c03a7752f85d863239555d48-PRP_30_35.cnf
Solved
Running configuration on file /nfs/home/rzipperer/git/Kissat_hyperparamoptimization/instances/train/150b5f8cac40bb4e0fcbdd65c3c04701-PRP_100_550.cnf
Solved
Running configuration on file /nfs/home/rzipperer/git/Kissat_hyperparamoptimization/instances/train/1b86f59ce4c43f19f0ad1238f8c362b4-PRP_30_37.cnf
Solved
Running configuration on file /nfs/home/rzipperer/git/Kissat_hyperparamoptimization/instances/train/fdc5aa7c150fd1c49ad3b50433277528-PRP_100_300.cnf
Solved
Running configuration on file /nfs/home/rzipperer/git/Kissat_hyperparamoptimization/instances/train/98c6da979a0a22d384d465a1da17111e-PRP_100_250.cnf
Solved
Running configuration on file /nfs/home/rzipperer/git/Kissat_hyperparamoptimization/instances/train/291c2b4fa2d8b009cd2a8331891ba667-PRP_30_40.cnf
Solved
Running configuration on file /nfs/home/rzipperer/git/Kissat_hyperparamoptimization/instances/train/b44611ea7852dd30215cc1cb09e1ab79-PRP_30_39.cnf
Solved
Running configuration on file /nfs/home/rzipperer/git/Kissat_hyperparamoptimization/instances/train/1d42a7c3616ce163e292340cfcd34f97-PRP_100_600.cnf
Solved
Running configuration on file /nfs/home/rzipperer/git/Kissat_hyperparamoptimization/instances/train/d46c3fc9e953d4f84e8a18e52e29e7b7-PRP_100_350.cnf
Solved
Running configuration on file /nfs/home/rzipperer/git/Kissat_hyperparamoptimization/instances/train/090eefb9bc472f6478e70baf2c6d2403-PRP_100_150.cnf
Solved
[INFO][abstract_intensifier.py:595] Added config cf0a0e and rejected config 36bc04 as incumbent because it is not better than the incumbents on 1 instances:
---Testing configuration---
Configuration(values={
  'backbone': 2,
  'bump': 1,
  'chrono': 0,
  'congruence': 1,
  'eagersubsume': 0,
  'eliminate': 1,
  'emafast': 710467,
  'extract': 1,
  'factor': 0,
  'fastel': 0,
  'forward': 1,
  'jumpreasons': 0,
  'lucky': 1,
  'minimize': 0,
  'otfs': 1,
  'phase': 1,
  'phasesaving': 0,
  'preprocess': 0,
  'probe': 1,
  'promote': 1,
  'randec': 0,
  'reducehigh': 21,
  'reducelow': 502,
  'reluctant': 1,
  'reorder': 0,
  'rephase': 1,
  'restart': 0,
  'shrink': 3,
  'stable': 1,
  'substitute': 0,
  'sweep': 1,
  'target': 1,
  'tier1': 48,
  'tier1relative': 584,
  'tier2': 515,
  'tier2relative': 428,
  'transitive': 0,
  'vivify': 1,
  'warmup': 1,
})
On 20 instances
Worst case runtime for this iteration is 100000 seconds
Running configuration on file /nfs/home/rzipperer/git/Kissat_hyperparamoptimization/instances/train/44ad104c3b0c83b4cfc260583dee2397-PRP_30_36.cnf
Solved
Running configuration on file /nfs/home/rzipperer/git/Kissat_hyperparamoptimization/instances/train/9631e4082abf03e560b889c5715d3979-PRP_30_41.cnf
Solved
Running configuration on file /nfs/home/rzipperer/git/Kissat_hyperparamoptimization/instances/train/ea5b47b3ffb3b8cb77a2cff83cc1ffba-PRP_100_500.cnf
Timeout
Running configuration on file /nfs/home/rzipperer/git/Kissat_hyperparamoptimization/instances/train/a83665715cf54e10f6d5382b97fd909c-PRP_100_400.cnf
Timeout
Running configuration on file /nfs/home/rzipperer/git/Kissat_hyperparamoptimization/instances/train/3a7a64e1d6cf5ce969b2b05b5464f707-PRP_30_38.cnf
Solved
Running configuration on file /nfs/home/rzipperer/git/Kissat_hyperparamoptimization/instances/train/bdc85226a8d910a8b7d6a8730c7a4572-PRP_40_40.cnf
Solved
Running configuration on file /nfs/home/rzipperer/git/Kissat_hyperparamoptimization/instances/train/339b1cfda231aaca601cd6339c07ca2c-PRP_100_450.cnf
Timeout
Running configuration on file /nfs/home/rzipperer/git/Kissat_hyperparamoptimization/instances/train/d3529338d35aa27e8024932d3b5f64b5-PRP_20_50.cnf
Solved
Running configuration on file /nfs/home/rzipperer/git/Kissat_hyperparamoptimization/instances/train/d66ab8bce1b8979dbd26b3c220e817be-PRP_200_100.cnf
Timeout
Running configuration on file /nfs/home/rzipperer/git/Kissat_hyperparamoptimization/instances/train/ddd3b43476c18cf483aac233d4dc1c68-PRP_20_40.cnf
Solved
Running configuration on file /nfs/home/rzipperer/git/Kissat_hyperparamoptimization/instances/train/93a87994c03a7752f85d863239555d48-PRP_30_35.cnf
Solved
Running configuration on file /nfs/home/rzipperer/git/Kissat_hyperparamoptimization/instances/train/150b5f8cac40bb4e0fcbdd65c3c04701-PRP_100_550.cnf
Timeout
Running configuration on file /nfs/home/rzipperer/git/Kissat_hyperparamoptimization/instances/train/1b86f59ce4c43f19f0ad1238f8c362b4-PRP_30_37.cnf
Solved
Running configuration on file /nfs/home/rzipperer/git/Kissat_hyperparamoptimization/instances/train/fdc5aa7c150fd1c49ad3b50433277528-PRP_100_300.cnf
Timeout
Running configuration on file /nfs/home/rzipperer/git/Kissat_hyperparamoptimization/instances/train/98c6da979a0a22d384d465a1da17111e-PRP_100_250.cnf
Timeout
Running configuration on file /nfs/home/rzipperer/git/Kissat_hyperparamoptimization/instances/train/291c2b4fa2d8b009cd2a8331891ba667-PRP_30_40.cnf
Solved
Running configuration on file /nfs/home/rzipperer/git/Kissat_hyperparamoptimization/instances/train/b44611ea7852dd30215cc1cb09e1ab79-PRP_30_39.cnf
Solved
Running configuration on file /nfs/home/rzipperer/git/Kissat_hyperparamoptimization/instances/train/1d42a7c3616ce163e292340cfcd34f97-PRP_100_600.cnf
Timeout
Running configuration on file /nfs/home/rzipperer/git/Kissat_hyperparamoptimization/instances/train/d46c3fc9e953d4f84e8a18e52e29e7b7-PRP_100_350.cnf
Timeout
Running configuration on file /nfs/home/rzipperer/git/Kissat_hyperparamoptimization/instances/train/090eefb9bc472f6478e70baf2c6d2403-PRP_100_150.cnf
Timeout
---Testing configuration---
Configuration(values={
  'backbone': 2,
  'bump': 1,
  'chrono': 0,
  'congruence': 0,
  'eagersubsume': 0,
  'eliminate': 1,
  'emafast': 607359,
  'extract': 1,
  'factor': 1,
  'fastel': 1,
  'forward': 1,
  'jumpreasons': 0,
  'lucky': 0,
  'minimize': 1,
  'otfs': 1,
  'phase': 1,
  'phasesaving': 0,
  'preprocess': 0,
  'probe': 1,
  'promote': 1,
  'randec': 1,
  'reducehigh': 17,
  'reducelow': 39,
  'reluctant': 0,
  'reorder': 0,
  'rephase': 1,
  'restart': 1,
  'shrink': 3,
  'stable': 1,
  'substitute': 0,
  'sweep': 0,
  'target': 2,
  'tier1': 88,
  'tier1relative': 394,
  'tier2': 505,
  'tier2relative': 707,
  'transitive': 0,
  'vivify': 1,
  'warmup': 0,
})
On 20 instances
Worst case runtime for this iteration is 100000 seconds
Running configuration on file /nfs/home/rzipperer/git/Kissat_hyperparamoptimization/instances/train/44ad104c3b0c83b4cfc260583dee2397-PRP_30_36.cnf
Solved
Running configuration on file /nfs/home/rzipperer/git/Kissat_hyperparamoptimization/instances/train/9631e4082abf03e560b889c5715d3979-PRP_30_41.cnf
Solved
Running configuration on file /nfs/home/rzipperer/git/Kissat_hyperparamoptimization/instances/train/ea5b47b3ffb3b8cb77a2cff83cc1ffba-PRP_100_500.cnf
Timeout
Running configuration on file /nfs/home/rzipperer/git/Kissat_hyperparamoptimization/instances/train/a83665715cf54e10f6d5382b97fd909c-PRP_100_400.cnf
Timeout
Running configuration on file /nfs/home/rzipperer/git/Kissat_hyperparamoptimization/instances/train/3a7a64e1d6cf5ce969b2b05b5464f707-PRP_30_38.cnf
Solved
Running configuration on file /nfs/home/rzipperer/git/Kissat_hyperparamoptimization/instances/train/bdc85226a8d910a8b7d6a8730c7a4572-PRP_40_40.cnf
Solved
Running configuration on file /nfs/home/rzipperer/git/Kissat_hyperparamoptimization/instances/train/339b1cfda231aaca601cd6339c07ca2c-PRP_100_450.cnf
Timeout
Running configuration on file /nfs/home/rzipperer/git/Kissat_hyperparamoptimization/instances/train/d3529338d35aa27e8024932d3b5f64b5-PRP_20_50.cnf
Solved
Running configuration on file /nfs/home/rzipperer/git/Kissat_hyperparamoptimization/instances/train/d66ab8bce1b8979dbd26b3c220e817be-PRP_200_100.cnf
Timeout
Running configuration on file /nfs/home/rzipperer/git/Kissat_hyperparamoptimization/instances/train/ddd3b43476c18cf483aac233d4dc1c68-PRP_20_40.cnf
Solved
Running configuration on file /nfs/home/rzipperer/git/Kissat_hyperparamoptimization/instances/train/93a87994c03a7752f85d863239555d48-PRP_30_35.cnf
Solved
Running configuration on file /nfs/home/rzipperer/git/Kissat_hyperparamoptimization/instances/train/150b5f8cac40bb4e0fcbdd65c3c04701-PRP_100_550.cnf
Timeout
Running configuration on file /nfs/home/rzipperer/git/Kissat_hyperparamoptimization/instances/train/1b86f59ce4c43f19f0ad1238f8c362b4-PRP_30_37.cnf
Solved
Running configuration on file /nfs/home/rzipperer/git/Kissat_hyperparamoptimization/instances/train/fdc5aa7c150fd1c49ad3b50433277528-PRP_100_300.cnf
Timeout
Running configuration on file /nfs/home/rzipperer/git/Kissat_hyperparamoptimization/instances/train/98c6da979a0a22d384d465a1da17111e-PRP_100_250.cnf
Timeout
Running configuration on file /nfs/home/rzipperer/git/Kissat_hyperparamoptimization/instances/train/291c2b4fa2d8b009cd2a8331891ba667-PRP_30_40.cnf
Solved
Running configuration on file /nfs/home/rzipperer/git/Kissat_hyperparamoptimization/instances/train/b44611ea7852dd30215cc1cb09e1ab79-PRP_30_39.cnf
Solved
Running configuration on file /nfs/home/rzipperer/git/Kissat_hyperparamoptimization/instances/train/1d42a7c3616ce163e292340cfcd34f97-PRP_100_600.cnf
Timeout
Running configuration on file /nfs/home/rzipperer/git/Kissat_hyperparamoptimization/instances/train/d46c3fc9e953d4f84e8a18e52e29e7b7-PRP_100_350.cnf
Timeout
Running configuration on file /nfs/home/rzipperer/git/Kissat_hyperparamoptimization/instances/train/090eefb9bc472f6478e70baf2c6d2403-PRP_100_150.cnf
Timeout
---Testing configuration---
Configuration(values={
  'backbone': 2,
  'bump': 0,
  'chrono': 1,
  'congruence': 0,
  'eagersubsume': 0,
  'eliminate': 1,
  'emafast': 894425,
  'extract': 0,
  'factor': 1,
  'fastel': 1,
  'forward': 1,
  'jumpreasons': 0,
  'lucky': 1,
  'minimize': 0,
  'otfs': 0,
  'phase': 0,
  'phasesaving': 1,
  'preprocess': 0,
  'probe': 1,
  'promote': 0,
  'randec': 0,
  'reducehigh': 461,
  'reducelow': 49,
  'reluctant': 1,
  'reorder': 0,
  'rephase': 0,
  'restart': 0,
  'shrink': 3,
  'stable': 0,
  'substitute': 0,
  'sweep': 0,
  'target': 1,
  'tier1': 60,
  'tier1relative': 630,
  'tier2': 919,
  'tier2relative': 509,
  'transitive': 0,
  'vivify': 1,
  'warmup': 0,
})
On 20 instances
Worst case runtime for this iteration is 100000 seconds
Running configuration on file /nfs/home/rzipperer/git/Kissat_hyperparamoptimization/instances/train/44ad104c3b0c83b4cfc260583dee2397-PRP_30_36.cnf
Solved
Running configuration on file /nfs/home/rzipperer/git/Kissat_hyperparamoptimization/instances/train/9631e4082abf03e560b889c5715d3979-PRP_30_41.cnf
Solved
Running configuration on file /nfs/home/rzipperer/git/Kissat_hyperparamoptimization/instances/train/ea5b47b3ffb3b8cb77a2cff83cc1ffba-PRP_100_500.cnf
Timeout
Running configuration on file /nfs/home/rzipperer/git/Kissat_hyperparamoptimization/instances/train/a83665715cf54e10f6d5382b97fd909c-PRP_100_400.cnf
Timeout
Running configuration on file /nfs/home/rzipperer/git/Kissat_hyperparamoptimization/instances/train/3a7a64e1d6cf5ce969b2b05b5464f707-PRP_30_38.cnf
Solved
Running configuration on file /nfs/home/rzipperer/git/Kissat_hyperparamoptimization/instances/train/bdc85226a8d910a8b7d6a8730c7a4572-PRP_40_40.cnf
Solved
Running configuration on file /nfs/home/rzipperer/git/Kissat_hyperparamoptimization/instances/train/339b1cfda231aaca601cd6339c07ca2c-PRP_100_450.cnf
Solved
Running configuration on file /nfs/home/rzipperer/git/Kissat_hyperparamoptimization/instances/train/d3529338d35aa27e8024932d3b5f64b5-PRP_20_50.cnf
Solved
Running configuration on file /nfs/home/rzipperer/git/Kissat_hyperparamoptimization/instances/train/d66ab8bce1b8979dbd26b3c220e817be-PRP_200_100.cnf
Solved
Running configuration on file /nfs/home/rzipperer/git/Kissat_hyperparamoptimization/instances/train/ddd3b43476c18cf483aac233d4dc1c68-PRP_20_40.cnf
Solved
Running configuration on file /nfs/home/rzipperer/git/Kissat_hyperparamoptimization/instances/train/93a87994c03a7752f85d863239555d48-PRP_30_35.cnf
Solved
Running configuration on file /nfs/home/rzipperer/git/Kissat_hyperparamoptimization/instances/train/150b5f8cac40bb4e0fcbdd65c3c04701-PRP_100_550.cnf
Timeout
Running configuration on file /nfs/home/rzipperer/git/Kissat_hyperparamoptimization/instances/train/1b86f59ce4c43f19f0ad1238f8c362b4-PRP_30_37.cnf
Solved
Running configuration on file /nfs/home/rzipperer/git/Kissat_hyperparamoptimization/instances/train/fdc5aa7c150fd1c49ad3b50433277528-PRP_100_300.cnf
Solved
Running configuration on file /nfs/home/rzipperer/git/Kissat_hyperparamoptimization/instances/train/98c6da979a0a22d384d465a1da17111e-PRP_100_250.cnf
Solved
Running configuration on file /nfs/home/rzipperer/git/Kissat_hyperparamoptimization/instances/train/291c2b4fa2d8b009cd2a8331891ba667-PRP_30_40.cnf
Solved
Running configuration on file /nfs/home/rzipperer/git/Kissat_hyperparamoptimization/instances/train/b44611ea7852dd30215cc1cb09e1ab79-PRP_30_39.cnf
Solved
Running configuration on file /nfs/home/rzipperer/git/Kissat_hyperparamoptimization/instances/train/1d42a7c3616ce163e292340cfcd34f97-PRP_100_600.cnf
Timeout
Running configuration on file /nfs/home/rzipperer/git/Kissat_hyperparamoptimization/instances/train/d46c3fc9e953d4f84e8a18e52e29e7b7-PRP_100_350.cnf
Solved
Running configuration on file /nfs/home/rzipperer/git/Kissat_hyperparamoptimization/instances/train/090eefb9bc472f6478e70baf2c6d2403-PRP_100_150.cnf
Solved
---Testing configuration---
Configuration(values={
  'backbone': 2,
  'bump': 0,
  'chrono': 1,
  'congruence': 0,
  'eagersubsume': 3,
  'eliminate': 1,
  'emafast': 160126,
  'extract': 0,
  'factor': 0,
  'fastel': 1,
  'forward': 1,
  'jumpreasons': 1,
  'lucky': 1,
  'minimize': 0,
  'otfs': 1,
  'phase': 1,
  'phasesaving': 1,
  'preprocess': 0,
  'probe': 1,
  'promote': 1,
  'randec': 1,
  'reducehigh': 127,
  'reducelow': 812,
  'reluctant': 0,
  'reorder': 2,
  'rephase': 1,
  'restart': 0,
  'shrink': 3,
  'stable': 0,
  'substitute': 1,
  'sweep': 1,
  'target': 2,
  'tier1': 49,
  'tier1relative': 377,
  'tier2': 266,
  'tier2relative': 394,
  'transitive': 1,
  'vivify': 1,
  'warmup': 1,
})
On 20 instances
Worst case runtime for this iteration is 100000 seconds
Running configuration on file /nfs/home/rzipperer/git/Kissat_hyperparamoptimization/instances/train/44ad104c3b0c83b4cfc260583dee2397-PRP_30_36.cnf
Solved
Running configuration on file /nfs/home/rzipperer/git/Kissat_hyperparamoptimization/instances/train/9631e4082abf03e560b889c5715d3979-PRP_30_41.cnf
Solved
Running configuration on file /nfs/home/rzipperer/git/Kissat_hyperparamoptimization/instances/train/ea5b47b3ffb3b8cb77a2cff83cc1ffba-PRP_100_500.cnf
Timeout
Running configuration on file /nfs/home/rzipperer/git/Kissat_hyperparamoptimization/instances/train/a83665715cf54e10f6d5382b97fd909c-PRP_100_400.cnf
Timeout
Running configuration on file /nfs/home/rzipperer/git/Kissat_hyperparamoptimization/instances/train/3a7a64e1d6cf5ce969b2b05b5464f707-PRP_30_38.cnf
Solved
Running configuration on file /nfs/home/rzipperer/git/Kissat_hyperparamoptimization/instances/train/bdc85226a8d910a8b7d6a8730c7a4572-PRP_40_40.cnf
Solved
Running configuration on file /nfs/home/rzipperer/git/Kissat_hyperparamoptimization/instances/train/339b1cfda231aaca601cd6339c07ca2c-PRP_100_450.cnf
Timeout
Running configuration on file /nfs/home/rzipperer/git/Kissat_hyperparamoptimization/instances/train/d3529338d35aa27e8024932d3b5f64b5-PRP_20_50.cnf
Solved
Running configuration on file /nfs/home/rzipperer/git/Kissat_hyperparamoptimization/instances/train/d66ab8bce1b8979dbd26b3c220e817be-PRP_200_100.cnf
Timeout
Running configuration on file /nfs/home/rzipperer/git/Kissat_hyperparamoptimization/instances/train/ddd3b43476c18cf483aac233d4dc1c68-PRP_20_40.cnf
Solved
Running configuration on file /nfs/home/rzipperer/git/Kissat_hyperparamoptimization/instances/train/93a87994c03a7752f85d863239555d48-PRP_30_35.cnf
Solved
Running configuration on file /nfs/home/rzipperer/git/Kissat_hyperparamoptimization/instances/train/150b5f8cac40bb4e0fcbdd65c3c04701-PRP_100_550.cnf
Timeout
Running configuration on file /nfs/home/rzipperer/git/Kissat_hyperparamoptimization/instances/train/1b86f59ce4c43f19f0ad1238f8c362b4-PRP_30_37.cnf
Solved
Running configuration on file /nfs/home/rzipperer/git/Kissat_hyperparamoptimization/instances/train/fdc5aa7c150fd1c49ad3b50433277528-PRP_100_300.cnf
Timeout
Running configuration on file /nfs/home/rzipperer/git/Kissat_hyperparamoptimization/instances/train/98c6da979a0a22d384d465a1da17111e-PRP_100_250.cnf
Timeout
Running configuration on file /nfs/home/rzipperer/git/Kissat_hyperparamoptimization/instances/train/291c2b4fa2d8b009cd2a8331891ba667-PRP_30_40.cnf
Solved
Running configuration on file /nfs/home/rzipperer/git/Kissat_hyperparamoptimization/instances/train/b44611ea7852dd30215cc1cb09e1ab79-PRP_30_39.cnf
Solved
Running configuration on file /nfs/home/rzipperer/git/Kissat_hyperparamoptimization/instances/train/1d42a7c3616ce163e292340cfcd34f97-PRP_100_600.cnf
Timeout
Running configuration on file /nfs/home/rzipperer/git/Kissat_hyperparamoptimization/instances/train/d46c3fc9e953d4f84e8a18e52e29e7b7-PRP_100_350.cnf
Timeout
Running configuration on file /nfs/home/rzipperer/git/Kissat_hyperparamoptimization/instances/train/090eefb9bc472f6478e70baf2c6d2403-PRP_100_150.cnf
Timeout
---Testing configuration---
Configuration(values={
  'backbone': 2,
  'bump': 1,
  'chrono': 0,
  'congruence': 1,
  'eagersubsume': 1,
  'eliminate': 1,
  'emafast': 61895,
  'extract': 1,
  'factor': 0,
  'fastel': 1,
  'forward': 1,
  'jumpreasons': 0,
  'lucky': 0,
  'minimize': 0,
  'otfs': 0,
  'phase': 1,
  'phasesaving': 0,
  'preprocess': 0,
  'probe': 1,
  'promote': 1,
  'randec': 1,
  'reducehigh': 765,
  'reducelow': 378,
  'reluctant': 1,
  'reorder': 0,
  'rephase': 1,
  'restart': 1,
  'shrink': 3,
  'stable': 2,
  'substitute': 1,
  'sweep': 1,
  'target': 1,
  'tier1': 43,
  'tier1relative': 955,
  'tier2': 462,
  'tier2relative': 101,
  'transitive': 1,
  'vivify': 0,
  'warmup': 1,
})
On 20 instances
Worst case runtime for this iteration is 100000 seconds
Running configuration on file /nfs/home/rzipperer/git/Kissat_hyperparamoptimization/instances/train/44ad104c3b0c83b4cfc260583dee2397-PRP_30_36.cnf
Solved
Running configuration on file /nfs/home/rzipperer/git/Kissat_hyperparamoptimization/instances/train/9631e4082abf03e560b889c5715d3979-PRP_30_41.cnf
Solved
Running configuration on file /nfs/home/rzipperer/git/Kissat_hyperparamoptimization/instances/train/ea5b47b3ffb3b8cb77a2cff83cc1ffba-PRP_100_500.cnf
Timeout
Running configuration on file /nfs/home/rzipperer/git/Kissat_hyperparamoptimization/instances/train/a83665715cf54e10f6d5382b97fd909c-PRP_100_400.cnf
Timeout
Running configuration on file /nfs/home/rzipperer/git/Kissat_hyperparamoptimization/instances/train/3a7a64e1d6cf5ce969b2b05b5464f707-PRP_30_38.cnf
Solved
Running configuration on file /nfs/home/rzipperer/git/Kissat_hyperparamoptimization/instances/train/bdc85226a8d910a8b7d6a8730c7a4572-PRP_40_40.cnf
Solved
Running configuration on file /nfs/home/rzipperer/git/Kissat_hyperparamoptimization/instances/train/339b1cfda231aaca601cd6339c07ca2c-PRP_100_450.cnf
Timeout
Running configuration on file /nfs/home/rzipperer/git/Kissat_hyperparamoptimization/instances/train/d3529338d35aa27e8024932d3b5f64b5-PRP_20_50.cnf
Solved
Running configuration on file /nfs/home/rzipperer/git/Kissat_hyperparamoptimization/instances/train/d66ab8bce1b8979dbd26b3c220e817be-PRP_200_100.cnf
Timeout
Running configuration on file /nfs/home/rzipperer/git/Kissat_hyperparamoptimization/instances/train/ddd3b43476c18cf483aac233d4dc1c68-PRP_20_40.cnf
Solved
Running configuration on file /nfs/home/rzipperer/git/Kissat_hyperparamoptimization/instances/train/93a87994c03a7752f85d863239555d48-PRP_30_35.cnf
Solved
Running configuration on file /nfs/home/rzipperer/git/Kissat_hyperparamoptimization/instances/train/150b5f8cac40bb4e0fcbdd65c3c04701-PRP_100_550.cnf
Timeout
Running configuration on file /nfs/home/rzipperer/git/Kissat_hyperparamoptimization/instances/train/1b86f59ce4c43f19f0ad1238f8c362b4-PRP_30_37.cnf
Solved
Running configuration on file /nfs/home/rzipperer/git/Kissat_hyperparamoptimization/instances/train/fdc5aa7c150fd1c49ad3b50433277528-PRP_100_300.cnf
Timeout
Running configuration on file /nfs/home/rzipperer/git/Kissat_hyperparamoptimization/instances/train/98c6da979a0a22d384d465a1da17111e-PRP_100_250.cnf
Timeout
Running configuration on file /nfs/home/rzipperer/git/Kissat_hyperparamoptimization/instances/train/291c2b4fa2d8b009cd2a8331891ba667-PRP_30_40.cnf
Solved
Running configuration on file /nfs/home/rzipperer/git/Kissat_hyperparamoptimization/instances/train/b44611ea7852dd30215cc1cb09e1ab79-PRP_30_39.cnf
Solved
Running configuration on file /nfs/home/rzipperer/git/Kissat_hyperparamoptimization/instances/train/1d42a7c3616ce163e292340cfcd34f97-PRP_100_600.cnf
Timeout
Running configuration on file /nfs/home/rzipperer/git/Kissat_hyperparamoptimization/instances/train/d46c3fc9e953d4f84e8a18e52e29e7b7-PRP_100_350.cnf
Timeout
Running configuration on file /nfs/home/rzipperer/git/Kissat_hyperparamoptimization/instances/train/090eefb9bc472f6478e70baf2c6d2403-PRP_100_150.cnf
Timeout
---Testing configuration---
Configuration(values={
  'backbone': 2,
  'bump': 1,
  'chrono': 0,
  'congruence': 1,
  'eagersubsume': 4,
  'eliminate': 0,
  'emafast': 119198,
  'extract': 0,
  'factor': 0,
  'fastel': 1,
  'forward': 1,
  'jumpreasons': 1,
  'lucky': 1,
  'minimize': 1,
  'otfs': 1,
  'phase': 1,
  'phasesaving': 1,
  'preprocess': 0,
  'probe': 1,
  'promote': 0,
  'randec': 1,
  'reducehigh': 913,
  'reducelow': 699,
  'reluctant': 0,
  'reorder': 2,
  'rephase': 0,
  'restart': 0,
  'shrink': 3,
  'stable': 0,
  'substitute': 1,
  'sweep': 0,
  'target': 1,
  'tier1': 14,
  'tier1relative': 470,
  'tier2': 334,
  'tier2relative': 434,
  'transitive': 0,
  'vivify': 1,
  'warmup': 0,
})
On 20 instances
Worst case runtime for this iteration is 100000 seconds
Running configuration on file /nfs/home/rzipperer/git/Kissat_hyperparamoptimization/instances/train/44ad104c3b0c83b4cfc260583dee2397-PRP_30_36.cnf
Solved
Running configuration on file /nfs/home/rzipperer/git/Kissat_hyperparamoptimization/instances/train/9631e4082abf03e560b889c5715d3979-PRP_30_41.cnf
Solved
Running configuration on file /nfs/home/rzipperer/git/Kissat_hyperparamoptimization/instances/train/ea5b47b3ffb3b8cb77a2cff83cc1ffba-PRP_100_500.cnf
Timeout
Running configuration on file /nfs/home/rzipperer/git/Kissat_hyperparamoptimization/instances/train/a83665715cf54e10f6d5382b97fd909c-PRP_100_400.cnf
Timeout
Running configuration on file /nfs/home/rzipperer/git/Kissat_hyperparamoptimization/instances/train/3a7a64e1d6cf5ce969b2b05b5464f707-PRP_30_38.cnf
Solved
Running configuration on file /nfs/home/rzipperer/git/Kissat_hyperparamoptimization/instances/train/bdc85226a8d910a8b7d6a8730c7a4572-PRP_40_40.cnf
Solved
Running configuration on file /nfs/home/rzipperer/git/Kissat_hyperparamoptimization/instances/train/339b1cfda231aaca601cd6339c07ca2c-PRP_100_450.cnf
Timeout
Running configuration on file /nfs/home/rzipperer/git/Kissat_hyperparamoptimization/instances/train/d3529338d35aa27e8024932d3b5f64b5-PRP_20_50.cnf
Solved
Running configuration on file /nfs/home/rzipperer/git/Kissat_hyperparamoptimization/instances/train/d66ab8bce1b8979dbd26b3c220e817be-PRP_200_100.cnf
Timeout
Running configuration on file /nfs/home/rzipperer/git/Kissat_hyperparamoptimization/instances/train/ddd3b43476c18cf483aac233d4dc1c68-PRP_20_40.cnf
Solved
Running configuration on file /nfs/home/rzipperer/git/Kissat_hyperparamoptimization/instances/train/93a87994c03a7752f85d863239555d48-PRP_30_35.cnf
Solved
Running configuration on file /nfs/home/rzipperer/git/Kissat_hyperparamoptimization/instances/train/150b5f8cac40bb4e0fcbdd65c3c04701-PRP_100_550.cnf
Timeout
Running configuration on file /nfs/home/rzipperer/git/Kissat_hyperparamoptimization/instances/train/1b86f59ce4c43f19f0ad1238f8c362b4-PRP_30_37.cnf
Solved
Running configuration on file /nfs/home/rzipperer/git/Kissat_hyperparamoptimization/instances/train/fdc5aa7c150fd1c49ad3b50433277528-PRP_100_300.cnf
Timeout
Running configuration on file /nfs/home/rzipperer/git/Kissat_hyperparamoptimization/instances/train/98c6da979a0a22d384d465a1da17111e-PRP_100_250.cnf
Timeout
Running configuration on file /nfs/home/rzipperer/git/Kissat_hyperparamoptimization/instances/train/291c2b4fa2d8b009cd2a8331891ba667-PRP_30_40.cnf
Solved
Running configuration on file /nfs/home/rzipperer/git/Kissat_hyperparamoptimization/instances/train/b44611ea7852dd30215cc1cb09e1ab79-PRP_30_39.cnf
Solved
Running configuration on file /nfs/home/rzipperer/git/Kissat_hyperparamoptimization/instances/train/1d42a7c3616ce163e292340cfcd34f97-PRP_100_600.cnf
Timeout
Running configuration on file /nfs/home/rzipperer/git/Kissat_hyperparamoptimization/instances/train/d46c3fc9e953d4f84e8a18e52e29e7b7-PRP_100_350.cnf
Timeout
Running configuration on file /nfs/home/rzipperer/git/Kissat_hyperparamoptimization/instances/train/090eefb9bc472f6478e70baf2c6d2403-PRP_100_150.cnf
Timeout
---Testing configuration---
Configuration(values={
  'backbone': 2,
  'bump': 1,
  'chrono': 1,
  'congruence': 0,
  'eagersubsume': 1,
  'eliminate': 0,
  'emafast': 438789,
  'extract': 1,
  'factor': 1,
  'fastel': 1,
  'forward': 1,
  'jumpreasons': 0,
  'lucky': 1,
  'minimize': 1,
  'otfs': 0,
  'phase': 1,
  'phasesaving': 0,
  'preprocess': 0,
  'probe': 1,
  'promote': 1,
  'randec': 0,
  'reducehigh': 51,
  'reducelow': 47,
  'reluctant': 0,
  'reorder': 2,
  'rephase': 0,
  'restart': 0,
  'shrink': 3,
  'stable': 0,
  'substitute': 0,
  'sweep': 1,
  'target': 0,
  'tier1': 5,
  'tier1relative': 31,
  'tier2': 8,
  'tier2relative': 706,
  'transitive': 1,
  'vivify': 1,
  'warmup': 1,
})
On 20 instances
Worst case runtime for this iteration is 100000 seconds
Running configuration on file /nfs/home/rzipperer/git/Kissat_hyperparamoptimization/instances/train/44ad104c3b0c83b4cfc260583dee2397-PRP_30_36.cnf
Solved
Running configuration on file /nfs/home/rzipperer/git/Kissat_hyperparamoptimization/instances/train/9631e4082abf03e560b889c5715d3979-PRP_30_41.cnf
Solved
Running configuration on file /nfs/home/rzipperer/git/Kissat_hyperparamoptimization/instances/train/ea5b47b3ffb3b8cb77a2cff83cc1ffba-PRP_100_500.cnf
Timeout
Running configuration on file /nfs/home/rzipperer/git/Kissat_hyperparamoptimization/instances/train/a83665715cf54e10f6d5382b97fd909c-PRP_100_400.cnf
Timeout
Running configuration on file /nfs/home/rzipperer/git/Kissat_hyperparamoptimization/instances/train/3a7a64e1d6cf5ce969b2b05b5464f707-PRP_30_38.cnf
Solved
Running configuration on file /nfs/home/rzipperer/git/Kissat_hyperparamoptimization/instances/train/bdc85226a8d910a8b7d6a8730c7a4572-PRP_40_40.cnf
Solved
Running configuration on file /nfs/home/rzipperer/git/Kissat_hyperparamoptimization/instances/train/339b1cfda231aaca601cd6339c07ca2c-PRP_100_450.cnf
Timeout
Running configuration on file /nfs/home/rzipperer/git/Kissat_hyperparamoptimization/instances/train/d3529338d35aa27e8024932d3b5f64b5-PRP_20_50.cnf
Solved
Running configuration on file /nfs/home/rzipperer/git/Kissat_hyperparamoptimization/instances/train/d66ab8bce1b8979dbd26b3c220e817be-PRP_200_100.cnf
Solved
Running configuration on file /nfs/home/rzipperer/git/Kissat_hyperparamoptimization/instances/train/ddd3b43476c18cf483aac233d4dc1c68-PRP_20_40.cnf
Solved
Running configuration on file /nfs/home/rzipperer/git/Kissat_hyperparamoptimization/instances/train/93a87994c03a7752f85d863239555d48-PRP_30_35.cnf
Solved
Running configuration on file /nfs/home/rzipperer/git/Kissat_hyperparamoptimization/instances/train/150b5f8cac40bb4e0fcbdd65c3c04701-PRP_100_550.cnf
Timeout
Running configuration on file /nfs/home/rzipperer/git/Kissat_hyperparamoptimization/instances/train/1b86f59ce4c43f19f0ad1238f8c362b4-PRP_30_37.cnf
Solved
Running configuration on file /nfs/home/rzipperer/git/Kissat_hyperparamoptimization/instances/train/fdc5aa7c150fd1c49ad3b50433277528-PRP_100_300.cnf
Timeout
Running configuration on file /nfs/home/rzipperer/git/Kissat_hyperparamoptimization/instances/train/98c6da979a0a22d384d465a1da17111e-PRP_100_250.cnf
Timeout
Running configuration on file /nfs/home/rzipperer/git/Kissat_hyperparamoptimization/instances/train/291c2b4fa2d8b009cd2a8331891ba667-PRP_30_40.cnf
Solved
Running configuration on file /nfs/home/rzipperer/git/Kissat_hyperparamoptimization/instances/train/b44611ea7852dd30215cc1cb09e1ab79-PRP_30_39.cnf
Solved
Running configuration on file /nfs/home/rzipperer/git/Kissat_hyperparamoptimization/instances/train/1d42a7c3616ce163e292340cfcd34f97-PRP_100_600.cnf
Timeout
Running configuration on file /nfs/home/rzipperer/git/Kissat_hyperparamoptimization/instances/train/d46c3fc9e953d4f84e8a18e52e29e7b7-PRP_100_350.cnf
Timeout
Running configuration on file /nfs/home/rzipperer/git/Kissat_hyperparamoptimization/instances/train/090eefb9bc472f6478e70baf2c6d2403-PRP_100_150.cnf
Timeout
---Testing configuration---
Configuration(values={
  'backbone': 2,
  'bump': 0,
  'chrono': 1,
  'congruence': 1,
  'eagersubsume': 1,
  'eliminate': 0,
  'emafast': 349118,
  'extract': 1,
  'factor': 1,
  'fastel': 0,
  'forward': 1,
  'jumpreasons': 0,
  'lucky': 1,
  'minimize': 0,
  'otfs': 0,
  'phase': 0,
  'phasesaving': 0,
  'preprocess': 0,
  'probe': 1,
  'promote': 0,
  'randec': 0,
  'reducehigh': 360,
  'reducelow': 283,
  'reluctant': 0,
  'reorder': 1,
  'rephase': 1,
  'restart': 1,
  'shrink': 3,
  'stable': 1,
  'substitute': 0,
  'sweep': 1,
  'target': 0,
  'tier1': 14,
  'tier1relative': 445,
  'tier2': 133,
  'tier2relative': 505,
  'transitive': 0,
  'vivify': 0,
  'warmup': 0,
})
On 20 instances
Worst case runtime for this iteration is 100000 seconds
Running configuration on file /nfs/home/rzipperer/git/Kissat_hyperparamoptimization/instances/train/44ad104c3b0c83b4cfc260583dee2397-PRP_30_36.cnf
Solved
Running configuration on file /nfs/home/rzipperer/git/Kissat_hyperparamoptimization/instances/train/9631e4082abf03e560b889c5715d3979-PRP_30_41.cnf
Solved
Running configuration on file /nfs/home/rzipperer/git/Kissat_hyperparamoptimization/instances/train/ea5b47b3ffb3b8cb77a2cff83cc1ffba-PRP_100_500.cnf
Timeout
Running configuration on file /nfs/home/rzipperer/git/Kissat_hyperparamoptimization/instances/train/a83665715cf54e10f6d5382b97fd909c-PRP_100_400.cnf
Timeout
Running configuration on file /nfs/home/rzipperer/git/Kissat_hyperparamoptimization/instances/train/3a7a64e1d6cf5ce969b2b05b5464f707-PRP_30_38.cnf
Solved
Running configuration on file /nfs/home/rzipperer/git/Kissat_hyperparamoptimization/instances/train/bdc85226a8d910a8b7d6a8730c7a4572-PRP_40_40.cnf
Solved
Running configuration on file /nfs/home/rzipperer/git/Kissat_hyperparamoptimization/instances/train/339b1cfda231aaca601cd6339c07ca2c-PRP_100_450.cnf
Timeout
Running configuration on file /nfs/home/rzipperer/git/Kissat_hyperparamoptimization/instances/train/d3529338d35aa27e8024932d3b5f64b5-PRP_20_50.cnf
Solved
Running configuration on file /nfs/home/rzipperer/git/Kissat_hyperparamoptimization/instances/train/d66ab8bce1b8979dbd26b3c220e817be-PRP_200_100.cnf
Timeout
Running configuration on file /nfs/home/rzipperer/git/Kissat_hyperparamoptimization/instances/train/ddd3b43476c18cf483aac233d4dc1c68-PRP_20_40.cnf
Solved
Running configuration on file /nfs/home/rzipperer/git/Kissat_hyperparamoptimization/instances/train/93a87994c03a7752f85d863239555d48-PRP_30_35.cnf
Solved
Running configuration on file /nfs/home/rzipperer/git/Kissat_hyperparamoptimization/instances/train/150b5f8cac40bb4e0fcbdd65c3c04701-PRP_100_550.cnf
Timeout
Running configuration on file /nfs/home/rzipperer/git/Kissat_hyperparamoptimization/instances/train/1b86f59ce4c43f19f0ad1238f8c362b4-PRP_30_37.cnf
Solved
Running configuration on file /nfs/home/rzipperer/git/Kissat_hyperparamoptimization/instances/train/fdc5aa7c150fd1c49ad3b50433277528-PRP_100_300.cnf
Timeout
Running configuration on file /nfs/home/rzipperer/git/Kissat_hyperparamoptimization/instances/train/98c6da979a0a22d384d465a1da17111e-PRP_100_250.cnf
Timeout
Running configuration on file /nfs/home/rzipperer/git/Kissat_hyperparamoptimization/instances/train/291c2b4fa2d8b009cd2a8331891ba667-PRP_30_40.cnf
Solved
Running configuration on file /nfs/home/rzipperer/git/Kissat_hyperparamoptimization/instances/train/b44611ea7852dd30215cc1cb09e1ab79-PRP_30_39.cnf
Solved
Running configuration on file /nfs/home/rzipperer/git/Kissat_hyperparamoptimization/instances/train/1d42a7c3616ce163e292340cfcd34f97-PRP_100_600.cnf
Timeout
Running configuration on file /nfs/home/rzipperer/git/Kissat_hyperparamoptimization/instances/train/d46c3fc9e953d4f84e8a18e52e29e7b7-PRP_100_350.cnf
Timeout
Running configuration on file /nfs/home/rzipperer/git/Kissat_hyperparamoptimization/instances/train/090eefb9bc472f6478e70baf2c6d2403-PRP_100_150.cnf
Solved
[INFO][smbo.py:328] Configuration budget is exhausted:
[INFO][smbo.py:329] --- Remaining wallclock time: inf
[INFO][smbo.py:330] --- Remaining cpu time: inf
[INFO][smbo.py:331] --- Remaining trials: 0
Configuration(values={
  'backbone': 2,
  'bump': 0,
  'chrono': 1,
  'congruence': 1,
  'eagersubsume': 1,
  'eliminate': 1,
  'emafast': 349118,
  'extract': 0,
  'factor': 0,
  'fastel': 0,
  'forward': 1,
  'jumpreasons': 0,
  'lucky': 1,
  'minimize': 1,
  'otfs': 0,
  'phase': 0,
  'phasesaving': 0,
  'preprocess': 0,
  'probe': 1,
  'promote': 0,
  'randec': 1,
  'reducehigh': 360,
  'reducelow': 283,
  'reluctant': 0,
  'reorder': 1,
  'rephase': 1,
  'restart': 1,
  'shrink': 3,
  'stable': 1,
  'substitute': 1,
  'sweep': 1,
  'target': 1,
  'tier1': 14,
  'tier1relative': 445,
  'tier2': 133,
  'tier2relative': 505,
  'transitive': 0,
  'vivify': 0,
  'warmup': 1,
})
