Getting instances
['/nfs/share/instances/gbd/cnf/07c50b89d97a55b6e1629999a445a2ba-ctl_4201_555_unsat_pre.cnf.xz', '/nfs/share/instances/gbd/cnf/07e6413459f92b613498a719125b6239-j3037_10_mdd_bm1.cnf.xz', '/nfs/share/instances/gbd/cnf/09d7add3bf3b75c5d1023a92e752989a-Break_unsat_04_03.xml.cnf.xz', '/nfs/share/instances/gbd/cnf/0ac6aaf6db6a0e4ec3a06e865d01086f-pcmax-scheduling-m13-2011-12813-UNSAT.sanitized.cnf.xz', '/nfs/share/instances/gbd/cnf/0d3fcbb89bfb8e821058ba3ea4284de1-j3045_10_gmto_b.cnf.xz', '/nfs/share/instances/gbd/cnf/11cc532ecddfb10a47e0a869b4867c1b-Break_triple_20_36.xml.cnf.xz', '/nfs/share/instances/gbd/cnf/1afa2d7a3d817c3149da432eece66da8-worker_550_550_550_0.3.cnf.xz', '/nfs/share/instances/gbd/cnf/207b28c3cefc55b143259222cbfd4962-pcmax-scheduling-m37-28831-324346-SAT.sanitized.cnf.xz', '/nfs/share/instances/gbd/cnf/22b4cf412c811872d6ba5078106aeb6c-j3037_10_rggt_b.cnf.xz', '/nfs/share/instances/gbd/cnf/29e61b1317804fb897e84237613d42bb-worker_30_60_25_0.9.cnf.xz', '/nfs/share/instances/gbd/cnf/2a15a30186afdad41a49c5c5366d01be-Timetable_C_392_E_62_Cl_26_S_28.cnf.xz', '/nfs/share/instances/gbd/cnf/31e788a12ddc8b43ec20e77d53abaa23-pcmax-scheduling-m40-26287-324155-SAT.sanitized.cnf.xz', '/nfs/share/instances/gbd/cnf/32585e66749f42e161e94fc49fd64750-pcmax-scheduling-m26-6398-62377-UNSAT.sanitized.cnf.xz', '/nfs/share/instances/gbd/cnf/33bcf82677b7fdacf18dd48892596a1d-TimetableCNFEncoding_20_UNKNOWN.cnf.xz', '/nfs/share/instances/gbd/cnf/3593875d75d6e836a3ac328c5426c1b5-Break_18_32.xml.cnf.xz', '/nfs/share/instances/gbd/cnf/3988a60c6e93167763c6fd2a347d5859-Break_08_24.xml.cnf.xz', '/nfs/share/instances/gbd/cnf/43e492bccfd57029b758897b17d7f04f-pb_300_09_lb_07.cnf.xz', '/nfs/share/instances/gbd/cnf/44c25de7963c45e92a2407ad839f6e8b-Break_20_72.xml.cnf.xz', '/nfs/share/instances/gbd/cnf/5432e4dd44480fadbd66647db1750c80-pcmax-scheduling-m24-24102-255206-SAT.sanitized.cnf.xz', '/nfs/share/instances/gbd/cnf/576ebc1333f2c466c2dec98792721e1f-j3037_9_rggt_b.cnf.xz', '/nfs/share/instances/gbd/cnf/5952b9f18b73dabb531c60e3ac85d26f-ctl_4291_567_9_unsat.cnf.xz', '/nfs/share/instances/gbd/cnf/5a068ba62fe30e435a76e2ec80896ef4-ITC2021_Middle_1.xml.cnf.xz', '/nfs/share/instances/gbd/cnf/5b5dfab02ce5c12a50be3bc7d7cc42c7-pcmax-scheduling-m15-2352-13561-SAT.sanitized.cnf.xz', '/nfs/share/instances/gbd/cnf/5ea72bcdccc86bd1a924029f7b81aec5-atco_enc1_opt1_10_15.cnf.xz', '/nfs/share/instances/gbd/cnf/62dcbf79f5ecef5618c9d9a00311326c-pcmax-scheduling-m13-1655-9604-UNSAT.sanitized.cnf.xz', '/nfs/share/instances/gbd/cnf/6fc528fc3d0fd5a2c50992feb8bf0357-pcmax-scheduling-m24-17855-226744-SAT.sanitized.cnf.xz', '/nfs/share/instances/gbd/cnf/74f145bb935650f5c982d7eec6967945-pcmax-scheduling-m43-38782-385402-SAT.sanitized.cnf.xz', '/nfs/share/instances/gbd/cnf/7f1c7da531539f3be4a1e0e916913086-pcmax-scheduling-m19-2974-16501-UNSAT.sanitized.cnf.xz', '/nfs/share/instances/gbd/cnf/7f7109dce621ef361a72b3e8cee9a962-Break_unsat_06_07.xml.cnf.xz', '/nfs/share/instances/gbd/cnf/7fca438c38e5b7a70e38778ec146cfe0-ctl_4291_567_2_unsat-sc2013.cnf.xz', '/nfs/share/instances/gbd/cnf/83b330c934d6dd35d56e1b1ca3638b3c-j3037_1_mdd_b.cnf.xz', '/nfs/share/instances/gbd/cnf/94dd280b1562ee7dae44b303b8fed233-Break_unsat_18_31.xml.cnf.xz', '/nfs/share/instances/gbd/cnf/9e85aad5707405fb349c6c5548040cf4-pcmax-scheduling-m35-32274-371389-SAT.sanitized.cnf.xz', '/nfs/share/instances/gbd/cnf/a08e66296d00f480e9ccadd79fa8b904-j3045_4_gmto_b.cnf.xz', '/nfs/share/instances/gbd/cnf/b087c195e5b7bb191d3a701aa0aa8cf1-Break_unsat_14_23.xml.cnf.xz', '/nfs/share/instances/gbd/cnf/bd12a2b66110451b050bd5d2943b1854-ITC2021_Early_10.xml.cnf.xz', '/nfs/share/instances/gbd/cnf/bd8bc25be2b36c64b38459c17e815814-pcmax-scheduling-m11-1517-6802-UNSAT.sanitized.cnf.xz', '/nfs/share/instances/gbd/cnf/be6411f4784a3c879886dda807cdc607-j3037_10_mdd_b.cnf.xz', '/nfs/share/instances/gbd/cnf/bfadd34e71516e95d0ba2a3a8fb2ba03-pcmax-scheduling-m19-10199-62102-UNSAT.sanitized.cnf.xz', '/nfs/share/instances/gbd/cnf/c801a020a6c8bc3c287fea495203b114-worker_20_40_20_0.95.cnf.xz', '/nfs/share/instances/gbd/cnf/ca14adcb9296a7b31d7815c2ed16d0f1-ITC2021_Early_3.xml.cnf.xz', '/nfs/share/instances/gbd/cnf/cc30e4eedbcf9c3bc110894d08781246-j3037_9_mdd_bm1.cnf.xz', '/nfs/share/instances/gbd/cnf/d02fae1e84cfbe799c792ba237f08f66-exam_flat_0.04_2018_3.cnf.xz', '/nfs/share/instances/gbd/cnf/d7627176604d5b86f34d2f5d14d8ee99-worker_40_80_40_0.9.cnf.xz', '/nfs/share/instances/gbd/cnf/da929c2aefde5e59878ad87c4323e581-pcmax-scheduling-m12-8049-55035-SAT.sanitized.cnf.xz', '/nfs/share/instances/gbd/cnf/dafc03ea784fee849febca7b64230558-pcmax-scheduling-m30-14113-167638-UNSAT.sanitized.cnf.xz', '/nfs/share/instances/gbd/cnf/e481a97a93fd6b4303f39024d19c2867-j3037_1_gmto_b.cnf.xz', '/nfs/share/instances/gbd/cnf/eda4aa84aeeb306468396fa82a6bba5a-pb_300_05_lb_17.cnf.xz', '/nfs/share/instances/gbd/cnf/f7e855b18105170b0718086d3f5b5923-j3045_10_rggt_b.cnf.xz', '/nfs/share/instances/gbd/cnf/fae08ac5b6d7eeb4f56f1cfac6c51703-j3045_4_mdd_bm1.cnf.xz', '/nfs/share/instances/gbd/cnf/fb45d41807bcbbbe689de282c1310798-Break_unsat_16_27.xml.cnf.xz']
Shuffling instances with seed 31
Setting up config
Starting smac
[INFO][abstract_initial_design.py:95] Reducing the number of initial configurations from 390 to 2 (max_ratio == 0.25).
[INFO][abstract_initial_design.py:147] Using 2 initial design configurations and 0 additional configurations.
[INFO][abstract_intensifier.py:306] Using only one seed for deterministic scenario.
---Testing configuration---
Configuration(values={
  'backbone': 1,
  'bump': 1,
  'chrono': 0,
  'congruence': 0,
  'eagersubsume': 3,
  'eliminate': 0,
  'emafast': 959976,
  'extract': 1,
  'factor': 1,
  'fastel': 1,
  'forward': 0,
  'jumpreasons': 1,
  'lucky': 0,
  'minimize': 0,
  'otfs': 1,
  'phase': 1,
  'phasesaving': 1,
  'preprocess': 1,
  'probe': 0,
  'promote': 1,
  'randec': 0,
  'reducehigh': 579,
  'reducelow': 683,
  'reluctant': 1,
  'reorder': 2,
  'rephase': 0,
  'restart': 0,
  'shrink': 1,
  'stable': 1,
  'substitute': 0,
  'sweep': 0,
  'target': 1,
  'tier1': 69,
  'tier1relative': 946,
  'tier2': 646,
  'tier2relative': 105,
  'transitive': 1,
  'vivify': 1,
  'warmup': 0,
})
On 20 instances
Worst case runtime for this iteration is 100000 seconds
Running configuration on file /nfs/home/rzipperer/git/Kissat_hyperparamoptimization/instances/train/fae08ac5b6d7eeb4f56f1cfac6c51703-j3045_4_mdd_bm1.cnf
Timeout
Running configuration on file /nfs/home/rzipperer/git/Kissat_hyperparamoptimization/instances/train/5952b9f18b73dabb531c60e3ac85d26f-ctl_4291_567_9_unsat.cnf
Solved
Running configuration on file /nfs/home/rzipperer/git/Kissat_hyperparamoptimization/instances/train/0d3fcbb89bfb8e821058ba3ea4284de1-j3045_10_gmto_b.cnf
Timeout
Running configuration on file /nfs/home/rzipperer/git/Kissat_hyperparamoptimization/instances/train/3988a60c6e93167763c6fd2a347d5859-Break_08_24.xml.cnf
Solved
Running configuration on file /nfs/home/rzipperer/git/Kissat_hyperparamoptimization/instances/train/a08e66296d00f480e9ccadd79fa8b904-j3045_4_gmto_b.cnf
Timeout
Running configuration on file /nfs/home/rzipperer/git/Kissat_hyperparamoptimization/instances/train/43e492bccfd57029b758897b17d7f04f-pb_300_09_lb_07.cnf
Timeout
Running configuration on file /nfs/home/rzipperer/git/Kissat_hyperparamoptimization/instances/train/07e6413459f92b613498a719125b6239-j3037_10_mdd_bm1.cnf
Solved
Running configuration on file /nfs/home/rzipperer/git/Kissat_hyperparamoptimization/instances/train/cc30e4eedbcf9c3bc110894d08781246-j3037_9_mdd_bm1.cnf
Timeout
Running configuration on file /nfs/home/rzipperer/git/Kissat_hyperparamoptimization/instances/train/11cc532ecddfb10a47e0a869b4867c1b-Break_triple_20_36.xml.cnf
Timeout
Running configuration on file /nfs/home/rzipperer/git/Kissat_hyperparamoptimization/instances/train/7fca438c38e5b7a70e38778ec146cfe0-ctl_4291_567_2_unsat-sc2013.cnf
Timeout
Running configuration on file /nfs/home/rzipperer/git/Kissat_hyperparamoptimization/instances/train/576ebc1333f2c466c2dec98792721e1f-j3037_9_rggt_b.cnf
Solved
Running configuration on file /nfs/home/rzipperer/git/Kissat_hyperparamoptimization/instances/train/7f1c7da531539f3be4a1e0e916913086-pcmax-scheduling-m19-2974-16501-UNSAT.sanitized.cnf
Timeout
Running configuration on file /nfs/home/rzipperer/git/Kissat_hyperparamoptimization/instances/train/bd12a2b66110451b050bd5d2943b1854-ITC2021_Early_10.xml.cnf
Timeout
Running configuration on file /nfs/home/rzipperer/git/Kissat_hyperparamoptimization/instances/train/5a068ba62fe30e435a76e2ec80896ef4-ITC2021_Middle_1.xml.cnf
Timeout
Running configuration on file /nfs/home/rzipperer/git/Kissat_hyperparamoptimization/instances/train/bfadd34e71516e95d0ba2a3a8fb2ba03-pcmax-scheduling-m19-10199-62102-UNSAT.sanitized.cnf
Timeout
Running configuration on file /nfs/home/rzipperer/git/Kissat_hyperparamoptimization/instances/train/94dd280b1562ee7dae44b303b8fed233-Break_unsat_18_31.xml.cnf
Timeout
Running configuration on file /nfs/home/rzipperer/git/Kissat_hyperparamoptimization/instances/train/44c25de7963c45e92a2407ad839f6e8b-Break_20_72.xml.cnf
Timeout
Running configuration on file /nfs/home/rzipperer/git/Kissat_hyperparamoptimization/instances/train/5b5dfab02ce5c12a50be3bc7d7cc42c7-pcmax-scheduling-m15-2352-13561-SAT.sanitized.cnf
Timeout
Running configuration on file /nfs/home/rzipperer/git/Kissat_hyperparamoptimization/instances/train/d02fae1e84cfbe799c792ba237f08f66-exam_flat_0.04_2018_3.cnf
Timeout
Running configuration on file /nfs/home/rzipperer/git/Kissat_hyperparamoptimization/instances/train/31e788a12ddc8b43ec20e77d53abaa23-pcmax-scheduling-m40-26287-324155-SAT.sanitized.cnf
Timeout
[INFO][abstract_intensifier.py:516] Added config 36bc04 as new incumbent because there are no incumbents yet.
---Testing configuration---
Configuration(values={
  'backbone': 2,
  'bump': 0,
  'chrono': 1,
  'congruence': 1,
  'eagersubsume': 1,
  'eliminate': 1,
  'emafast': 349118,
  'extract': 0,
  'factor': 0,
  'fastel': 0,
  'forward': 1,
  'jumpreasons': 0,
  'lucky': 1,
  'minimize': 1,
  'otfs': 0,
  'phase': 0,
  'phasesaving': 0,
  'preprocess': 0,
  'probe': 1,
  'promote': 0,
  'randec': 1,
  'reducehigh': 360,
  'reducelow': 283,
  'reluctant': 0,
  'reorder': 1,
  'rephase': 1,
  'restart': 1,
  'shrink': 3,
  'stable': 1,
  'substitute': 1,
  'sweep': 1,
  'target': 1,
  'tier1': 14,
  'tier1relative': 445,
  'tier2': 133,
  'tier2relative': 505,
  'transitive': 0,
  'vivify': 0,
  'warmup': 1,
})
On 20 instances
Worst case runtime for this iteration is 100000 seconds
Running configuration on file /nfs/home/rzipperer/git/Kissat_hyperparamoptimization/instances/train/fae08ac5b6d7eeb4f56f1cfac6c51703-j3045_4_mdd_bm1.cnf
Timeout
Running configuration on file /nfs/home/rzipperer/git/Kissat_hyperparamoptimization/instances/train/5952b9f18b73dabb531c60e3ac85d26f-ctl_4291_567_9_unsat.cnf
Timeout
Running configuration on file /nfs/home/rzipperer/git/Kissat_hyperparamoptimization/instances/train/0d3fcbb89bfb8e821058ba3ea4284de1-j3045_10_gmto_b.cnf
Timeout
Running configuration on file /nfs/home/rzipperer/git/Kissat_hyperparamoptimization/instances/train/3988a60c6e93167763c6fd2a347d5859-Break_08_24.xml.cnf
Solved
Running configuration on file /nfs/home/rzipperer/git/Kissat_hyperparamoptimization/instances/train/a08e66296d00f480e9ccadd79fa8b904-j3045_4_gmto_b.cnf
Timeout
Running configuration on file /nfs/home/rzipperer/git/Kissat_hyperparamoptimization/instances/train/43e492bccfd57029b758897b17d7f04f-pb_300_09_lb_07.cnf
Timeout
Running configuration on file /nfs/home/rzipperer/git/Kissat_hyperparamoptimization/instances/train/07e6413459f92b613498a719125b6239-j3037_10_mdd_bm1.cnf
Solved
Running configuration on file /nfs/home/rzipperer/git/Kissat_hyperparamoptimization/instances/train/cc30e4eedbcf9c3bc110894d08781246-j3037_9_mdd_bm1.cnf
Timeout
Running configuration on file /nfs/home/rzipperer/git/Kissat_hyperparamoptimization/instances/train/11cc532ecddfb10a47e0a869b4867c1b-Break_triple_20_36.xml.cnf
Timeout
Running configuration on file /nfs/home/rzipperer/git/Kissat_hyperparamoptimization/instances/train/7fca438c38e5b7a70e38778ec146cfe0-ctl_4291_567_2_unsat-sc2013.cnf
Timeout
Running configuration on file /nfs/home/rzipperer/git/Kissat_hyperparamoptimization/instances/train/576ebc1333f2c466c2dec98792721e1f-j3037_9_rggt_b.cnf
Timeout
Running configuration on file /nfs/home/rzipperer/git/Kissat_hyperparamoptimization/instances/train/7f1c7da531539f3be4a1e0e916913086-pcmax-scheduling-m19-2974-16501-UNSAT.sanitized.cnf
Timeout
Running configuration on file /nfs/home/rzipperer/git/Kissat_hyperparamoptimization/instances/train/bd12a2b66110451b050bd5d2943b1854-ITC2021_Early_10.xml.cnf
Timeout
Running configuration on file /nfs/home/rzipperer/git/Kissat_hyperparamoptimization/instances/train/5a068ba62fe30e435a76e2ec80896ef4-ITC2021_Middle_1.xml.cnf
Timeout
Running configuration on file /nfs/home/rzipperer/git/Kissat_hyperparamoptimization/instances/train/bfadd34e71516e95d0ba2a3a8fb2ba03-pcmax-scheduling-m19-10199-62102-UNSAT.sanitized.cnf
Timeout
Running configuration on file /nfs/home/rzipperer/git/Kissat_hyperparamoptimization/instances/train/94dd280b1562ee7dae44b303b8fed233-Break_unsat_18_31.xml.cnf
Timeout
Running configuration on file /nfs/home/rzipperer/git/Kissat_hyperparamoptimization/instances/train/44c25de7963c45e92a2407ad839f6e8b-Break_20_72.xml.cnf
Timeout
Running configuration on file /nfs/home/rzipperer/git/Kissat_hyperparamoptimization/instances/train/5b5dfab02ce5c12a50be3bc7d7cc42c7-pcmax-scheduling-m15-2352-13561-SAT.sanitized.cnf
Timeout
Running configuration on file /nfs/home/rzipperer/git/Kissat_hyperparamoptimization/instances/train/d02fae1e84cfbe799c792ba237f08f66-exam_flat_0.04_2018_3.cnf
Timeout
Running configuration on file /nfs/home/rzipperer/git/Kissat_hyperparamoptimization/instances/train/31e788a12ddc8b43ec20e77d53abaa23-pcmax-scheduling-m40-26287-324155-SAT.sanitized.cnf
Timeout
---Testing configuration---
Configuration(values={
  'backbone': 1,
  'bump': 0,
  'chrono': 1,
  'congruence': 0,
  'eagersubsume': 4,
  'eliminate': 0,
  'emafast': 891068,
  'extract': 1,
  'factor': 1,
  'fastel': 0,
  'forward': 0,
  'jumpreasons': 0,
  'lucky': 1,
  'minimize': 1,
  'otfs': 1,
  'phase': 1,
  'phasesaving': 1,
  'preprocess': 1,
  'probe': 0,
  'promote': 0,
  'randec': 0,
  'reducehigh': 911,
  'reducelow': 134,
  'reluctant': 0,
  'reorder': 0,
  'rephase': 1,
  'restart': 1,
  'shrink': 1,
  'stable': 2,
  'substitute': 1,
  'sweep': 1,
  'target': 2,
  'tier1': 28,
  'tier1relative': 270,
  'tier2': 987,
  'tier2relative': 455,
  'transitive': 1,
  'vivify': 0,
  'warmup': 1,
})
On 20 instances
Worst case runtime for this iteration is 100000 seconds
Running configuration on file /nfs/home/rzipperer/git/Kissat_hyperparamoptimization/instances/train/fae08ac5b6d7eeb4f56f1cfac6c51703-j3045_4_mdd_bm1.cnf
Timeout
Running configuration on file /nfs/home/rzipperer/git/Kissat_hyperparamoptimization/instances/train/5952b9f18b73dabb531c60e3ac85d26f-ctl_4291_567_9_unsat.cnf
Timeout
Running configuration on file /nfs/home/rzipperer/git/Kissat_hyperparamoptimization/instances/train/0d3fcbb89bfb8e821058ba3ea4284de1-j3045_10_gmto_b.cnf
Timeout
Running configuration on file /nfs/home/rzipperer/git/Kissat_hyperparamoptimization/instances/train/3988a60c6e93167763c6fd2a347d5859-Break_08_24.xml.cnf
Solved
Running configuration on file /nfs/home/rzipperer/git/Kissat_hyperparamoptimization/instances/train/a08e66296d00f480e9ccadd79fa8b904-j3045_4_gmto_b.cnf
Timeout
Running configuration on file /nfs/home/rzipperer/git/Kissat_hyperparamoptimization/instances/train/43e492bccfd57029b758897b17d7f04f-pb_300_09_lb_07.cnf
Timeout
Running configuration on file /nfs/home/rzipperer/git/Kissat_hyperparamoptimization/instances/train/07e6413459f92b613498a719125b6239-j3037_10_mdd_bm1.cnf
Solved
Running configuration on file /nfs/home/rzipperer/git/Kissat_hyperparamoptimization/instances/train/cc30e4eedbcf9c3bc110894d08781246-j3037_9_mdd_bm1.cnf
Timeout
Running configuration on file /nfs/home/rzipperer/git/Kissat_hyperparamoptimization/instances/train/11cc532ecddfb10a47e0a869b4867c1b-Break_triple_20_36.xml.cnf
Timeout
Running configuration on file /nfs/home/rzipperer/git/Kissat_hyperparamoptimization/instances/train/7fca438c38e5b7a70e38778ec146cfe0-ctl_4291_567_2_unsat-sc2013.cnf
Timeout
Running configuration on file /nfs/home/rzipperer/git/Kissat_hyperparamoptimization/instances/train/576ebc1333f2c466c2dec98792721e1f-j3037_9_rggt_b.cnf
Timeout
Running configuration on file /nfs/home/rzipperer/git/Kissat_hyperparamoptimization/instances/train/7f1c7da531539f3be4a1e0e916913086-pcmax-scheduling-m19-2974-16501-UNSAT.sanitized.cnf
Timeout
Running configuration on file /nfs/home/rzipperer/git/Kissat_hyperparamoptimization/instances/train/bd12a2b66110451b050bd5d2943b1854-ITC2021_Early_10.xml.cnf
Timeout
Running configuration on file /nfs/home/rzipperer/git/Kissat_hyperparamoptimization/instances/train/5a068ba62fe30e435a76e2ec80896ef4-ITC2021_Middle_1.xml.cnf
Timeout
Running configuration on file /nfs/home/rzipperer/git/Kissat_hyperparamoptimization/instances/train/bfadd34e71516e95d0ba2a3a8fb2ba03-pcmax-scheduling-m19-10199-62102-UNSAT.sanitized.cnf
Timeout
Running configuration on file /nfs/home/rzipperer/git/Kissat_hyperparamoptimization/instances/train/94dd280b1562ee7dae44b303b8fed233-Break_unsat_18_31.xml.cnf
Timeout
Running configuration on file /nfs/home/rzipperer/git/Kissat_hyperparamoptimization/instances/train/44c25de7963c45e92a2407ad839f6e8b-Break_20_72.xml.cnf
Timeout
Running configuration on file /nfs/home/rzipperer/git/Kissat_hyperparamoptimization/instances/train/5b5dfab02ce5c12a50be3bc7d7cc42c7-pcmax-scheduling-m15-2352-13561-SAT.sanitized.cnf
Timeout
Running configuration on file /nfs/home/rzipperer/git/Kissat_hyperparamoptimization/instances/train/d02fae1e84cfbe799c792ba237f08f66-exam_flat_0.04_2018_3.cnf
Timeout
Running configuration on file /nfs/home/rzipperer/git/Kissat_hyperparamoptimization/instances/train/31e788a12ddc8b43ec20e77d53abaa23-pcmax-scheduling-m40-26287-324155-SAT.sanitized.cnf
Timeout
---Testing configuration---
Configuration(values={
  'backbone': 1,
  'bump': 0,
  'chrono': 1,
  'congruence': 0,
  'eagersubsume': 1,
  'eliminate': 0,
  'emafast': 373435,
  'extract': 1,
  'factor': 1,
  'fastel': 0,
  'forward': 0,
  'jumpreasons': 0,
  'lucky': 0,
  'minimize': 0,
  'otfs': 1,
  'phase': 1,
  'phasesaving': 0,
  'preprocess': 1,
  'probe': 0,
  'promote': 1,
  'randec': 1,
  'reducehigh': 388,
  'reducelow': 873,
  'reluctant': 0,
  'reorder': 0,
  'rephase': 1,
  'restart': 0,
  'shrink': 0,
  'stable': 0,
  'substitute': 1,
  'sweep': 1,
  'target': 2,
  'tier1': 34,
  'tier1relative': 10,
  'tier2': 712,
  'tier2relative': 828,
  'transitive': 1,
  'vivify': 0,
  'warmup': 1,
})
On 20 instances
Worst case runtime for this iteration is 100000 seconds
Running configuration on file /nfs/home/rzipperer/git/Kissat_hyperparamoptimization/instances/train/fae08ac5b6d7eeb4f56f1cfac6c51703-j3045_4_mdd_bm1.cnf
Timeout
Running configuration on file /nfs/home/rzipperer/git/Kissat_hyperparamoptimization/instances/train/5952b9f18b73dabb531c60e3ac85d26f-ctl_4291_567_9_unsat.cnf
Timeout
Running configuration on file /nfs/home/rzipperer/git/Kissat_hyperparamoptimization/instances/train/0d3fcbb89bfb8e821058ba3ea4284de1-j3045_10_gmto_b.cnf
Timeout
Running configuration on file /nfs/home/rzipperer/git/Kissat_hyperparamoptimization/instances/train/3988a60c6e93167763c6fd2a347d5859-Break_08_24.xml.cnf
Solved
Running configuration on file /nfs/home/rzipperer/git/Kissat_hyperparamoptimization/instances/train/a08e66296d00f480e9ccadd79fa8b904-j3045_4_gmto_b.cnf
Timeout
Running configuration on file /nfs/home/rzipperer/git/Kissat_hyperparamoptimization/instances/train/43e492bccfd57029b758897b17d7f04f-pb_300_09_lb_07.cnf
Timeout
Running configuration on file /nfs/home/rzipperer/git/Kissat_hyperparamoptimization/instances/train/07e6413459f92b613498a719125b6239-j3037_10_mdd_bm1.cnf
Solved
Running configuration on file /nfs/home/rzipperer/git/Kissat_hyperparamoptimization/instances/train/cc30e4eedbcf9c3bc110894d08781246-j3037_9_mdd_bm1.cnf
Timeout
Running configuration on file /nfs/home/rzipperer/git/Kissat_hyperparamoptimization/instances/train/11cc532ecddfb10a47e0a869b4867c1b-Break_triple_20_36.xml.cnf
Timeout
Running configuration on file /nfs/home/rzipperer/git/Kissat_hyperparamoptimization/instances/train/7fca438c38e5b7a70e38778ec146cfe0-ctl_4291_567_2_unsat-sc2013.cnf
Timeout
Running configuration on file /nfs/home/rzipperer/git/Kissat_hyperparamoptimization/instances/train/576ebc1333f2c466c2dec98792721e1f-j3037_9_rggt_b.cnf
Timeout
Running configuration on file /nfs/home/rzipperer/git/Kissat_hyperparamoptimization/instances/train/7f1c7da531539f3be4a1e0e916913086-pcmax-scheduling-m19-2974-16501-UNSAT.sanitized.cnf
Timeout
Running configuration on file /nfs/home/rzipperer/git/Kissat_hyperparamoptimization/instances/train/bd12a2b66110451b050bd5d2943b1854-ITC2021_Early_10.xml.cnf
Timeout
Running configuration on file /nfs/home/rzipperer/git/Kissat_hyperparamoptimization/instances/train/5a068ba62fe30e435a76e2ec80896ef4-ITC2021_Middle_1.xml.cnf
Timeout
Running configuration on file /nfs/home/rzipperer/git/Kissat_hyperparamoptimization/instances/train/bfadd34e71516e95d0ba2a3a8fb2ba03-pcmax-scheduling-m19-10199-62102-UNSAT.sanitized.cnf
Timeout
Running configuration on file /nfs/home/rzipperer/git/Kissat_hyperparamoptimization/instances/train/94dd280b1562ee7dae44b303b8fed233-Break_unsat_18_31.xml.cnf
Timeout
Running configuration on file /nfs/home/rzipperer/git/Kissat_hyperparamoptimization/instances/train/44c25de7963c45e92a2407ad839f6e8b-Break_20_72.xml.cnf
Timeout
Running configuration on file /nfs/home/rzipperer/git/Kissat_hyperparamoptimization/instances/train/5b5dfab02ce5c12a50be3bc7d7cc42c7-pcmax-scheduling-m15-2352-13561-SAT.sanitized.cnf
Timeout
Running configuration on file /nfs/home/rzipperer/git/Kissat_hyperparamoptimization/instances/train/d02fae1e84cfbe799c792ba237f08f66-exam_flat_0.04_2018_3.cnf
Timeout
Running configuration on file /nfs/home/rzipperer/git/Kissat_hyperparamoptimization/instances/train/31e788a12ddc8b43ec20e77d53abaa23-pcmax-scheduling-m40-26287-324155-SAT.sanitized.cnf
Timeout
---Testing configuration---
Configuration(values={
  'backbone': 0,
  'bump': 1,
  'chrono': 0,
  'congruence': 1,
  'eagersubsume': 3,
  'eliminate': 1,
  'emafast': 61895,
  'extract': 0,
  'factor': 0,
  'fastel': 0,
  'forward': 0,
  'jumpreasons': 1,
  'lucky': 0,
  'minimize': 0,
  'otfs': 0,
  'phase': 1,
  'phasesaving': 0,
  'preprocess': 1,
  'probe': 0,
  'promote': 1,
  'randec': 1,
  'reducehigh': 784,
  'reducelow': 378,
  'reluctant': 1,
  'reorder': 0,
  'rephase': 1,
  'restart': 1,
  'shrink': 2,
  'stable': 2,
  'substitute': 1,
  'sweep': 0,
  'target': 1,
  'tier1': 47,
  'tier1relative': 955,
  'tier2': 462,
  'tier2relative': 101,
  'transitive': 1,
  'vivify': 0,
  'warmup': 1,
})
On 20 instances
Worst case runtime for this iteration is 100000 seconds
Running configuration on file /nfs/home/rzipperer/git/Kissat_hyperparamoptimization/instances/train/fae08ac5b6d7eeb4f56f1cfac6c51703-j3045_4_mdd_bm1.cnf
Timeout
Running configuration on file /nfs/home/rzipperer/git/Kissat_hyperparamoptimization/instances/train/5952b9f18b73dabb531c60e3ac85d26f-ctl_4291_567_9_unsat.cnf
Solved
Running configuration on file /nfs/home/rzipperer/git/Kissat_hyperparamoptimization/instances/train/0d3fcbb89bfb8e821058ba3ea4284de1-j3045_10_gmto_b.cnf
Solved
Running configuration on file /nfs/home/rzipperer/git/Kissat_hyperparamoptimization/instances/train/3988a60c6e93167763c6fd2a347d5859-Break_08_24.xml.cnf
Solved
Running configuration on file /nfs/home/rzipperer/git/Kissat_hyperparamoptimization/instances/train/a08e66296d00f480e9ccadd79fa8b904-j3045_4_gmto_b.cnf
Solved
Running configuration on file /nfs/home/rzipperer/git/Kissat_hyperparamoptimization/instances/train/43e492bccfd57029b758897b17d7f04f-pb_300_09_lb_07.cnf
Solved
Running configuration on file /nfs/home/rzipperer/git/Kissat_hyperparamoptimization/instances/train/07e6413459f92b613498a719125b6239-j3037_10_mdd_bm1.cnf
Solved
Running configuration on file /nfs/home/rzipperer/git/Kissat_hyperparamoptimization/instances/train/cc30e4eedbcf9c3bc110894d08781246-j3037_9_mdd_bm1.cnf
Timeout
Running configuration on file /nfs/home/rzipperer/git/Kissat_hyperparamoptimization/instances/train/11cc532ecddfb10a47e0a869b4867c1b-Break_triple_20_36.xml.cnf
Timeout
Running configuration on file /nfs/home/rzipperer/git/Kissat_hyperparamoptimization/instances/train/7fca438c38e5b7a70e38778ec146cfe0-ctl_4291_567_2_unsat-sc2013.cnf
Solved
Running configuration on file /nfs/home/rzipperer/git/Kissat_hyperparamoptimization/instances/train/576ebc1333f2c466c2dec98792721e1f-j3037_9_rggt_b.cnf
Solved
Running configuration on file /nfs/home/rzipperer/git/Kissat_hyperparamoptimization/instances/train/7f1c7da531539f3be4a1e0e916913086-pcmax-scheduling-m19-2974-16501-UNSAT.sanitized.cnf
Solved
Running configuration on file /nfs/home/rzipperer/git/Kissat_hyperparamoptimization/instances/train/bd12a2b66110451b050bd5d2943b1854-ITC2021_Early_10.xml.cnf
Timeout
Running configuration on file /nfs/home/rzipperer/git/Kissat_hyperparamoptimization/instances/train/5a068ba62fe30e435a76e2ec80896ef4-ITC2021_Middle_1.xml.cnf
Timeout
Running configuration on file /nfs/home/rzipperer/git/Kissat_hyperparamoptimization/instances/train/bfadd34e71516e95d0ba2a3a8fb2ba03-pcmax-scheduling-m19-10199-62102-UNSAT.sanitized.cnf
Timeout
Running configuration on file /nfs/home/rzipperer/git/Kissat_hyperparamoptimization/instances/train/94dd280b1562ee7dae44b303b8fed233-Break_unsat_18_31.xml.cnf
Timeout
Running configuration on file /nfs/home/rzipperer/git/Kissat_hyperparamoptimization/instances/train/44c25de7963c45e92a2407ad839f6e8b-Break_20_72.xml.cnf
Solved
Running configuration on file /nfs/home/rzipperer/git/Kissat_hyperparamoptimization/instances/train/5b5dfab02ce5c12a50be3bc7d7cc42c7-pcmax-scheduling-m15-2352-13561-SAT.sanitized.cnf
Timeout
Running configuration on file /nfs/home/rzipperer/git/Kissat_hyperparamoptimization/instances/train/d02fae1e84cfbe799c792ba237f08f66-exam_flat_0.04_2018_3.cnf
Solved
Running configuration on file /nfs/home/rzipperer/git/Kissat_hyperparamoptimization/instances/train/31e788a12ddc8b43ec20e77d53abaa23-pcmax-scheduling-m40-26287-324155-SAT.sanitized.cnf
Timeout
[INFO][abstract_intensifier.py:595] Added config 77fc06 and rejected config 36bc04 as incumbent because it is not better than the incumbents on 1 instances:
---Testing configuration---
Configuration(values={
  'backbone': 0,
  'bump': 0,
  'chrono': 1,
  'congruence': 1,
  'eagersubsume': 3,
  'eliminate': 1,
  'emafast': 160126,
  'extract': 0,
  'factor': 1,
  'fastel': 1,
  'forward': 0,
  'jumpreasons': 1,
  'lucky': 1,
  'minimize': 0,
  'otfs': 1,
  'phase': 0,
  'phasesaving': 1,
  'preprocess': 1,
  'probe': 0,
  'promote': 1,
  'randec': 0,
  'reducehigh': 215,
  'reducelow': 812,
  'reluctant': 0,
  'reorder': 1,
  'rephase': 0,
  'restart': 0,
  'shrink': 2,
  'stable': 0,
  'substitute': 1,
  'sweep': 0,
  'target': 0,
  'tier1': 49,
  'tier1relative': 377,
  'tier2': 228,
  'tier2relative': 450,
  'transitive': 1,
  'vivify': 1,
  'warmup': 0,
})
On 20 instances
Worst case runtime for this iteration is 100000 seconds
Running configuration on file /nfs/home/rzipperer/git/Kissat_hyperparamoptimization/instances/train/fae08ac5b6d7eeb4f56f1cfac6c51703-j3045_4_mdd_bm1.cnf
Timeout
Running configuration on file /nfs/home/rzipperer/git/Kissat_hyperparamoptimization/instances/train/5952b9f18b73dabb531c60e3ac85d26f-ctl_4291_567_9_unsat.cnf
Timeout
Running configuration on file /nfs/home/rzipperer/git/Kissat_hyperparamoptimization/instances/train/0d3fcbb89bfb8e821058ba3ea4284de1-j3045_10_gmto_b.cnf
Timeout
Running configuration on file /nfs/home/rzipperer/git/Kissat_hyperparamoptimization/instances/train/3988a60c6e93167763c6fd2a347d5859-Break_08_24.xml.cnf
Solved
Running configuration on file /nfs/home/rzipperer/git/Kissat_hyperparamoptimization/instances/train/a08e66296d00f480e9ccadd79fa8b904-j3045_4_gmto_b.cnf
Timeout
Running configuration on file /nfs/home/rzipperer/git/Kissat_hyperparamoptimization/instances/train/43e492bccfd57029b758897b17d7f04f-pb_300_09_lb_07.cnf
Timeout
Running configuration on file /nfs/home/rzipperer/git/Kissat_hyperparamoptimization/instances/train/07e6413459f92b613498a719125b6239-j3037_10_mdd_bm1.cnf
Timeout
Running configuration on file /nfs/home/rzipperer/git/Kissat_hyperparamoptimization/instances/train/cc30e4eedbcf9c3bc110894d08781246-j3037_9_mdd_bm1.cnf
Timeout
Running configuration on file /nfs/home/rzipperer/git/Kissat_hyperparamoptimization/instances/train/11cc532ecddfb10a47e0a869b4867c1b-Break_triple_20_36.xml.cnf
Timeout
Running configuration on file /nfs/home/rzipperer/git/Kissat_hyperparamoptimization/instances/train/7fca438c38e5b7a70e38778ec146cfe0-ctl_4291_567_2_unsat-sc2013.cnf
Timeout
Running configuration on file /nfs/home/rzipperer/git/Kissat_hyperparamoptimization/instances/train/576ebc1333f2c466c2dec98792721e1f-j3037_9_rggt_b.cnf
Timeout
Running configuration on file /nfs/home/rzipperer/git/Kissat_hyperparamoptimization/instances/train/7f1c7da531539f3be4a1e0e916913086-pcmax-scheduling-m19-2974-16501-UNSAT.sanitized.cnf
Solved
Running configuration on file /nfs/home/rzipperer/git/Kissat_hyperparamoptimization/instances/train/bd12a2b66110451b050bd5d2943b1854-ITC2021_Early_10.xml.cnf
Timeout
Running configuration on file /nfs/home/rzipperer/git/Kissat_hyperparamoptimization/instances/train/5a068ba62fe30e435a76e2ec80896ef4-ITC2021_Middle_1.xml.cnf
Timeout
Running configuration on file /nfs/home/rzipperer/git/Kissat_hyperparamoptimization/instances/train/bfadd34e71516e95d0ba2a3a8fb2ba03-pcmax-scheduling-m19-10199-62102-UNSAT.sanitized.cnf
Timeout
Running configuration on file /nfs/home/rzipperer/git/Kissat_hyperparamoptimization/instances/train/94dd280b1562ee7dae44b303b8fed233-Break_unsat_18_31.xml.cnf
Timeout
Running configuration on file /nfs/home/rzipperer/git/Kissat_hyperparamoptimization/instances/train/44c25de7963c45e92a2407ad839f6e8b-Break_20_72.xml.cnf
Timeout
Running configuration on file /nfs/home/rzipperer/git/Kissat_hyperparamoptimization/instances/train/5b5dfab02ce5c12a50be3bc7d7cc42c7-pcmax-scheduling-m15-2352-13561-SAT.sanitized.cnf
Timeout
Running configuration on file /nfs/home/rzipperer/git/Kissat_hyperparamoptimization/instances/train/d02fae1e84cfbe799c792ba237f08f66-exam_flat_0.04_2018_3.cnf
Timeout
Running configuration on file /nfs/home/rzipperer/git/Kissat_hyperparamoptimization/instances/train/31e788a12ddc8b43ec20e77d53abaa23-pcmax-scheduling-m40-26287-324155-SAT.sanitized.cnf
Timeout
---Testing configuration---
Configuration(values={
  'backbone': 0,
  'bump': 1,
  'chrono': 0,
  'congruence': 0,
  'eagersubsume': 2,
  'eliminate': 0,
  'emafast': 47343,
  'extract': 0,
  'factor': 0,
  'fastel': 0,
  'forward': 0,
  'jumpreasons': 1,
  'lucky': 0,
  'minimize': 0,
  'otfs': 1,
  'phase': 1,
  'phasesaving': 0,
  'preprocess': 1,
  'probe': 0,
  'promote': 0,
  'randec': 1,
  'reducehigh': 448,
  'reducelow': 320,
  'reluctant': 0,
  'reorder': 0,
  'rephase': 0,
  'restart': 0,
  'shrink': 0,
  'stable': 2,
  'substitute': 1,
  'sweep': 1,
  'target': 1,
  'tier1': 30,
  'tier1relative': 796,
  'tier2': 541,
  'tier2relative': 84,
  'transitive': 1,
  'vivify': 1,
  'warmup': 0,
})
On 20 instances
Worst case runtime for this iteration is 100000 seconds
Running configuration on file /nfs/home/rzipperer/git/Kissat_hyperparamoptimization/instances/train/fae08ac5b6d7eeb4f56f1cfac6c51703-j3045_4_mdd_bm1.cnf
Timeout
Running configuration on file /nfs/home/rzipperer/git/Kissat_hyperparamoptimization/instances/train/5952b9f18b73dabb531c60e3ac85d26f-ctl_4291_567_9_unsat.cnf
Solved
Running configuration on file /nfs/home/rzipperer/git/Kissat_hyperparamoptimization/instances/train/0d3fcbb89bfb8e821058ba3ea4284de1-j3045_10_gmto_b.cnf
Timeout
Running configuration on file /nfs/home/rzipperer/git/Kissat_hyperparamoptimization/instances/train/3988a60c6e93167763c6fd2a347d5859-Break_08_24.xml.cnf
Solved
Running configuration on file /nfs/home/rzipperer/git/Kissat_hyperparamoptimization/instances/train/a08e66296d00f480e9ccadd79fa8b904-j3045_4_gmto_b.cnf
Timeout
Running configuration on file /nfs/home/rzipperer/git/Kissat_hyperparamoptimization/instances/train/43e492bccfd57029b758897b17d7f04f-pb_300_09_lb_07.cnf
Timeout
Running configuration on file /nfs/home/rzipperer/git/Kissat_hyperparamoptimization/instances/train/07e6413459f92b613498a719125b6239-j3037_10_mdd_bm1.cnf
Solved
Running configuration on file /nfs/home/rzipperer/git/Kissat_hyperparamoptimization/instances/train/cc30e4eedbcf9c3bc110894d08781246-j3037_9_mdd_bm1.cnf
Timeout
Running configuration on file /nfs/home/rzipperer/git/Kissat_hyperparamoptimization/instances/train/11cc532ecddfb10a47e0a869b4867c1b-Break_triple_20_36.xml.cnf
Timeout
Running configuration on file /nfs/home/rzipperer/git/Kissat_hyperparamoptimization/instances/train/7fca438c38e5b7a70e38778ec146cfe0-ctl_4291_567_2_unsat-sc2013.cnf
Timeout
Running configuration on file /nfs/home/rzipperer/git/Kissat_hyperparamoptimization/instances/train/576ebc1333f2c466c2dec98792721e1f-j3037_9_rggt_b.cnf
Timeout
Running configuration on file /nfs/home/rzipperer/git/Kissat_hyperparamoptimization/instances/train/7f1c7da531539f3be4a1e0e916913086-pcmax-scheduling-m19-2974-16501-UNSAT.sanitized.cnf
Timeout
Running configuration on file /nfs/home/rzipperer/git/Kissat_hyperparamoptimization/instances/train/bd12a2b66110451b050bd5d2943b1854-ITC2021_Early_10.xml.cnf
Timeout
Running configuration on file /nfs/home/rzipperer/git/Kissat_hyperparamoptimization/instances/train/5a068ba62fe30e435a76e2ec80896ef4-ITC2021_Middle_1.xml.cnf
Timeout
Running configuration on file /nfs/home/rzipperer/git/Kissat_hyperparamoptimization/instances/train/bfadd34e71516e95d0ba2a3a8fb2ba03-pcmax-scheduling-m19-10199-62102-UNSAT.sanitized.cnf
Timeout
Running configuration on file /nfs/home/rzipperer/git/Kissat_hyperparamoptimization/instances/train/94dd280b1562ee7dae44b303b8fed233-Break_unsat_18_31.xml.cnf
Timeout
Running configuration on file /nfs/home/rzipperer/git/Kissat_hyperparamoptimization/instances/train/44c25de7963c45e92a2407ad839f6e8b-Break_20_72.xml.cnf
Timeout
Running configuration on file /nfs/home/rzipperer/git/Kissat_hyperparamoptimization/instances/train/5b5dfab02ce5c12a50be3bc7d7cc42c7-pcmax-scheduling-m15-2352-13561-SAT.sanitized.cnf
Timeout
Running configuration on file /nfs/home/rzipperer/git/Kissat_hyperparamoptimization/instances/train/d02fae1e84cfbe799c792ba237f08f66-exam_flat_0.04_2018_3.cnf
Timeout
Running configuration on file /nfs/home/rzipperer/git/Kissat_hyperparamoptimization/instances/train/31e788a12ddc8b43ec20e77d53abaa23-pcmax-scheduling-m40-26287-324155-SAT.sanitized.cnf
Timeout
---Testing configuration---
Configuration(values={
  'backbone': 0,
  'bump': 1,
  'chrono': 1,
  'congruence': 1,
  'eagersubsume': 1,
  'eliminate': 0,
  'emafast': 628120,
  'extract': 0,
  'factor': 0,
  'fastel': 0,
  'forward': 0,
  'jumpreasons': 0,
  'lucky': 1,
  'minimize': 1,
  'otfs': 1,
  'phase': 1,
  'phasesaving': 0,
  'preprocess': 1,
  'probe': 0,
  'promote': 1,
  'randec': 0,
  'reducehigh': 93,
  'reducelow': 953,
  'reluctant': 1,
  'reorder': 2,
  'rephase': 1,
  'restart': 0,
  'shrink': 2,
  'stable': 0,
  'substitute': 0,
  'sweep': 1,
  'target': 0,
  'tier1': 44,
  'tier1relative': 236,
  'tier2': 640,
  'tier2relative': 691,
  'transitive': 1,
  'vivify': 1,
  'warmup': 1,
})
On 20 instances
Worst case runtime for this iteration is 100000 seconds
Running configuration on file /nfs/home/rzipperer/git/Kissat_hyperparamoptimization/instances/train/fae08ac5b6d7eeb4f56f1cfac6c51703-j3045_4_mdd_bm1.cnf
Solved
Running configuration on file /nfs/home/rzipperer/git/Kissat_hyperparamoptimization/instances/train/5952b9f18b73dabb531c60e3ac85d26f-ctl_4291_567_9_unsat.cnf
Timeout
Running configuration on file /nfs/home/rzipperer/git/Kissat_hyperparamoptimization/instances/train/0d3fcbb89bfb8e821058ba3ea4284de1-j3045_10_gmto_b.cnf
Timeout
Running configuration on file /nfs/home/rzipperer/git/Kissat_hyperparamoptimization/instances/train/3988a60c6e93167763c6fd2a347d5859-Break_08_24.xml.cnf
Solved
Running configuration on file /nfs/home/rzipperer/git/Kissat_hyperparamoptimization/instances/train/a08e66296d00f480e9ccadd79fa8b904-j3045_4_gmto_b.cnf
Timeout
Running configuration on file /nfs/home/rzipperer/git/Kissat_hyperparamoptimization/instances/train/43e492bccfd57029b758897b17d7f04f-pb_300_09_lb_07.cnf
Timeout
Running configuration on file /nfs/home/rzipperer/git/Kissat_hyperparamoptimization/instances/train/07e6413459f92b613498a719125b6239-j3037_10_mdd_bm1.cnf
Solved
Running configuration on file /nfs/home/rzipperer/git/Kissat_hyperparamoptimization/instances/train/cc30e4eedbcf9c3bc110894d08781246-j3037_9_mdd_bm1.cnf
Timeout
Running configuration on file /nfs/home/rzipperer/git/Kissat_hyperparamoptimization/instances/train/11cc532ecddfb10a47e0a869b4867c1b-Break_triple_20_36.xml.cnf
Timeout
Running configuration on file /nfs/home/rzipperer/git/Kissat_hyperparamoptimization/instances/train/7fca438c38e5b7a70e38778ec146cfe0-ctl_4291_567_2_unsat-sc2013.cnf
Timeout
Running configuration on file /nfs/home/rzipperer/git/Kissat_hyperparamoptimization/instances/train/576ebc1333f2c466c2dec98792721e1f-j3037_9_rggt_b.cnf
Solved
Running configuration on file /nfs/home/rzipperer/git/Kissat_hyperparamoptimization/instances/train/7f1c7da531539f3be4a1e0e916913086-pcmax-scheduling-m19-2974-16501-UNSAT.sanitized.cnf
Solved
Running configuration on file /nfs/home/rzipperer/git/Kissat_hyperparamoptimization/instances/train/bd12a2b66110451b050bd5d2943b1854-ITC2021_Early_10.xml.cnf
Timeout
Running configuration on file /nfs/home/rzipperer/git/Kissat_hyperparamoptimization/instances/train/5a068ba62fe30e435a76e2ec80896ef4-ITC2021_Middle_1.xml.cnf
Timeout
Running configuration on file /nfs/home/rzipperer/git/Kissat_hyperparamoptimization/instances/train/bfadd34e71516e95d0ba2a3a8fb2ba03-pcmax-scheduling-m19-10199-62102-UNSAT.sanitized.cnf
Timeout
Running configuration on file /nfs/home/rzipperer/git/Kissat_hyperparamoptimization/instances/train/94dd280b1562ee7dae44b303b8fed233-Break_unsat_18_31.xml.cnf
Timeout
Running configuration on file /nfs/home/rzipperer/git/Kissat_hyperparamoptimization/instances/train/44c25de7963c45e92a2407ad839f6e8b-Break_20_72.xml.cnf
Timeout
Running configuration on file /nfs/home/rzipperer/git/Kissat_hyperparamoptimization/instances/train/5b5dfab02ce5c12a50be3bc7d7cc42c7-pcmax-scheduling-m15-2352-13561-SAT.sanitized.cnf
Timeout
Running configuration on file /nfs/home/rzipperer/git/Kissat_hyperparamoptimization/instances/train/d02fae1e84cfbe799c792ba237f08f66-exam_flat_0.04_2018_3.cnf
Timeout
Running configuration on file /nfs/home/rzipperer/git/Kissat_hyperparamoptimization/instances/train/31e788a12ddc8b43ec20e77d53abaa23-pcmax-scheduling-m40-26287-324155-SAT.sanitized.cnf
Timeout
---Testing configuration---
Configuration(values={
  'backbone': 1,
  'bump': 0,
  'chrono': 0,
  'congruence': 0,
  'eagersubsume': 4,
  'eliminate': 0,
  'emafast': 119198,
  'extract': 1,
  'factor': 0,
  'fastel': 1,
  'forward': 0,
  'jumpreasons': 1,
  'lucky': 0,
  'minimize': 1,
  'otfs': 1,
  'phase': 0,
  'phasesaving': 0,
  'preprocess': 1,
  'probe': 0,
  'promote': 0,
  'randec': 1,
  'reducehigh': 913,
  'reducelow': 614,
  'reluctant': 0,
  'reorder': 0,
  'rephase': 0,
  'restart': 0,
  'shrink': 2,
  'stable': 0,
  'substitute': 0,
  'sweep': 0,
  'target': 1,
  'tier1': 12,
  'tier1relative': 470,
  'tier2': 334,
  'tier2relative': 238,
  'transitive': 0,
  'vivify': 0,
  'warmup': 1,
})
On 20 instances
Worst case runtime for this iteration is 100000 seconds
Running configuration on file /nfs/home/rzipperer/git/Kissat_hyperparamoptimization/instances/train/fae08ac5b6d7eeb4f56f1cfac6c51703-j3045_4_mdd_bm1.cnf
Timeout
Running configuration on file /nfs/home/rzipperer/git/Kissat_hyperparamoptimization/instances/train/5952b9f18b73dabb531c60e3ac85d26f-ctl_4291_567_9_unsat.cnf
Timeout
Running configuration on file /nfs/home/rzipperer/git/Kissat_hyperparamoptimization/instances/train/0d3fcbb89bfb8e821058ba3ea4284de1-j3045_10_gmto_b.cnf
Timeout
Running configuration on file /nfs/home/rzipperer/git/Kissat_hyperparamoptimization/instances/train/3988a60c6e93167763c6fd2a347d5859-Break_08_24.xml.cnf
Solved
Running configuration on file /nfs/home/rzipperer/git/Kissat_hyperparamoptimization/instances/train/a08e66296d00f480e9ccadd79fa8b904-j3045_4_gmto_b.cnf
