Getting instances
['/nfs/share/instances/gbd/cnf/06b138e8a6da806e88ac7da2919cef30-grs-192-32.cnf.xz', '/nfs/share/instances/gbd/cnf/0d3e99a07b6a6b67ac59d706c0af9d68-grs-32-160.cnf.xz', '/nfs/share/instances/gbd/cnf/20cae5fe475d571da703f89d5da4bb8f-grs-96-32.cnf.xz', '/nfs/share/instances/gbd/cnf/2f219dfa21d996e1834aa247f934f304-grs-192-48.cnf.xz', '/nfs/share/instances/gbd/cnf/3498eea73b78ddc444cbee48b121c541-grs-64-160.cnf.xz', '/nfs/share/instances/gbd/cnf/385a678ba820d79c6fb5f497adaf32ec-grs-48-128.cnf.xz', '/nfs/share/instances/gbd/cnf/40ae60a61929b6bfa2ac99ab4b9a0f7e-grs-96-192.cnf.xz', '/nfs/share/instances/gbd/cnf/46e119b7ff8d0781354bfe68139c99b5-grs-96-96.cnf.xz', '/nfs/share/instances/gbd/cnf/6b2ccabf0304af478a558b8a333ced32-grs-192-256.cnf.xz', '/nfs/share/instances/gbd/cnf/792495b57d6145fd21d7076eab2ab06a-grs-64-64.cnf.xz', '/nfs/share/instances/gbd/cnf/79c109a8c1da53c6b636d3835f11a19d-grs-64-32.cnf.xz', '/nfs/share/instances/gbd/cnf/89120de895868a3fccd74f30f78a5448-grs-192-160.cnf.xz', '/nfs/share/instances/gbd/cnf/9777418f75e1dfbd7d34e9b0ba4bf0b5-grs-64-128.cnf.xz', '/nfs/share/instances/gbd/cnf/a0c7aea176b5a2b65c27c8af7039326b-grs-160-64.cnf.xz', '/nfs/share/instances/gbd/cnf/a1276d5dcb822aa03806df58fa9ca1c8-grs-128-32.cnf.xz', '/nfs/share/instances/gbd/cnf/a7bbcc6535cca5a37f015f29090e8797-grs-48-256.cnf.xz', '/nfs/share/instances/gbd/cnf/b6c44ccb3174b7f0a69185b11de86cfa-grs-128-64.cnf.xz', '/nfs/share/instances/gbd/cnf/dbe18c99e95ac42816b99b96d36a8732-grs-32-256.cnf.xz', '/nfs/share/instances/gbd/cnf/f55acea8f0d207becbbbd26a11d97841-grs-48-160.cnf.xz']
Shuffling instances with seed 31
Setting up config
Starting smac
[INFO][abstract_initial_design.py:95] Reducing the number of initial configurations from 390 to 2 (max_ratio == 0.25).
[INFO][abstract_initial_design.py:147] Using 2 initial design configurations and 0 additional configurations.
[INFO][abstract_intensifier.py:306] Using only one seed for deterministic scenario.
---Testing configuration---
Configuration(values={
  'backbone': 1,
  'bump': 1,
  'chrono': 0,
  'congruence': 0,
  'eagersubsume': 3,
  'eliminate': 0,
  'emafast': 959976,
  'extract': 1,
  'factor': 1,
  'fastel': 1,
  'forward': 0,
  'jumpreasons': 1,
  'lucky': 0,
  'minimize': 0,
  'otfs': 1,
  'phase': 1,
  'phasesaving': 1,
  'preprocess': 1,
  'probe': 0,
  'promote': 1,
  'randec': 0,
  'reducehigh': 579,
  'reducelow': 683,
  'reluctant': 1,
  'reorder': 2,
  'rephase': 0,
  'restart': 0,
  'shrink': 1,
  'stable': 1,
  'substitute': 0,
  'sweep': 0,
  'target': 1,
  'tier1': 69,
  'tier1relative': 946,
  'tier2': 646,
  'tier2relative': 105,
  'transitive': 1,
  'vivify': 1,
  'warmup': 0,
})
On 19 instances
Worst case runtime for this iteration is 95000 seconds
Running configuration on file /nfs/home/rzipperer/git/Kissat_hyperparamoptimization/instances/train/40ae60a61929b6bfa2ac99ab4b9a0f7e-grs-96-192.cnf
Timeout
Running configuration on file /nfs/home/rzipperer/git/Kissat_hyperparamoptimization/instances/train/46e119b7ff8d0781354bfe68139c99b5-grs-96-96.cnf
Timeout
Running configuration on file /nfs/home/rzipperer/git/Kissat_hyperparamoptimization/instances/train/792495b57d6145fd21d7076eab2ab06a-grs-64-64.cnf
Timeout
Running configuration on file /nfs/home/rzipperer/git/Kissat_hyperparamoptimization/instances/train/3498eea73b78ddc444cbee48b121c541-grs-64-160.cnf
Timeout
Running configuration on file /nfs/home/rzipperer/git/Kissat_hyperparamoptimization/instances/train/dbe18c99e95ac42816b99b96d36a8732-grs-32-256.cnf
Timeout
Running configuration on file /nfs/home/rzipperer/git/Kissat_hyperparamoptimization/instances/train/385a678ba820d79c6fb5f497adaf32ec-grs-48-128.cnf
Timeout
Running configuration on file /nfs/home/rzipperer/git/Kissat_hyperparamoptimization/instances/train/a0c7aea176b5a2b65c27c8af7039326b-grs-160-64.cnf
Timeout
Running configuration on file /nfs/home/rzipperer/git/Kissat_hyperparamoptimization/instances/train/89120de895868a3fccd74f30f78a5448-grs-192-160.cnf
Timeout
Running configuration on file /nfs/home/rzipperer/git/Kissat_hyperparamoptimization/instances/train/b6c44ccb3174b7f0a69185b11de86cfa-grs-128-64.cnf
Timeout
Running configuration on file /nfs/home/rzipperer/git/Kissat_hyperparamoptimization/instances/train/6b2ccabf0304af478a558b8a333ced32-grs-192-256.cnf
Timeout
Running configuration on file /nfs/home/rzipperer/git/Kissat_hyperparamoptimization/instances/train/0d3e99a07b6a6b67ac59d706c0af9d68-grs-32-160.cnf
Timeout
Running configuration on file /nfs/home/rzipperer/git/Kissat_hyperparamoptimization/instances/train/a1276d5dcb822aa03806df58fa9ca1c8-grs-128-32.cnf
Timeout
Running configuration on file /nfs/home/rzipperer/git/Kissat_hyperparamoptimization/instances/train/f55acea8f0d207becbbbd26a11d97841-grs-48-160.cnf
Timeout
Running configuration on file /nfs/home/rzipperer/git/Kissat_hyperparamoptimization/instances/train/79c109a8c1da53c6b636d3835f11a19d-grs-64-32.cnf
Solved
Instance /nfs/home/rzipperer/git/Kissat_hyperparamoptimization/instances/train/79c109a8c1da53c6b636d3835f11a19d-grs-64-32.cnffinished after 2681.8771092891693 seconds
Running configuration on file /nfs/home/rzipperer/git/Kissat_hyperparamoptimization/instances/train/20cae5fe475d571da703f89d5da4bb8f-grs-96-32.cnf
Solved
Instance /nfs/home/rzipperer/git/Kissat_hyperparamoptimization/instances/train/20cae5fe475d571da703f89d5da4bb8f-grs-96-32.cnffinished after 4660.914116859436 seconds
Running configuration on file /nfs/home/rzipperer/git/Kissat_hyperparamoptimization/instances/train/9777418f75e1dfbd7d34e9b0ba4bf0b5-grs-64-128.cnf
Timeout
Running configuration on file /nfs/home/rzipperer/git/Kissat_hyperparamoptimization/instances/train/2f219dfa21d996e1834aa247f934f304-grs-192-48.cnf
Timeout
Running configuration on file /nfs/home/rzipperer/git/Kissat_hyperparamoptimization/instances/train/a7bbcc6535cca5a37f015f29090e8797-grs-48-256.cnf
Timeout
Running configuration on file /nfs/home/rzipperer/git/Kissat_hyperparamoptimization/instances/train/06b138e8a6da806e88ac7da2919cef30-grs-192-32.cnf
Timeout
[INFO][abstract_intensifier.py:516] Added config 36bc04 as new incumbent because there are no incumbents yet.
---Testing configuration---
Configuration(values={
  'backbone': 2,
  'bump': 0,
  'chrono': 1,
  'congruence': 1,
  'eagersubsume': 1,
  'eliminate': 1,
  'emafast': 349118,
  'extract': 0,
  'factor': 0,
  'fastel': 0,
  'forward': 1,
  'jumpreasons': 0,
  'lucky': 1,
  'minimize': 1,
  'otfs': 0,
  'phase': 0,
  'phasesaving': 0,
  'preprocess': 0,
  'probe': 1,
  'promote': 0,
  'randec': 1,
  'reducehigh': 360,
  'reducelow': 283,
  'reluctant': 0,
  'reorder': 1,
  'rephase': 1,
  'restart': 1,
  'shrink': 3,
  'stable': 1,
  'substitute': 1,
  'sweep': 1,
  'target': 1,
  'tier1': 14,
  'tier1relative': 445,
  'tier2': 133,
  'tier2relative': 505,
  'transitive': 0,
  'vivify': 0,
  'warmup': 1,
})
On 19 instances
Worst case runtime for this iteration is 95000 seconds
Running configuration on file /nfs/home/rzipperer/git/Kissat_hyperparamoptimization/instances/train/40ae60a61929b6bfa2ac99ab4b9a0f7e-grs-96-192.cnf
Timeout
Running configuration on file /nfs/home/rzipperer/git/Kissat_hyperparamoptimization/instances/train/46e119b7ff8d0781354bfe68139c99b5-grs-96-96.cnf
Timeout
Running configuration on file /nfs/home/rzipperer/git/Kissat_hyperparamoptimization/instances/train/792495b57d6145fd21d7076eab2ab06a-grs-64-64.cnf
Timeout
Running configuration on file /nfs/home/rzipperer/git/Kissat_hyperparamoptimization/instances/train/3498eea73b78ddc444cbee48b121c541-grs-64-160.cnf
Timeout
Running configuration on file /nfs/home/rzipperer/git/Kissat_hyperparamoptimization/instances/train/dbe18c99e95ac42816b99b96d36a8732-grs-32-256.cnf
Timeout
Running configuration on file /nfs/home/rzipperer/git/Kissat_hyperparamoptimization/instances/train/385a678ba820d79c6fb5f497adaf32ec-grs-48-128.cnf
Timeout
Running configuration on file /nfs/home/rzipperer/git/Kissat_hyperparamoptimization/instances/train/a0c7aea176b5a2b65c27c8af7039326b-grs-160-64.cnf
Timeout
Running configuration on file /nfs/home/rzipperer/git/Kissat_hyperparamoptimization/instances/train/89120de895868a3fccd74f30f78a5448-grs-192-160.cnf
Timeout
Running configuration on file /nfs/home/rzipperer/git/Kissat_hyperparamoptimization/instances/train/b6c44ccb3174b7f0a69185b11de86cfa-grs-128-64.cnf
Timeout
Running configuration on file /nfs/home/rzipperer/git/Kissat_hyperparamoptimization/instances/train/6b2ccabf0304af478a558b8a333ced32-grs-192-256.cnf
Timeout
Running configuration on file /nfs/home/rzipperer/git/Kissat_hyperparamoptimization/instances/train/0d3e99a07b6a6b67ac59d706c0af9d68-grs-32-160.cnf
Timeout
Running configuration on file /nfs/home/rzipperer/git/Kissat_hyperparamoptimization/instances/train/a1276d5dcb822aa03806df58fa9ca1c8-grs-128-32.cnf
Timeout
Running configuration on file /nfs/home/rzipperer/git/Kissat_hyperparamoptimization/instances/train/f55acea8f0d207becbbbd26a11d97841-grs-48-160.cnf
Timeout
Running configuration on file /nfs/home/rzipperer/git/Kissat_hyperparamoptimization/instances/train/79c109a8c1da53c6b636d3835f11a19d-grs-64-32.cnf
Solved
Instance /nfs/home/rzipperer/git/Kissat_hyperparamoptimization/instances/train/79c109a8c1da53c6b636d3835f11a19d-grs-64-32.cnffinished after 4222.18937587738 seconds
Running configuration on file /nfs/home/rzipperer/git/Kissat_hyperparamoptimization/instances/train/20cae5fe475d571da703f89d5da4bb8f-grs-96-32.cnf
Solved
Instance /nfs/home/rzipperer/git/Kissat_hyperparamoptimization/instances/train/20cae5fe475d571da703f89d5da4bb8f-grs-96-32.cnffinished after 3156.952650308609 seconds
Running configuration on file /nfs/home/rzipperer/git/Kissat_hyperparamoptimization/instances/train/9777418f75e1dfbd7d34e9b0ba4bf0b5-grs-64-128.cnf
Timeout
Running configuration on file /nfs/home/rzipperer/git/Kissat_hyperparamoptimization/instances/train/2f219dfa21d996e1834aa247f934f304-grs-192-48.cnf
Timeout
Running configuration on file /nfs/home/rzipperer/git/Kissat_hyperparamoptimization/instances/train/a7bbcc6535cca5a37f015f29090e8797-grs-48-256.cnf
