Getting instances
['/nfs/share/instances/gbd/cnf/0a4ed112f2cdc0a524976a15d1821097-cliquecoloring_n12_k9_c8.cnf.xz', '/nfs/share/instances/gbd/cnf/18c0eb461bda29214bd43b84199a3b61-cliquecolouring_n31_k5_c4.sanitized.cnf.xz', '/nfs/share/instances/gbd/cnf/4408f30395fb799e01b34b0dc7ee1d62-cliquecoloring_n14_k9_c8.cnf.xz', '/nfs/share/instances/gbd/cnf/67c533489a498495525efee429340958-cliquecolouring_n15_k9_c8.sanitized.cnf.xz', '/nfs/share/instances/gbd/cnf/71270454196ae092b28d0a74300a85e1-Schur_161_5_d40.cnf.xz', '/nfs/share/instances/gbd/cnf/768956cc8d1f2d18ae1929f6bb26557a-cliquecolouring_n13_k8_c7.sanitized.cnf.xz', '/nfs/share/instances/gbd/cnf/973d699ec01b88da869233a79aaa1912-cliquecolouring_n13_k9_c8.sanitized.cnf.xz', '/nfs/share/instances/gbd/cnf/a45b60e53917968f922b97c6f8aa8db3-unsat-set-b-fclqcolor-10-07-09.sat05-1282.reshuffled-07.cnf.xz', '/nfs/share/instances/gbd/cnf/ac347c21ca0759079c0be9a758e4e924-cliquecolouring_n41_k5_c4.sanitized.cnf.xz', '/nfs/share/instances/gbd/cnf/b172b4c218f1e44e205575d2b51e82c4-Schur_161_5_d38.cnf.xz', '/nfs/share/instances/gbd/cnf/bbfe2b27182d2ee7fefdb557f458ac9c-cliquecolouring_n21_k6_c5.sanitized.cnf.xz', '/nfs/share/instances/gbd/cnf/cd118ff851f95661b2a3adfc3e393c74-Schur_160_5_d34.cnf.xz', '/nfs/share/instances/gbd/cnf/cdd131110acc861a5a01fae6c4936c91-6g_6color_366_050_04.cnf.xz', '/nfs/share/instances/gbd/cnf/ce49f590c98885f7ac95567f2b1e7dd5-CNP-5-1100.cnf.xz', '/nfs/share/instances/gbd/cnf/f4064d73fd6e69caf154046e61fea7b8-cliquecoloring_n18_k7_c6.cnf.xz', '/nfs/share/instances/gbd/cnf/f561c52b987bdb9031a477864070b759-Ptn-7824-b18.cnf.xz', '/nfs/share/instances/gbd/cnf/f88afbcd8b4c29a8c1b3518caa4e949c-cliquecoloring_n16_k7_c6.cnf.xz']
Shuffling instances with seed 31
Setting up config
Starting smac
[INFO][abstract_initial_design.py:95] Reducing the number of initial configurations from 390 to 2 (max_ratio == 0.25).
[INFO][abstract_initial_design.py:147] Using 2 initial design configurations and 0 additional configurations.
[INFO][abstract_intensifier.py:306] Using only one seed for deterministic scenario.
---Testing configuration---
Configuration(values={
  'backbone': 1,
  'bump': 1,
  'chrono': 0,
  'congruence': 0,
  'eagersubsume': 3,
  'eliminate': 0,
  'emafast': 959976,
  'extract': 1,
  'factor': 1,
  'fastel': 1,
  'forward': 0,
  'jumpreasons': 1,
  'lucky': 0,
  'minimize': 0,
  'otfs': 1,
  'phase': 1,
  'phasesaving': 1,
  'preprocess': 1,
  'probe': 0,
  'promote': 1,
  'randec': 0,
  'reducehigh': 579,
  'reducelow': 683,
  'reluctant': 1,
  'reorder': 2,
  'rephase': 0,
  'restart': 0,
  'shrink': 1,
  'stable': 1,
  'substitute': 0,
  'sweep': 0,
  'target': 1,
  'tier1': 69,
  'tier1relative': 946,
  'tier2': 646,
  'tier2relative': 105,
  'transitive': 1,
  'vivify': 1,
  'warmup': 0,
})
On 17 instances
Worst case runtime for this iteration is 85000 seconds
Running configuration on file /nfs/home/rzipperer/git/Kissat_hyperparamoptimization/instances/train/67c533489a498495525efee429340958-cliquecolouring_n15_k9_c8.sanitized.cnf
Timeout
Running configuration on file /nfs/home/rzipperer/git/Kissat_hyperparamoptimization/instances/train/b172b4c218f1e44e205575d2b51e82c4-Schur_161_5_d38.cnf
Timeout
Running configuration on file /nfs/home/rzipperer/git/Kissat_hyperparamoptimization/instances/train/ac347c21ca0759079c0be9a758e4e924-cliquecolouring_n41_k5_c4.sanitized.cnf
Timeout
Running configuration on file /nfs/home/rzipperer/git/Kissat_hyperparamoptimization/instances/train/ce49f590c98885f7ac95567f2b1e7dd5-CNP-5-1100.cnf
Timeout
Running configuration on file /nfs/home/rzipperer/git/Kissat_hyperparamoptimization/instances/train/768956cc8d1f2d18ae1929f6bb26557a-cliquecolouring_n13_k8_c7.sanitized.cnf
Timeout
Running configuration on file /nfs/home/rzipperer/git/Kissat_hyperparamoptimization/instances/train/a45b60e53917968f922b97c6f8aa8db3-unsat-set-b-fclqcolor-10-07-09.sat05-1282.reshuffled-07.cnf
Timeout
Running configuration on file /nfs/home/rzipperer/git/Kissat_hyperparamoptimization/instances/train/71270454196ae092b28d0a74300a85e1-Schur_161_5_d40.cnf
Timeout
Running configuration on file /nfs/home/rzipperer/git/Kissat_hyperparamoptimization/instances/train/f4064d73fd6e69caf154046e61fea7b8-cliquecoloring_n18_k7_c6.cnf
Timeout
Running configuration on file /nfs/home/rzipperer/git/Kissat_hyperparamoptimization/instances/train/cd118ff851f95661b2a3adfc3e393c74-Schur_160_5_d34.cnf
Timeout
Running configuration on file /nfs/home/rzipperer/git/Kissat_hyperparamoptimization/instances/train/f88afbcd8b4c29a8c1b3518caa4e949c-cliquecoloring_n16_k7_c6.cnf
Timeout
Running configuration on file /nfs/home/rzipperer/git/Kissat_hyperparamoptimization/instances/train/bbfe2b27182d2ee7fefdb557f458ac9c-cliquecolouring_n21_k6_c5.sanitized.cnf
Timeout
Running configuration on file /nfs/home/rzipperer/git/Kissat_hyperparamoptimization/instances/train/4408f30395fb799e01b34b0dc7ee1d62-cliquecoloring_n14_k9_c8.cnf
Timeout
Running configuration on file /nfs/home/rzipperer/git/Kissat_hyperparamoptimization/instances/train/973d699ec01b88da869233a79aaa1912-cliquecolouring_n13_k9_c8.sanitized.cnf
Timeout
Running configuration on file /nfs/home/rzipperer/git/Kissat_hyperparamoptimization/instances/train/cdd131110acc861a5a01fae6c4936c91-6g_6color_366_050_04.cnf
Timeout
Running configuration on file /nfs/home/rzipperer/git/Kissat_hyperparamoptimization/instances/train/18c0eb461bda29214bd43b84199a3b61-cliquecolouring_n31_k5_c4.sanitized.cnf
Timeout
Running configuration on file /nfs/home/rzipperer/git/Kissat_hyperparamoptimization/instances/train/f561c52b987bdb9031a477864070b759-Ptn-7824-b18.cnf
Timeout
Running configuration on file /nfs/home/rzipperer/git/Kissat_hyperparamoptimization/instances/train/0a4ed112f2cdc0a524976a15d1821097-cliquecoloring_n12_k9_c8.cnf
Timeout
[INFO][abstract_intensifier.py:516] Added config 36bc04 as new incumbent because there are no incumbents yet.
---Testing configuration---
Configuration(values={
  'backbone': 2,
  'bump': 0,
  'chrono': 1,
  'congruence': 1,
  'eagersubsume': 1,
  'eliminate': 1,
  'emafast': 349118,
  'extract': 0,
  'factor': 0,
  'fastel': 0,
  'forward': 1,
  'jumpreasons': 0,
  'lucky': 1,
  'minimize': 1,
  'otfs': 0,
  'phase': 0,
  'phasesaving': 0,
  'preprocess': 0,
  'probe': 1,
  'promote': 0,
  'randec': 1,
  'reducehigh': 360,
  'reducelow': 283,
  'reluctant': 0,
  'reorder': 1,
  'rephase': 1,
  'restart': 1,
  'shrink': 3,
  'stable': 1,
  'substitute': 1,
  'sweep': 1,
  'target': 1,
  'tier1': 14,
  'tier1relative': 445,
  'tier2': 133,
  'tier2relative': 505,
  'transitive': 0,
  'vivify': 0,
  'warmup': 1,
})
On 17 instances
Worst case runtime for this iteration is 85000 seconds
Running configuration on file /nfs/home/rzipperer/git/Kissat_hyperparamoptimization/instances/train/67c533489a498495525efee429340958-cliquecolouring_n15_k9_c8.sanitized.cnf
Timeout
Running configuration on file /nfs/home/rzipperer/git/Kissat_hyperparamoptimization/instances/train/b172b4c218f1e44e205575d2b51e82c4-Schur_161_5_d38.cnf
Timeout
Running configuration on file /nfs/home/rzipperer/git/Kissat_hyperparamoptimization/instances/train/ac347c21ca0759079c0be9a758e4e924-cliquecolouring_n41_k5_c4.sanitized.cnf
Timeout
Running configuration on file /nfs/home/rzipperer/git/Kissat_hyperparamoptimization/instances/train/ce49f590c98885f7ac95567f2b1e7dd5-CNP-5-1100.cnf
Solved
Instance /nfs/home/rzipperer/git/Kissat_hyperparamoptimization/instances/train/ce49f590c98885f7ac95567f2b1e7dd5-CNP-5-1100.cnffinished after 26.490652322769165 seconds
Running configuration on file /nfs/home/rzipperer/git/Kissat_hyperparamoptimization/instances/train/768956cc8d1f2d18ae1929f6bb26557a-cliquecolouring_n13_k8_c7.sanitized.cnf
Timeout
Running configuration on file /nfs/home/rzipperer/git/Kissat_hyperparamoptimization/instances/train/a45b60e53917968f922b97c6f8aa8db3-unsat-set-b-fclqcolor-10-07-09.sat05-1282.reshuffled-07.cnf
Solved
Instance /nfs/home/rzipperer/git/Kissat_hyperparamoptimization/instances/train/a45b60e53917968f922b97c6f8aa8db3-unsat-set-b-fclqcolor-10-07-09.sat05-1282.reshuffled-07.cnffinished after 262.24353432655334 seconds
Running configuration on file /nfs/home/rzipperer/git/Kissat_hyperparamoptimization/instances/train/71270454196ae092b28d0a74300a85e1-Schur_161_5_d40.cnf
Timeout
Running configuration on file /nfs/home/rzipperer/git/Kissat_hyperparamoptimization/instances/train/f4064d73fd6e69caf154046e61fea7b8-cliquecoloring_n18_k7_c6.cnf
Timeout
Running configuration on file /nfs/home/rzipperer/git/Kissat_hyperparamoptimization/instances/train/cd118ff851f95661b2a3adfc3e393c74-Schur_160_5_d34.cnf
Timeout
Running configuration on file /nfs/home/rzipperer/git/Kissat_hyperparamoptimization/instances/train/f88afbcd8b4c29a8c1b3518caa4e949c-cliquecoloring_n16_k7_c6.cnf
Timeout
Running configuration on file /nfs/home/rzipperer/git/Kissat_hyperparamoptimization/instances/train/bbfe2b27182d2ee7fefdb557f458ac9c-cliquecolouring_n21_k6_c5.sanitized.cnf
Timeout
Running configuration on file /nfs/home/rzipperer/git/Kissat_hyperparamoptimization/instances/train/4408f30395fb799e01b34b0dc7ee1d62-cliquecoloring_n14_k9_c8.cnf
