Getting instances
['/nfs/share/instances/gbd/cnf/0336f81b60baac5b8f481dd3c32861a5-mod4block_2vars_10gates_u2_autoenc-sc2009.cnf.xz', '/nfs/share/instances/gbd/cnf/07b476c83150d3cb7e08f5d045e255ab-marg5x5.shuffled-as.sat03-1455.cnf.xz', '/nfs/share/instances/gbd/cnf/0be1e12a8e7282d1a4e389bb90f6dbc7-or_randxor_k3_n600_m600.cnf.xz', '/nfs/share/instances/gbd/cnf/0ef029cb7616d4a89eb6d1f63e89f67e-or_randxor_k3_n510_m510.sanitized.cnf.xz', '/nfs/share/instances/gbd/cnf/0fa8623240b5c14c1308f863a6dc88ab-urqh1c5x5.shuffled-as.sat03-1468.cnf.mis-103.debugged.cnf.xz', '/nfs/share/instances/gbd/cnf/1153a473e1d5dd21ccd33189d594a4aa-tseitin_d3_n10000.cnf.xz', '/nfs/share/instances/gbd/cnf/170b13af977e962321c493544b2bd0a9-circuit_48in64out_with_800gates_4in4out_dist128_seed4.sanitized.cnf.xz', '/nfs/share/instances/gbd/cnf/1a20649a8c79d6675d934cec271d573f-tseitin_grid_n100_m100.cnf.xz', '/nfs/share/instances/gbd/cnf/24bdfb34654b1aa703fae31ea91e7c7f-tseitin_d3_n158.sanitized.cnf.xz', '/nfs/share/instances/gbd/cnf/303480ca7e8322d771c94caf4ebd4e95-circuit_48in64out_with_700gates_4in4out_dist128_seed1.sanitized.cnf.xz', '/nfs/share/instances/gbd/cnf/35789168b67a74985804902008251269-tseitingrid6x200_shuffled.cnf.xz', '/nfs/share/instances/gbd/cnf/36dbc206c7d9773bebb03f752070cee9-tseitin_grid_n11_m20.sanitized.cnf.xz', '/nfs/share/instances/gbd/cnf/37ca184832fc6fa43a22ae900f1756a2-circuit_32in32out_with_350gates_6in6out_dist64_seed1.sanitized.cnf.xz', '/nfs/share/instances/gbd/cnf/385e2c7010a419a9bd47b9258c9d2903-tseitin_d3_n200.cnf.xz', '/nfs/share/instances/gbd/cnf/396fd56f3fd7b85afbba4254ea6e746c-circuit_32in32out_with_80gates_7in7out_dist128_seed1.sanitized.cnf.xz', '/nfs/share/instances/gbd/cnf/4d2f74ef97b6d40ebd71f85dcb75c543-tseitingrid7x160_shuffled-sc2016.cnf.xz', '/nfs/share/instances/gbd/cnf/4fdcf4248a332c1c9a89d37439c879a9-or_randxor_k3_n520_m520.cnf.xz', '/nfs/share/instances/gbd/cnf/511a2d81661a185c2115daec42270dec-circuit_32in32out_with_500gates_6in6out_dist64_seed1.sanitized.cnf.xz', '/nfs/share/instances/gbd/cnf/556cf803f9de4b2ec688825b5ff7e325-tseitin_d3_n174.sanitized.cnf.xz', '/nfs/share/instances/gbd/cnf/5f6861053fb4ed4fc0b997cd6b505ef4-tseitin_d3_n110000.cnf.xz', '/nfs/share/instances/gbd/cnf/670a24d73dbadd3073e9604c6ef903d1-tseitin_grid_n260_m260.cnf.xz', '/nfs/share/instances/gbd/cnf/6e5efd19744842d1fa5415173bffbf6b-tseitin_d3_n180000.cnf.xz', '/nfs/share/instances/gbd/cnf/6f7a0e1cf94b6b26eafc08a827a692ce-circuit_64in64out_with_64gates_8in5out_dist256_seed1.sanitized.cnf.xz', '/nfs/share/instances/gbd/cnf/70bfbd054dc9ffd394fab32845b492d3-circuit_32in32out_with_100gates_7in7out_dist64_seed2.sanitized.cnf.xz', '/nfs/share/instances/gbd/cnf/71ec94c233016219e12d671594dc88e5-circuit_32in32out_with_70gates_7in7out_dist128_seed1.sanitized.cnf.xz', '/nfs/share/instances/gbd/cnf/73063c6257a4ffc29f5bea7028403a64-mod2c-rand3bip-sat-250-2.shuffled-as.sat05-2534.cnf.xz', '/nfs/share/instances/gbd/cnf/758f9ed67b4d2068c209157335e07266-or_randxor_k3_n640_m640.cnf.xz', '/nfs/share/instances/gbd/cnf/7ac7fabd8c078aea420087a0c80e5563-circuit_32in32out_with_400gates_6in6out_dist64_seed1.sanitized.cnf.xz', '/nfs/share/instances/gbd/cnf/828e1066a477e98e8d834528df3fc874-or_randxor_k3_n560_m560.cnf.xz', '/nfs/share/instances/gbd/cnf/835ac60ca83af6f334b64b61c4ad345b-tseitin_d3_n160.cnf.xz', '/nfs/share/instances/gbd/cnf/8942dca5dc0876fc3f723f738d72de1c-circuit_32in32out_with_64gates_8in6out_dist128_seed2.sanitized.cnf.xz', '/nfs/share/instances/gbd/cnf/9e6c2e7b0d6f58e449716deb9305525a-circuit_32in32out_with_96gates_7in7out_dist128_seed1.sanitized.cnf.xz', '/nfs/share/instances/gbd/cnf/aa39c6d885d283a085d033ab7b89f8c8-urq45.cnf.xz', '/nfs/share/instances/gbd/cnf/adf6dacdd64c93f9de1aa0eadf427faa-circuit_48in64out_with_800gates_4in4out_dist128_seed1.sanitized.cnf.xz', '/nfs/share/instances/gbd/cnf/b68ae7866df5e852c3acb97a46da2faf-circuit_48in64out_with_1000gates_4in4out_dist128_seed4.sanitized.cnf.xz', '/nfs/share/instances/gbd/cnf/c5ae0ec49de0959cd14431ce851c14f8-Circuit_multiplier22.cnf.xz', '/nfs/share/instances/gbd/cnf/c69c5163c9087ffe770743bd4cdafcc9-tseitin_d3_n162.sanitized.cnf.xz', '/nfs/share/instances/gbd/cnf/e2deb375e56da2360ecd08fc1179fb7d-circuit_48in24out_with_100gates_7in7out_dist128_seed1.sanitized.cnf.xz', '/nfs/share/instances/gbd/cnf/e6d247292b525447a220323901842e4c-or_randxor_k3_n540_m540.cnf.xz', '/nfs/share/instances/gbd/cnf/fa50d69adc71fe4daf7f9088cd02864a-circuit_32in64out_with_150gates_6in6out_dist256_seed1.sanitized.cnf.xz', '/nfs/share/instances/gbd/cnf/ff5170c690129f8c94658e82b6aab05c-Urquhart-s5-b4.shuffled.cnf.xz']
Shuffling instances with seed 31
Setting up config
Starting smac
[INFO][abstract_initial_design.py:95] Reducing the number of initial configurations from 390 to 2 (max_ratio == 0.25).
[INFO][abstract_initial_design.py:147] Using 2 initial design configurations and 0 additional configurations.
[INFO][abstract_intensifier.py:306] Using only one seed for deterministic scenario.
---Testing configuration---
Configuration(values={
  'backbone': 1,
  'bump': 1,
  'chrono': 0,
  'congruence': 0,
  'eagersubsume': 3,
  'eliminate': 0,
  'emafast': 959976,
  'extract': 1,
  'factor': 1,
  'fastel': 1,
  'forward': 0,
  'jumpreasons': 1,
  'lucky': 0,
  'minimize': 0,
  'otfs': 1,
  'phase': 1,
  'phasesaving': 1,
  'preprocess': 1,
  'probe': 0,
  'promote': 1,
  'randec': 0,
  'reducehigh': 579,
  'reducelow': 683,
  'reluctant': 1,
  'reorder': 2,
  'rephase': 0,
  'restart': 0,
  'shrink': 1,
  'stable': 1,
  'substitute': 0,
  'sweep': 0,
  'target': 1,
  'tier1': 69,
  'tier1relative': 946,
  'tier2': 646,
  'tier2relative': 105,
  'transitive': 1,
  'vivify': 1,
  'warmup': 0,
})
On 20 instances
Worst case runtime for this iteration is 100000 seconds
Running configuration on file /nfs/home/rzipperer/git/Kissat_hyperparamoptimization/instances/train/835ac60ca83af6f334b64b61c4ad345b-tseitin_d3_n160.cnf
Timeout
Running configuration on file /nfs/home/rzipperer/git/Kissat_hyperparamoptimization/instances/train/4d2f74ef97b6d40ebd71f85dcb75c543-tseitingrid7x160_shuffled-sc2016.cnf
Timeout
Running configuration on file /nfs/home/rzipperer/git/Kissat_hyperparamoptimization/instances/train/35789168b67a74985804902008251269-tseitingrid6x200_shuffled.cnf
Timeout
Running configuration on file /nfs/home/rzipperer/git/Kissat_hyperparamoptimization/instances/train/9e6c2e7b0d6f58e449716deb9305525a-circuit_32in32out_with_96gates_7in7out_dist128_seed1.sanitized.cnf
Timeout
Running configuration on file /nfs/home/rzipperer/git/Kissat_hyperparamoptimization/instances/train/71ec94c233016219e12d671594dc88e5-circuit_32in32out_with_70gates_7in7out_dist128_seed1.sanitized.cnf
Timeout
Running configuration on file /nfs/home/rzipperer/git/Kissat_hyperparamoptimization/instances/train/758f9ed67b4d2068c209157335e07266-or_randxor_k3_n640_m640.cnf
Timeout
Running configuration on file /nfs/home/rzipperer/git/Kissat_hyperparamoptimization/instances/train/e2deb375e56da2360ecd08fc1179fb7d-circuit_48in24out_with_100gates_7in7out_dist128_seed1.sanitized.cnf
Solved
Running configuration on file /nfs/home/rzipperer/git/Kissat_hyperparamoptimization/instances/train/c69c5163c9087ffe770743bd4cdafcc9-tseitin_d3_n162.sanitized.cnf
Timeout
Running configuration on file /nfs/home/rzipperer/git/Kissat_hyperparamoptimization/instances/train/670a24d73dbadd3073e9604c6ef903d1-tseitin_grid_n260_m260.cnf
Timeout
Running configuration on file /nfs/home/rzipperer/git/Kissat_hyperparamoptimization/instances/train/6f7a0e1cf94b6b26eafc08a827a692ce-circuit_64in64out_with_64gates_8in5out_dist256_seed1.sanitized.cnf
Solved
Running configuration on file /nfs/home/rzipperer/git/Kissat_hyperparamoptimization/instances/train/36dbc206c7d9773bebb03f752070cee9-tseitin_grid_n11_m20.sanitized.cnf
Solved
Running configuration on file /nfs/home/rzipperer/git/Kissat_hyperparamoptimization/instances/train/7ac7fabd8c078aea420087a0c80e5563-circuit_32in32out_with_400gates_6in6out_dist64_seed1.sanitized.cnf
Timeout
Running configuration on file /nfs/home/rzipperer/git/Kissat_hyperparamoptimization/instances/train/1153a473e1d5dd21ccd33189d594a4aa-tseitin_d3_n10000.cnf
Timeout
Running configuration on file /nfs/home/rzipperer/git/Kissat_hyperparamoptimization/instances/train/5f6861053fb4ed4fc0b997cd6b505ef4-tseitin_d3_n110000.cnf
Timeout
Running configuration on file /nfs/home/rzipperer/git/Kissat_hyperparamoptimization/instances/train/37ca184832fc6fa43a22ae900f1756a2-circuit_32in32out_with_350gates_6in6out_dist64_seed1.sanitized.cnf
Solved
Running configuration on file /nfs/home/rzipperer/git/Kissat_hyperparamoptimization/instances/train/ff5170c690129f8c94658e82b6aab05c-Urquhart-s5-b4.shuffled.cnf
Timeout
Running configuration on file /nfs/home/rzipperer/git/Kissat_hyperparamoptimization/instances/train/0ef029cb7616d4a89eb6d1f63e89f67e-or_randxor_k3_n510_m510.sanitized.cnf
Timeout
Running configuration on file /nfs/home/rzipperer/git/Kissat_hyperparamoptimization/instances/train/c5ae0ec49de0959cd14431ce851c14f8-Circuit_multiplier22.cnf
Solved
Running configuration on file /nfs/home/rzipperer/git/Kissat_hyperparamoptimization/instances/train/556cf803f9de4b2ec688825b5ff7e325-tseitin_d3_n174.sanitized.cnf
Timeout
Running configuration on file /nfs/home/rzipperer/git/Kissat_hyperparamoptimization/instances/train/170b13af977e962321c493544b2bd0a9-circuit_48in64out_with_800gates_4in4out_dist128_seed4.sanitized.cnf
Solved
[INFO][abstract_intensifier.py:516] Added config 36bc04 as new incumbent because there are no incumbents yet.
---Testing configuration---
Configuration(values={
  'backbone': 2,
  'bump': 0,
  'chrono': 1,
  'congruence': 1,
  'eagersubsume': 1,
  'eliminate': 1,
  'emafast': 349118,
  'extract': 0,
  'factor': 0,
  'fastel': 0,
  'forward': 1,
  'jumpreasons': 0,
  'lucky': 1,
  'minimize': 1,
  'otfs': 0,
  'phase': 0,
  'phasesaving': 0,
  'preprocess': 0,
  'probe': 1,
  'promote': 0,
  'randec': 1,
  'reducehigh': 360,
  'reducelow': 283,
  'reluctant': 0,
  'reorder': 1,
  'rephase': 1,
  'restart': 1,
  'shrink': 3,
  'stable': 1,
  'substitute': 1,
  'sweep': 1,
  'target': 1,
  'tier1': 14,
  'tier1relative': 445,
  'tier2': 133,
  'tier2relative': 505,
  'transitive': 0,
  'vivify': 0,
  'warmup': 1,
})
On 20 instances
Worst case runtime for this iteration is 100000 seconds
Running configuration on file /nfs/home/rzipperer/git/Kissat_hyperparamoptimization/instances/train/835ac60ca83af6f334b64b61c4ad345b-tseitin_d3_n160.cnf
Timeout
Running configuration on file /nfs/home/rzipperer/git/Kissat_hyperparamoptimization/instances/train/4d2f74ef97b6d40ebd71f85dcb75c543-tseitingrid7x160_shuffled-sc2016.cnf
Timeout
Running configuration on file /nfs/home/rzipperer/git/Kissat_hyperparamoptimization/instances/train/35789168b67a74985804902008251269-tseitingrid6x200_shuffled.cnf
Timeout
Running configuration on file /nfs/home/rzipperer/git/Kissat_hyperparamoptimization/instances/train/9e6c2e7b0d6f58e449716deb9305525a-circuit_32in32out_with_96gates_7in7out_dist128_seed1.sanitized.cnf
Timeout
Running configuration on file /nfs/home/rzipperer/git/Kissat_hyperparamoptimization/instances/train/71ec94c233016219e12d671594dc88e5-circuit_32in32out_with_70gates_7in7out_dist128_seed1.sanitized.cnf
Solved
Running configuration on file /nfs/home/rzipperer/git/Kissat_hyperparamoptimization/instances/train/758f9ed67b4d2068c209157335e07266-or_randxor_k3_n640_m640.cnf
Timeout
Running configuration on file /nfs/home/rzipperer/git/Kissat_hyperparamoptimization/instances/train/e2deb375e56da2360ecd08fc1179fb7d-circuit_48in24out_with_100gates_7in7out_dist128_seed1.sanitized.cnf
Solved
Running configuration on file /nfs/home/rzipperer/git/Kissat_hyperparamoptimization/instances/train/c69c5163c9087ffe770743bd4cdafcc9-tseitin_d3_n162.sanitized.cnf
Timeout
Running configuration on file /nfs/home/rzipperer/git/Kissat_hyperparamoptimization/instances/train/670a24d73dbadd3073e9604c6ef903d1-tseitin_grid_n260_m260.cnf
Timeout
Running configuration on file /nfs/home/rzipperer/git/Kissat_hyperparamoptimization/instances/train/6f7a0e1cf94b6b26eafc08a827a692ce-circuit_64in64out_with_64gates_8in5out_dist256_seed1.sanitized.cnf
Solved
Running configuration on file /nfs/home/rzipperer/git/Kissat_hyperparamoptimization/instances/train/36dbc206c7d9773bebb03f752070cee9-tseitin_grid_n11_m20.sanitized.cnf
Timeout
Running configuration on file /nfs/home/rzipperer/git/Kissat_hyperparamoptimization/instances/train/7ac7fabd8c078aea420087a0c80e5563-circuit_32in32out_with_400gates_6in6out_dist64_seed1.sanitized.cnf
Solved
Running configuration on file /nfs/home/rzipperer/git/Kissat_hyperparamoptimization/instances/train/1153a473e1d5dd21ccd33189d594a4aa-tseitin_d3_n10000.cnf
Timeout
Running configuration on file /nfs/home/rzipperer/git/Kissat_hyperparamoptimization/instances/train/5f6861053fb4ed4fc0b997cd6b505ef4-tseitin_d3_n110000.cnf
Timeout
Running configuration on file /nfs/home/rzipperer/git/Kissat_hyperparamoptimization/instances/train/37ca184832fc6fa43a22ae900f1756a2-circuit_32in32out_with_350gates_6in6out_dist64_seed1.sanitized.cnf
Solved
Running configuration on file /nfs/home/rzipperer/git/Kissat_hyperparamoptimization/instances/train/ff5170c690129f8c94658e82b6aab05c-Urquhart-s5-b4.shuffled.cnf
Timeout
Running configuration on file /nfs/home/rzipperer/git/Kissat_hyperparamoptimization/instances/train/0ef029cb7616d4a89eb6d1f63e89f67e-or_randxor_k3_n510_m510.sanitized.cnf
Timeout
Running configuration on file /nfs/home/rzipperer/git/Kissat_hyperparamoptimization/instances/train/c5ae0ec49de0959cd14431ce851c14f8-Circuit_multiplier22.cnf
Timeout
Running configuration on file /nfs/home/rzipperer/git/Kissat_hyperparamoptimization/instances/train/556cf803f9de4b2ec688825b5ff7e325-tseitin_d3_n174.sanitized.cnf
Timeout
Running configuration on file /nfs/home/rzipperer/git/Kissat_hyperparamoptimization/instances/train/170b13af977e962321c493544b2bd0a9-circuit_48in64out_with_800gates_4in4out_dist128_seed4.sanitized.cnf
Solved
[INFO][abstract_intensifier.py:595] Added config cf0a0e and rejected config 36bc04 as incumbent because it is not better than the incumbents on 1 instances:
---Testing configuration---
Configuration(values={
  'backbone': 2,
  'bump': 1,
  'chrono': 0,
  'congruence': 1,
  'eagersubsume': 0,
  'eliminate': 1,
  'emafast': 710467,
  'extract': 1,
  'factor': 0,
  'fastel': 0,
  'forward': 1,
  'jumpreasons': 0,
  'lucky': 1,
  'minimize': 0,
  'otfs': 1,
  'phase': 1,
  'phasesaving': 0,
  'preprocess': 0,
  'probe': 1,
  'promote': 1,
  'randec': 0,
  'reducehigh': 21,
  'reducelow': 502,
  'reluctant': 1,
  'reorder': 0,
  'rephase': 1,
  'restart': 0,
  'shrink': 3,
  'stable': 1,
  'substitute': 0,
  'sweep': 1,
  'target': 1,
  'tier1': 48,
  'tier1relative': 584,
  'tier2': 515,
  'tier2relative': 428,
  'transitive': 0,
  'vivify': 1,
  'warmup': 1,
})
On 20 instances
Worst case runtime for this iteration is 100000 seconds
Running configuration on file /nfs/home/rzipperer/git/Kissat_hyperparamoptimization/instances/train/835ac60ca83af6f334b64b61c4ad345b-tseitin_d3_n160.cnf
Timeout
Running configuration on file /nfs/home/rzipperer/git/Kissat_hyperparamoptimization/instances/train/4d2f74ef97b6d40ebd71f85dcb75c543-tseitingrid7x160_shuffled-sc2016.cnf
Timeout
Running configuration on file /nfs/home/rzipperer/git/Kissat_hyperparamoptimization/instances/train/35789168b67a74985804902008251269-tseitingrid6x200_shuffled.cnf
Timeout
Running configuration on file /nfs/home/rzipperer/git/Kissat_hyperparamoptimization/instances/train/9e6c2e7b0d6f58e449716deb9305525a-circuit_32in32out_with_96gates_7in7out_dist128_seed1.sanitized.cnf
Solved
Running configuration on file /nfs/home/rzipperer/git/Kissat_hyperparamoptimization/instances/train/71ec94c233016219e12d671594dc88e5-circuit_32in32out_with_70gates_7in7out_dist128_seed1.sanitized.cnf
Solved
Running configuration on file /nfs/home/rzipperer/git/Kissat_hyperparamoptimization/instances/train/758f9ed67b4d2068c209157335e07266-or_randxor_k3_n640_m640.cnf
Timeout
Running configuration on file /nfs/home/rzipperer/git/Kissat_hyperparamoptimization/instances/train/e2deb375e56da2360ecd08fc1179fb7d-circuit_48in24out_with_100gates_7in7out_dist128_seed1.sanitized.cnf
Solved
Running configuration on file /nfs/home/rzipperer/git/Kissat_hyperparamoptimization/instances/train/c69c5163c9087ffe770743bd4cdafcc9-tseitin_d3_n162.sanitized.cnf
Timeout
Running configuration on file /nfs/home/rzipperer/git/Kissat_hyperparamoptimization/instances/train/670a24d73dbadd3073e9604c6ef903d1-tseitin_grid_n260_m260.cnf
Timeout
Running configuration on file /nfs/home/rzipperer/git/Kissat_hyperparamoptimization/instances/train/6f7a0e1cf94b6b26eafc08a827a692ce-circuit_64in64out_with_64gates_8in5out_dist256_seed1.sanitized.cnf
Solved
Running configuration on file /nfs/home/rzipperer/git/Kissat_hyperparamoptimization/instances/train/36dbc206c7d9773bebb03f752070cee9-tseitin_grid_n11_m20.sanitized.cnf
Timeout
Running configuration on file /nfs/home/rzipperer/git/Kissat_hyperparamoptimization/instances/train/7ac7fabd8c078aea420087a0c80e5563-circuit_32in32out_with_400gates_6in6out_dist64_seed1.sanitized.cnf
Solved
Running configuration on file /nfs/home/rzipperer/git/Kissat_hyperparamoptimization/instances/train/1153a473e1d5dd21ccd33189d594a4aa-tseitin_d3_n10000.cnf
Timeout
Running configuration on file /nfs/home/rzipperer/git/Kissat_hyperparamoptimization/instances/train/5f6861053fb4ed4fc0b997cd6b505ef4-tseitin_d3_n110000.cnf
Timeout
Running configuration on file /nfs/home/rzipperer/git/Kissat_hyperparamoptimization/instances/train/37ca184832fc6fa43a22ae900f1756a2-circuit_32in32out_with_350gates_6in6out_dist64_seed1.sanitized.cnf
Solved
Running configuration on file /nfs/home/rzipperer/git/Kissat_hyperparamoptimization/instances/train/ff5170c690129f8c94658e82b6aab05c-Urquhart-s5-b4.shuffled.cnf
Timeout
Running configuration on file /nfs/home/rzipperer/git/Kissat_hyperparamoptimization/instances/train/0ef029cb7616d4a89eb6d1f63e89f67e-or_randxor_k3_n510_m510.sanitized.cnf
Timeout
Running configuration on file /nfs/home/rzipperer/git/Kissat_hyperparamoptimization/instances/train/c5ae0ec49de0959cd14431ce851c14f8-Circuit_multiplier22.cnf
Solved
Running configuration on file /nfs/home/rzipperer/git/Kissat_hyperparamoptimization/instances/train/556cf803f9de4b2ec688825b5ff7e325-tseitin_d3_n174.sanitized.cnf
Timeout
Running configuration on file /nfs/home/rzipperer/git/Kissat_hyperparamoptimization/instances/train/170b13af977e962321c493544b2bd0a9-circuit_48in64out_with_800gates_4in4out_dist128_seed4.sanitized.cnf
Solved
[INFO][abstract_intensifier.py:595] Added config 01564a and rejected config cf0a0e as incumbent because it is not better than the incumbents on 1 instances:
---Testing configuration---
Configuration(values={
  'backbone': 2,
  'bump': 1,
  'chrono': 0,
  'congruence': 0,
  'eagersubsume': 0,
  'eliminate': 1,
  'emafast': 607359,
  'extract': 1,
  'factor': 1,
  'fastel': 1,
  'forward': 1,
  'jumpreasons': 0,
  'lucky': 0,
  'minimize': 1,
  'otfs': 1,
  'phase': 1,
  'phasesaving': 0,
  'preprocess': 0,
  'probe': 1,
  'promote': 1,
  'randec': 1,
  'reducehigh': 17,
  'reducelow': 39,
  'reluctant': 0,
  'reorder': 0,
  'rephase': 1,
  'restart': 1,
  'shrink': 3,
  'stable': 1,
  'substitute': 0,
  'sweep': 0,
  'target': 2,
  'tier1': 88,
  'tier1relative': 394,
  'tier2': 505,
  'tier2relative': 707,
  'transitive': 0,
  'vivify': 1,
  'warmup': 0,
})
On 20 instances
Worst case runtime for this iteration is 100000 seconds
Running configuration on file /nfs/home/rzipperer/git/Kissat_hyperparamoptimization/instances/train/835ac60ca83af6f334b64b61c4ad345b-tseitin_d3_n160.cnf
Timeout
Running configuration on file /nfs/home/rzipperer/git/Kissat_hyperparamoptimization/instances/train/4d2f74ef97b6d40ebd71f85dcb75c543-tseitingrid7x160_shuffled-sc2016.cnf
Timeout
Running configuration on file /nfs/home/rzipperer/git/Kissat_hyperparamoptimization/instances/train/35789168b67a74985804902008251269-tseitingrid6x200_shuffled.cnf
Timeout
Running configuration on file /nfs/home/rzipperer/git/Kissat_hyperparamoptimization/instances/train/9e6c2e7b0d6f58e449716deb9305525a-circuit_32in32out_with_96gates_7in7out_dist128_seed1.sanitized.cnf
Timeout
Running configuration on file /nfs/home/rzipperer/git/Kissat_hyperparamoptimization/instances/train/71ec94c233016219e12d671594dc88e5-circuit_32in32out_with_70gates_7in7out_dist128_seed1.sanitized.cnf
Solved
Running configuration on file /nfs/home/rzipperer/git/Kissat_hyperparamoptimization/instances/train/758f9ed67b4d2068c209157335e07266-or_randxor_k3_n640_m640.cnf
Solved
Running configuration on file /nfs/home/rzipperer/git/Kissat_hyperparamoptimization/instances/train/e2deb375e56da2360ecd08fc1179fb7d-circuit_48in24out_with_100gates_7in7out_dist128_seed1.sanitized.cnf
Solved
Running configuration on file /nfs/home/rzipperer/git/Kissat_hyperparamoptimization/instances/train/c69c5163c9087ffe770743bd4cdafcc9-tseitin_d3_n162.sanitized.cnf
Timeout
Running configuration on file /nfs/home/rzipperer/git/Kissat_hyperparamoptimization/instances/train/670a24d73dbadd3073e9604c6ef903d1-tseitin_grid_n260_m260.cnf
Timeout
Running configuration on file /nfs/home/rzipperer/git/Kissat_hyperparamoptimization/instances/train/6f7a0e1cf94b6b26eafc08a827a692ce-circuit_64in64out_with_64gates_8in5out_dist256_seed1.sanitized.cnf
Solved
Running configuration on file /nfs/home/rzipperer/git/Kissat_hyperparamoptimization/instances/train/36dbc206c7d9773bebb03f752070cee9-tseitin_grid_n11_m20.sanitized.cnf
Timeout
Running configuration on file /nfs/home/rzipperer/git/Kissat_hyperparamoptimization/instances/train/7ac7fabd8c078aea420087a0c80e5563-circuit_32in32out_with_400gates_6in6out_dist64_seed1.sanitized.cnf
Solved
Running configuration on file /nfs/home/rzipperer/git/Kissat_hyperparamoptimization/instances/train/1153a473e1d5dd21ccd33189d594a4aa-tseitin_d3_n10000.cnf
Timeout
Running configuration on file /nfs/home/rzipperer/git/Kissat_hyperparamoptimization/instances/train/5f6861053fb4ed4fc0b997cd6b505ef4-tseitin_d3_n110000.cnf
Timeout
Running configuration on file /nfs/home/rzipperer/git/Kissat_hyperparamoptimization/instances/train/37ca184832fc6fa43a22ae900f1756a2-circuit_32in32out_with_350gates_6in6out_dist64_seed1.sanitized.cnf
Solved
Running configuration on file /nfs/home/rzipperer/git/Kissat_hyperparamoptimization/instances/train/ff5170c690129f8c94658e82b6aab05c-Urquhart-s5-b4.shuffled.cnf
Timeout
Running configuration on file /nfs/home/rzipperer/git/Kissat_hyperparamoptimization/instances/train/0ef029cb7616d4a89eb6d1f63e89f67e-or_randxor_k3_n510_m510.sanitized.cnf
Solved
Running configuration on file /nfs/home/rzipperer/git/Kissat_hyperparamoptimization/instances/train/c5ae0ec49de0959cd14431ce851c14f8-Circuit_multiplier22.cnf
Solved
Running configuration on file /nfs/home/rzipperer/git/Kissat_hyperparamoptimization/instances/train/556cf803f9de4b2ec688825b5ff7e325-tseitin_d3_n174.sanitized.cnf
Timeout
Running configuration on file /nfs/home/rzipperer/git/Kissat_hyperparamoptimization/instances/train/170b13af977e962321c493544b2bd0a9-circuit_48in64out_with_800gates_4in4out_dist128_seed4.sanitized.cnf
Solved
[INFO][abstract_intensifier.py:595] Added config 19f505 and rejected config 01564a as incumbent because it is not better than the incumbents on 1 instances:
---Testing configuration---
Configuration(values={
  'backbone': 2,
  'bump': 0,
  'chrono': 1,
  'congruence': 0,
  'eagersubsume': 0,
  'eliminate': 1,
  'emafast': 894425,
  'extract': 0,
  'factor': 1,
  'fastel': 1,
  'forward': 1,
  'jumpreasons': 0,
  'lucky': 1,
  'minimize': 0,
  'otfs': 0,
  'phase': 0,
  'phasesaving': 1,
  'preprocess': 0,
  'probe': 1,
  'promote': 0,
  'randec': 0,
  'reducehigh': 461,
  'reducelow': 49,
  'reluctant': 1,
  'reorder': 0,
  'rephase': 0,
  'restart': 0,
  'shrink': 3,
  'stable': 0,
  'substitute': 0,
  'sweep': 0,
  'target': 1,
  'tier1': 60,
  'tier1relative': 630,
  'tier2': 919,
  'tier2relative': 509,
  'transitive': 0,
  'vivify': 1,
  'warmup': 0,
})
On 20 instances
Worst case runtime for this iteration is 100000 seconds
Running configuration on file /nfs/home/rzipperer/git/Kissat_hyperparamoptimization/instances/train/835ac60ca83af6f334b64b61c4ad345b-tseitin_d3_n160.cnf
Timeout
Running configuration on file /nfs/home/rzipperer/git/Kissat_hyperparamoptimization/instances/train/4d2f74ef97b6d40ebd71f85dcb75c543-tseitingrid7x160_shuffled-sc2016.cnf
Timeout
Running configuration on file /nfs/home/rzipperer/git/Kissat_hyperparamoptimization/instances/train/35789168b67a74985804902008251269-tseitingrid6x200_shuffled.cnf
Timeout
Running configuration on file /nfs/home/rzipperer/git/Kissat_hyperparamoptimization/instances/train/9e6c2e7b0d6f58e449716deb9305525a-circuit_32in32out_with_96gates_7in7out_dist128_seed1.sanitized.cnf
Solved
Running configuration on file /nfs/home/rzipperer/git/Kissat_hyperparamoptimization/instances/train/71ec94c233016219e12d671594dc88e5-circuit_32in32out_with_70gates_7in7out_dist128_seed1.sanitized.cnf
Solved
Running configuration on file /nfs/home/rzipperer/git/Kissat_hyperparamoptimization/instances/train/758f9ed67b4d2068c209157335e07266-or_randxor_k3_n640_m640.cnf
Timeout
Running configuration on file /nfs/home/rzipperer/git/Kissat_hyperparamoptimization/instances/train/e2deb375e56da2360ecd08fc1179fb7d-circuit_48in24out_with_100gates_7in7out_dist128_seed1.sanitized.cnf
Solved
Running configuration on file /nfs/home/rzipperer/git/Kissat_hyperparamoptimization/instances/train/c69c5163c9087ffe770743bd4cdafcc9-tseitin_d3_n162.sanitized.cnf
Timeout
Running configuration on file /nfs/home/rzipperer/git/Kissat_hyperparamoptimization/instances/train/670a24d73dbadd3073e9604c6ef903d1-tseitin_grid_n260_m260.cnf
Timeout
Running configuration on file /nfs/home/rzipperer/git/Kissat_hyperparamoptimization/instances/train/6f7a0e1cf94b6b26eafc08a827a692ce-circuit_64in64out_with_64gates_8in5out_dist256_seed1.sanitized.cnf
Timeout
Running configuration on file /nfs/home/rzipperer/git/Kissat_hyperparamoptimization/instances/train/36dbc206c7d9773bebb03f752070cee9-tseitin_grid_n11_m20.sanitized.cnf
Timeout
Running configuration on file /nfs/home/rzipperer/git/Kissat_hyperparamoptimization/instances/train/7ac7fabd8c078aea420087a0c80e5563-circuit_32in32out_with_400gates_6in6out_dist64_seed1.sanitized.cnf
Solved
Running configuration on file /nfs/home/rzipperer/git/Kissat_hyperparamoptimization/instances/train/1153a473e1d5dd21ccd33189d594a4aa-tseitin_d3_n10000.cnf
Timeout
Running configuration on file /nfs/home/rzipperer/git/Kissat_hyperparamoptimization/instances/train/5f6861053fb4ed4fc0b997cd6b505ef4-tseitin_d3_n110000.cnf
Timeout
Running configuration on file /nfs/home/rzipperer/git/Kissat_hyperparamoptimization/instances/train/37ca184832fc6fa43a22ae900f1756a2-circuit_32in32out_with_350gates_6in6out_dist64_seed1.sanitized.cnf
Solved
Running configuration on file /nfs/home/rzipperer/git/Kissat_hyperparamoptimization/instances/train/ff5170c690129f8c94658e82b6aab05c-Urquhart-s5-b4.shuffled.cnf
Timeout
Running configuration on file /nfs/home/rzipperer/git/Kissat_hyperparamoptimization/instances/train/0ef029cb7616d4a89eb6d1f63e89f67e-or_randxor_k3_n510_m510.sanitized.cnf
Timeout
Running configuration on file /nfs/home/rzipperer/git/Kissat_hyperparamoptimization/instances/train/c5ae0ec49de0959cd14431ce851c14f8-Circuit_multiplier22.cnf
Timeout
Running configuration on file /nfs/home/rzipperer/git/Kissat_hyperparamoptimization/instances/train/556cf803f9de4b2ec688825b5ff7e325-tseitin_d3_n174.sanitized.cnf
Timeout
Running configuration on file /nfs/home/rzipperer/git/Kissat_hyperparamoptimization/instances/train/170b13af977e962321c493544b2bd0a9-circuit_48in64out_with_800gates_4in4out_dist128_seed4.sanitized.cnf
Solved
---Testing configuration---
Configuration(values={
  'backbone': 2,
  'bump': 0,
  'chrono': 1,
  'congruence': 0,
  'eagersubsume': 3,
  'eliminate': 1,
  'emafast': 160126,
  'extract': 0,
  'factor': 0,
  'fastel': 1,
  'forward': 1,
  'jumpreasons': 1,
  'lucky': 1,
  'minimize': 0,
  'otfs': 1,
  'phase': 1,
  'phasesaving': 1,
  'preprocess': 0,
  'probe': 1,
  'promote': 1,
  'randec': 1,
  'reducehigh': 127,
  'reducelow': 812,
  'reluctant': 0,
  'reorder': 2,
  'rephase': 1,
  'restart': 0,
  'shrink': 3,
  'stable': 0,
  'substitute': 1,
  'sweep': 1,
  'target': 2,
  'tier1': 49,
  'tier1relative': 377,
  'tier2': 266,
  'tier2relative': 394,
  'transitive': 1,
  'vivify': 1,
  'warmup': 1,
})
On 20 instances
Worst case runtime for this iteration is 100000 seconds
Running configuration on file /nfs/home/rzipperer/git/Kissat_hyperparamoptimization/instances/train/835ac60ca83af6f334b64b61c4ad345b-tseitin_d3_n160.cnf
Timeout
Running configuration on file /nfs/home/rzipperer/git/Kissat_hyperparamoptimization/instances/train/4d2f74ef97b6d40ebd71f85dcb75c543-tseitingrid7x160_shuffled-sc2016.cnf
Timeout
Running configuration on file /nfs/home/rzipperer/git/Kissat_hyperparamoptimization/instances/train/35789168b67a74985804902008251269-tseitingrid6x200_shuffled.cnf
Timeout
Running configuration on file /nfs/home/rzipperer/git/Kissat_hyperparamoptimization/instances/train/9e6c2e7b0d6f58e449716deb9305525a-circuit_32in32out_with_96gates_7in7out_dist128_seed1.sanitized.cnf
Timeout
Running configuration on file /nfs/home/rzipperer/git/Kissat_hyperparamoptimization/instances/train/71ec94c233016219e12d671594dc88e5-circuit_32in32out_with_70gates_7in7out_dist128_seed1.sanitized.cnf
Timeout
Running configuration on file /nfs/home/rzipperer/git/Kissat_hyperparamoptimization/instances/train/758f9ed67b4d2068c209157335e07266-or_randxor_k3_n640_m640.cnf
Timeout
Running configuration on file /nfs/home/rzipperer/git/Kissat_hyperparamoptimization/instances/train/e2deb375e56da2360ecd08fc1179fb7d-circuit_48in24out_with_100gates_7in7out_dist128_seed1.sanitized.cnf
Timeout
Running configuration on file /nfs/home/rzipperer/git/Kissat_hyperparamoptimization/instances/train/c69c5163c9087ffe770743bd4cdafcc9-tseitin_d3_n162.sanitized.cnf
Timeout
Running configuration on file /nfs/home/rzipperer/git/Kissat_hyperparamoptimization/instances/train/670a24d73dbadd3073e9604c6ef903d1-tseitin_grid_n260_m260.cnf
Timeout
Running configuration on file /nfs/home/rzipperer/git/Kissat_hyperparamoptimization/instances/train/6f7a0e1cf94b6b26eafc08a827a692ce-circuit_64in64out_with_64gates_8in5out_dist256_seed1.sanitized.cnf
Solved
Running configuration on file /nfs/home/rzipperer/git/Kissat_hyperparamoptimization/instances/train/36dbc206c7d9773bebb03f752070cee9-tseitin_grid_n11_m20.sanitized.cnf
Timeout
Running configuration on file /nfs/home/rzipperer/git/Kissat_hyperparamoptimization/instances/train/7ac7fabd8c078aea420087a0c80e5563-circuit_32in32out_with_400gates_6in6out_dist64_seed1.sanitized.cnf
Timeout
Running configuration on file /nfs/home/rzipperer/git/Kissat_hyperparamoptimization/instances/train/1153a473e1d5dd21ccd33189d594a4aa-tseitin_d3_n10000.cnf
Timeout
Running configuration on file /nfs/home/rzipperer/git/Kissat_hyperparamoptimization/instances/train/5f6861053fb4ed4fc0b997cd6b505ef4-tseitin_d3_n110000.cnf
Timeout
Running configuration on file /nfs/home/rzipperer/git/Kissat_hyperparamoptimization/instances/train/37ca184832fc6fa43a22ae900f1756a2-circuit_32in32out_with_350gates_6in6out_dist64_seed1.sanitized.cnf
Timeout
Running configuration on file /nfs/home/rzipperer/git/Kissat_hyperparamoptimization/instances/train/ff5170c690129f8c94658e82b6aab05c-Urquhart-s5-b4.shuffled.cnf
Timeout
Running configuration on file /nfs/home/rzipperer/git/Kissat_hyperparamoptimization/instances/train/0ef029cb7616d4a89eb6d1f63e89f67e-or_randxor_k3_n510_m510.sanitized.cnf
Timeout
Running configuration on file /nfs/home/rzipperer/git/Kissat_hyperparamoptimization/instances/train/c5ae0ec49de0959cd14431ce851c14f8-Circuit_multiplier22.cnf
Solved
Running configuration on file /nfs/home/rzipperer/git/Kissat_hyperparamoptimization/instances/train/556cf803f9de4b2ec688825b5ff7e325-tseitin_d3_n174.sanitized.cnf
Timeout
Running configuration on file /nfs/home/rzipperer/git/Kissat_hyperparamoptimization/instances/train/170b13af977e962321c493544b2bd0a9-circuit_48in64out_with_800gates_4in4out_dist128_seed4.sanitized.cnf
Solved
---Testing configuration---
Configuration(values={
  'backbone': 2,
  'bump': 1,
  'chrono': 0,
  'congruence': 1,
  'eagersubsume': 1,
  'eliminate': 1,
  'emafast': 61895,
  'extract': 1,
  'factor': 0,
  'fastel': 1,
  'forward': 1,
  'jumpreasons': 0,
  'lucky': 0,
  'minimize': 0,
  'otfs': 0,
  'phase': 1,
  'phasesaving': 0,
  'preprocess': 0,
  'probe': 1,
  'promote': 1,
  'randec': 1,
  'reducehigh': 765,
  'reducelow': 378,
  'reluctant': 1,
  'reorder': 0,
  'rephase': 1,
  'restart': 1,
  'shrink': 3,
  'stable': 2,
  'substitute': 1,
  'sweep': 1,
  'target': 1,
  'tier1': 43,
  'tier1relative': 955,
  'tier2': 462,
  'tier2relative': 101,
  'transitive': 1,
  'vivify': 0,
  'warmup': 1,
})
On 20 instances
Worst case runtime for this iteration is 100000 seconds
Running configuration on file /nfs/home/rzipperer/git/Kissat_hyperparamoptimization/instances/train/835ac60ca83af6f334b64b61c4ad345b-tseitin_d3_n160.cnf
Timeout
Running configuration on file /nfs/home/rzipperer/git/Kissat_hyperparamoptimization/instances/train/4d2f74ef97b6d40ebd71f85dcb75c543-tseitingrid7x160_shuffled-sc2016.cnf
Timeout
Running configuration on file /nfs/home/rzipperer/git/Kissat_hyperparamoptimization/instances/train/35789168b67a74985804902008251269-tseitingrid6x200_shuffled.cnf
Timeout
Running configuration on file /nfs/home/rzipperer/git/Kissat_hyperparamoptimization/instances/train/9e6c2e7b0d6f58e449716deb9305525a-circuit_32in32out_with_96gates_7in7out_dist128_seed1.sanitized.cnf
Timeout
Running configuration on file /nfs/home/rzipperer/git/Kissat_hyperparamoptimization/instances/train/71ec94c233016219e12d671594dc88e5-circuit_32in32out_with_70gates_7in7out_dist128_seed1.sanitized.cnf
Timeout
Running configuration on file /nfs/home/rzipperer/git/Kissat_hyperparamoptimization/instances/train/758f9ed67b4d2068c209157335e07266-or_randxor_k3_n640_m640.cnf
Timeout
Running configuration on file /nfs/home/rzipperer/git/Kissat_hyperparamoptimization/instances/train/e2deb375e56da2360ecd08fc1179fb7d-circuit_48in24out_with_100gates_7in7out_dist128_seed1.sanitized.cnf
Solved
Running configuration on file /nfs/home/rzipperer/git/Kissat_hyperparamoptimization/instances/train/c69c5163c9087ffe770743bd4cdafcc9-tseitin_d3_n162.sanitized.cnf
Timeout
Running configuration on file /nfs/home/rzipperer/git/Kissat_hyperparamoptimization/instances/train/670a24d73dbadd3073e9604c6ef903d1-tseitin_grid_n260_m260.cnf
Timeout
Running configuration on file /nfs/home/rzipperer/git/Kissat_hyperparamoptimization/instances/train/6f7a0e1cf94b6b26eafc08a827a692ce-circuit_64in64out_with_64gates_8in5out_dist256_seed1.sanitized.cnf
Solved
Running configuration on file /nfs/home/rzipperer/git/Kissat_hyperparamoptimization/instances/train/36dbc206c7d9773bebb03f752070cee9-tseitin_grid_n11_m20.sanitized.cnf
Timeout
Running configuration on file /nfs/home/rzipperer/git/Kissat_hyperparamoptimization/instances/train/7ac7fabd8c078aea420087a0c80e5563-circuit_32in32out_with_400gates_6in6out_dist64_seed1.sanitized.cnf
Solved
Running configuration on file /nfs/home/rzipperer/git/Kissat_hyperparamoptimization/instances/train/1153a473e1d5dd21ccd33189d594a4aa-tseitin_d3_n10000.cnf
Timeout
Running configuration on file /nfs/home/rzipperer/git/Kissat_hyperparamoptimization/instances/train/5f6861053fb4ed4fc0b997cd6b505ef4-tseitin_d3_n110000.cnf
Timeout
Running configuration on file /nfs/home/rzipperer/git/Kissat_hyperparamoptimization/instances/train/37ca184832fc6fa43a22ae900f1756a2-circuit_32in32out_with_350gates_6in6out_dist64_seed1.sanitized.cnf
Timeout
Running configuration on file /nfs/home/rzipperer/git/Kissat_hyperparamoptimization/instances/train/ff5170c690129f8c94658e82b6aab05c-Urquhart-s5-b4.shuffled.cnf
Timeout
Running configuration on file /nfs/home/rzipperer/git/Kissat_hyperparamoptimization/instances/train/0ef029cb7616d4a89eb6d1f63e89f67e-or_randxor_k3_n510_m510.sanitized.cnf
Timeout
Running configuration on file /nfs/home/rzipperer/git/Kissat_hyperparamoptimization/instances/train/c5ae0ec49de0959cd14431ce851c14f8-Circuit_multiplier22.cnf
Solved
Running configuration on file /nfs/home/rzipperer/git/Kissat_hyperparamoptimization/instances/train/556cf803f9de4b2ec688825b5ff7e325-tseitin_d3_n174.sanitized.cnf
Timeout
Running configuration on file /nfs/home/rzipperer/git/Kissat_hyperparamoptimization/instances/train/170b13af977e962321c493544b2bd0a9-circuit_48in64out_with_800gates_4in4out_dist128_seed4.sanitized.cnf
Solved
---Testing configuration---
Configuration(values={
  'backbone': 2,
  'bump': 1,
  'chrono': 0,
  'congruence': 1,
  'eagersubsume': 4,
  'eliminate': 0,
  'emafast': 119198,
  'extract': 0,
  'factor': 0,
  'fastel': 1,
  'forward': 1,
  'jumpreasons': 1,
  'lucky': 1,
  'minimize': 1,
  'otfs': 1,
  'phase': 1,
  'phasesaving': 1,
  'preprocess': 0,
  'probe': 1,
  'promote': 0,
  'randec': 1,
  'reducehigh': 913,
  'reducelow': 699,
  'reluctant': 0,
  'reorder': 2,
  'rephase': 0,
  'restart': 0,
  'shrink': 3,
  'stable': 0,
  'substitute': 1,
  'sweep': 0,
  'target': 1,
  'tier1': 14,
  'tier1relative': 470,
  'tier2': 334,
  'tier2relative': 434,
  'transitive': 0,
  'vivify': 1,
  'warmup': 0,
})
On 20 instances
Worst case runtime for this iteration is 100000 seconds
Running configuration on file /nfs/home/rzipperer/git/Kissat_hyperparamoptimization/instances/train/835ac60ca83af6f334b64b61c4ad345b-tseitin_d3_n160.cnf
Timeout
Running configuration on file /nfs/home/rzipperer/git/Kissat_hyperparamoptimization/instances/train/4d2f74ef97b6d40ebd71f85dcb75c543-tseitingrid7x160_shuffled-sc2016.cnf
Timeout
Running configuration on file /nfs/home/rzipperer/git/Kissat_hyperparamoptimization/instances/train/35789168b67a74985804902008251269-tseitingrid6x200_shuffled.cnf
Timeout
Running configuration on file /nfs/home/rzipperer/git/Kissat_hyperparamoptimization/instances/train/9e6c2e7b0d6f58e449716deb9305525a-circuit_32in32out_with_96gates_7in7out_dist128_seed1.sanitized.cnf
Solved
Running configuration on file /nfs/home/rzipperer/git/Kissat_hyperparamoptimization/instances/train/71ec94c233016219e12d671594dc88e5-circuit_32in32out_with_70gates_7in7out_dist128_seed1.sanitized.cnf
Solved
Running configuration on file /nfs/home/rzipperer/git/Kissat_hyperparamoptimization/instances/train/758f9ed67b4d2068c209157335e07266-or_randxor_k3_n640_m640.cnf
Timeout
Running configuration on file /nfs/home/rzipperer/git/Kissat_hyperparamoptimization/instances/train/e2deb375e56da2360ecd08fc1179fb7d-circuit_48in24out_with_100gates_7in7out_dist128_seed1.sanitized.cnf
Solved
Running configuration on file /nfs/home/rzipperer/git/Kissat_hyperparamoptimization/instances/train/c69c5163c9087ffe770743bd4cdafcc9-tseitin_d3_n162.sanitized.cnf
Timeout
Running configuration on file /nfs/home/rzipperer/git/Kissat_hyperparamoptimization/instances/train/670a24d73dbadd3073e9604c6ef903d1-tseitin_grid_n260_m260.cnf
Timeout
Running configuration on file /nfs/home/rzipperer/git/Kissat_hyperparamoptimization/instances/train/6f7a0e1cf94b6b26eafc08a827a692ce-circuit_64in64out_with_64gates_8in5out_dist256_seed1.sanitized.cnf
Solved
Running configuration on file /nfs/home/rzipperer/git/Kissat_hyperparamoptimization/instances/train/36dbc206c7d9773bebb03f752070cee9-tseitin_grid_n11_m20.sanitized.cnf
Timeout
Running configuration on file /nfs/home/rzipperer/git/Kissat_hyperparamoptimization/instances/train/7ac7fabd8c078aea420087a0c80e5563-circuit_32in32out_with_400gates_6in6out_dist64_seed1.sanitized.cnf
Solved
Running configuration on file /nfs/home/rzipperer/git/Kissat_hyperparamoptimization/instances/train/1153a473e1d5dd21ccd33189d594a4aa-tseitin_d3_n10000.cnf
Timeout
Running configuration on file /nfs/home/rzipperer/git/Kissat_hyperparamoptimization/instances/train/5f6861053fb4ed4fc0b997cd6b505ef4-tseitin_d3_n110000.cnf
Timeout
Running configuration on file /nfs/home/rzipperer/git/Kissat_hyperparamoptimization/instances/train/37ca184832fc6fa43a22ae900f1756a2-circuit_32in32out_with_350gates_6in6out_dist64_seed1.sanitized.cnf
Solved
Running configuration on file /nfs/home/rzipperer/git/Kissat_hyperparamoptimization/instances/train/ff5170c690129f8c94658e82b6aab05c-Urquhart-s5-b4.shuffled.cnf
Timeout
Running configuration on file /nfs/home/rzipperer/git/Kissat_hyperparamoptimization/instances/train/0ef029cb7616d4a89eb6d1f63e89f67e-or_randxor_k3_n510_m510.sanitized.cnf
Timeout
Running configuration on file /nfs/home/rzipperer/git/Kissat_hyperparamoptimization/instances/train/c5ae0ec49de0959cd14431ce851c14f8-Circuit_multiplier22.cnf
Solved
Running configuration on file /nfs/home/rzipperer/git/Kissat_hyperparamoptimization/instances/train/556cf803f9de4b2ec688825b5ff7e325-tseitin_d3_n174.sanitized.cnf
Timeout
Running configuration on file /nfs/home/rzipperer/git/Kissat_hyperparamoptimization/instances/train/170b13af977e962321c493544b2bd0a9-circuit_48in64out_with_800gates_4in4out_dist128_seed4.sanitized.cnf
Solved
---Testing configuration---
Configuration(values={
  'backbone': 2,
  'bump': 1,
  'chrono': 1,
  'congruence': 0,
  'eagersubsume': 1,
  'eliminate': 0,
  'emafast': 438789,
  'extract': 1,
  'factor': 1,
  'fastel': 1,
  'forward': 1,
  'jumpreasons': 0,
  'lucky': 1,
  'minimize': 1,
  'otfs': 0,
  'phase': 1,
  'phasesaving': 0,
  'preprocess': 0,
  'probe': 1,
  'promote': 1,
  'randec': 0,
  'reducehigh': 51,
  'reducelow': 47,
  'reluctant': 0,
  'reorder': 2,
  'rephase': 0,
  'restart': 0,
  'shrink': 3,
  'stable': 0,
  'substitute': 0,
  'sweep': 1,
  'target': 0,
  'tier1': 5,
  'tier1relative': 31,
  'tier2': 8,
  'tier2relative': 706,
  'transitive': 1,
  'vivify': 1,
  'warmup': 1,
})
On 20 instances
Worst case runtime for this iteration is 100000 seconds
Running configuration on file /nfs/home/rzipperer/git/Kissat_hyperparamoptimization/instances/train/835ac60ca83af6f334b64b61c4ad345b-tseitin_d3_n160.cnf
Timeout
Running configuration on file /nfs/home/rzipperer/git/Kissat_hyperparamoptimization/instances/train/4d2f74ef97b6d40ebd71f85dcb75c543-tseitingrid7x160_shuffled-sc2016.cnf
Timeout
Running configuration on file /nfs/home/rzipperer/git/Kissat_hyperparamoptimization/instances/train/35789168b67a74985804902008251269-tseitingrid6x200_shuffled.cnf
Timeout
Running configuration on file /nfs/home/rzipperer/git/Kissat_hyperparamoptimization/instances/train/9e6c2e7b0d6f58e449716deb9305525a-circuit_32in32out_with_96gates_7in7out_dist128_seed1.sanitized.cnf
Solved
Running configuration on file /nfs/home/rzipperer/git/Kissat_hyperparamoptimization/instances/train/71ec94c233016219e12d671594dc88e5-circuit_32in32out_with_70gates_7in7out_dist128_seed1.sanitized.cnf
Solved
Running configuration on file /nfs/home/rzipperer/git/Kissat_hyperparamoptimization/instances/train/758f9ed67b4d2068c209157335e07266-or_randxor_k3_n640_m640.cnf
Solved
Running configuration on file /nfs/home/rzipperer/git/Kissat_hyperparamoptimization/instances/train/e2deb375e56da2360ecd08fc1179fb7d-circuit_48in24out_with_100gates_7in7out_dist128_seed1.sanitized.cnf
Solved
Running configuration on file /nfs/home/rzipperer/git/Kissat_hyperparamoptimization/instances/train/c69c5163c9087ffe770743bd4cdafcc9-tseitin_d3_n162.sanitized.cnf
Timeout
Running configuration on file /nfs/home/rzipperer/git/Kissat_hyperparamoptimization/instances/train/670a24d73dbadd3073e9604c6ef903d1-tseitin_grid_n260_m260.cnf
Timeout
Running configuration on file /nfs/home/rzipperer/git/Kissat_hyperparamoptimization/instances/train/6f7a0e1cf94b6b26eafc08a827a692ce-circuit_64in64out_with_64gates_8in5out_dist256_seed1.sanitized.cnf
Solved
Running configuration on file /nfs/home/rzipperer/git/Kissat_hyperparamoptimization/instances/train/36dbc206c7d9773bebb03f752070cee9-tseitin_grid_n11_m20.sanitized.cnf
Solved
Running configuration on file /nfs/home/rzipperer/git/Kissat_hyperparamoptimization/instances/train/7ac7fabd8c078aea420087a0c80e5563-circuit_32in32out_with_400gates_6in6out_dist64_seed1.sanitized.cnf
Solved
Running configuration on file /nfs/home/rzipperer/git/Kissat_hyperparamoptimization/instances/train/1153a473e1d5dd21ccd33189d594a4aa-tseitin_d3_n10000.cnf
Timeout
Running configuration on file /nfs/home/rzipperer/git/Kissat_hyperparamoptimization/instances/train/5f6861053fb4ed4fc0b997cd6b505ef4-tseitin_d3_n110000.cnf
Timeout
Running configuration on file /nfs/home/rzipperer/git/Kissat_hyperparamoptimization/instances/train/37ca184832fc6fa43a22ae900f1756a2-circuit_32in32out_with_350gates_6in6out_dist64_seed1.sanitized.cnf
Solved
Running configuration on file /nfs/home/rzipperer/git/Kissat_hyperparamoptimization/instances/train/ff5170c690129f8c94658e82b6aab05c-Urquhart-s5-b4.shuffled.cnf
Timeout
Running configuration on file /nfs/home/rzipperer/git/Kissat_hyperparamoptimization/instances/train/0ef029cb7616d4a89eb6d1f63e89f67e-or_randxor_k3_n510_m510.sanitized.cnf
Solved
Running configuration on file /nfs/home/rzipperer/git/Kissat_hyperparamoptimization/instances/train/c5ae0ec49de0959cd14431ce851c14f8-Circuit_multiplier22.cnf
Solved
Running configuration on file /nfs/home/rzipperer/git/Kissat_hyperparamoptimization/instances/train/556cf803f9de4b2ec688825b5ff7e325-tseitin_d3_n174.sanitized.cnf
Timeout
Running configuration on file /nfs/home/rzipperer/git/Kissat_hyperparamoptimization/instances/train/170b13af977e962321c493544b2bd0a9-circuit_48in64out_with_800gates_4in4out_dist128_seed4.sanitized.cnf
Solved
[INFO][abstract_intensifier.py:595] Added config adbe08 and rejected config 19f505 as incumbent because it is not better than the incumbents on 1 instances:
---Testing configuration---
Configuration(values={
  'backbone': 2,
  'bump': 0,
  'chrono': 1,
  'congruence': 1,
  'eagersubsume': 1,
  'eliminate': 0,
  'emafast': 349118,
  'extract': 1,
  'factor': 1,
  'fastel': 0,
  'forward': 1,
  'jumpreasons': 0,
  'lucky': 1,
  'minimize': 0,
  'otfs': 0,
  'phase': 0,
  'phasesaving': 0,
  'preprocess': 0,
  'probe': 1,
  'promote': 0,
  'randec': 0,
  'reducehigh': 360,
  'reducelow': 283,
  'reluctant': 0,
  'reorder': 1,
  'rephase': 1,
  'restart': 1,
  'shrink': 3,
  'stable': 1,
  'substitute': 0,
  'sweep': 1,
  'target': 0,
  'tier1': 14,
  'tier1relative': 445,
  'tier2': 133,
  'tier2relative': 505,
  'transitive': 0,
  'vivify': 0,
  'warmup': 0,
})
On 20 instances
Worst case runtime for this iteration is 100000 seconds
Running configuration on file /nfs/home/rzipperer/git/Kissat_hyperparamoptimization/instances/train/835ac60ca83af6f334b64b61c4ad345b-tseitin_d3_n160.cnf
Timeout
Running configuration on file /nfs/home/rzipperer/git/Kissat_hyperparamoptimization/instances/train/4d2f74ef97b6d40ebd71f85dcb75c543-tseitingrid7x160_shuffled-sc2016.cnf
Timeout
Running configuration on file /nfs/home/rzipperer/git/Kissat_hyperparamoptimization/instances/train/35789168b67a74985804902008251269-tseitingrid6x200_shuffled.cnf
Timeout
Running configuration on file /nfs/home/rzipperer/git/Kissat_hyperparamoptimization/instances/train/9e6c2e7b0d6f58e449716deb9305525a-circuit_32in32out_with_96gates_7in7out_dist128_seed1.sanitized.cnf
Solved
Running configuration on file /nfs/home/rzipperer/git/Kissat_hyperparamoptimization/instances/train/71ec94c233016219e12d671594dc88e5-circuit_32in32out_with_70gates_7in7out_dist128_seed1.sanitized.cnf
Solved
Running configuration on file /nfs/home/rzipperer/git/Kissat_hyperparamoptimization/instances/train/758f9ed67b4d2068c209157335e07266-or_randxor_k3_n640_m640.cnf
Solved
Running configuration on file /nfs/home/rzipperer/git/Kissat_hyperparamoptimization/instances/train/e2deb375e56da2360ecd08fc1179fb7d-circuit_48in24out_with_100gates_7in7out_dist128_seed1.sanitized.cnf
Solved
Running configuration on file /nfs/home/rzipperer/git/Kissat_hyperparamoptimization/instances/train/c69c5163c9087ffe770743bd4cdafcc9-tseitin_d3_n162.sanitized.cnf
Timeout
Running configuration on file /nfs/home/rzipperer/git/Kissat_hyperparamoptimization/instances/train/670a24d73dbadd3073e9604c6ef903d1-tseitin_grid_n260_m260.cnf
Timeout
Running configuration on file /nfs/home/rzipperer/git/Kissat_hyperparamoptimization/instances/train/6f7a0e1cf94b6b26eafc08a827a692ce-circuit_64in64out_with_64gates_8in5out_dist256_seed1.sanitized.cnf
Solved
Running configuration on file /nfs/home/rzipperer/git/Kissat_hyperparamoptimization/instances/train/36dbc206c7d9773bebb03f752070cee9-tseitin_grid_n11_m20.sanitized.cnf
Timeout
Running configuration on file /nfs/home/rzipperer/git/Kissat_hyperparamoptimization/instances/train/7ac7fabd8c078aea420087a0c80e5563-circuit_32in32out_with_400gates_6in6out_dist64_seed1.sanitized.cnf
Solved
Running configuration on file /nfs/home/rzipperer/git/Kissat_hyperparamoptimization/instances/train/1153a473e1d5dd21ccd33189d594a4aa-tseitin_d3_n10000.cnf
Timeout
Running configuration on file /nfs/home/rzipperer/git/Kissat_hyperparamoptimization/instances/train/5f6861053fb4ed4fc0b997cd6b505ef4-tseitin_d3_n110000.cnf
Timeout
Running configuration on file /nfs/home/rzipperer/git/Kissat_hyperparamoptimization/instances/train/37ca184832fc6fa43a22ae900f1756a2-circuit_32in32out_with_350gates_6in6out_dist64_seed1.sanitized.cnf
Solved
Running configuration on file /nfs/home/rzipperer/git/Kissat_hyperparamoptimization/instances/train/ff5170c690129f8c94658e82b6aab05c-Urquhart-s5-b4.shuffled.cnf
Timeout
Running configuration on file /nfs/home/rzipperer/git/Kissat_hyperparamoptimization/instances/train/0ef029cb7616d4a89eb6d1f63e89f67e-or_randxor_k3_n510_m510.sanitized.cnf
Solved
Running configuration on file /nfs/home/rzipperer/git/Kissat_hyperparamoptimization/instances/train/c5ae0ec49de0959cd14431ce851c14f8-Circuit_multiplier22.cnf
Timeout
Running configuration on file /nfs/home/rzipperer/git/Kissat_hyperparamoptimization/instances/train/556cf803f9de4b2ec688825b5ff7e325-tseitin_d3_n174.sanitized.cnf
Timeout
Running configuration on file /nfs/home/rzipperer/git/Kissat_hyperparamoptimization/instances/train/170b13af977e962321c493544b2bd0a9-circuit_48in64out_with_800gates_4in4out_dist128_seed4.sanitized.cnf
Solved
[INFO][smbo.py:328] Configuration budget is exhausted:
[INFO][smbo.py:329] --- Remaining wallclock time: inf
[INFO][smbo.py:330] --- Remaining cpu time: inf
[INFO][smbo.py:331] --- Remaining trials: 0
Configuration(values={
  'backbone': 2,
  'bump': 1,
  'chrono': 1,
  'congruence': 0,
  'eagersubsume': 1,
  'eliminate': 0,
  'emafast': 438789,
  'extract': 1,
  'factor': 1,
  'fastel': 1,
  'forward': 1,
  'jumpreasons': 0,
  'lucky': 1,
  'minimize': 1,
  'otfs': 0,
  'phase': 1,
  'phasesaving': 0,
  'preprocess': 0,
  'probe': 1,
  'promote': 1,
  'randec': 0,
  'reducehigh': 51,
  'reducelow': 47,
  'reluctant': 0,
  'reorder': 2,
  'rephase': 0,
  'restart': 0,
  'shrink': 3,
  'stable': 0,
  'substitute': 0,
  'sweep': 1,
  'target': 0,
  'tier1': 5,
  'tier1relative': 31,
  'tier2': 8,
  'tier2relative': 706,
  'transitive': 1,
  'vivify': 1,
  'warmup': 1,
})
