Getting instances
['/nfs/share/instances/gbd/cnf/05ed64e4e6229f446082752936768489-stb_495_168.apx_2_DC-AD.cnf.xz', '/nfs/share/instances/gbd/cnf/1f6cf91464c6a19022144774b162a3cc-ER_500_30_3.apx_2_DC-ST.cnf.xz', '/nfs/share/instances/gbd/cnf/275d36e3f246990dccd094e5e1442ba9-WS_500_32_50_10.apx_2_DC-AD.cnf.xz', '/nfs/share/instances/gbd/cnf/29bab0de14e56e526be9683131005cb2-stb_588_138.apx_2_DS-ST.cnf.xz', '/nfs/share/instances/gbd/cnf/2a4680a801ad32ab8768030250daf0c8-ER_500_10_5.apx_2_DC-ST.cnf.xz', '/nfs/share/instances/gbd/cnf/2eb039a5aa6bfb6e41d3afd41071ca55-ER_500_30_3.apx_1_DC-ST.cnf.xz', '/nfs/share/instances/gbd/cnf/3ff114cc7bee4f39fa56a0325e605c2d-stb_588_138.apx_2_DC-ST.cnf.xz', '/nfs/share/instances/gbd/cnf/40737c2f46512069d54b0d2bb3b47a20-ER_400_20_4.apx_2_DC-AD.cnf.xz', '/nfs/share/instances/gbd/cnf/4214f45042f8c504f9837afaec88bf8f-ER_400_20_7.apx_2_DC-AD.cnf.xz', '/nfs/share/instances/gbd/cnf/4611cd26b441b8c5866e4a2c5a7952dc-WS_400_24_90_10.apx_1_DS-ST.cnf.xz', '/nfs/share/instances/gbd/cnf/4be4ae25aae88528bc10f8369bba86df-ER_400_20_4.apx_1_DC-AD.cnf.xz', '/nfs/share/instances/gbd/cnf/4d7f6efbae05b66ffbbd509a430d57f8-stb_418_125.apx_1_DC-ST.cnf.xz', '/nfs/share/instances/gbd/cnf/55199d55fa9c3751a525d6c0a0e649bd-WS_500_16_90_70.apx_2_DC-AD.cnf.xz', '/nfs/share/instances/gbd/cnf/5cb1ca8fe8a9d9125ea9accd498445f1-stb_531_83.apx_1_DC-ST.cnf.xz', '/nfs/share/instances/gbd/cnf/67b4844c4bfbaf961cbbd79b953aa5c2-stb_588_138.apx_1_DC-AD.cnf.xz', '/nfs/share/instances/gbd/cnf/7b4622a3ab523264378a560199de47ed-ER_400_20_4.apx_1_DC-ST.cnf.xz', '/nfs/share/instances/gbd/cnf/7b9d8b9b31b530effd634f5a8f1f4411-stb_531_83.apx_2_DC-ST.cnf.xz', '/nfs/share/instances/gbd/cnf/81d2158d506ea1049708837460b9387e-WS_400_24_70_10.apx_2_DC-AD.cnf.xz', '/nfs/share/instances/gbd/cnf/8270ae50e6f2881136868db6d3a88eee-WS_400_24_90_10.apx_2_DC-AD.cnf.xz', '/nfs/share/instances/gbd/cnf/8b31606e10656ff7eb2936262b647443-stable-300-0.1-20-98765432130020.cnf.xz', '/nfs/share/instances/gbd/cnf/8db36208fc6ce43b4002cf048c549b3f-WS_400_32_90_10.apx_1_DC-AD.cnf.xz', '/nfs/share/instances/gbd/cnf/945d67baeb7860df648ab6ef4782d5ed-stb_792_333.apx_1_DS-ST.cnf.xz', '/nfs/share/instances/gbd/cnf/953e9ff735bdf5ada27b0ab2b908b6af-WS_400_24_70_10.apx_1_DC-ST.cnf.xz', '/nfs/share/instances/gbd/cnf/96a6796405061571e12d383efe27b703-WS_500_16_70_10.apx_1_DC-ST.cnf.xz', '/nfs/share/instances/gbd/cnf/9811b95bfd5888014d27e6dd384ff502-WS_500_16_90_70.apx_2_DC-ST.cnf.xz', '/nfs/share/instances/gbd/cnf/9c7043290cee8127c3626d8067759267-stb_531_83.apx_2_DC-AD.cnf.xz', '/nfs/share/instances/gbd/cnf/9e749596a8de36d8ab706c96cf128455-WS_500_16_70_10.apx_2_DC-AD.cnf.xz', '/nfs/share/instances/gbd/cnf/a58b8a5eb61d3110d9fa36a03de588d2-stb_495_168.apx_1_DC-AD.cnf.xz', '/nfs/share/instances/gbd/cnf/aa4a861240c0c39b5aa44602133ae5e1-stb_418_125.apx_2_DC-ST.cnf.xz', '/nfs/share/instances/gbd/cnf/ae7e391be73431e5dddf2bbafe95758a-WS_400_24_70_10.apx_2_DC-ST.cnf.xz', '/nfs/share/instances/gbd/cnf/b11374f7fe60b9a63fbfde24b1a0a439-stb_418_125.apx_2_DC-AD.cnf.xz', '/nfs/share/instances/gbd/cnf/b86f2425cafeb1239d65bd529e372e02-ER_500_10_1.apx_1_DC-AD.cnf.xz', '/nfs/share/instances/gbd/cnf/bbf800109d039e117ed60593c185692c-ER_500_10_2.apx_1_DS-ST.cnf.xz', '/nfs/share/instances/gbd/cnf/bd19da88800086971e554e9d66bc641d-stb_588_138.apx_1_DC-ST.cnf.xz', '/nfs/share/instances/gbd/cnf/d3daba681653ea969bedf0c4a2fdb947-ER_400_20_7.apx_1_DC-ST.cnf.xz', '/nfs/share/instances/gbd/cnf/d5f6b2092795aad67d1df1fd3a329552-ER_400_20_7.apx_2_DC-ST.cnf.xz', '/nfs/share/instances/gbd/cnf/d7f2e4ec8e631387c928c79e1054c663-stb_418_125.apx_1_DC-AD.cnf.xz', '/nfs/share/instances/gbd/cnf/db4a0d4ba26c46d66ad6cdcb0645a4d9-WS_500_16_70_10.apx_2_DC-ST.cnf.xz', '/nfs/share/instances/gbd/cnf/e84b00b1f134e0e071a2baf54cfc90e8-ER_400_20_4.apx_2_DC-ST.cnf.xz', '/nfs/share/instances/gbd/cnf/ea827f81bd0e9735739adc0d9da1b446-ER_500_30_3.apx_2_DC-AD.cnf.xz', '/nfs/share/instances/gbd/cnf/f15ad4206d95a3f8f1358b33301539be-ER_400_20_7.apx_1_DC-AD.cnf.xz']
Shuffling instances with seed 31
Setting up config
Starting smac
[INFO][abstract_initial_design.py:95] Reducing the number of initial configurations from 390 to 2 (max_ratio == 0.25).
[INFO][abstract_initial_design.py:147] Using 2 initial design configurations and 0 additional configurations.
[INFO][abstract_intensifier.py:306] Using only one seed for deterministic scenario.
---Testing configuration---
Configuration(values={
  'backbone': 1,
  'bump': 1,
  'chrono': 0,
  'congruence': 0,
  'eagersubsume': 3,
  'eliminate': 0,
  'emafast': 959976,
  'extract': 1,
  'factor': 1,
  'fastel': 1,
  'forward': 0,
  'jumpreasons': 1,
  'lucky': 0,
  'minimize': 0,
  'otfs': 1,
  'phase': 1,
  'phasesaving': 1,
  'preprocess': 1,
  'probe': 0,
  'promote': 1,
  'randec': 0,
  'reducehigh': 579,
  'reducelow': 683,
  'reluctant': 1,
  'reorder': 2,
  'rephase': 0,
  'restart': 0,
  'shrink': 1,
  'stable': 1,
  'substitute': 0,
  'sweep': 0,
  'target': 1,
  'tier1': 69,
  'tier1relative': 946,
  'tier2': 646,
  'tier2relative': 105,
  'transitive': 1,
  'vivify': 1,
  'warmup': 0,
})
On 20 instances
Worst case runtime for this iteration is 100000 seconds
Running configuration on file /nfs/home/rzipperer/git/Kissat_hyperparamoptimization/instances/train/ae7e391be73431e5dddf2bbafe95758a-WS_400_24_70_10.apx_2_DC-ST.cnf
Timeout
Running configuration on file /nfs/home/rzipperer/git/Kissat_hyperparamoptimization/instances/train/7b4622a3ab523264378a560199de47ed-ER_400_20_4.apx_1_DC-ST.cnf
Solved
Running configuration on file /nfs/home/rzipperer/git/Kissat_hyperparamoptimization/instances/train/4be4ae25aae88528bc10f8369bba86df-ER_400_20_4.apx_1_DC-AD.cnf
Timeout
Running configuration on file /nfs/home/rzipperer/git/Kissat_hyperparamoptimization/instances/train/b86f2425cafeb1239d65bd529e372e02-ER_500_10_1.apx_1_DC-AD.cnf
Timeout
Running configuration on file /nfs/home/rzipperer/git/Kissat_hyperparamoptimization/instances/train/9811b95bfd5888014d27e6dd384ff502-WS_500_16_90_70.apx_2_DC-ST.cnf
Timeout
Running configuration on file /nfs/home/rzipperer/git/Kissat_hyperparamoptimization/instances/train/9e749596a8de36d8ab706c96cf128455-WS_500_16_70_10.apx_2_DC-AD.cnf
Timeout
Running configuration on file /nfs/home/rzipperer/git/Kissat_hyperparamoptimization/instances/train/db4a0d4ba26c46d66ad6cdcb0645a4d9-WS_500_16_70_10.apx_2_DC-ST.cnf
Timeout
Running configuration on file /nfs/home/rzipperer/git/Kissat_hyperparamoptimization/instances/train/d7f2e4ec8e631387c928c79e1054c663-stb_418_125.apx_1_DC-AD.cnf
Timeout
Running configuration on file /nfs/home/rzipperer/git/Kissat_hyperparamoptimization/instances/train/8db36208fc6ce43b4002cf048c549b3f-WS_400_32_90_10.apx_1_DC-AD.cnf
Timeout
Running configuration on file /nfs/home/rzipperer/git/Kissat_hyperparamoptimization/instances/train/953e9ff735bdf5ada27b0ab2b908b6af-WS_400_24_70_10.apx_1_DC-ST.cnf
Timeout
Running configuration on file /nfs/home/rzipperer/git/Kissat_hyperparamoptimization/instances/train/4d7f6efbae05b66ffbbd509a430d57f8-stb_418_125.apx_1_DC-ST.cnf
Timeout
Running configuration on file /nfs/home/rzipperer/git/Kissat_hyperparamoptimization/instances/train/a58b8a5eb61d3110d9fa36a03de588d2-stb_495_168.apx_1_DC-AD.cnf
Timeout
Running configuration on file /nfs/home/rzipperer/git/Kissat_hyperparamoptimization/instances/train/2eb039a5aa6bfb6e41d3afd41071ca55-ER_500_30_3.apx_1_DC-ST.cnf
Solved
Running configuration on file /nfs/home/rzipperer/git/Kissat_hyperparamoptimization/instances/train/8b31606e10656ff7eb2936262b647443-stable-300-0.1-20-98765432130020.cnf
Solved
Running configuration on file /nfs/home/rzipperer/git/Kissat_hyperparamoptimization/instances/train/55199d55fa9c3751a525d6c0a0e649bd-WS_500_16_90_70.apx_2_DC-AD.cnf
Timeout
Running configuration on file /nfs/home/rzipperer/git/Kissat_hyperparamoptimization/instances/train/f15ad4206d95a3f8f1358b33301539be-ER_400_20_7.apx_1_DC-AD.cnf
Timeout
Running configuration on file /nfs/home/rzipperer/git/Kissat_hyperparamoptimization/instances/train/29bab0de14e56e526be9683131005cb2-stb_588_138.apx_2_DS-ST.cnf
Timeout
Running configuration on file /nfs/home/rzipperer/git/Kissat_hyperparamoptimization/instances/train/d5f6b2092795aad67d1df1fd3a329552-ER_400_20_7.apx_2_DC-ST.cnf
Timeout
Running configuration on file /nfs/home/rzipperer/git/Kissat_hyperparamoptimization/instances/train/8270ae50e6f2881136868db6d3a88eee-WS_400_24_90_10.apx_2_DC-AD.cnf
Timeout
Running configuration on file /nfs/home/rzipperer/git/Kissat_hyperparamoptimization/instances/train/3ff114cc7bee4f39fa56a0325e605c2d-stb_588_138.apx_2_DC-ST.cnf
Timeout
[INFO][abstract_intensifier.py:516] Added config 36bc04 as new incumbent because there are no incumbents yet.
---Testing configuration---
Configuration(values={
  'backbone': 2,
  'bump': 0,
  'chrono': 1,
  'congruence': 1,
  'eagersubsume': 1,
  'eliminate': 1,
  'emafast': 349118,
  'extract': 0,
  'factor': 0,
  'fastel': 0,
  'forward': 1,
  'jumpreasons': 0,
  'lucky': 1,
  'minimize': 1,
  'otfs': 0,
  'phase': 0,
  'phasesaving': 0,
  'preprocess': 0,
  'probe': 1,
  'promote': 0,
  'randec': 1,
  'reducehigh': 360,
  'reducelow': 283,
  'reluctant': 0,
  'reorder': 1,
  'rephase': 1,
  'restart': 1,
  'shrink': 3,
  'stable': 1,
  'substitute': 1,
  'sweep': 1,
  'target': 1,
  'tier1': 14,
  'tier1relative': 445,
  'tier2': 133,
  'tier2relative': 505,
  'transitive': 0,
  'vivify': 0,
  'warmup': 1,
})
On 20 instances
Worst case runtime for this iteration is 100000 seconds
Running configuration on file /nfs/home/rzipperer/git/Kissat_hyperparamoptimization/instances/train/ae7e391be73431e5dddf2bbafe95758a-WS_400_24_70_10.apx_2_DC-ST.cnf
Timeout
Running configuration on file /nfs/home/rzipperer/git/Kissat_hyperparamoptimization/instances/train/7b4622a3ab523264378a560199de47ed-ER_400_20_4.apx_1_DC-ST.cnf
Timeout
Running configuration on file /nfs/home/rzipperer/git/Kissat_hyperparamoptimization/instances/train/4be4ae25aae88528bc10f8369bba86df-ER_400_20_4.apx_1_DC-AD.cnf
Timeout
Running configuration on file /nfs/home/rzipperer/git/Kissat_hyperparamoptimization/instances/train/b86f2425cafeb1239d65bd529e372e02-ER_500_10_1.apx_1_DC-AD.cnf
Timeout
Running configuration on file /nfs/home/rzipperer/git/Kissat_hyperparamoptimization/instances/train/9811b95bfd5888014d27e6dd384ff502-WS_500_16_90_70.apx_2_DC-ST.cnf
Timeout
Running configuration on file /nfs/home/rzipperer/git/Kissat_hyperparamoptimization/instances/train/9e749596a8de36d8ab706c96cf128455-WS_500_16_70_10.apx_2_DC-AD.cnf
Solved
Running configuration on file /nfs/home/rzipperer/git/Kissat_hyperparamoptimization/instances/train/db4a0d4ba26c46d66ad6cdcb0645a4d9-WS_500_16_70_10.apx_2_DC-ST.cnf
Timeout
Running configuration on file /nfs/home/rzipperer/git/Kissat_hyperparamoptimization/instances/train/d7f2e4ec8e631387c928c79e1054c663-stb_418_125.apx_1_DC-AD.cnf
Timeout
Running configuration on file /nfs/home/rzipperer/git/Kissat_hyperparamoptimization/instances/train/8db36208fc6ce43b4002cf048c549b3f-WS_400_32_90_10.apx_1_DC-AD.cnf
Timeout
Running configuration on file /nfs/home/rzipperer/git/Kissat_hyperparamoptimization/instances/train/953e9ff735bdf5ada27b0ab2b908b6af-WS_400_24_70_10.apx_1_DC-ST.cnf
Timeout
Running configuration on file /nfs/home/rzipperer/git/Kissat_hyperparamoptimization/instances/train/4d7f6efbae05b66ffbbd509a430d57f8-stb_418_125.apx_1_DC-ST.cnf
Timeout
Running configuration on file /nfs/home/rzipperer/git/Kissat_hyperparamoptimization/instances/train/a58b8a5eb61d3110d9fa36a03de588d2-stb_495_168.apx_1_DC-AD.cnf
Solved
Running configuration on file /nfs/home/rzipperer/git/Kissat_hyperparamoptimization/instances/train/2eb039a5aa6bfb6e41d3afd41071ca55-ER_500_30_3.apx_1_DC-ST.cnf
Solved
Running configuration on file /nfs/home/rzipperer/git/Kissat_hyperparamoptimization/instances/train/8b31606e10656ff7eb2936262b647443-stable-300-0.1-20-98765432130020.cnf
Solved
Running configuration on file /nfs/home/rzipperer/git/Kissat_hyperparamoptimization/instances/train/55199d55fa9c3751a525d6c0a0e649bd-WS_500_16_90_70.apx_2_DC-AD.cnf
Timeout
Running configuration on file /nfs/home/rzipperer/git/Kissat_hyperparamoptimization/instances/train/f15ad4206d95a3f8f1358b33301539be-ER_400_20_7.apx_1_DC-AD.cnf
Timeout
Running configuration on file /nfs/home/rzipperer/git/Kissat_hyperparamoptimization/instances/train/29bab0de14e56e526be9683131005cb2-stb_588_138.apx_2_DS-ST.cnf
Solved
Running configuration on file /nfs/home/rzipperer/git/Kissat_hyperparamoptimization/instances/train/d5f6b2092795aad67d1df1fd3a329552-ER_400_20_7.apx_2_DC-ST.cnf
Timeout
Running configuration on file /nfs/home/rzipperer/git/Kissat_hyperparamoptimization/instances/train/8270ae50e6f2881136868db6d3a88eee-WS_400_24_90_10.apx_2_DC-AD.cnf
Timeout
Running configuration on file /nfs/home/rzipperer/git/Kissat_hyperparamoptimization/instances/train/3ff114cc7bee4f39fa56a0325e605c2d-stb_588_138.apx_2_DC-ST.cnf
Solved
[INFO][abstract_intensifier.py:595] Added config cf0a0e and rejected config 36bc04 as incumbent because it is not better than the incumbents on 1 instances:
---Testing configuration---
Configuration(values={
  'backbone': 2,
  'bump': 1,
  'chrono': 0,
  'congruence': 1,
  'eagersubsume': 0,
  'eliminate': 1,
  'emafast': 710467,
  'extract': 1,
  'factor': 0,
  'fastel': 0,
  'forward': 1,
  'jumpreasons': 0,
  'lucky': 1,
  'minimize': 0,
  'otfs': 1,
  'phase': 1,
  'phasesaving': 0,
  'preprocess': 0,
  'probe': 1,
  'promote': 1,
  'randec': 0,
  'reducehigh': 21,
  'reducelow': 502,
  'reluctant': 1,
  'reorder': 0,
  'rephase': 1,
  'restart': 0,
  'shrink': 3,
  'stable': 1,
  'substitute': 0,
  'sweep': 1,
  'target': 1,
  'tier1': 48,
  'tier1relative': 584,
  'tier2': 515,
  'tier2relative': 428,
  'transitive': 0,
  'vivify': 1,
  'warmup': 1,
})
On 20 instances
Worst case runtime for this iteration is 100000 seconds
Running configuration on file /nfs/home/rzipperer/git/Kissat_hyperparamoptimization/instances/train/ae7e391be73431e5dddf2bbafe95758a-WS_400_24_70_10.apx_2_DC-ST.cnf
Solved
Running configuration on file /nfs/home/rzipperer/git/Kissat_hyperparamoptimization/instances/train/7b4622a3ab523264378a560199de47ed-ER_400_20_4.apx_1_DC-ST.cnf
Solved
Running configuration on file /nfs/home/rzipperer/git/Kissat_hyperparamoptimization/instances/train/4be4ae25aae88528bc10f8369bba86df-ER_400_20_4.apx_1_DC-AD.cnf
Solved
Running configuration on file /nfs/home/rzipperer/git/Kissat_hyperparamoptimization/instances/train/b86f2425cafeb1239d65bd529e372e02-ER_500_10_1.apx_1_DC-AD.cnf
Timeout
Running configuration on file /nfs/home/rzipperer/git/Kissat_hyperparamoptimization/instances/train/9811b95bfd5888014d27e6dd384ff502-WS_500_16_90_70.apx_2_DC-ST.cnf
Solved
Running configuration on file /nfs/home/rzipperer/git/Kissat_hyperparamoptimization/instances/train/9e749596a8de36d8ab706c96cf128455-WS_500_16_70_10.apx_2_DC-AD.cnf
Timeout
Running configuration on file /nfs/home/rzipperer/git/Kissat_hyperparamoptimization/instances/train/db4a0d4ba26c46d66ad6cdcb0645a4d9-WS_500_16_70_10.apx_2_DC-ST.cnf
Solved
Running configuration on file /nfs/home/rzipperer/git/Kissat_hyperparamoptimization/instances/train/d7f2e4ec8e631387c928c79e1054c663-stb_418_125.apx_1_DC-AD.cnf
Timeout
Running configuration on file /nfs/home/rzipperer/git/Kissat_hyperparamoptimization/instances/train/8db36208fc6ce43b4002cf048c549b3f-WS_400_32_90_10.apx_1_DC-AD.cnf
Timeout
Running configuration on file /nfs/home/rzipperer/git/Kissat_hyperparamoptimization/instances/train/953e9ff735bdf5ada27b0ab2b908b6af-WS_400_24_70_10.apx_1_DC-ST.cnf
Timeout
Running configuration on file /nfs/home/rzipperer/git/Kissat_hyperparamoptimization/instances/train/4d7f6efbae05b66ffbbd509a430d57f8-stb_418_125.apx_1_DC-ST.cnf
Solved
Running configuration on file /nfs/home/rzipperer/git/Kissat_hyperparamoptimization/instances/train/a58b8a5eb61d3110d9fa36a03de588d2-stb_495_168.apx_1_DC-AD.cnf
Solved
Running configuration on file /nfs/home/rzipperer/git/Kissat_hyperparamoptimization/instances/train/2eb039a5aa6bfb6e41d3afd41071ca55-ER_500_30_3.apx_1_DC-ST.cnf
Solved
Running configuration on file /nfs/home/rzipperer/git/Kissat_hyperparamoptimization/instances/train/8b31606e10656ff7eb2936262b647443-stable-300-0.1-20-98765432130020.cnf
Solved
Running configuration on file /nfs/home/rzipperer/git/Kissat_hyperparamoptimization/instances/train/55199d55fa9c3751a525d6c0a0e649bd-WS_500_16_90_70.apx_2_DC-AD.cnf
Solved
Running configuration on file /nfs/home/rzipperer/git/Kissat_hyperparamoptimization/instances/train/f15ad4206d95a3f8f1358b33301539be-ER_400_20_7.apx_1_DC-AD.cnf
Solved
Running configuration on file /nfs/home/rzipperer/git/Kissat_hyperparamoptimization/instances/train/29bab0de14e56e526be9683131005cb2-stb_588_138.apx_2_DS-ST.cnf
Solved
Running configuration on file /nfs/home/rzipperer/git/Kissat_hyperparamoptimization/instances/train/d5f6b2092795aad67d1df1fd3a329552-ER_400_20_7.apx_2_DC-ST.cnf
Timeout
Running configuration on file /nfs/home/rzipperer/git/Kissat_hyperparamoptimization/instances/train/8270ae50e6f2881136868db6d3a88eee-WS_400_24_90_10.apx_2_DC-AD.cnf
Timeout
Running configuration on file /nfs/home/rzipperer/git/Kissat_hyperparamoptimization/instances/train/3ff114cc7bee4f39fa56a0325e605c2d-stb_588_138.apx_2_DC-ST.cnf
Solved
[INFO][abstract_intensifier.py:595] Added config 01564a and rejected config cf0a0e as incumbent because it is not better than the incumbents on 1 instances:
---Testing configuration---
Configuration(values={
  'backbone': 2,
  'bump': 1,
  'chrono': 0,
  'congruence': 0,
  'eagersubsume': 0,
  'eliminate': 1,
  'emafast': 607359,
  'extract': 1,
  'factor': 1,
  'fastel': 1,
  'forward': 1,
  'jumpreasons': 0,
  'lucky': 0,
  'minimize': 1,
  'otfs': 1,
  'phase': 1,
  'phasesaving': 0,
  'preprocess': 0,
  'probe': 1,
  'promote': 1,
  'randec': 1,
  'reducehigh': 17,
  'reducelow': 39,
  'reluctant': 0,
  'reorder': 0,
  'rephase': 1,
  'restart': 1,
  'shrink': 3,
  'stable': 1,
  'substitute': 0,
  'sweep': 0,
  'target': 2,
  'tier1': 88,
  'tier1relative': 394,
  'tier2': 505,
  'tier2relative': 707,
  'transitive': 0,
  'vivify': 1,
  'warmup': 0,
})
On 20 instances
Worst case runtime for this iteration is 100000 seconds
Running configuration on file /nfs/home/rzipperer/git/Kissat_hyperparamoptimization/instances/train/ae7e391be73431e5dddf2bbafe95758a-WS_400_24_70_10.apx_2_DC-ST.cnf
Solved
Running configuration on file /nfs/home/rzipperer/git/Kissat_hyperparamoptimization/instances/train/7b4622a3ab523264378a560199de47ed-ER_400_20_4.apx_1_DC-ST.cnf
Solved
Running configuration on file /nfs/home/rzipperer/git/Kissat_hyperparamoptimization/instances/train/4be4ae25aae88528bc10f8369bba86df-ER_400_20_4.apx_1_DC-AD.cnf
Solved
Running configuration on file /nfs/home/rzipperer/git/Kissat_hyperparamoptimization/instances/train/b86f2425cafeb1239d65bd529e372e02-ER_500_10_1.apx_1_DC-AD.cnf
Timeout
Running configuration on file /nfs/home/rzipperer/git/Kissat_hyperparamoptimization/instances/train/9811b95bfd5888014d27e6dd384ff502-WS_500_16_90_70.apx_2_DC-ST.cnf
Solved
Running configuration on file /nfs/home/rzipperer/git/Kissat_hyperparamoptimization/instances/train/9e749596a8de36d8ab706c96cf128455-WS_500_16_70_10.apx_2_DC-AD.cnf
Solved
Running configuration on file /nfs/home/rzipperer/git/Kissat_hyperparamoptimization/instances/train/db4a0d4ba26c46d66ad6cdcb0645a4d9-WS_500_16_70_10.apx_2_DC-ST.cnf
Solved
Running configuration on file /nfs/home/rzipperer/git/Kissat_hyperparamoptimization/instances/train/d7f2e4ec8e631387c928c79e1054c663-stb_418_125.apx_1_DC-AD.cnf
Solved
Running configuration on file /nfs/home/rzipperer/git/Kissat_hyperparamoptimization/instances/train/8db36208fc6ce43b4002cf048c549b3f-WS_400_32_90_10.apx_1_DC-AD.cnf
Timeout
Running configuration on file /nfs/home/rzipperer/git/Kissat_hyperparamoptimization/instances/train/953e9ff735bdf5ada27b0ab2b908b6af-WS_400_24_70_10.apx_1_DC-ST.cnf
Solved
Running configuration on file /nfs/home/rzipperer/git/Kissat_hyperparamoptimization/instances/train/4d7f6efbae05b66ffbbd509a430d57f8-stb_418_125.apx_1_DC-ST.cnf
Solved
Running configuration on file /nfs/home/rzipperer/git/Kissat_hyperparamoptimization/instances/train/a58b8a5eb61d3110d9fa36a03de588d2-stb_495_168.apx_1_DC-AD.cnf
Solved
Running configuration on file /nfs/home/rzipperer/git/Kissat_hyperparamoptimization/instances/train/2eb039a5aa6bfb6e41d3afd41071ca55-ER_500_30_3.apx_1_DC-ST.cnf
Solved
Running configuration on file /nfs/home/rzipperer/git/Kissat_hyperparamoptimization/instances/train/8b31606e10656ff7eb2936262b647443-stable-300-0.1-20-98765432130020.cnf
Solved
Running configuration on file /nfs/home/rzipperer/git/Kissat_hyperparamoptimization/instances/train/55199d55fa9c3751a525d6c0a0e649bd-WS_500_16_90_70.apx_2_DC-AD.cnf
Solved
Running configuration on file /nfs/home/rzipperer/git/Kissat_hyperparamoptimization/instances/train/f15ad4206d95a3f8f1358b33301539be-ER_400_20_7.apx_1_DC-AD.cnf
Solved
Running configuration on file /nfs/home/rzipperer/git/Kissat_hyperparamoptimization/instances/train/29bab0de14e56e526be9683131005cb2-stb_588_138.apx_2_DS-ST.cnf
Solved
Running configuration on file /nfs/home/rzipperer/git/Kissat_hyperparamoptimization/instances/train/d5f6b2092795aad67d1df1fd3a329552-ER_400_20_7.apx_2_DC-ST.cnf
Solved
Running configuration on file /nfs/home/rzipperer/git/Kissat_hyperparamoptimization/instances/train/8270ae50e6f2881136868db6d3a88eee-WS_400_24_90_10.apx_2_DC-AD.cnf
Solved
Running configuration on file /nfs/home/rzipperer/git/Kissat_hyperparamoptimization/instances/train/3ff114cc7bee4f39fa56a0325e605c2d-stb_588_138.apx_2_DC-ST.cnf
Solved
[INFO][abstract_intensifier.py:595] Added config 19f505 and rejected config 01564a as incumbent because it is not better than the incumbents on 1 instances:
---Testing configuration---
Configuration(values={
  'backbone': 2,
  'bump': 0,
  'chrono': 1,
  'congruence': 0,
  'eagersubsume': 0,
  'eliminate': 1,
  'emafast': 894425,
  'extract': 0,
  'factor': 1,
  'fastel': 1,
  'forward': 1,
  'jumpreasons': 0,
  'lucky': 1,
  'minimize': 0,
  'otfs': 0,
  'phase': 0,
  'phasesaving': 1,
  'preprocess': 0,
  'probe': 1,
  'promote': 0,
  'randec': 0,
  'reducehigh': 461,
  'reducelow': 49,
  'reluctant': 1,
  'reorder': 0,
  'rephase': 0,
  'restart': 0,
  'shrink': 3,
  'stable': 0,
  'substitute': 0,
  'sweep': 0,
  'target': 1,
  'tier1': 60,
  'tier1relative': 630,
  'tier2': 919,
  'tier2relative': 509,
  'transitive': 0,
  'vivify': 1,
  'warmup': 0,
})
On 20 instances
Worst case runtime for this iteration is 100000 seconds
Running configuration on file /nfs/home/rzipperer/git/Kissat_hyperparamoptimization/instances/train/ae7e391be73431e5dddf2bbafe95758a-WS_400_24_70_10.apx_2_DC-ST.cnf
Timeout
Running configuration on file /nfs/home/rzipperer/git/Kissat_hyperparamoptimization/instances/train/7b4622a3ab523264378a560199de47ed-ER_400_20_4.apx_1_DC-ST.cnf
Timeout
Running configuration on file /nfs/home/rzipperer/git/Kissat_hyperparamoptimization/instances/train/4be4ae25aae88528bc10f8369bba86df-ER_400_20_4.apx_1_DC-AD.cnf
Timeout
Running configuration on file /nfs/home/rzipperer/git/Kissat_hyperparamoptimization/instances/train/b86f2425cafeb1239d65bd529e372e02-ER_500_10_1.apx_1_DC-AD.cnf
Timeout
Running configuration on file /nfs/home/rzipperer/git/Kissat_hyperparamoptimization/instances/train/9811b95bfd5888014d27e6dd384ff502-WS_500_16_90_70.apx_2_DC-ST.cnf
Timeout
Running configuration on file /nfs/home/rzipperer/git/Kissat_hyperparamoptimization/instances/train/9e749596a8de36d8ab706c96cf128455-WS_500_16_70_10.apx_2_DC-AD.cnf
Timeout
Running configuration on file /nfs/home/rzipperer/git/Kissat_hyperparamoptimization/instances/train/db4a0d4ba26c46d66ad6cdcb0645a4d9-WS_500_16_70_10.apx_2_DC-ST.cnf
Timeout
Running configuration on file /nfs/home/rzipperer/git/Kissat_hyperparamoptimization/instances/train/d7f2e4ec8e631387c928c79e1054c663-stb_418_125.apx_1_DC-AD.cnf
Timeout
Running configuration on file /nfs/home/rzipperer/git/Kissat_hyperparamoptimization/instances/train/8db36208fc6ce43b4002cf048c549b3f-WS_400_32_90_10.apx_1_DC-AD.cnf
Timeout
Running configuration on file /nfs/home/rzipperer/git/Kissat_hyperparamoptimization/instances/train/953e9ff735bdf5ada27b0ab2b908b6af-WS_400_24_70_10.apx_1_DC-ST.cnf
Timeout
Running configuration on file /nfs/home/rzipperer/git/Kissat_hyperparamoptimization/instances/train/4d7f6efbae05b66ffbbd509a430d57f8-stb_418_125.apx_1_DC-ST.cnf
Timeout
Running configuration on file /nfs/home/rzipperer/git/Kissat_hyperparamoptimization/instances/train/a58b8a5eb61d3110d9fa36a03de588d2-stb_495_168.apx_1_DC-AD.cnf
Timeout
Running configuration on file /nfs/home/rzipperer/git/Kissat_hyperparamoptimization/instances/train/2eb039a5aa6bfb6e41d3afd41071ca55-ER_500_30_3.apx_1_DC-ST.cnf
Solved
Running configuration on file /nfs/home/rzipperer/git/Kissat_hyperparamoptimization/instances/train/8b31606e10656ff7eb2936262b647443-stable-300-0.1-20-98765432130020.cnf
Solved
Running configuration on file /nfs/home/rzipperer/git/Kissat_hyperparamoptimization/instances/train/55199d55fa9c3751a525d6c0a0e649bd-WS_500_16_90_70.apx_2_DC-AD.cnf
Timeout
Running configuration on file /nfs/home/rzipperer/git/Kissat_hyperparamoptimization/instances/train/f15ad4206d95a3f8f1358b33301539be-ER_400_20_7.apx_1_DC-AD.cnf
Timeout
Running configuration on file /nfs/home/rzipperer/git/Kissat_hyperparamoptimization/instances/train/29bab0de14e56e526be9683131005cb2-stb_588_138.apx_2_DS-ST.cnf
Timeout
Running configuration on file /nfs/home/rzipperer/git/Kissat_hyperparamoptimization/instances/train/d5f6b2092795aad67d1df1fd3a329552-ER_400_20_7.apx_2_DC-ST.cnf
Timeout
Running configuration on file /nfs/home/rzipperer/git/Kissat_hyperparamoptimization/instances/train/8270ae50e6f2881136868db6d3a88eee-WS_400_24_90_10.apx_2_DC-AD.cnf
Timeout
Running configuration on file /nfs/home/rzipperer/git/Kissat_hyperparamoptimization/instances/train/3ff114cc7bee4f39fa56a0325e605c2d-stb_588_138.apx_2_DC-ST.cnf
Timeout
---Testing configuration---
Configuration(values={
  'backbone': 2,
  'bump': 0,
  'chrono': 1,
  'congruence': 0,
  'eagersubsume': 3,
  'eliminate': 1,
  'emafast': 160126,
  'extract': 0,
  'factor': 0,
  'fastel': 1,
  'forward': 1,
  'jumpreasons': 1,
  'lucky': 1,
  'minimize': 0,
  'otfs': 1,
  'phase': 1,
  'phasesaving': 1,
  'preprocess': 0,
  'probe': 1,
  'promote': 1,
  'randec': 1,
  'reducehigh': 127,
  'reducelow': 812,
  'reluctant': 0,
  'reorder': 2,
  'rephase': 1,
  'restart': 0,
  'shrink': 3,
  'stable': 0,
  'substitute': 1,
  'sweep': 1,
  'target': 2,
  'tier1': 49,
  'tier1relative': 377,
  'tier2': 266,
  'tier2relative': 394,
  'transitive': 1,
  'vivify': 1,
  'warmup': 1,
})
On 20 instances
Worst case runtime for this iteration is 100000 seconds
Running configuration on file /nfs/home/rzipperer/git/Kissat_hyperparamoptimization/instances/train/ae7e391be73431e5dddf2bbafe95758a-WS_400_24_70_10.apx_2_DC-ST.cnf
Timeout
Running configuration on file /nfs/home/rzipperer/git/Kissat_hyperparamoptimization/instances/train/7b4622a3ab523264378a560199de47ed-ER_400_20_4.apx_1_DC-ST.cnf
Timeout
Running configuration on file /nfs/home/rzipperer/git/Kissat_hyperparamoptimization/instances/train/4be4ae25aae88528bc10f8369bba86df-ER_400_20_4.apx_1_DC-AD.cnf
Timeout
Running configuration on file /nfs/home/rzipperer/git/Kissat_hyperparamoptimization/instances/train/b86f2425cafeb1239d65bd529e372e02-ER_500_10_1.apx_1_DC-AD.cnf
Timeout
Running configuration on file /nfs/home/rzipperer/git/Kissat_hyperparamoptimization/instances/train/9811b95bfd5888014d27e6dd384ff502-WS_500_16_90_70.apx_2_DC-ST.cnf
Timeout
Running configuration on file /nfs/home/rzipperer/git/Kissat_hyperparamoptimization/instances/train/9e749596a8de36d8ab706c96cf128455-WS_500_16_70_10.apx_2_DC-AD.cnf
Timeout
Running configuration on file /nfs/home/rzipperer/git/Kissat_hyperparamoptimization/instances/train/db4a0d4ba26c46d66ad6cdcb0645a4d9-WS_500_16_70_10.apx_2_DC-ST.cnf
Timeout
Running configuration on file /nfs/home/rzipperer/git/Kissat_hyperparamoptimization/instances/train/d7f2e4ec8e631387c928c79e1054c663-stb_418_125.apx_1_DC-AD.cnf
Timeout
Running configuration on file /nfs/home/rzipperer/git/Kissat_hyperparamoptimization/instances/train/8db36208fc6ce43b4002cf048c549b3f-WS_400_32_90_10.apx_1_DC-AD.cnf
Timeout
Running configuration on file /nfs/home/rzipperer/git/Kissat_hyperparamoptimization/instances/train/953e9ff735bdf5ada27b0ab2b908b6af-WS_400_24_70_10.apx_1_DC-ST.cnf
Timeout
Running configuration on file /nfs/home/rzipperer/git/Kissat_hyperparamoptimization/instances/train/4d7f6efbae05b66ffbbd509a430d57f8-stb_418_125.apx_1_DC-ST.cnf
Timeout
Running configuration on file /nfs/home/rzipperer/git/Kissat_hyperparamoptimization/instances/train/a58b8a5eb61d3110d9fa36a03de588d2-stb_495_168.apx_1_DC-AD.cnf
Timeout
Running configuration on file /nfs/home/rzipperer/git/Kissat_hyperparamoptimization/instances/train/2eb039a5aa6bfb6e41d3afd41071ca55-ER_500_30_3.apx_1_DC-ST.cnf
Solved
Running configuration on file /nfs/home/rzipperer/git/Kissat_hyperparamoptimization/instances/train/8b31606e10656ff7eb2936262b647443-stable-300-0.1-20-98765432130020.cnf
Solved
Running configuration on file /nfs/home/rzipperer/git/Kissat_hyperparamoptimization/instances/train/55199d55fa9c3751a525d6c0a0e649bd-WS_500_16_90_70.apx_2_DC-AD.cnf
Timeout
Running configuration on file /nfs/home/rzipperer/git/Kissat_hyperparamoptimization/instances/train/f15ad4206d95a3f8f1358b33301539be-ER_400_20_7.apx_1_DC-AD.cnf
Timeout
Running configuration on file /nfs/home/rzipperer/git/Kissat_hyperparamoptimization/instances/train/29bab0de14e56e526be9683131005cb2-stb_588_138.apx_2_DS-ST.cnf
Timeout
Running configuration on file /nfs/home/rzipperer/git/Kissat_hyperparamoptimization/instances/train/d5f6b2092795aad67d1df1fd3a329552-ER_400_20_7.apx_2_DC-ST.cnf
Timeout
Running configuration on file /nfs/home/rzipperer/git/Kissat_hyperparamoptimization/instances/train/8270ae50e6f2881136868db6d3a88eee-WS_400_24_90_10.apx_2_DC-AD.cnf
Timeout
Running configuration on file /nfs/home/rzipperer/git/Kissat_hyperparamoptimization/instances/train/3ff114cc7bee4f39fa56a0325e605c2d-stb_588_138.apx_2_DC-ST.cnf
Timeout
---Testing configuration---
Configuration(values={
  'backbone': 2,
  'bump': 1,
  'chrono': 0,
  'congruence': 1,
  'eagersubsume': 1,
  'eliminate': 1,
  'emafast': 61895,
  'extract': 1,
  'factor': 0,
  'fastel': 1,
  'forward': 1,
  'jumpreasons': 0,
  'lucky': 0,
  'minimize': 0,
  'otfs': 0,
  'phase': 1,
  'phasesaving': 0,
  'preprocess': 0,
  'probe': 1,
  'promote': 1,
  'randec': 1,
  'reducehigh': 765,
  'reducelow': 378,
  'reluctant': 1,
  'reorder': 0,
  'rephase': 1,
  'restart': 1,
  'shrink': 3,
  'stable': 2,
  'substitute': 1,
  'sweep': 1,
  'target': 1,
  'tier1': 43,
  'tier1relative': 955,
  'tier2': 462,
  'tier2relative': 101,
  'transitive': 1,
  'vivify': 0,
  'warmup': 1,
})
On 20 instances
Worst case runtime for this iteration is 100000 seconds
Running configuration on file /nfs/home/rzipperer/git/Kissat_hyperparamoptimization/instances/train/ae7e391be73431e5dddf2bbafe95758a-WS_400_24_70_10.apx_2_DC-ST.cnf
Solved
Running configuration on file /nfs/home/rzipperer/git/Kissat_hyperparamoptimization/instances/train/7b4622a3ab523264378a560199de47ed-ER_400_20_4.apx_1_DC-ST.cnf
Solved
Running configuration on file /nfs/home/rzipperer/git/Kissat_hyperparamoptimization/instances/train/4be4ae25aae88528bc10f8369bba86df-ER_400_20_4.apx_1_DC-AD.cnf
Solved
Running configuration on file /nfs/home/rzipperer/git/Kissat_hyperparamoptimization/instances/train/b86f2425cafeb1239d65bd529e372e02-ER_500_10_1.apx_1_DC-AD.cnf
Timeout
Running configuration on file /nfs/home/rzipperer/git/Kissat_hyperparamoptimization/instances/train/9811b95bfd5888014d27e6dd384ff502-WS_500_16_90_70.apx_2_DC-ST.cnf
Solved
Running configuration on file /nfs/home/rzipperer/git/Kissat_hyperparamoptimization/instances/train/9e749596a8de36d8ab706c96cf128455-WS_500_16_70_10.apx_2_DC-AD.cnf
Timeout
Running configuration on file /nfs/home/rzipperer/git/Kissat_hyperparamoptimization/instances/train/db4a0d4ba26c46d66ad6cdcb0645a4d9-WS_500_16_70_10.apx_2_DC-ST.cnf
Solved
Running configuration on file /nfs/home/rzipperer/git/Kissat_hyperparamoptimization/instances/train/d7f2e4ec8e631387c928c79e1054c663-stb_418_125.apx_1_DC-AD.cnf
Timeout
Running configuration on file /nfs/home/rzipperer/git/Kissat_hyperparamoptimization/instances/train/8db36208fc6ce43b4002cf048c549b3f-WS_400_32_90_10.apx_1_DC-AD.cnf
Timeout
Running configuration on file /nfs/home/rzipperer/git/Kissat_hyperparamoptimization/instances/train/953e9ff735bdf5ada27b0ab2b908b6af-WS_400_24_70_10.apx_1_DC-ST.cnf
Timeout
Running configuration on file /nfs/home/rzipperer/git/Kissat_hyperparamoptimization/instances/train/4d7f6efbae05b66ffbbd509a430d57f8-stb_418_125.apx_1_DC-ST.cnf
Solved
Running configuration on file /nfs/home/rzipperer/git/Kissat_hyperparamoptimization/instances/train/a58b8a5eb61d3110d9fa36a03de588d2-stb_495_168.apx_1_DC-AD.cnf
Solved
Running configuration on file /nfs/home/rzipperer/git/Kissat_hyperparamoptimization/instances/train/2eb039a5aa6bfb6e41d3afd41071ca55-ER_500_30_3.apx_1_DC-ST.cnf
Solved
Running configuration on file /nfs/home/rzipperer/git/Kissat_hyperparamoptimization/instances/train/8b31606e10656ff7eb2936262b647443-stable-300-0.1-20-98765432130020.cnf
Solved
Running configuration on file /nfs/home/rzipperer/git/Kissat_hyperparamoptimization/instances/train/55199d55fa9c3751a525d6c0a0e649bd-WS_500_16_90_70.apx_2_DC-AD.cnf
Timeout
Running configuration on file /nfs/home/rzipperer/git/Kissat_hyperparamoptimization/instances/train/f15ad4206d95a3f8f1358b33301539be-ER_400_20_7.apx_1_DC-AD.cnf
Timeout
Running configuration on file /nfs/home/rzipperer/git/Kissat_hyperparamoptimization/instances/train/29bab0de14e56e526be9683131005cb2-stb_588_138.apx_2_DS-ST.cnf
Solved
Running configuration on file /nfs/home/rzipperer/git/Kissat_hyperparamoptimization/instances/train/d5f6b2092795aad67d1df1fd3a329552-ER_400_20_7.apx_2_DC-ST.cnf
Timeout
Running configuration on file /nfs/home/rzipperer/git/Kissat_hyperparamoptimization/instances/train/8270ae50e6f2881136868db6d3a88eee-WS_400_24_90_10.apx_2_DC-AD.cnf
Timeout
Running configuration on file /nfs/home/rzipperer/git/Kissat_hyperparamoptimization/instances/train/3ff114cc7bee4f39fa56a0325e605c2d-stb_588_138.apx_2_DC-ST.cnf
Solved
---Testing configuration---
Configuration(values={
  'backbone': 2,
  'bump': 1,
  'chrono': 0,
  'congruence': 1,
  'eagersubsume': 4,
  'eliminate': 0,
  'emafast': 119198,
  'extract': 0,
  'factor': 0,
  'fastel': 1,
  'forward': 1,
  'jumpreasons': 1,
  'lucky': 1,
  'minimize': 1,
  'otfs': 1,
  'phase': 1,
  'phasesaving': 1,
  'preprocess': 0,
  'probe': 1,
  'promote': 0,
  'randec': 1,
  'reducehigh': 913,
  'reducelow': 699,
  'reluctant': 0,
  'reorder': 2,
  'rephase': 0,
  'restart': 0,
  'shrink': 3,
  'stable': 0,
  'substitute': 1,
  'sweep': 0,
  'target': 1,
  'tier1': 14,
  'tier1relative': 470,
  'tier2': 334,
  'tier2relative': 434,
  'transitive': 0,
  'vivify': 1,
  'warmup': 0,
})
On 20 instances
Worst case runtime for this iteration is 100000 seconds
Running configuration on file /nfs/home/rzipperer/git/Kissat_hyperparamoptimization/instances/train/ae7e391be73431e5dddf2bbafe95758a-WS_400_24_70_10.apx_2_DC-ST.cnf
Solved
Running configuration on file /nfs/home/rzipperer/git/Kissat_hyperparamoptimization/instances/train/7b4622a3ab523264378a560199de47ed-ER_400_20_4.apx_1_DC-ST.cnf
Solved
Running configuration on file /nfs/home/rzipperer/git/Kissat_hyperparamoptimization/instances/train/4be4ae25aae88528bc10f8369bba86df-ER_400_20_4.apx_1_DC-AD.cnf
Solved
Running configuration on file /nfs/home/rzipperer/git/Kissat_hyperparamoptimization/instances/train/b86f2425cafeb1239d65bd529e372e02-ER_500_10_1.apx_1_DC-AD.cnf
Timeout
Running configuration on file /nfs/home/rzipperer/git/Kissat_hyperparamoptimization/instances/train/9811b95bfd5888014d27e6dd384ff502-WS_500_16_90_70.apx_2_DC-ST.cnf
Solved
Running configuration on file /nfs/home/rzipperer/git/Kissat_hyperparamoptimization/instances/train/9e749596a8de36d8ab706c96cf128455-WS_500_16_70_10.apx_2_DC-AD.cnf
Timeout
Running configuration on file /nfs/home/rzipperer/git/Kissat_hyperparamoptimization/instances/train/db4a0d4ba26c46d66ad6cdcb0645a4d9-WS_500_16_70_10.apx_2_DC-ST.cnf
Solved
Running configuration on file /nfs/home/rzipperer/git/Kissat_hyperparamoptimization/instances/train/d7f2e4ec8e631387c928c79e1054c663-stb_418_125.apx_1_DC-AD.cnf
Timeout
Running configuration on file /nfs/home/rzipperer/git/Kissat_hyperparamoptimization/instances/train/8db36208fc6ce43b4002cf048c549b3f-WS_400_32_90_10.apx_1_DC-AD.cnf
Timeout
Running configuration on file /nfs/home/rzipperer/git/Kissat_hyperparamoptimization/instances/train/953e9ff735bdf5ada27b0ab2b908b6af-WS_400_24_70_10.apx_1_DC-ST.cnf
Timeout
Running configuration on file /nfs/home/rzipperer/git/Kissat_hyperparamoptimization/instances/train/4d7f6efbae05b66ffbbd509a430d57f8-stb_418_125.apx_1_DC-ST.cnf
Solved
Running configuration on file /nfs/home/rzipperer/git/Kissat_hyperparamoptimization/instances/train/a58b8a5eb61d3110d9fa36a03de588d2-stb_495_168.apx_1_DC-AD.cnf
Solved
Running configuration on file /nfs/home/rzipperer/git/Kissat_hyperparamoptimization/instances/train/2eb039a5aa6bfb6e41d3afd41071ca55-ER_500_30_3.apx_1_DC-ST.cnf
Solved
Running configuration on file /nfs/home/rzipperer/git/Kissat_hyperparamoptimization/instances/train/8b31606e10656ff7eb2936262b647443-stable-300-0.1-20-98765432130020.cnf
Solved
Running configuration on file /nfs/home/rzipperer/git/Kissat_hyperparamoptimization/instances/train/55199d55fa9c3751a525d6c0a0e649bd-WS_500_16_90_70.apx_2_DC-AD.cnf
Timeout
Running configuration on file /nfs/home/rzipperer/git/Kissat_hyperparamoptimization/instances/train/f15ad4206d95a3f8f1358b33301539be-ER_400_20_7.apx_1_DC-AD.cnf
Solved
Running configuration on file /nfs/home/rzipperer/git/Kissat_hyperparamoptimization/instances/train/29bab0de14e56e526be9683131005cb2-stb_588_138.apx_2_DS-ST.cnf
Timeout
Running configuration on file /nfs/home/rzipperer/git/Kissat_hyperparamoptimization/instances/train/d5f6b2092795aad67d1df1fd3a329552-ER_400_20_7.apx_2_DC-ST.cnf
Timeout
Running configuration on file /nfs/home/rzipperer/git/Kissat_hyperparamoptimization/instances/train/8270ae50e6f2881136868db6d3a88eee-WS_400_24_90_10.apx_2_DC-AD.cnf
Timeout
Running configuration on file /nfs/home/rzipperer/git/Kissat_hyperparamoptimization/instances/train/3ff114cc7bee4f39fa56a0325e605c2d-stb_588_138.apx_2_DC-ST.cnf
Solved
---Testing configuration---
Configuration(values={
  'backbone': 2,
  'bump': 1,
  'chrono': 1,
  'congruence': 0,
  'eagersubsume': 1,
  'eliminate': 0,
  'emafast': 438789,
  'extract': 1,
  'factor': 1,
  'fastel': 1,
  'forward': 1,
  'jumpreasons': 0,
  'lucky': 1,
  'minimize': 1,
  'otfs': 0,
  'phase': 1,
  'phasesaving': 0,
  'preprocess': 0,
  'probe': 1,
  'promote': 1,
  'randec': 0,
  'reducehigh': 51,
  'reducelow': 47,
  'reluctant': 0,
  'reorder': 2,
  'rephase': 0,
  'restart': 0,
  'shrink': 3,
  'stable': 0,
  'substitute': 0,
  'sweep': 1,
  'target': 0,
  'tier1': 5,
  'tier1relative': 31,
  'tier2': 8,
  'tier2relative': 706,
  'transitive': 1,
  'vivify': 1,
  'warmup': 1,
})
On 20 instances
Worst case runtime for this iteration is 100000 seconds
Running configuration on file /nfs/home/rzipperer/git/Kissat_hyperparamoptimization/instances/train/ae7e391be73431e5dddf2bbafe95758a-WS_400_24_70_10.apx_2_DC-ST.cnf
Solved
Running configuration on file /nfs/home/rzipperer/git/Kissat_hyperparamoptimization/instances/train/7b4622a3ab523264378a560199de47ed-ER_400_20_4.apx_1_DC-ST.cnf
Solved
Running configuration on file /nfs/home/rzipperer/git/Kissat_hyperparamoptimization/instances/train/4be4ae25aae88528bc10f8369bba86df-ER_400_20_4.apx_1_DC-AD.cnf
Solved
Running configuration on file /nfs/home/rzipperer/git/Kissat_hyperparamoptimization/instances/train/b86f2425cafeb1239d65bd529e372e02-ER_500_10_1.apx_1_DC-AD.cnf
Timeout
Running configuration on file /nfs/home/rzipperer/git/Kissat_hyperparamoptimization/instances/train/9811b95bfd5888014d27e6dd384ff502-WS_500_16_90_70.apx_2_DC-ST.cnf
Solved
Running configuration on file /nfs/home/rzipperer/git/Kissat_hyperparamoptimization/instances/train/9e749596a8de36d8ab706c96cf128455-WS_500_16_70_10.apx_2_DC-AD.cnf
Solved
Running configuration on file /nfs/home/rzipperer/git/Kissat_hyperparamoptimization/instances/train/db4a0d4ba26c46d66ad6cdcb0645a4d9-WS_500_16_70_10.apx_2_DC-ST.cnf
Solved
Running configuration on file /nfs/home/rzipperer/git/Kissat_hyperparamoptimization/instances/train/d7f2e4ec8e631387c928c79e1054c663-stb_418_125.apx_1_DC-AD.cnf
Solved
Running configuration on file /nfs/home/rzipperer/git/Kissat_hyperparamoptimization/instances/train/8db36208fc6ce43b4002cf048c549b3f-WS_400_32_90_10.apx_1_DC-AD.cnf
Timeout
Running configuration on file /nfs/home/rzipperer/git/Kissat_hyperparamoptimization/instances/train/953e9ff735bdf5ada27b0ab2b908b6af-WS_400_24_70_10.apx_1_DC-ST.cnf
Solved
Running configuration on file /nfs/home/rzipperer/git/Kissat_hyperparamoptimization/instances/train/4d7f6efbae05b66ffbbd509a430d57f8-stb_418_125.apx_1_DC-ST.cnf
Solved
Running configuration on file /nfs/home/rzipperer/git/Kissat_hyperparamoptimization/instances/train/a58b8a5eb61d3110d9fa36a03de588d2-stb_495_168.apx_1_DC-AD.cnf
Solved
Running configuration on file /nfs/home/rzipperer/git/Kissat_hyperparamoptimization/instances/train/2eb039a5aa6bfb6e41d3afd41071ca55-ER_500_30_3.apx_1_DC-ST.cnf
Solved
Running configuration on file /nfs/home/rzipperer/git/Kissat_hyperparamoptimization/instances/train/8b31606e10656ff7eb2936262b647443-stable-300-0.1-20-98765432130020.cnf
Solved
Running configuration on file /nfs/home/rzipperer/git/Kissat_hyperparamoptimization/instances/train/55199d55fa9c3751a525d6c0a0e649bd-WS_500_16_90_70.apx_2_DC-AD.cnf
Solved
Running configuration on file /nfs/home/rzipperer/git/Kissat_hyperparamoptimization/instances/train/f15ad4206d95a3f8f1358b33301539be-ER_400_20_7.apx_1_DC-AD.cnf
Solved
Running configuration on file /nfs/home/rzipperer/git/Kissat_hyperparamoptimization/instances/train/29bab0de14e56e526be9683131005cb2-stb_588_138.apx_2_DS-ST.cnf
Solved
Running configuration on file /nfs/home/rzipperer/git/Kissat_hyperparamoptimization/instances/train/d5f6b2092795aad67d1df1fd3a329552-ER_400_20_7.apx_2_DC-ST.cnf
Solved
Running configuration on file /nfs/home/rzipperer/git/Kissat_hyperparamoptimization/instances/train/8270ae50e6f2881136868db6d3a88eee-WS_400_24_90_10.apx_2_DC-AD.cnf
Timeout
Running configuration on file /nfs/home/rzipperer/git/Kissat_hyperparamoptimization/instances/train/3ff114cc7bee4f39fa56a0325e605c2d-stb_588_138.apx_2_DC-ST.cnf
Solved
---Testing configuration---
Configuration(values={
  'backbone': 2,
  'bump': 0,
  'chrono': 1,
  'congruence': 1,
  'eagersubsume': 1,
  'eliminate': 0,
  'emafast': 349118,
  'extract': 1,
  'factor': 1,
  'fastel': 0,
  'forward': 1,
  'jumpreasons': 0,
  'lucky': 1,
  'minimize': 0,
  'otfs': 0,
  'phase': 0,
  'phasesaving': 0,
  'preprocess': 0,
  'probe': 1,
  'promote': 0,
  'randec': 0,
  'reducehigh': 360,
  'reducelow': 283,
  'reluctant': 0,
  'reorder': 1,
  'rephase': 1,
  'restart': 1,
  'shrink': 3,
  'stable': 1,
  'substitute': 0,
  'sweep': 1,
  'target': 0,
  'tier1': 14,
  'tier1relative': 445,
  'tier2': 133,
  'tier2relative': 505,
  'transitive': 0,
  'vivify': 0,
  'warmup': 0,
})
On 20 instances
Worst case runtime for this iteration is 100000 seconds
Running configuration on file /nfs/home/rzipperer/git/Kissat_hyperparamoptimization/instances/train/ae7e391be73431e5dddf2bbafe95758a-WS_400_24_70_10.apx_2_DC-ST.cnf
Timeout
Running configuration on file /nfs/home/rzipperer/git/Kissat_hyperparamoptimization/instances/train/7b4622a3ab523264378a560199de47ed-ER_400_20_4.apx_1_DC-ST.cnf
Timeout
Running configuration on file /nfs/home/rzipperer/git/Kissat_hyperparamoptimization/instances/train/4be4ae25aae88528bc10f8369bba86df-ER_400_20_4.apx_1_DC-AD.cnf
Timeout
Running configuration on file /nfs/home/rzipperer/git/Kissat_hyperparamoptimization/instances/train/b86f2425cafeb1239d65bd529e372e02-ER_500_10_1.apx_1_DC-AD.cnf
Timeout
Running configuration on file /nfs/home/rzipperer/git/Kissat_hyperparamoptimization/instances/train/9811b95bfd5888014d27e6dd384ff502-WS_500_16_90_70.apx_2_DC-ST.cnf
Timeout
Running configuration on file /nfs/home/rzipperer/git/Kissat_hyperparamoptimization/instances/train/9e749596a8de36d8ab706c96cf128455-WS_500_16_70_10.apx_2_DC-AD.cnf
Timeout
Running configuration on file /nfs/home/rzipperer/git/Kissat_hyperparamoptimization/instances/train/db4a0d4ba26c46d66ad6cdcb0645a4d9-WS_500_16_70_10.apx_2_DC-ST.cnf
Timeout
Running configuration on file /nfs/home/rzipperer/git/Kissat_hyperparamoptimization/instances/train/d7f2e4ec8e631387c928c79e1054c663-stb_418_125.apx_1_DC-AD.cnf
Timeout
Running configuration on file /nfs/home/rzipperer/git/Kissat_hyperparamoptimization/instances/train/8db36208fc6ce43b4002cf048c549b3f-WS_400_32_90_10.apx_1_DC-AD.cnf
Timeout
Running configuration on file /nfs/home/rzipperer/git/Kissat_hyperparamoptimization/instances/train/953e9ff735bdf5ada27b0ab2b908b6af-WS_400_24_70_10.apx_1_DC-ST.cnf
Timeout
Running configuration on file /nfs/home/rzipperer/git/Kissat_hyperparamoptimization/instances/train/4d7f6efbae05b66ffbbd509a430d57f8-stb_418_125.apx_1_DC-ST.cnf
Timeout
Running configuration on file /nfs/home/rzipperer/git/Kissat_hyperparamoptimization/instances/train/a58b8a5eb61d3110d9fa36a03de588d2-stb_495_168.apx_1_DC-AD.cnf
Timeout
Running configuration on file /nfs/home/rzipperer/git/Kissat_hyperparamoptimization/instances/train/2eb039a5aa6bfb6e41d3afd41071ca55-ER_500_30_3.apx_1_DC-ST.cnf
Timeout
Running configuration on file /nfs/home/rzipperer/git/Kissat_hyperparamoptimization/instances/train/8b31606e10656ff7eb2936262b647443-stable-300-0.1-20-98765432130020.cnf
Timeout
Running configuration on file /nfs/home/rzipperer/git/Kissat_hyperparamoptimization/instances/train/55199d55fa9c3751a525d6c0a0e649bd-WS_500_16_90_70.apx_2_DC-AD.cnf
