Getting instances
['/nfs/share/instances/gbd/cnf/03a43a7ea55217f53542ed3f029963af-satch2ways16w.cnf.xz', '/nfs/share/instances/gbd/cnf/0876c518e5653369e20fb1ee0bb8db40-mp1-klieber2017s-0500-023-t12.cnf.xz', '/nfs/share/instances/gbd/cnf/1009c791cee542cdf19651fe25e6881a-summle_X4053_steps8_I1-2-2-4-4-8-25-100.cnf.xz', '/nfs/share/instances/gbd/cnf/1ce81dbba1292bf791e194b17aa2a219-satch2ways15u.cnf.xz', '/nfs/share/instances/gbd/cnf/2d0c041c0fe72dc32527bfbf34f63e61-170223547.cnf.xz', '/nfs/share/instances/gbd/cnf/3bf8ba6bb4e4ea9ad08b1b058661ba2e-summle_X4044_steps7_I1-2-2-4-4-8-25-100.cnf.xz', '/nfs/share/instances/gbd/cnf/5690b9b0380aa9508699e56cae5918b5-170058440.cnf.xz', '/nfs/share/instances/gbd/cnf/91e0db01b254eb78f6643328045bfeb9-sted5_0x1e3-20.cnf.xz', '/nfs/share/instances/gbd/cnf/a38affaa741c958fc32769d5fe89b06c-frb65-12-2.used-as.sat04-874.cnf.xz', '/nfs/share/instances/gbd/cnf/abe802007c9aed4eab2e758fb130174b-mp1-klieber2017s-1600-022-eq.cnf.xz', '/nfs/share/instances/gbd/cnf/b3c587501567db72e6e66c6930cf15ed-StConn_7_128.sanitized.cnf.xz', '/nfs/share/instances/gbd/cnf/b3f53d4c67b234d27e21f5e56bfd39e8-StConn_8_32.sanitized.cnf.xz', '/nfs/share/instances/gbd/cnf/c2bfe541b7cff948fa3193e9ca0eddee-frb45-21-2.used-as.sat04-884.cnf.xz', '/nfs/share/instances/gbd/cnf/e6cdc2687fa53506021f05b60ad0c6a2-GracefulGraph-K05-P02_c18.cnf.xz', '/nfs/share/instances/gbd/cnf/f054205a7cef98e5021016f864c69816-summle_X11112_steps6_I1-2-2-4-4-8-25-100.cnf.xz', '/nfs/share/instances/gbd/cnf/f32bb347996c351bc3e9a91c58e8601d-DLTM_twitter774_83_17.cnf.xz', '/nfs/share/instances/gbd/cnf/f50eaf02a8041510b64104998cc81d2f-sted5_0x24204-50.cnf.xz', '/nfs/share/instances/gbd/cnf/fee70cede2b5b55bfbdb6e48fbe7ce4f-DLTM_twitter690_74_16.cnf.xz']
Shuffling instances with seed 31
Setting up config
Starting smac
[INFO][abstract_initial_design.py:95] Reducing the number of initial configurations from 390 to 2 (max_ratio == 0.25).
[INFO][abstract_initial_design.py:147] Using 2 initial design configurations and 0 additional configurations.
[INFO][abstract_intensifier.py:306] Using only one seed for deterministic scenario.
---Testing configuration---
Configuration(values={
  'backbone': 1,
  'bump': 1,
  'chrono': 0,
  'congruence': 0,
  'eagersubsume': 3,
  'eliminate': 0,
  'emafast': 959976,
  'extract': 1,
  'factor': 1,
  'fastel': 1,
  'forward': 0,
  'jumpreasons': 1,
  'lucky': 0,
  'minimize': 0,
  'otfs': 1,
  'phase': 1,
  'phasesaving': 1,
  'preprocess': 1,
  'probe': 0,
  'promote': 1,
  'randec': 0,
  'reducehigh': 579,
  'reducelow': 683,
  'reluctant': 1,
  'reorder': 2,
  'rephase': 0,
  'restart': 0,
  'shrink': 1,
  'stable': 1,
  'substitute': 0,
  'sweep': 0,
  'target': 1,
  'tier1': 69,
  'tier1relative': 946,
  'tier2': 646,
  'tier2relative': 105,
  'transitive': 1,
  'vivify': 1,
  'warmup': 0,
})
On 18 instances
Worst case runtime for this iteration is 90000 seconds
Running configuration on file /nfs/home/rzipperer/git/Kissat_hyperparamoptimization/instances/train/2d0c041c0fe72dc32527bfbf34f63e61-170223547.cnf
Timeout
Running configuration on file /nfs/home/rzipperer/git/Kissat_hyperparamoptimization/instances/train/91e0db01b254eb78f6643328045bfeb9-sted5_0x1e3-20.cnf
Timeout
Running configuration on file /nfs/home/rzipperer/git/Kissat_hyperparamoptimization/instances/train/abe802007c9aed4eab2e758fb130174b-mp1-klieber2017s-1600-022-eq.cnf
Solved
Running configuration on file /nfs/home/rzipperer/git/Kissat_hyperparamoptimization/instances/train/b3f53d4c67b234d27e21f5e56bfd39e8-StConn_8_32.sanitized.cnf
Timeout
Running configuration on file /nfs/home/rzipperer/git/Kissat_hyperparamoptimization/instances/train/e6cdc2687fa53506021f05b60ad0c6a2-GracefulGraph-K05-P02_c18.cnf
Solved
Running configuration on file /nfs/home/rzipperer/git/Kissat_hyperparamoptimization/instances/train/a38affaa741c958fc32769d5fe89b06c-frb65-12-2.used-as.sat04-874.cnf
Solved
Running configuration on file /nfs/home/rzipperer/git/Kissat_hyperparamoptimization/instances/train/3bf8ba6bb4e4ea9ad08b1b058661ba2e-summle_X4044_steps7_I1-2-2-4-4-8-25-100.cnf
Solved
Running configuration on file /nfs/home/rzipperer/git/Kissat_hyperparamoptimization/instances/train/f50eaf02a8041510b64104998cc81d2f-sted5_0x24204-50.cnf
Timeout
Running configuration on file /nfs/home/rzipperer/git/Kissat_hyperparamoptimization/instances/train/0876c518e5653369e20fb1ee0bb8db40-mp1-klieber2017s-0500-023-t12.cnf
Solved
Running configuration on file /nfs/home/rzipperer/git/Kissat_hyperparamoptimization/instances/train/f054205a7cef98e5021016f864c69816-summle_X11112_steps6_I1-2-2-4-4-8-25-100.cnf
Solved
Running configuration on file /nfs/home/rzipperer/git/Kissat_hyperparamoptimization/instances/train/fee70cede2b5b55bfbdb6e48fbe7ce4f-DLTM_twitter690_74_16.cnf
Timeout
Running configuration on file /nfs/home/rzipperer/git/Kissat_hyperparamoptimization/instances/train/b3c587501567db72e6e66c6930cf15ed-StConn_7_128.sanitized.cnf
Timeout
Running configuration on file /nfs/home/rzipperer/git/Kissat_hyperparamoptimization/instances/train/1009c791cee542cdf19651fe25e6881a-summle_X4053_steps8_I1-2-2-4-4-8-25-100.cnf
Solved
Running configuration on file /nfs/home/rzipperer/git/Kissat_hyperparamoptimization/instances/train/5690b9b0380aa9508699e56cae5918b5-170058440.cnf
Timeout
Running configuration on file /nfs/home/rzipperer/git/Kissat_hyperparamoptimization/instances/train/c2bfe541b7cff948fa3193e9ca0eddee-frb45-21-2.used-as.sat04-884.cnf
Solved
Running configuration on file /nfs/home/rzipperer/git/Kissat_hyperparamoptimization/instances/train/1ce81dbba1292bf791e194b17aa2a219-satch2ways15u.cnf
Timeout
Running configuration on file /nfs/home/rzipperer/git/Kissat_hyperparamoptimization/instances/train/f32bb347996c351bc3e9a91c58e8601d-DLTM_twitter774_83_17.cnf
Solved
Running configuration on file /nfs/home/rzipperer/git/Kissat_hyperparamoptimization/instances/train/03a43a7ea55217f53542ed3f029963af-satch2ways16w.cnf
Timeout
[INFO][abstract_intensifier.py:516] Added config 36bc04 as new incumbent because there are no incumbents yet.
---Testing configuration---
Configuration(values={
  'backbone': 2,
  'bump': 0,
  'chrono': 1,
  'congruence': 1,
  'eagersubsume': 1,
  'eliminate': 1,
  'emafast': 349118,
  'extract': 0,
  'factor': 0,
  'fastel': 0,
  'forward': 1,
  'jumpreasons': 0,
  'lucky': 1,
  'minimize': 1,
  'otfs': 0,
  'phase': 0,
  'phasesaving': 0,
  'preprocess': 0,
  'probe': 1,
  'promote': 0,
  'randec': 1,
  'reducehigh': 360,
  'reducelow': 283,
  'reluctant': 0,
  'reorder': 1,
  'rephase': 1,
  'restart': 1,
  'shrink': 3,
  'stable': 1,
  'substitute': 1,
  'sweep': 1,
  'target': 1,
  'tier1': 14,
  'tier1relative': 445,
  'tier2': 133,
  'tier2relative': 505,
  'transitive': 0,
  'vivify': 0,
  'warmup': 1,
})
On 18 instances
Worst case runtime for this iteration is 90000 seconds
Running configuration on file /nfs/home/rzipperer/git/Kissat_hyperparamoptimization/instances/train/2d0c041c0fe72dc32527bfbf34f63e61-170223547.cnf
Solved
Running configuration on file /nfs/home/rzipperer/git/Kissat_hyperparamoptimization/instances/train/91e0db01b254eb78f6643328045bfeb9-sted5_0x1e3-20.cnf
Timeout
Running configuration on file /nfs/home/rzipperer/git/Kissat_hyperparamoptimization/instances/train/abe802007c9aed4eab2e758fb130174b-mp1-klieber2017s-1600-022-eq.cnf
Solved
Running configuration on file /nfs/home/rzipperer/git/Kissat_hyperparamoptimization/instances/train/b3f53d4c67b234d27e21f5e56bfd39e8-StConn_8_32.sanitized.cnf
Timeout
Running configuration on file /nfs/home/rzipperer/git/Kissat_hyperparamoptimization/instances/train/e6cdc2687fa53506021f05b60ad0c6a2-GracefulGraph-K05-P02_c18.cnf
Solved
Running configuration on file /nfs/home/rzipperer/git/Kissat_hyperparamoptimization/instances/train/a38affaa741c958fc32769d5fe89b06c-frb65-12-2.used-as.sat04-874.cnf
Solved
Running configuration on file /nfs/home/rzipperer/git/Kissat_hyperparamoptimization/instances/train/3bf8ba6bb4e4ea9ad08b1b058661ba2e-summle_X4044_steps7_I1-2-2-4-4-8-25-100.cnf
Timeout
Running configuration on file /nfs/home/rzipperer/git/Kissat_hyperparamoptimization/instances/train/f50eaf02a8041510b64104998cc81d2f-sted5_0x24204-50.cnf
Timeout
Running configuration on file /nfs/home/rzipperer/git/Kissat_hyperparamoptimization/instances/train/0876c518e5653369e20fb1ee0bb8db40-mp1-klieber2017s-0500-023-t12.cnf
Solved
Running configuration on file /nfs/home/rzipperer/git/Kissat_hyperparamoptimization/instances/train/f054205a7cef98e5021016f864c69816-summle_X11112_steps6_I1-2-2-4-4-8-25-100.cnf
Timeout
Running configuration on file /nfs/home/rzipperer/git/Kissat_hyperparamoptimization/instances/train/fee70cede2b5b55bfbdb6e48fbe7ce4f-DLTM_twitter690_74_16.cnf
Timeout
Running configuration on file /nfs/home/rzipperer/git/Kissat_hyperparamoptimization/instances/train/b3c587501567db72e6e66c6930cf15ed-StConn_7_128.sanitized.cnf
Timeout
Running configuration on file /nfs/home/rzipperer/git/Kissat_hyperparamoptimization/instances/train/1009c791cee542cdf19651fe25e6881a-summle_X4053_steps8_I1-2-2-4-4-8-25-100.cnf
Timeout
Running configuration on file /nfs/home/rzipperer/git/Kissat_hyperparamoptimization/instances/train/5690b9b0380aa9508699e56cae5918b5-170058440.cnf
Solved
Running configuration on file /nfs/home/rzipperer/git/Kissat_hyperparamoptimization/instances/train/c2bfe541b7cff948fa3193e9ca0eddee-frb45-21-2.used-as.sat04-884.cnf
Solved
Running configuration on file /nfs/home/rzipperer/git/Kissat_hyperparamoptimization/instances/train/1ce81dbba1292bf791e194b17aa2a219-satch2ways15u.cnf
Timeout
Running configuration on file /nfs/home/rzipperer/git/Kissat_hyperparamoptimization/instances/train/f32bb347996c351bc3e9a91c58e8601d-DLTM_twitter774_83_17.cnf
Timeout
Running configuration on file /nfs/home/rzipperer/git/Kissat_hyperparamoptimization/instances/train/03a43a7ea55217f53542ed3f029963af-satch2ways16w.cnf
Timeout
---Testing configuration---
Configuration(values={
  'backbone': 1,
  'bump': 0,
  'chrono': 1,
  'congruence': 0,
  'eagersubsume': 4,
  'eliminate': 0,
  'emafast': 891068,
  'extract': 1,
  'factor': 1,
  'fastel': 0,
  'forward': 0,
  'jumpreasons': 0,
  'lucky': 1,
  'minimize': 1,
  'otfs': 1,
  'phase': 1,
  'phasesaving': 1,
  'preprocess': 1,
  'probe': 0,
  'promote': 0,
  'randec': 0,
  'reducehigh': 911,
  'reducelow': 134,
  'reluctant': 0,
  'reorder': 0,
  'rephase': 1,
  'restart': 1,
  'shrink': 1,
  'stable': 2,
  'substitute': 1,
  'sweep': 1,
  'target': 2,
  'tier1': 28,
  'tier1relative': 270,
  'tier2': 987,
  'tier2relative': 455,
  'transitive': 1,
  'vivify': 0,
  'warmup': 1,
})
On 18 instances
Worst case runtime for this iteration is 90000 seconds
Running configuration on file /nfs/home/rzipperer/git/Kissat_hyperparamoptimization/instances/train/2d0c041c0fe72dc32527bfbf34f63e61-170223547.cnf
Solved
Running configuration on file /nfs/home/rzipperer/git/Kissat_hyperparamoptimization/instances/train/91e0db01b254eb78f6643328045bfeb9-sted5_0x1e3-20.cnf
Timeout
Running configuration on file /nfs/home/rzipperer/git/Kissat_hyperparamoptimization/instances/train/abe802007c9aed4eab2e758fb130174b-mp1-klieber2017s-1600-022-eq.cnf
Timeout
Running configuration on file /nfs/home/rzipperer/git/Kissat_hyperparamoptimization/instances/train/b3f53d4c67b234d27e21f5e56bfd39e8-StConn_8_32.sanitized.cnf
Solved
Running configuration on file /nfs/home/rzipperer/git/Kissat_hyperparamoptimization/instances/train/e6cdc2687fa53506021f05b60ad0c6a2-GracefulGraph-K05-P02_c18.cnf
Solved
Running configuration on file /nfs/home/rzipperer/git/Kissat_hyperparamoptimization/instances/train/a38affaa741c958fc32769d5fe89b06c-frb65-12-2.used-as.sat04-874.cnf
Solved
Running configuration on file /nfs/home/rzipperer/git/Kissat_hyperparamoptimization/instances/train/3bf8ba6bb4e4ea9ad08b1b058661ba2e-summle_X4044_steps7_I1-2-2-4-4-8-25-100.cnf
Timeout
Running configuration on file /nfs/home/rzipperer/git/Kissat_hyperparamoptimization/instances/train/f50eaf02a8041510b64104998cc81d2f-sted5_0x24204-50.cnf
Timeout
Running configuration on file /nfs/home/rzipperer/git/Kissat_hyperparamoptimization/instances/train/0876c518e5653369e20fb1ee0bb8db40-mp1-klieber2017s-0500-023-t12.cnf
Timeout
Running configuration on file /nfs/home/rzipperer/git/Kissat_hyperparamoptimization/instances/train/f054205a7cef98e5021016f864c69816-summle_X11112_steps6_I1-2-2-4-4-8-25-100.cnf
Timeout
Running configuration on file /nfs/home/rzipperer/git/Kissat_hyperparamoptimization/instances/train/fee70cede2b5b55bfbdb6e48fbe7ce4f-DLTM_twitter690_74_16.cnf
Timeout
Running configuration on file /nfs/home/rzipperer/git/Kissat_hyperparamoptimization/instances/train/b3c587501567db72e6e66c6930cf15ed-StConn_7_128.sanitized.cnf
Solved
Running configuration on file /nfs/home/rzipperer/git/Kissat_hyperparamoptimization/instances/train/1009c791cee542cdf19651fe25e6881a-summle_X4053_steps8_I1-2-2-4-4-8-25-100.cnf
Timeout
Running configuration on file /nfs/home/rzipperer/git/Kissat_hyperparamoptimization/instances/train/5690b9b0380aa9508699e56cae5918b5-170058440.cnf
Solved
Running configuration on file /nfs/home/rzipperer/git/Kissat_hyperparamoptimization/instances/train/c2bfe541b7cff948fa3193e9ca0eddee-frb45-21-2.used-as.sat04-884.cnf
Timeout
Running configuration on file /nfs/home/rzipperer/git/Kissat_hyperparamoptimization/instances/train/1ce81dbba1292bf791e194b17aa2a219-satch2ways15u.cnf
Timeout
Running configuration on file /nfs/home/rzipperer/git/Kissat_hyperparamoptimization/instances/train/f32bb347996c351bc3e9a91c58e8601d-DLTM_twitter774_83_17.cnf
Timeout
Running configuration on file /nfs/home/rzipperer/git/Kissat_hyperparamoptimization/instances/train/03a43a7ea55217f53542ed3f029963af-satch2ways16w.cnf
Timeout
---Testing configuration---
Configuration(values={
  'backbone': 1,
  'bump': 0,
  'chrono': 1,
  'congruence': 0,
  'eagersubsume': 1,
  'eliminate': 0,
  'emafast': 373435,
  'extract': 1,
  'factor': 1,
  'fastel': 0,
  'forward': 0,
  'jumpreasons': 0,
  'lucky': 0,
  'minimize': 0,
  'otfs': 1,
  'phase': 1,
  'phasesaving': 0,
  'preprocess': 1,
  'probe': 0,
  'promote': 1,
  'randec': 1,
  'reducehigh': 388,
  'reducelow': 873,
  'reluctant': 0,
  'reorder': 0,
  'rephase': 1,
  'restart': 0,
  'shrink': 0,
  'stable': 0,
  'substitute': 1,
  'sweep': 1,
  'target': 2,
  'tier1': 34,
  'tier1relative': 10,
  'tier2': 712,
  'tier2relative': 828,
  'transitive': 1,
  'vivify': 0,
  'warmup': 1,
})
On 18 instances
Worst case runtime for this iteration is 90000 seconds
Running configuration on file /nfs/home/rzipperer/git/Kissat_hyperparamoptimization/instances/train/2d0c041c0fe72dc32527bfbf34f63e61-170223547.cnf
Timeout
Running configuration on file /nfs/home/rzipperer/git/Kissat_hyperparamoptimization/instances/train/91e0db01b254eb78f6643328045bfeb9-sted5_0x1e3-20.cnf
Timeout
Running configuration on file /nfs/home/rzipperer/git/Kissat_hyperparamoptimization/instances/train/abe802007c9aed4eab2e758fb130174b-mp1-klieber2017s-1600-022-eq.cnf
Timeout
Running configuration on file /nfs/home/rzipperer/git/Kissat_hyperparamoptimization/instances/train/b3f53d4c67b234d27e21f5e56bfd39e8-StConn_8_32.sanitized.cnf
Solved
Running configuration on file /nfs/home/rzipperer/git/Kissat_hyperparamoptimization/instances/train/e6cdc2687fa53506021f05b60ad0c6a2-GracefulGraph-K05-P02_c18.cnf
Solved
Running configuration on file /nfs/home/rzipperer/git/Kissat_hyperparamoptimization/instances/train/a38affaa741c958fc32769d5fe89b06c-frb65-12-2.used-as.sat04-874.cnf
Solved
Running configuration on file /nfs/home/rzipperer/git/Kissat_hyperparamoptimization/instances/train/3bf8ba6bb4e4ea9ad08b1b058661ba2e-summle_X4044_steps7_I1-2-2-4-4-8-25-100.cnf
Timeout
Running configuration on file /nfs/home/rzipperer/git/Kissat_hyperparamoptimization/instances/train/f50eaf02a8041510b64104998cc81d2f-sted5_0x24204-50.cnf
Timeout
Running configuration on file /nfs/home/rzipperer/git/Kissat_hyperparamoptimization/instances/train/0876c518e5653369e20fb1ee0bb8db40-mp1-klieber2017s-0500-023-t12.cnf
Timeout
Running configuration on file /nfs/home/rzipperer/git/Kissat_hyperparamoptimization/instances/train/f054205a7cef98e5021016f864c69816-summle_X11112_steps6_I1-2-2-4-4-8-25-100.cnf
Timeout
Running configuration on file /nfs/home/rzipperer/git/Kissat_hyperparamoptimization/instances/train/fee70cede2b5b55bfbdb6e48fbe7ce4f-DLTM_twitter690_74_16.cnf
Timeout
Running configuration on file /nfs/home/rzipperer/git/Kissat_hyperparamoptimization/instances/train/b3c587501567db72e6e66c6930cf15ed-StConn_7_128.sanitized.cnf
Solved
Running configuration on file /nfs/home/rzipperer/git/Kissat_hyperparamoptimization/instances/train/1009c791cee542cdf19651fe25e6881a-summle_X4053_steps8_I1-2-2-4-4-8-25-100.cnf
Timeout
Running configuration on file /nfs/home/rzipperer/git/Kissat_hyperparamoptimization/instances/train/5690b9b0380aa9508699e56cae5918b5-170058440.cnf
Timeout
Running configuration on file /nfs/home/rzipperer/git/Kissat_hyperparamoptimization/instances/train/c2bfe541b7cff948fa3193e9ca0eddee-frb45-21-2.used-as.sat04-884.cnf
Timeout
Running configuration on file /nfs/home/rzipperer/git/Kissat_hyperparamoptimization/instances/train/1ce81dbba1292bf791e194b17aa2a219-satch2ways15u.cnf
Timeout
Running configuration on file /nfs/home/rzipperer/git/Kissat_hyperparamoptimization/instances/train/f32bb347996c351bc3e9a91c58e8601d-DLTM_twitter774_83_17.cnf
Timeout
Running configuration on file /nfs/home/rzipperer/git/Kissat_hyperparamoptimization/instances/train/03a43a7ea55217f53542ed3f029963af-satch2ways16w.cnf
Timeout
---Testing configuration---
Configuration(values={
  'backbone': 0,
  'bump': 1,
  'chrono': 0,
  'congruence': 1,
  'eagersubsume': 3,
  'eliminate': 1,
  'emafast': 61895,
  'extract': 0,
  'factor': 0,
  'fastel': 0,
  'forward': 0,
  'jumpreasons': 1,
  'lucky': 0,
  'minimize': 0,
  'otfs': 0,
  'phase': 1,
  'phasesaving': 0,
  'preprocess': 1,
  'probe': 0,
  'promote': 1,
  'randec': 1,
  'reducehigh': 784,
  'reducelow': 378,
  'reluctant': 1,
  'reorder': 0,
  'rephase': 1,
  'restart': 1,
  'shrink': 2,
  'stable': 2,
  'substitute': 1,
  'sweep': 0,
  'target': 1,
  'tier1': 47,
  'tier1relative': 955,
  'tier2': 462,
  'tier2relative': 101,
  'transitive': 1,
  'vivify': 0,
  'warmup': 1,
})
On 18 instances
Worst case runtime for this iteration is 90000 seconds
Running configuration on file /nfs/home/rzipperer/git/Kissat_hyperparamoptimization/instances/train/2d0c041c0fe72dc32527bfbf34f63e61-170223547.cnf
Solved
Running configuration on file /nfs/home/rzipperer/git/Kissat_hyperparamoptimization/instances/train/91e0db01b254eb78f6643328045bfeb9-sted5_0x1e3-20.cnf
Timeout
Running configuration on file /nfs/home/rzipperer/git/Kissat_hyperparamoptimization/instances/train/abe802007c9aed4eab2e758fb130174b-mp1-klieber2017s-1600-022-eq.cnf
Solved
Running configuration on file /nfs/home/rzipperer/git/Kissat_hyperparamoptimization/instances/train/b3f53d4c67b234d27e21f5e56bfd39e8-StConn_8_32.sanitized.cnf
Solved
Running configuration on file /nfs/home/rzipperer/git/Kissat_hyperparamoptimization/instances/train/e6cdc2687fa53506021f05b60ad0c6a2-GracefulGraph-K05-P02_c18.cnf
Solved
Running configuration on file /nfs/home/rzipperer/git/Kissat_hyperparamoptimization/instances/train/a38affaa741c958fc32769d5fe89b06c-frb65-12-2.used-as.sat04-874.cnf
Solved
Running configuration on file /nfs/home/rzipperer/git/Kissat_hyperparamoptimization/instances/train/3bf8ba6bb4e4ea9ad08b1b058661ba2e-summle_X4044_steps7_I1-2-2-4-4-8-25-100.cnf
Solved
Running configuration on file /nfs/home/rzipperer/git/Kissat_hyperparamoptimization/instances/train/f50eaf02a8041510b64104998cc81d2f-sted5_0x24204-50.cnf
Solved
Running configuration on file /nfs/home/rzipperer/git/Kissat_hyperparamoptimization/instances/train/0876c518e5653369e20fb1ee0bb8db40-mp1-klieber2017s-0500-023-t12.cnf
Solved
Running configuration on file /nfs/home/rzipperer/git/Kissat_hyperparamoptimization/instances/train/f054205a7cef98e5021016f864c69816-summle_X11112_steps6_I1-2-2-4-4-8-25-100.cnf
Solved
Running configuration on file /nfs/home/rzipperer/git/Kissat_hyperparamoptimization/instances/train/fee70cede2b5b55bfbdb6e48fbe7ce4f-DLTM_twitter690_74_16.cnf
Solved
Running configuration on file /nfs/home/rzipperer/git/Kissat_hyperparamoptimization/instances/train/b3c587501567db72e6e66c6930cf15ed-StConn_7_128.sanitized.cnf
Timeout
Running configuration on file /nfs/home/rzipperer/git/Kissat_hyperparamoptimization/instances/train/1009c791cee542cdf19651fe25e6881a-summle_X4053_steps8_I1-2-2-4-4-8-25-100.cnf
Solved
Running configuration on file /nfs/home/rzipperer/git/Kissat_hyperparamoptimization/instances/train/5690b9b0380aa9508699e56cae5918b5-170058440.cnf
Solved
Running configuration on file /nfs/home/rzipperer/git/Kissat_hyperparamoptimization/instances/train/c2bfe541b7cff948fa3193e9ca0eddee-frb45-21-2.used-as.sat04-884.cnf
Solved
Running configuration on file /nfs/home/rzipperer/git/Kissat_hyperparamoptimization/instances/train/1ce81dbba1292bf791e194b17aa2a219-satch2ways15u.cnf
Timeout
Running configuration on file /nfs/home/rzipperer/git/Kissat_hyperparamoptimization/instances/train/f32bb347996c351bc3e9a91c58e8601d-DLTM_twitter774_83_17.cnf
Solved
Running configuration on file /nfs/home/rzipperer/git/Kissat_hyperparamoptimization/instances/train/03a43a7ea55217f53542ed3f029963af-satch2ways16w.cnf
Timeout
[INFO][abstract_intensifier.py:595] Added config 77fc06 and rejected config 36bc04 as incumbent because it is not better than the incumbents on 1 instances:
---Testing configuration---
Configuration(values={
  'backbone': 0,
  'bump': 0,
  'chrono': 1,
  'congruence': 1,
  'eagersubsume': 3,
  'eliminate': 1,
  'emafast': 160126,
  'extract': 0,
  'factor': 1,
  'fastel': 1,
  'forward': 0,
  'jumpreasons': 1,
  'lucky': 1,
  'minimize': 0,
  'otfs': 1,
  'phase': 0,
  'phasesaving': 1,
  'preprocess': 1,
  'probe': 0,
  'promote': 1,
  'randec': 0,
  'reducehigh': 215,
  'reducelow': 812,
  'reluctant': 0,
  'reorder': 1,
  'rephase': 0,
  'restart': 0,
  'shrink': 2,
  'stable': 0,
  'substitute': 1,
  'sweep': 0,
  'target': 0,
  'tier1': 49,
  'tier1relative': 377,
  'tier2': 228,
  'tier2relative': 450,
  'transitive': 1,
  'vivify': 1,
  'warmup': 0,
})
On 18 instances
Worst case runtime for this iteration is 90000 seconds
Running configuration on file /nfs/home/rzipperer/git/Kissat_hyperparamoptimization/instances/train/2d0c041c0fe72dc32527bfbf34f63e61-170223547.cnf
Timeout
Running configuration on file /nfs/home/rzipperer/git/Kissat_hyperparamoptimization/instances/train/91e0db01b254eb78f6643328045bfeb9-sted5_0x1e3-20.cnf
Timeout
Running configuration on file /nfs/home/rzipperer/git/Kissat_hyperparamoptimization/instances/train/abe802007c9aed4eab2e758fb130174b-mp1-klieber2017s-1600-022-eq.cnf
Timeout
Running configuration on file /nfs/home/rzipperer/git/Kissat_hyperparamoptimization/instances/train/b3f53d4c67b234d27e21f5e56bfd39e8-StConn_8_32.sanitized.cnf
Solved
Running configuration on file /nfs/home/rzipperer/git/Kissat_hyperparamoptimization/instances/train/e6cdc2687fa53506021f05b60ad0c6a2-GracefulGraph-K05-P02_c18.cnf
Solved
Running configuration on file /nfs/home/rzipperer/git/Kissat_hyperparamoptimization/instances/train/a38affaa741c958fc32769d5fe89b06c-frb65-12-2.used-as.sat04-874.cnf
Solved
Running configuration on file /nfs/home/rzipperer/git/Kissat_hyperparamoptimization/instances/train/3bf8ba6bb4e4ea9ad08b1b058661ba2e-summle_X4044_steps7_I1-2-2-4-4-8-25-100.cnf
Timeout
Running configuration on file /nfs/home/rzipperer/git/Kissat_hyperparamoptimization/instances/train/f50eaf02a8041510b64104998cc81d2f-sted5_0x24204-50.cnf
Timeout
Running configuration on file /nfs/home/rzipperer/git/Kissat_hyperparamoptimization/instances/train/0876c518e5653369e20fb1ee0bb8db40-mp1-klieber2017s-0500-023-t12.cnf
Timeout
Running configuration on file /nfs/home/rzipperer/git/Kissat_hyperparamoptimization/instances/train/f054205a7cef98e5021016f864c69816-summle_X11112_steps6_I1-2-2-4-4-8-25-100.cnf
Timeout
Running configuration on file /nfs/home/rzipperer/git/Kissat_hyperparamoptimization/instances/train/fee70cede2b5b55bfbdb6e48fbe7ce4f-DLTM_twitter690_74_16.cnf
Timeout
Running configuration on file /nfs/home/rzipperer/git/Kissat_hyperparamoptimization/instances/train/b3c587501567db72e6e66c6930cf15ed-StConn_7_128.sanitized.cnf
Solved
Running configuration on file /nfs/home/rzipperer/git/Kissat_hyperparamoptimization/instances/train/1009c791cee542cdf19651fe25e6881a-summle_X4053_steps8_I1-2-2-4-4-8-25-100.cnf
Timeout
Running configuration on file /nfs/home/rzipperer/git/Kissat_hyperparamoptimization/instances/train/5690b9b0380aa9508699e56cae5918b5-170058440.cnf
Timeout
Running configuration on file /nfs/home/rzipperer/git/Kissat_hyperparamoptimization/instances/train/c2bfe541b7cff948fa3193e9ca0eddee-frb45-21-2.used-as.sat04-884.cnf
Timeout
Running configuration on file /nfs/home/rzipperer/git/Kissat_hyperparamoptimization/instances/train/1ce81dbba1292bf791e194b17aa2a219-satch2ways15u.cnf
Timeout
Running configuration on file /nfs/home/rzipperer/git/Kissat_hyperparamoptimization/instances/train/f32bb347996c351bc3e9a91c58e8601d-DLTM_twitter774_83_17.cnf
Timeout
Running configuration on file /nfs/home/rzipperer/git/Kissat_hyperparamoptimization/instances/train/03a43a7ea55217f53542ed3f029963af-satch2ways16w.cnf
Timeout
---Testing configuration---
Configuration(values={
  'backbone': 0,
  'bump': 1,
  'chrono': 0,
  'congruence': 0,
  'eagersubsume': 2,
  'eliminate': 0,
  'emafast': 47343,
  'extract': 0,
  'factor': 0,
  'fastel': 0,
  'forward': 0,
  'jumpreasons': 1,
  'lucky': 0,
  'minimize': 0,
  'otfs': 1,
  'phase': 1,
  'phasesaving': 0,
  'preprocess': 1,
  'probe': 0,
  'promote': 0,
  'randec': 1,
  'reducehigh': 448,
  'reducelow': 320,
  'reluctant': 0,
  'reorder': 0,
  'rephase': 0,
  'restart': 0,
  'shrink': 0,
  'stable': 2,
  'substitute': 1,
  'sweep': 1,
  'target': 1,
  'tier1': 30,
  'tier1relative': 796,
  'tier2': 541,
  'tier2relative': 84,
  'transitive': 1,
  'vivify': 1,
  'warmup': 0,
})
On 18 instances
Worst case runtime for this iteration is 90000 seconds
Running configuration on file /nfs/home/rzipperer/git/Kissat_hyperparamoptimization/instances/train/2d0c041c0fe72dc32527bfbf34f63e61-170223547.cnf
Timeout
Running configuration on file /nfs/home/rzipperer/git/Kissat_hyperparamoptimization/instances/train/91e0db01b254eb78f6643328045bfeb9-sted5_0x1e3-20.cnf
Timeout
Running configuration on file /nfs/home/rzipperer/git/Kissat_hyperparamoptimization/instances/train/abe802007c9aed4eab2e758fb130174b-mp1-klieber2017s-1600-022-eq.cnf
Solved
Running configuration on file /nfs/home/rzipperer/git/Kissat_hyperparamoptimization/instances/train/b3f53d4c67b234d27e21f5e56bfd39e8-StConn_8_32.sanitized.cnf
Timeout
Running configuration on file /nfs/home/rzipperer/git/Kissat_hyperparamoptimization/instances/train/e6cdc2687fa53506021f05b60ad0c6a2-GracefulGraph-K05-P02_c18.cnf
Solved
Running configuration on file /nfs/home/rzipperer/git/Kissat_hyperparamoptimization/instances/train/a38affaa741c958fc32769d5fe89b06c-frb65-12-2.used-as.sat04-874.cnf
Solved
Running configuration on file /nfs/home/rzipperer/git/Kissat_hyperparamoptimization/instances/train/3bf8ba6bb4e4ea9ad08b1b058661ba2e-summle_X4044_steps7_I1-2-2-4-4-8-25-100.cnf
Solved
Running configuration on file /nfs/home/rzipperer/git/Kissat_hyperparamoptimization/instances/train/f50eaf02a8041510b64104998cc81d2f-sted5_0x24204-50.cnf
Timeout
Running configuration on file /nfs/home/rzipperer/git/Kissat_hyperparamoptimization/instances/train/0876c518e5653369e20fb1ee0bb8db40-mp1-klieber2017s-0500-023-t12.cnf
Solved
Running configuration on file /nfs/home/rzipperer/git/Kissat_hyperparamoptimization/instances/train/f054205a7cef98e5021016f864c69816-summle_X11112_steps6_I1-2-2-4-4-8-25-100.cnf
Solved
Running configuration on file /nfs/home/rzipperer/git/Kissat_hyperparamoptimization/instances/train/fee70cede2b5b55bfbdb6e48fbe7ce4f-DLTM_twitter690_74_16.cnf
Timeout
Running configuration on file /nfs/home/rzipperer/git/Kissat_hyperparamoptimization/instances/train/b3c587501567db72e6e66c6930cf15ed-StConn_7_128.sanitized.cnf
Timeout
Running configuration on file /nfs/home/rzipperer/git/Kissat_hyperparamoptimization/instances/train/1009c791cee542cdf19651fe25e6881a-summle_X4053_steps8_I1-2-2-4-4-8-25-100.cnf
Solved
Running configuration on file /nfs/home/rzipperer/git/Kissat_hyperparamoptimization/instances/train/5690b9b0380aa9508699e56cae5918b5-170058440.cnf
Timeout
Running configuration on file /nfs/home/rzipperer/git/Kissat_hyperparamoptimization/instances/train/c2bfe541b7cff948fa3193e9ca0eddee-frb45-21-2.used-as.sat04-884.cnf
Timeout
Running configuration on file /nfs/home/rzipperer/git/Kissat_hyperparamoptimization/instances/train/1ce81dbba1292bf791e194b17aa2a219-satch2ways15u.cnf
Timeout
Running configuration on file /nfs/home/rzipperer/git/Kissat_hyperparamoptimization/instances/train/f32bb347996c351bc3e9a91c58e8601d-DLTM_twitter774_83_17.cnf
Timeout
Running configuration on file /nfs/home/rzipperer/git/Kissat_hyperparamoptimization/instances/train/03a43a7ea55217f53542ed3f029963af-satch2ways16w.cnf
Timeout
---Testing configuration---
Configuration(values={
  'backbone': 0,
  'bump': 1,
  'chrono': 1,
  'congruence': 1,
  'eagersubsume': 1,
  'eliminate': 0,
  'emafast': 628120,
  'extract': 0,
  'factor': 0,
  'fastel': 0,
  'forward': 0,
  'jumpreasons': 0,
  'lucky': 1,
  'minimize': 1,
  'otfs': 1,
  'phase': 1,
  'phasesaving': 0,
  'preprocess': 1,
  'probe': 0,
  'promote': 1,
  'randec': 0,
  'reducehigh': 93,
  'reducelow': 953,
  'reluctant': 1,
  'reorder': 2,
  'rephase': 1,
  'restart': 0,
  'shrink': 2,
  'stable': 0,
  'substitute': 0,
  'sweep': 1,
  'target': 0,
  'tier1': 44,
  'tier1relative': 236,
  'tier2': 640,
  'tier2relative': 691,
  'transitive': 1,
  'vivify': 1,
  'warmup': 1,
})
On 18 instances
Worst case runtime for this iteration is 90000 seconds
Running configuration on file /nfs/home/rzipperer/git/Kissat_hyperparamoptimization/instances/train/2d0c041c0fe72dc32527bfbf34f63e61-170223547.cnf
Timeout
Running configuration on file /nfs/home/rzipperer/git/Kissat_hyperparamoptimization/instances/train/91e0db01b254eb78f6643328045bfeb9-sted5_0x1e3-20.cnf
Timeout
Running configuration on file /nfs/home/rzipperer/git/Kissat_hyperparamoptimization/instances/train/abe802007c9aed4eab2e758fb130174b-mp1-klieber2017s-1600-022-eq.cnf
Solved
Running configuration on file /nfs/home/rzipperer/git/Kissat_hyperparamoptimization/instances/train/b3f53d4c67b234d27e21f5e56bfd39e8-StConn_8_32.sanitized.cnf
Solved
Running configuration on file /nfs/home/rzipperer/git/Kissat_hyperparamoptimization/instances/train/e6cdc2687fa53506021f05b60ad0c6a2-GracefulGraph-K05-P02_c18.cnf
Solved
Running configuration on file /nfs/home/rzipperer/git/Kissat_hyperparamoptimization/instances/train/a38affaa741c958fc32769d5fe89b06c-frb65-12-2.used-as.sat04-874.cnf
Solved
Running configuration on file /nfs/home/rzipperer/git/Kissat_hyperparamoptimization/instances/train/3bf8ba6bb4e4ea9ad08b1b058661ba2e-summle_X4044_steps7_I1-2-2-4-4-8-25-100.cnf
Solved
Running configuration on file /nfs/home/rzipperer/git/Kissat_hyperparamoptimization/instances/train/f50eaf02a8041510b64104998cc81d2f-sted5_0x24204-50.cnf
Timeout
Running configuration on file /nfs/home/rzipperer/git/Kissat_hyperparamoptimization/instances/train/0876c518e5653369e20fb1ee0bb8db40-mp1-klieber2017s-0500-023-t12.cnf
Solved
Running configuration on file /nfs/home/rzipperer/git/Kissat_hyperparamoptimization/instances/train/f054205a7cef98e5021016f864c69816-summle_X11112_steps6_I1-2-2-4-4-8-25-100.cnf
Solved
Running configuration on file /nfs/home/rzipperer/git/Kissat_hyperparamoptimization/instances/train/fee70cede2b5b55bfbdb6e48fbe7ce4f-DLTM_twitter690_74_16.cnf
Timeout
Running configuration on file /nfs/home/rzipperer/git/Kissat_hyperparamoptimization/instances/train/b3c587501567db72e6e66c6930cf15ed-StConn_7_128.sanitized.cnf
Timeout
Running configuration on file /nfs/home/rzipperer/git/Kissat_hyperparamoptimization/instances/train/1009c791cee542cdf19651fe25e6881a-summle_X4053_steps8_I1-2-2-4-4-8-25-100.cnf
Solved
Running configuration on file /nfs/home/rzipperer/git/Kissat_hyperparamoptimization/instances/train/5690b9b0380aa9508699e56cae5918b5-170058440.cnf
Timeout
Running configuration on file /nfs/home/rzipperer/git/Kissat_hyperparamoptimization/instances/train/c2bfe541b7cff948fa3193e9ca0eddee-frb45-21-2.used-as.sat04-884.cnf
Solved
Running configuration on file /nfs/home/rzipperer/git/Kissat_hyperparamoptimization/instances/train/1ce81dbba1292bf791e194b17aa2a219-satch2ways15u.cnf
Solved
Running configuration on file /nfs/home/rzipperer/git/Kissat_hyperparamoptimization/instances/train/f32bb347996c351bc3e9a91c58e8601d-DLTM_twitter774_83_17.cnf
Solved
Running configuration on file /nfs/home/rzipperer/git/Kissat_hyperparamoptimization/instances/train/03a43a7ea55217f53542ed3f029963af-satch2ways16w.cnf
Timeout
---Testing configuration---
Configuration(values={
  'backbone': 1,
  'bump': 0,
  'chrono': 0,
  'congruence': 0,
  'eagersubsume': 4,
  'eliminate': 0,
  'emafast': 119198,
  'extract': 1,
  'factor': 0,
  'fastel': 1,
  'forward': 0,
  'jumpreasons': 1,
  'lucky': 0,
  'minimize': 1,
  'otfs': 1,
  'phase': 0,
  'phasesaving': 0,
  'preprocess': 1,
  'probe': 0,
  'promote': 0,
  'randec': 1,
  'reducehigh': 913,
  'reducelow': 614,
  'reluctant': 0,
  'reorder': 0,
  'rephase': 0,
  'restart': 0,
  'shrink': 2,
  'stable': 0,
  'substitute': 0,
  'sweep': 0,
  'target': 1,
  'tier1': 12,
  'tier1relative': 470,
  'tier2': 334,
  'tier2relative': 238,
  'transitive': 0,
  'vivify': 0,
  'warmup': 1,
})
On 18 instances
Worst case runtime for this iteration is 90000 seconds
Running configuration on file /nfs/home/rzipperer/git/Kissat_hyperparamoptimization/instances/train/2d0c041c0fe72dc32527bfbf34f63e61-170223547.cnf
Timeout
Running configuration on file /nfs/home/rzipperer/git/Kissat_hyperparamoptimization/instances/train/91e0db01b254eb78f6643328045bfeb9-sted5_0x1e3-20.cnf
Timeout
Running configuration on file /nfs/home/rzipperer/git/Kissat_hyperparamoptimization/instances/train/abe802007c9aed4eab2e758fb130174b-mp1-klieber2017s-1600-022-eq.cnf
Timeout
Running configuration on file /nfs/home/rzipperer/git/Kissat_hyperparamoptimization/instances/train/b3f53d4c67b234d27e21f5e56bfd39e8-StConn_8_32.sanitized.cnf
Solved
Running configuration on file /nfs/home/rzipperer/git/Kissat_hyperparamoptimization/instances/train/e6cdc2687fa53506021f05b60ad0c6a2-GracefulGraph-K05-P02_c18.cnf
Solved
Running configuration on file /nfs/home/rzipperer/git/Kissat_hyperparamoptimization/instances/train/a38affaa741c958fc32769d5fe89b06c-frb65-12-2.used-as.sat04-874.cnf
Solved
Running configuration on file /nfs/home/rzipperer/git/Kissat_hyperparamoptimization/instances/train/3bf8ba6bb4e4ea9ad08b1b058661ba2e-summle_X4044_steps7_I1-2-2-4-4-8-25-100.cnf
Timeout
Running configuration on file /nfs/home/rzipperer/git/Kissat_hyperparamoptimization/instances/train/f50eaf02a8041510b64104998cc81d2f-sted5_0x24204-50.cnf
Timeout
Running configuration on file /nfs/home/rzipperer/git/Kissat_hyperparamoptimization/instances/train/0876c518e5653369e20fb1ee0bb8db40-mp1-klieber2017s-0500-023-t12.cnf
Timeout
Running configuration on file /nfs/home/rzipperer/git/Kissat_hyperparamoptimization/instances/train/f054205a7cef98e5021016f864c69816-summle_X11112_steps6_I1-2-2-4-4-8-25-100.cnf
Solved
Running configuration on file /nfs/home/rzipperer/git/Kissat_hyperparamoptimization/instances/train/fee70cede2b5b55bfbdb6e48fbe7ce4f-DLTM_twitter690_74_16.cnf
Timeout
Running configuration on file /nfs/home/rzipperer/git/Kissat_hyperparamoptimization/instances/train/b3c587501567db72e6e66c6930cf15ed-StConn_7_128.sanitized.cnf
Solved
Running configuration on file /nfs/home/rzipperer/git/Kissat_hyperparamoptimization/instances/train/1009c791cee542cdf19651fe25e6881a-summle_X4053_steps8_I1-2-2-4-4-8-25-100.cnf
Timeout
Running configuration on file /nfs/home/rzipperer/git/Kissat_hyperparamoptimization/instances/train/5690b9b0380aa9508699e56cae5918b5-170058440.cnf
Timeout
Running configuration on file /nfs/home/rzipperer/git/Kissat_hyperparamoptimization/instances/train/c2bfe541b7cff948fa3193e9ca0eddee-frb45-21-2.used-as.sat04-884.cnf
Timeout
Running configuration on file /nfs/home/rzipperer/git/Kissat_hyperparamoptimization/instances/train/1ce81dbba1292bf791e194b17aa2a219-satch2ways15u.cnf
Timeout
Running configuration on file /nfs/home/rzipperer/git/Kissat_hyperparamoptimization/instances/train/f32bb347996c351bc3e9a91c58e8601d-DLTM_twitter774_83_17.cnf
Timeout
Running configuration on file /nfs/home/rzipperer/git/Kissat_hyperparamoptimization/instances/train/03a43a7ea55217f53542ed3f029963af-satch2ways16w.cnf
Timeout
---Testing configuration---
Configuration(values={
  'backbone': 0,
  'bump': 1,
  'chrono': 1,
  'congruence': 0,
  'eagersubsume': 4,
  'eliminate': 1,
  'emafast': 477168,
  'extract': 0,
  'factor': 1,
  'fastel': 0,
  'forward': 0,
  'jumpreasons': 1,
  'lucky': 1,
  'minimize': 0,
  'otfs': 1,
  'phase': 1,
  'phasesaving': 1,
  'preprocess': 1,
  'probe': 0,
  'promote': 1,
  'randec': 1,
  'reducehigh': 88,
  'reducelow': 882,
  'reluctant': 1,
  'reorder': 1,
  'rephase': 1,
  'restart': 0,
  'shrink': 1,
  'stable': 1,
  'substitute': 1,
  'sweep': 0,
  'target': 1,
  'tier1': 77,
  'tier1relative': 221,
  'tier2': 603,
  'tier2relative': 117,
  'transitive': 0,
  'vivify': 1,
  'warmup': 1,
})
On 18 instances
Worst case runtime for this iteration is 90000 seconds
Running configuration on file /nfs/home/rzipperer/git/Kissat_hyperparamoptimization/instances/train/2d0c041c0fe72dc32527bfbf34f63e61-170223547.cnf
Solved
Running configuration on file /nfs/home/rzipperer/git/Kissat_hyperparamoptimization/instances/train/91e0db01b254eb78f6643328045bfeb9-sted5_0x1e3-20.cnf
Timeout
Running configuration on file /nfs/home/rzipperer/git/Kissat_hyperparamoptimization/instances/train/abe802007c9aed4eab2e758fb130174b-mp1-klieber2017s-1600-022-eq.cnf
Solved
Running configuration on file /nfs/home/rzipperer/git/Kissat_hyperparamoptimization/instances/train/b3f53d4c67b234d27e21f5e56bfd39e8-StConn_8_32.sanitized.cnf
Timeout
Running configuration on file /nfs/home/rzipperer/git/Kissat_hyperparamoptimization/instances/train/e6cdc2687fa53506021f05b60ad0c6a2-GracefulGraph-K05-P02_c18.cnf
Solved
Running configuration on file /nfs/home/rzipperer/git/Kissat_hyperparamoptimization/instances/train/a38affaa741c958fc32769d5fe89b06c-frb65-12-2.used-as.sat04-874.cnf
Solved
Running configuration on file /nfs/home/rzipperer/git/Kissat_hyperparamoptimization/instances/train/3bf8ba6bb4e4ea9ad08b1b058661ba2e-summle_X4044_steps7_I1-2-2-4-4-8-25-100.cnf
Solved
Running configuration on file /nfs/home/rzipperer/git/Kissat_hyperparamoptimization/instances/train/f50eaf02a8041510b64104998cc81d2f-sted5_0x24204-50.cnf
Solved
Running configuration on file /nfs/home/rzipperer/git/Kissat_hyperparamoptimization/instances/train/0876c518e5653369e20fb1ee0bb8db40-mp1-klieber2017s-0500-023-t12.cnf
Solved
Running configuration on file /nfs/home/rzipperer/git/Kissat_hyperparamoptimization/instances/train/f054205a7cef98e5021016f864c69816-summle_X11112_steps6_I1-2-2-4-4-8-25-100.cnf
Solved
Running configuration on file /nfs/home/rzipperer/git/Kissat_hyperparamoptimization/instances/train/fee70cede2b5b55bfbdb6e48fbe7ce4f-DLTM_twitter690_74_16.cnf
Solved
Running configuration on file /nfs/home/rzipperer/git/Kissat_hyperparamoptimization/instances/train/b3c587501567db72e6e66c6930cf15ed-StConn_7_128.sanitized.cnf
Timeout
Running configuration on file /nfs/home/rzipperer/git/Kissat_hyperparamoptimization/instances/train/1009c791cee542cdf19651fe25e6881a-summle_X4053_steps8_I1-2-2-4-4-8-25-100.cnf
Solved
Running configuration on file /nfs/home/rzipperer/git/Kissat_hyperparamoptimization/instances/train/5690b9b0380aa9508699e56cae5918b5-170058440.cnf
Solved
Running configuration on file /nfs/home/rzipperer/git/Kissat_hyperparamoptimization/instances/train/c2bfe541b7cff948fa3193e9ca0eddee-frb45-21-2.used-as.sat04-884.cnf
Solved
Running configuration on file /nfs/home/rzipperer/git/Kissat_hyperparamoptimization/instances/train/1ce81dbba1292bf791e194b17aa2a219-satch2ways15u.cnf
Timeout
Running configuration on file /nfs/home/rzipperer/git/Kissat_hyperparamoptimization/instances/train/f32bb347996c351bc3e9a91c58e8601d-DLTM_twitter774_83_17.cnf
Solved
Running configuration on file /nfs/home/rzipperer/git/Kissat_hyperparamoptimization/instances/train/03a43a7ea55217f53542ed3f029963af-satch2ways16w.cnf
Timeout
[INFO][smbo.py:328] Configuration budget is exhausted:
[INFO][smbo.py:329] --- Remaining wallclock time: inf
[INFO][smbo.py:330] --- Remaining cpu time: inf
[INFO][smbo.py:331] --- Remaining trials: 0
Configuration(values={
  'backbone': 0,
  'bump': 1,
  'chrono': 0,
  'congruence': 1,
  'eagersubsume': 3,
  'eliminate': 1,
  'emafast': 61895,
  'extract': 0,
  'factor': 0,
  'fastel': 0,
  'forward': 0,
  'jumpreasons': 1,
  'lucky': 0,
  'minimize': 0,
  'otfs': 0,
  'phase': 1,
  'phasesaving': 0,
  'preprocess': 1,
  'probe': 0,
  'promote': 1,
  'randec': 1,
  'reducehigh': 784,
  'reducelow': 378,
  'reluctant': 1,
  'reorder': 0,
  'rephase': 1,
  'restart': 1,
  'shrink': 2,
  'stable': 2,
  'substitute': 1,
  'sweep': 0,
  'target': 1,
  'tier1': 47,
  'tier1relative': 955,
  'tier2': 462,
  'tier2relative': 101,
  'transitive': 1,
  'vivify': 0,
  'warmup': 1,
})
