Getting instances
['/nfs/share/instances/gbd/cnf/0a4ed112f2cdc0a524976a15d1821097-cliquecoloring_n12_k9_c8.cnf.xz', '/nfs/share/instances/gbd/cnf/18c0eb461bda29214bd43b84199a3b61-cliquecolouring_n31_k5_c4.sanitized.cnf.xz', '/nfs/share/instances/gbd/cnf/4408f30395fb799e01b34b0dc7ee1d62-cliquecoloring_n14_k9_c8.cnf.xz', '/nfs/share/instances/gbd/cnf/67c533489a498495525efee429340958-cliquecolouring_n15_k9_c8.sanitized.cnf.xz', '/nfs/share/instances/gbd/cnf/71270454196ae092b28d0a74300a85e1-Schur_161_5_d40.cnf.xz', '/nfs/share/instances/gbd/cnf/768956cc8d1f2d18ae1929f6bb26557a-cliquecolouring_n13_k8_c7.sanitized.cnf.xz', '/nfs/share/instances/gbd/cnf/973d699ec01b88da869233a79aaa1912-cliquecolouring_n13_k9_c8.sanitized.cnf.xz', '/nfs/share/instances/gbd/cnf/a45b60e53917968f922b97c6f8aa8db3-unsat-set-b-fclqcolor-10-07-09.sat05-1282.reshuffled-07.cnf.xz', '/nfs/share/instances/gbd/cnf/ac347c21ca0759079c0be9a758e4e924-cliquecolouring_n41_k5_c4.sanitized.cnf.xz', '/nfs/share/instances/gbd/cnf/b172b4c218f1e44e205575d2b51e82c4-Schur_161_5_d38.cnf.xz', '/nfs/share/instances/gbd/cnf/bbfe2b27182d2ee7fefdb557f458ac9c-cliquecolouring_n21_k6_c5.sanitized.cnf.xz', '/nfs/share/instances/gbd/cnf/cd118ff851f95661b2a3adfc3e393c74-Schur_160_5_d34.cnf.xz', '/nfs/share/instances/gbd/cnf/cdd131110acc861a5a01fae6c4936c91-6g_6color_366_050_04.cnf.xz', '/nfs/share/instances/gbd/cnf/ce49f590c98885f7ac95567f2b1e7dd5-CNP-5-1100.cnf.xz', '/nfs/share/instances/gbd/cnf/f4064d73fd6e69caf154046e61fea7b8-cliquecoloring_n18_k7_c6.cnf.xz', '/nfs/share/instances/gbd/cnf/f561c52b987bdb9031a477864070b759-Ptn-7824-b18.cnf.xz', '/nfs/share/instances/gbd/cnf/f88afbcd8b4c29a8c1b3518caa4e949c-cliquecoloring_n16_k7_c6.cnf.xz']
['/nfs/home/rzipperer/git/Kissat_hyperparamoptimization/instances/train/0a4ed112f2cdc0a524976a15d1821097-cliquecoloring_n12_k9_c8.cnf', '/nfs/home/rzipperer/git/Kissat_hyperparamoptimization/instances/train/18c0eb461bda29214bd43b84199a3b61-cliquecolouring_n31_k5_c4.sanitized.cnf', '/nfs/home/rzipperer/git/Kissat_hyperparamoptimization/instances/train/4408f30395fb799e01b34b0dc7ee1d62-cliquecoloring_n14_k9_c8.cnf', '/nfs/home/rzipperer/git/Kissat_hyperparamoptimization/instances/train/67c533489a498495525efee429340958-cliquecolouring_n15_k9_c8.sanitized.cnf', '/nfs/home/rzipperer/git/Kissat_hyperparamoptimization/instances/train/71270454196ae092b28d0a74300a85e1-Schur_161_5_d40.cnf', '/nfs/home/rzipperer/git/Kissat_hyperparamoptimization/instances/train/768956cc8d1f2d18ae1929f6bb26557a-cliquecolouring_n13_k8_c7.sanitized.cnf', '/nfs/home/rzipperer/git/Kissat_hyperparamoptimization/instances/train/973d699ec01b88da869233a79aaa1912-cliquecolouring_n13_k9_c8.sanitized.cnf', '/nfs/home/rzipperer/git/Kissat_hyperparamoptimization/instances/train/a45b60e53917968f922b97c6f8aa8db3-unsat-set-b-fclqcolor-10-07-09.sat05-1282.reshuffled-07.cnf', '/nfs/home/rzipperer/git/Kissat_hyperparamoptimization/instances/train/ac347c21ca0759079c0be9a758e4e924-cliquecolouring_n41_k5_c4.sanitized.cnf', '/nfs/home/rzipperer/git/Kissat_hyperparamoptimization/instances/train/b172b4c218f1e44e205575d2b51e82c4-Schur_161_5_d38.cnf', '/nfs/home/rzipperer/git/Kissat_hyperparamoptimization/instances/train/bbfe2b27182d2ee7fefdb557f458ac9c-cliquecolouring_n21_k6_c5.sanitized.cnf', '/nfs/home/rzipperer/git/Kissat_hyperparamoptimization/instances/train/cd118ff851f95661b2a3adfc3e393c74-Schur_160_5_d34.cnf', '/nfs/home/rzipperer/git/Kissat_hyperparamoptimization/instances/train/cdd131110acc861a5a01fae6c4936c91-6g_6color_366_050_04.cnf', '/nfs/home/rzipperer/git/Kissat_hyperparamoptimization/instances/train/ce49f590c98885f7ac95567f2b1e7dd5-CNP-5-1100.cnf', '/nfs/home/rzipperer/git/Kissat_hyperparamoptimization/instances/train/f4064d73fd6e69caf154046e61fea7b8-cliquecoloring_n18_k7_c6.cnf', '/nfs/home/rzipperer/git/Kissat_hyperparamoptimization/instances/train/f561c52b987bdb9031a477864070b759-Ptn-7824-b18.cnf', '/nfs/home/rzipperer/git/Kissat_hyperparamoptimization/instances/train/f88afbcd8b4c29a8c1b3518caa4e949c-cliquecoloring_n16_k7_c6.cnf']
21: Timeout
21: Timeout
21: Timeout
21: Timeout
21: Solved
21: Timeout
21: Timeout
21: Solved
21: Timeout
21: Timeout
21: Timeout
21: Timeout
21: Timeout
21: Solved
21: Timeout
21: Solved
21: Timeout
Finished after 133130.29400777817 seconds
