Setting up config
Starting smac
[INFO][abstract_initial_design.py:95] Reducing the number of initial configurations from 110 to 2 (max_ratio == 0.25).
[INFO][abstract_initial_design.py:147] Using 2 initial design configurations and 0 additional configurations.
[INFO][abstract_intensifier.py:306] Using only one seed for deterministic scenario.
Getting instances
['/nfs/share/instances/gbd/cnf/03a43a7ea55217f53542ed3f029963af-satch2ways16w.cnf.xz', '/nfs/share/instances/gbd/cnf/0876c518e5653369e20fb1ee0bb8db40-mp1-klieber2017s-0500-023-t12.cnf.xz', '/nfs/share/instances/gbd/cnf/1009c791cee542cdf19651fe25e6881a-summle_X4053_steps8_I1-2-2-4-4-8-25-100.cnf.xz', '/nfs/share/instances/gbd/cnf/1ce81dbba1292bf791e194b17aa2a219-satch2ways15u.cnf.xz', '/nfs/share/instances/gbd/cnf/2d0c041c0fe72dc32527bfbf34f63e61-170223547.cnf.xz', '/nfs/share/instances/gbd/cnf/3bf8ba6bb4e4ea9ad08b1b058661ba2e-summle_X4044_steps7_I1-2-2-4-4-8-25-100.cnf.xz', '/nfs/share/instances/gbd/cnf/5690b9b0380aa9508699e56cae5918b5-170058440.cnf.xz', '/nfs/share/instances/gbd/cnf/91e0db01b254eb78f6643328045bfeb9-sted5_0x1e3-20.cnf.xz', '/nfs/share/instances/gbd/cnf/a38affaa741c958fc32769d5fe89b06c-frb65-12-2.used-as.sat04-874.cnf.xz', '/nfs/share/instances/gbd/cnf/abe802007c9aed4eab2e758fb130174b-mp1-klieber2017s-1600-022-eq.cnf.xz', '/nfs/share/instances/gbd/cnf/b3c587501567db72e6e66c6930cf15ed-StConn_7_128.sanitized.cnf.xz', '/nfs/share/instances/gbd/cnf/b3f53d4c67b234d27e21f5e56bfd39e8-StConn_8_32.sanitized.cnf.xz', '/nfs/share/instances/gbd/cnf/c2bfe541b7cff948fa3193e9ca0eddee-frb45-21-2.used-as.sat04-884.cnf.xz', '/nfs/share/instances/gbd/cnf/e6cdc2687fa53506021f05b60ad0c6a2-GracefulGraph-K05-P02_c18.cnf.xz', '/nfs/share/instances/gbd/cnf/f054205a7cef98e5021016f864c69816-summle_X11112_steps6_I1-2-2-4-4-8-25-100.cnf.xz', '/nfs/share/instances/gbd/cnf/f32bb347996c351bc3e9a91c58e8601d-DLTM_twitter774_83_17.cnf.xz', '/nfs/share/instances/gbd/cnf/f50eaf02a8041510b64104998cc81d2f-sted5_0x24204-50.cnf.xz', '/nfs/share/instances/gbd/cnf/fee70cede2b5b55bfbdb6e48fbe7ce4f-DLTM_twitter690_74_16.cnf.xz']
['../instances/train/03a43a7ea55217f53542ed3f029963af-satch2ways16w.cnf', '../instances/train/0876c518e5653369e20fb1ee0bb8db40-mp1-klieber2017s-0500-023-t12.cnf', '../instances/train/1009c791cee542cdf19651fe25e6881a-summle_X4053_steps8_I1-2-2-4-4-8-25-100.cnf', '../instances/train/1ce81dbba1292bf791e194b17aa2a219-satch2ways15u.cnf', '../instances/train/2d0c041c0fe72dc32527bfbf34f63e61-170223547.cnf', '../instances/train/3bf8ba6bb4e4ea9ad08b1b058661ba2e-summle_X4044_steps7_I1-2-2-4-4-8-25-100.cnf', '../instances/train/5690b9b0380aa9508699e56cae5918b5-170058440.cnf', '../instances/train/91e0db01b254eb78f6643328045bfeb9-sted5_0x1e3-20.cnf', '../instances/train/a38affaa741c958fc32769d5fe89b06c-frb65-12-2.used-as.sat04-874.cnf', '../instances/train/abe802007c9aed4eab2e758fb130174b-mp1-klieber2017s-1600-022-eq.cnf', '../instances/train/b3c587501567db72e6e66c6930cf15ed-StConn_7_128.sanitized.cnf', '../instances/train/b3f53d4c67b234d27e21f5e56bfd39e8-StConn_8_32.sanitized.cnf', '../instances/train/c2bfe541b7cff948fa3193e9ca0eddee-frb45-21-2.used-as.sat04-884.cnf', '../instances/train/e6cdc2687fa53506021f05b60ad0c6a2-GracefulGraph-K05-P02_c18.cnf', '../instances/train/f054205a7cef98e5021016f864c69816-summle_X11112_steps6_I1-2-2-4-4-8-25-100.cnf', '../instances/train/f32bb347996c351bc3e9a91c58e8601d-DLTM_twitter774_83_17.cnf', '../instances/train/f50eaf02a8041510b64104998cc81d2f-sted5_0x24204-50.cnf', '../instances/train/fee70cede2b5b55bfbdb6e48fbe7ce4f-DLTM_twitter690_74_16.cnf']
7: Timeout
7: Solved
7: Solved
7: Timeout
7: Solved
7: Solved
7: Solved
7: Timeout
7: Solved
7: Solved
7: Timeout
7: Timeout
7: Solved
7: Solved
7: Solved
7: Solved
7: Solved
7: Solved
[INFO][abstract_intensifier.py:516] Added config 3112da as new incumbent because there are no incumbents yet.
Getting instances
['/nfs/share/instances/gbd/cnf/03a43a7ea55217f53542ed3f029963af-satch2ways16w.cnf.xz', '/nfs/share/instances/gbd/cnf/0876c518e5653369e20fb1ee0bb8db40-mp1-klieber2017s-0500-023-t12.cnf.xz', '/nfs/share/instances/gbd/cnf/1009c791cee542cdf19651fe25e6881a-summle_X4053_steps8_I1-2-2-4-4-8-25-100.cnf.xz', '/nfs/share/instances/gbd/cnf/1ce81dbba1292bf791e194b17aa2a219-satch2ways15u.cnf.xz', '/nfs/share/instances/gbd/cnf/2d0c041c0fe72dc32527bfbf34f63e61-170223547.cnf.xz', '/nfs/share/instances/gbd/cnf/3bf8ba6bb4e4ea9ad08b1b058661ba2e-summle_X4044_steps7_I1-2-2-4-4-8-25-100.cnf.xz', '/nfs/share/instances/gbd/cnf/5690b9b0380aa9508699e56cae5918b5-170058440.cnf.xz', '/nfs/share/instances/gbd/cnf/91e0db01b254eb78f6643328045bfeb9-sted5_0x1e3-20.cnf.xz', '/nfs/share/instances/gbd/cnf/a38affaa741c958fc32769d5fe89b06c-frb65-12-2.used-as.sat04-874.cnf.xz', '/nfs/share/instances/gbd/cnf/abe802007c9aed4eab2e758fb130174b-mp1-klieber2017s-1600-022-eq.cnf.xz', '/nfs/share/instances/gbd/cnf/b3c587501567db72e6e66c6930cf15ed-StConn_7_128.sanitized.cnf.xz', '/nfs/share/instances/gbd/cnf/b3f53d4c67b234d27e21f5e56bfd39e8-StConn_8_32.sanitized.cnf.xz', '/nfs/share/instances/gbd/cnf/c2bfe541b7cff948fa3193e9ca0eddee-frb45-21-2.used-as.sat04-884.cnf.xz', '/nfs/share/instances/gbd/cnf/e6cdc2687fa53506021f05b60ad0c6a2-GracefulGraph-K05-P02_c18.cnf.xz', '/nfs/share/instances/gbd/cnf/f054205a7cef98e5021016f864c69816-summle_X11112_steps6_I1-2-2-4-4-8-25-100.cnf.xz', '/nfs/share/instances/gbd/cnf/f32bb347996c351bc3e9a91c58e8601d-DLTM_twitter774_83_17.cnf.xz', '/nfs/share/instances/gbd/cnf/f50eaf02a8041510b64104998cc81d2f-sted5_0x24204-50.cnf.xz', '/nfs/share/instances/gbd/cnf/fee70cede2b5b55bfbdb6e48fbe7ce4f-DLTM_twitter690_74_16.cnf.xz']
['../instances/train/03a43a7ea55217f53542ed3f029963af-satch2ways16w.cnf', '../instances/train/0876c518e5653369e20fb1ee0bb8db40-mp1-klieber2017s-0500-023-t12.cnf', '../instances/train/1009c791cee542cdf19651fe25e6881a-summle_X4053_steps8_I1-2-2-4-4-8-25-100.cnf', '../instances/train/1ce81dbba1292bf791e194b17aa2a219-satch2ways15u.cnf', '../instances/train/2d0c041c0fe72dc32527bfbf34f63e61-170223547.cnf', '../instances/train/3bf8ba6bb4e4ea9ad08b1b058661ba2e-summle_X4044_steps7_I1-2-2-4-4-8-25-100.cnf', '../instances/train/5690b9b0380aa9508699e56cae5918b5-170058440.cnf', '../instances/train/91e0db01b254eb78f6643328045bfeb9-sted5_0x1e3-20.cnf', '../instances/train/a38affaa741c958fc32769d5fe89b06c-frb65-12-2.used-as.sat04-874.cnf', '../instances/train/abe802007c9aed4eab2e758fb130174b-mp1-klieber2017s-1600-022-eq.cnf', '../instances/train/b3c587501567db72e6e66c6930cf15ed-StConn_7_128.sanitized.cnf', '../instances/train/b3f53d4c67b234d27e21f5e56bfd39e8-StConn_8_32.sanitized.cnf', '../instances/train/c2bfe541b7cff948fa3193e9ca0eddee-frb45-21-2.used-as.sat04-884.cnf', '../instances/train/e6cdc2687fa53506021f05b60ad0c6a2-GracefulGraph-K05-P02_c18.cnf', '../instances/train/f054205a7cef98e5021016f864c69816-summle_X11112_steps6_I1-2-2-4-4-8-25-100.cnf', '../instances/train/f32bb347996c351bc3e9a91c58e8601d-DLTM_twitter774_83_17.cnf', '../instances/train/f50eaf02a8041510b64104998cc81d2f-sted5_0x24204-50.cnf', '../instances/train/fee70cede2b5b55bfbdb6e48fbe7ce4f-DLTM_twitter690_74_16.cnf']
7: Timeout
7: Solved
7: Solved
7: Solved
7: Solved
7: Solved
7: Solved
7: Timeout
7: Solved
7: Solved
7: Timeout
7: Solved
7: Solved
7: Solved
7: Solved
7: Solved
7: Solved
7: Solved
[INFO][abstract_intensifier.py:595] Added config 7568d0 and rejected config 3112da as incumbent because it is not better than the incumbents on 1 instances:
Getting instances
['/nfs/share/instances/gbd/cnf/03a43a7ea55217f53542ed3f029963af-satch2ways16w.cnf.xz', '/nfs/share/instances/gbd/cnf/0876c518e5653369e20fb1ee0bb8db40-mp1-klieber2017s-0500-023-t12.cnf.xz', '/nfs/share/instances/gbd/cnf/1009c791cee542cdf19651fe25e6881a-summle_X4053_steps8_I1-2-2-4-4-8-25-100.cnf.xz', '/nfs/share/instances/gbd/cnf/1ce81dbba1292bf791e194b17aa2a219-satch2ways15u.cnf.xz', '/nfs/share/instances/gbd/cnf/2d0c041c0fe72dc32527bfbf34f63e61-170223547.cnf.xz', '/nfs/share/instances/gbd/cnf/3bf8ba6bb4e4ea9ad08b1b058661ba2e-summle_X4044_steps7_I1-2-2-4-4-8-25-100.cnf.xz', '/nfs/share/instances/gbd/cnf/5690b9b0380aa9508699e56cae5918b5-170058440.cnf.xz', '/nfs/share/instances/gbd/cnf/91e0db01b254eb78f6643328045bfeb9-sted5_0x1e3-20.cnf.xz', '/nfs/share/instances/gbd/cnf/a38affaa741c958fc32769d5fe89b06c-frb65-12-2.used-as.sat04-874.cnf.xz', '/nfs/share/instances/gbd/cnf/abe802007c9aed4eab2e758fb130174b-mp1-klieber2017s-1600-022-eq.cnf.xz', '/nfs/share/instances/gbd/cnf/b3c587501567db72e6e66c6930cf15ed-StConn_7_128.sanitized.cnf.xz', '/nfs/share/instances/gbd/cnf/b3f53d4c67b234d27e21f5e56bfd39e8-StConn_8_32.sanitized.cnf.xz', '/nfs/share/instances/gbd/cnf/c2bfe541b7cff948fa3193e9ca0eddee-frb45-21-2.used-as.sat04-884.cnf.xz', '/nfs/share/instances/gbd/cnf/e6cdc2687fa53506021f05b60ad0c6a2-GracefulGraph-K05-P02_c18.cnf.xz', '/nfs/share/instances/gbd/cnf/f054205a7cef98e5021016f864c69816-summle_X11112_steps6_I1-2-2-4-4-8-25-100.cnf.xz', '/nfs/share/instances/gbd/cnf/f32bb347996c351bc3e9a91c58e8601d-DLTM_twitter774_83_17.cnf.xz', '/nfs/share/instances/gbd/cnf/f50eaf02a8041510b64104998cc81d2f-sted5_0x24204-50.cnf.xz', '/nfs/share/instances/gbd/cnf/fee70cede2b5b55bfbdb6e48fbe7ce4f-DLTM_twitter690_74_16.cnf.xz']
['../instances/train/03a43a7ea55217f53542ed3f029963af-satch2ways16w.cnf', '../instances/train/0876c518e5653369e20fb1ee0bb8db40-mp1-klieber2017s-0500-023-t12.cnf', '../instances/train/1009c791cee542cdf19651fe25e6881a-summle_X4053_steps8_I1-2-2-4-4-8-25-100.cnf', '../instances/train/1ce81dbba1292bf791e194b17aa2a219-satch2ways15u.cnf', '../instances/train/2d0c041c0fe72dc32527bfbf34f63e61-170223547.cnf', '../instances/train/3bf8ba6bb4e4ea9ad08b1b058661ba2e-summle_X4044_steps7_I1-2-2-4-4-8-25-100.cnf', '../instances/train/5690b9b0380aa9508699e56cae5918b5-170058440.cnf', '../instances/train/91e0db01b254eb78f6643328045bfeb9-sted5_0x1e3-20.cnf', '../instances/train/a38affaa741c958fc32769d5fe89b06c-frb65-12-2.used-as.sat04-874.cnf', '../instances/train/abe802007c9aed4eab2e758fb130174b-mp1-klieber2017s-1600-022-eq.cnf', '../instances/train/b3c587501567db72e6e66c6930cf15ed-StConn_7_128.sanitized.cnf', '../instances/train/b3f53d4c67b234d27e21f5e56bfd39e8-StConn_8_32.sanitized.cnf', '../instances/train/c2bfe541b7cff948fa3193e9ca0eddee-frb45-21-2.used-as.sat04-884.cnf', '../instances/train/e6cdc2687fa53506021f05b60ad0c6a2-GracefulGraph-K05-P02_c18.cnf', '../instances/train/f054205a7cef98e5021016f864c69816-summle_X11112_steps6_I1-2-2-4-4-8-25-100.cnf', '../instances/train/f32bb347996c351bc3e9a91c58e8601d-DLTM_twitter774_83_17.cnf', '../instances/train/f50eaf02a8041510b64104998cc81d2f-sted5_0x24204-50.cnf', '../instances/train/fee70cede2b5b55bfbdb6e48fbe7ce4f-DLTM_twitter690_74_16.cnf']
7: Timeout
7: Solved
7: Solved
7: Timeout
7: Solved
7: Solved
7: Solved
7: Timeout
7: Solved
7: Solved
7: Timeout
7: Solved
7: Solved
7: Solved
7: Solved
7: Solved
7: Solved
7: Timeout
Getting instances
['/nfs/share/instances/gbd/cnf/03a43a7ea55217f53542ed3f029963af-satch2ways16w.cnf.xz', '/nfs/share/instances/gbd/cnf/0876c518e5653369e20fb1ee0bb8db40-mp1-klieber2017s-0500-023-t12.cnf.xz', '/nfs/share/instances/gbd/cnf/1009c791cee542cdf19651fe25e6881a-summle_X4053_steps8_I1-2-2-4-4-8-25-100.cnf.xz', '/nfs/share/instances/gbd/cnf/1ce81dbba1292bf791e194b17aa2a219-satch2ways15u.cnf.xz', '/nfs/share/instances/gbd/cnf/2d0c041c0fe72dc32527bfbf34f63e61-170223547.cnf.xz', '/nfs/share/instances/gbd/cnf/3bf8ba6bb4e4ea9ad08b1b058661ba2e-summle_X4044_steps7_I1-2-2-4-4-8-25-100.cnf.xz', '/nfs/share/instances/gbd/cnf/5690b9b0380aa9508699e56cae5918b5-170058440.cnf.xz', '/nfs/share/instances/gbd/cnf/91e0db01b254eb78f6643328045bfeb9-sted5_0x1e3-20.cnf.xz', '/nfs/share/instances/gbd/cnf/a38affaa741c958fc32769d5fe89b06c-frb65-12-2.used-as.sat04-874.cnf.xz', '/nfs/share/instances/gbd/cnf/abe802007c9aed4eab2e758fb130174b-mp1-klieber2017s-1600-022-eq.cnf.xz', '/nfs/share/instances/gbd/cnf/b3c587501567db72e6e66c6930cf15ed-StConn_7_128.sanitized.cnf.xz', '/nfs/share/instances/gbd/cnf/b3f53d4c67b234d27e21f5e56bfd39e8-StConn_8_32.sanitized.cnf.xz', '/nfs/share/instances/gbd/cnf/c2bfe541b7cff948fa3193e9ca0eddee-frb45-21-2.used-as.sat04-884.cnf.xz', '/nfs/share/instances/gbd/cnf/e6cdc2687fa53506021f05b60ad0c6a2-GracefulGraph-K05-P02_c18.cnf.xz', '/nfs/share/instances/gbd/cnf/f054205a7cef98e5021016f864c69816-summle_X11112_steps6_I1-2-2-4-4-8-25-100.cnf.xz', '/nfs/share/instances/gbd/cnf/f32bb347996c351bc3e9a91c58e8601d-DLTM_twitter774_83_17.cnf.xz', '/nfs/share/instances/gbd/cnf/f50eaf02a8041510b64104998cc81d2f-sted5_0x24204-50.cnf.xz', '/nfs/share/instances/gbd/cnf/fee70cede2b5b55bfbdb6e48fbe7ce4f-DLTM_twitter690_74_16.cnf.xz']
['../instances/train/03a43a7ea55217f53542ed3f029963af-satch2ways16w.cnf', '../instances/train/0876c518e5653369e20fb1ee0bb8db40-mp1-klieber2017s-0500-023-t12.cnf', '../instances/train/1009c791cee542cdf19651fe25e6881a-summle_X4053_steps8_I1-2-2-4-4-8-25-100.cnf', '../instances/train/1ce81dbba1292bf791e194b17aa2a219-satch2ways15u.cnf', '../instances/train/2d0c041c0fe72dc32527bfbf34f63e61-170223547.cnf', '../instances/train/3bf8ba6bb4e4ea9ad08b1b058661ba2e-summle_X4044_steps7_I1-2-2-4-4-8-25-100.cnf', '../instances/train/5690b9b0380aa9508699e56cae5918b5-170058440.cnf', '../instances/train/91e0db01b254eb78f6643328045bfeb9-sted5_0x1e3-20.cnf', '../instances/train/a38affaa741c958fc32769d5fe89b06c-frb65-12-2.used-as.sat04-874.cnf', '../instances/train/abe802007c9aed4eab2e758fb130174b-mp1-klieber2017s-1600-022-eq.cnf', '../instances/train/b3c587501567db72e6e66c6930cf15ed-StConn_7_128.sanitized.cnf', '../instances/train/b3f53d4c67b234d27e21f5e56bfd39e8-StConn_8_32.sanitized.cnf', '../instances/train/c2bfe541b7cff948fa3193e9ca0eddee-frb45-21-2.used-as.sat04-884.cnf', '../instances/train/e6cdc2687fa53506021f05b60ad0c6a2-GracefulGraph-K05-P02_c18.cnf', '../instances/train/f054205a7cef98e5021016f864c69816-summle_X11112_steps6_I1-2-2-4-4-8-25-100.cnf', '../instances/train/f32bb347996c351bc3e9a91c58e8601d-DLTM_twitter774_83_17.cnf', '../instances/train/f50eaf02a8041510b64104998cc81d2f-sted5_0x24204-50.cnf', '../instances/train/fee70cede2b5b55bfbdb6e48fbe7ce4f-DLTM_twitter690_74_16.cnf']
7: Timeout
7: Solved
7: Solved
7: Timeout
7: Solved
7: Solved
7: Solved
7: Timeout
7: Solved
7: Solved
7: Timeout
7: Solved
7: Solved
7: Solved
7: Solved
7: Solved
7: Solved
7: Solved
Getting instances
['/nfs/share/instances/gbd/cnf/03a43a7ea55217f53542ed3f029963af-satch2ways16w.cnf.xz', '/nfs/share/instances/gbd/cnf/0876c518e5653369e20fb1ee0bb8db40-mp1-klieber2017s-0500-023-t12.cnf.xz', '/nfs/share/instances/gbd/cnf/1009c791cee542cdf19651fe25e6881a-summle_X4053_steps8_I1-2-2-4-4-8-25-100.cnf.xz', '/nfs/share/instances/gbd/cnf/1ce81dbba1292bf791e194b17aa2a219-satch2ways15u.cnf.xz', '/nfs/share/instances/gbd/cnf/2d0c041c0fe72dc32527bfbf34f63e61-170223547.cnf.xz', '/nfs/share/instances/gbd/cnf/3bf8ba6bb4e4ea9ad08b1b058661ba2e-summle_X4044_steps7_I1-2-2-4-4-8-25-100.cnf.xz', '/nfs/share/instances/gbd/cnf/5690b9b0380aa9508699e56cae5918b5-170058440.cnf.xz', '/nfs/share/instances/gbd/cnf/91e0db01b254eb78f6643328045bfeb9-sted5_0x1e3-20.cnf.xz', '/nfs/share/instances/gbd/cnf/a38affaa741c958fc32769d5fe89b06c-frb65-12-2.used-as.sat04-874.cnf.xz', '/nfs/share/instances/gbd/cnf/abe802007c9aed4eab2e758fb130174b-mp1-klieber2017s-1600-022-eq.cnf.xz', '/nfs/share/instances/gbd/cnf/b3c587501567db72e6e66c6930cf15ed-StConn_7_128.sanitized.cnf.xz', '/nfs/share/instances/gbd/cnf/b3f53d4c67b234d27e21f5e56bfd39e8-StConn_8_32.sanitized.cnf.xz', '/nfs/share/instances/gbd/cnf/c2bfe541b7cff948fa3193e9ca0eddee-frb45-21-2.used-as.sat04-884.cnf.xz', '/nfs/share/instances/gbd/cnf/e6cdc2687fa53506021f05b60ad0c6a2-GracefulGraph-K05-P02_c18.cnf.xz', '/nfs/share/instances/gbd/cnf/f054205a7cef98e5021016f864c69816-summle_X11112_steps6_I1-2-2-4-4-8-25-100.cnf.xz', '/nfs/share/instances/gbd/cnf/f32bb347996c351bc3e9a91c58e8601d-DLTM_twitter774_83_17.cnf.xz', '/nfs/share/instances/gbd/cnf/f50eaf02a8041510b64104998cc81d2f-sted5_0x24204-50.cnf.xz', '/nfs/share/instances/gbd/cnf/fee70cede2b5b55bfbdb6e48fbe7ce4f-DLTM_twitter690_74_16.cnf.xz']
['../instances/train/03a43a7ea55217f53542ed3f029963af-satch2ways16w.cnf', '../instances/train/0876c518e5653369e20fb1ee0bb8db40-mp1-klieber2017s-0500-023-t12.cnf', '../instances/train/1009c791cee542cdf19651fe25e6881a-summle_X4053_steps8_I1-2-2-4-4-8-25-100.cnf', '../instances/train/1ce81dbba1292bf791e194b17aa2a219-satch2ways15u.cnf', '../instances/train/2d0c041c0fe72dc32527bfbf34f63e61-170223547.cnf', '../instances/train/3bf8ba6bb4e4ea9ad08b1b058661ba2e-summle_X4044_steps7_I1-2-2-4-4-8-25-100.cnf', '../instances/train/5690b9b0380aa9508699e56cae5918b5-170058440.cnf', '../instances/train/91e0db01b254eb78f6643328045bfeb9-sted5_0x1e3-20.cnf', '../instances/train/a38affaa741c958fc32769d5fe89b06c-frb65-12-2.used-as.sat04-874.cnf', '../instances/train/abe802007c9aed4eab2e758fb130174b-mp1-klieber2017s-1600-022-eq.cnf', '../instances/train/b3c587501567db72e6e66c6930cf15ed-StConn_7_128.sanitized.cnf', '../instances/train/b3f53d4c67b234d27e21f5e56bfd39e8-StConn_8_32.sanitized.cnf', '../instances/train/c2bfe541b7cff948fa3193e9ca0eddee-frb45-21-2.used-as.sat04-884.cnf', '../instances/train/e6cdc2687fa53506021f05b60ad0c6a2-GracefulGraph-K05-P02_c18.cnf', '../instances/train/f054205a7cef98e5021016f864c69816-summle_X11112_steps6_I1-2-2-4-4-8-25-100.cnf', '../instances/train/f32bb347996c351bc3e9a91c58e8601d-DLTM_twitter774_83_17.cnf', '../instances/train/f50eaf02a8041510b64104998cc81d2f-sted5_0x24204-50.cnf', '../instances/train/fee70cede2b5b55bfbdb6e48fbe7ce4f-DLTM_twitter690_74_16.cnf']
7: Timeout
7: Solved
7: Solved
7: Solved
7: Solved
7: Solved
7: Solved
7: Timeout
7: Solved
7: Solved
7: Timeout
7: Solved
7: Solved
7: Solved
7: Solved
7: Solved
7: Solved
7: Solved
Getting instances
['/nfs/share/instances/gbd/cnf/03a43a7ea55217f53542ed3f029963af-satch2ways16w.cnf.xz', '/nfs/share/instances/gbd/cnf/0876c518e5653369e20fb1ee0bb8db40-mp1-klieber2017s-0500-023-t12.cnf.xz', '/nfs/share/instances/gbd/cnf/1009c791cee542cdf19651fe25e6881a-summle_X4053_steps8_I1-2-2-4-4-8-25-100.cnf.xz', '/nfs/share/instances/gbd/cnf/1ce81dbba1292bf791e194b17aa2a219-satch2ways15u.cnf.xz', '/nfs/share/instances/gbd/cnf/2d0c041c0fe72dc32527bfbf34f63e61-170223547.cnf.xz', '/nfs/share/instances/gbd/cnf/3bf8ba6bb4e4ea9ad08b1b058661ba2e-summle_X4044_steps7_I1-2-2-4-4-8-25-100.cnf.xz', '/nfs/share/instances/gbd/cnf/5690b9b0380aa9508699e56cae5918b5-170058440.cnf.xz', '/nfs/share/instances/gbd/cnf/91e0db01b254eb78f6643328045bfeb9-sted5_0x1e3-20.cnf.xz', '/nfs/share/instances/gbd/cnf/a38affaa741c958fc32769d5fe89b06c-frb65-12-2.used-as.sat04-874.cnf.xz', '/nfs/share/instances/gbd/cnf/abe802007c9aed4eab2e758fb130174b-mp1-klieber2017s-1600-022-eq.cnf.xz', '/nfs/share/instances/gbd/cnf/b3c587501567db72e6e66c6930cf15ed-StConn_7_128.sanitized.cnf.xz', '/nfs/share/instances/gbd/cnf/b3f53d4c67b234d27e21f5e56bfd39e8-StConn_8_32.sanitized.cnf.xz', '/nfs/share/instances/gbd/cnf/c2bfe541b7cff948fa3193e9ca0eddee-frb45-21-2.used-as.sat04-884.cnf.xz', '/nfs/share/instances/gbd/cnf/e6cdc2687fa53506021f05b60ad0c6a2-GracefulGraph-K05-P02_c18.cnf.xz', '/nfs/share/instances/gbd/cnf/f054205a7cef98e5021016f864c69816-summle_X11112_steps6_I1-2-2-4-4-8-25-100.cnf.xz', '/nfs/share/instances/gbd/cnf/f32bb347996c351bc3e9a91c58e8601d-DLTM_twitter774_83_17.cnf.xz', '/nfs/share/instances/gbd/cnf/f50eaf02a8041510b64104998cc81d2f-sted5_0x24204-50.cnf.xz', '/nfs/share/instances/gbd/cnf/fee70cede2b5b55bfbdb6e48fbe7ce4f-DLTM_twitter690_74_16.cnf.xz']
['../instances/train/03a43a7ea55217f53542ed3f029963af-satch2ways16w.cnf', '../instances/train/0876c518e5653369e20fb1ee0bb8db40-mp1-klieber2017s-0500-023-t12.cnf', '../instances/train/1009c791cee542cdf19651fe25e6881a-summle_X4053_steps8_I1-2-2-4-4-8-25-100.cnf', '../instances/train/1ce81dbba1292bf791e194b17aa2a219-satch2ways15u.cnf', '../instances/train/2d0c041c0fe72dc32527bfbf34f63e61-170223547.cnf', '../instances/train/3bf8ba6bb4e4ea9ad08b1b058661ba2e-summle_X4044_steps7_I1-2-2-4-4-8-25-100.cnf', '../instances/train/5690b9b0380aa9508699e56cae5918b5-170058440.cnf', '../instances/train/91e0db01b254eb78f6643328045bfeb9-sted5_0x1e3-20.cnf', '../instances/train/a38affaa741c958fc32769d5fe89b06c-frb65-12-2.used-as.sat04-874.cnf', '../instances/train/abe802007c9aed4eab2e758fb130174b-mp1-klieber2017s-1600-022-eq.cnf', '../instances/train/b3c587501567db72e6e66c6930cf15ed-StConn_7_128.sanitized.cnf', '../instances/train/b3f53d4c67b234d27e21f5e56bfd39e8-StConn_8_32.sanitized.cnf', '../instances/train/c2bfe541b7cff948fa3193e9ca0eddee-frb45-21-2.used-as.sat04-884.cnf', '../instances/train/e6cdc2687fa53506021f05b60ad0c6a2-GracefulGraph-K05-P02_c18.cnf', '../instances/train/f054205a7cef98e5021016f864c69816-summle_X11112_steps6_I1-2-2-4-4-8-25-100.cnf', '../instances/train/f32bb347996c351bc3e9a91c58e8601d-DLTM_twitter774_83_17.cnf', '../instances/train/f50eaf02a8041510b64104998cc81d2f-sted5_0x24204-50.cnf', '../instances/train/fee70cede2b5b55bfbdb6e48fbe7ce4f-DLTM_twitter690_74_16.cnf']
7: Timeout
7: Solved
7: Solved
7: Timeout
7: Solved
7: Solved
7: Solved
7: Timeout
7: Solved
7: Solved
7: Timeout
7: Solved
7: Solved
7: Solved
7: Solved
7: Timeout
7: Solved
7: Timeout
Getting instances
['/nfs/share/instances/gbd/cnf/03a43a7ea55217f53542ed3f029963af-satch2ways16w.cnf.xz', '/nfs/share/instances/gbd/cnf/0876c518e5653369e20fb1ee0bb8db40-mp1-klieber2017s-0500-023-t12.cnf.xz', '/nfs/share/instances/gbd/cnf/1009c791cee542cdf19651fe25e6881a-summle_X4053_steps8_I1-2-2-4-4-8-25-100.cnf.xz', '/nfs/share/instances/gbd/cnf/1ce81dbba1292bf791e194b17aa2a219-satch2ways15u.cnf.xz', '/nfs/share/instances/gbd/cnf/2d0c041c0fe72dc32527bfbf34f63e61-170223547.cnf.xz', '/nfs/share/instances/gbd/cnf/3bf8ba6bb4e4ea9ad08b1b058661ba2e-summle_X4044_steps7_I1-2-2-4-4-8-25-100.cnf.xz', '/nfs/share/instances/gbd/cnf/5690b9b0380aa9508699e56cae5918b5-170058440.cnf.xz', '/nfs/share/instances/gbd/cnf/91e0db01b254eb78f6643328045bfeb9-sted5_0x1e3-20.cnf.xz', '/nfs/share/instances/gbd/cnf/a38affaa741c958fc32769d5fe89b06c-frb65-12-2.used-as.sat04-874.cnf.xz', '/nfs/share/instances/gbd/cnf/abe802007c9aed4eab2e758fb130174b-mp1-klieber2017s-1600-022-eq.cnf.xz', '/nfs/share/instances/gbd/cnf/b3c587501567db72e6e66c6930cf15ed-StConn_7_128.sanitized.cnf.xz', '/nfs/share/instances/gbd/cnf/b3f53d4c67b234d27e21f5e56bfd39e8-StConn_8_32.sanitized.cnf.xz', '/nfs/share/instances/gbd/cnf/c2bfe541b7cff948fa3193e9ca0eddee-frb45-21-2.used-as.sat04-884.cnf.xz', '/nfs/share/instances/gbd/cnf/e6cdc2687fa53506021f05b60ad0c6a2-GracefulGraph-K05-P02_c18.cnf.xz', '/nfs/share/instances/gbd/cnf/f054205a7cef98e5021016f864c69816-summle_X11112_steps6_I1-2-2-4-4-8-25-100.cnf.xz', '/nfs/share/instances/gbd/cnf/f32bb347996c351bc3e9a91c58e8601d-DLTM_twitter774_83_17.cnf.xz', '/nfs/share/instances/gbd/cnf/f50eaf02a8041510b64104998cc81d2f-sted5_0x24204-50.cnf.xz', '/nfs/share/instances/gbd/cnf/fee70cede2b5b55bfbdb6e48fbe7ce4f-DLTM_twitter690_74_16.cnf.xz']
['../instances/train/03a43a7ea55217f53542ed3f029963af-satch2ways16w.cnf', '../instances/train/0876c518e5653369e20fb1ee0bb8db40-mp1-klieber2017s-0500-023-t12.cnf', '../instances/train/1009c791cee542cdf19651fe25e6881a-summle_X4053_steps8_I1-2-2-4-4-8-25-100.cnf', '../instances/train/1ce81dbba1292bf791e194b17aa2a219-satch2ways15u.cnf', '../instances/train/2d0c041c0fe72dc32527bfbf34f63e61-170223547.cnf', '../instances/train/3bf8ba6bb4e4ea9ad08b1b058661ba2e-summle_X4044_steps7_I1-2-2-4-4-8-25-100.cnf', '../instances/train/5690b9b0380aa9508699e56cae5918b5-170058440.cnf', '../instances/train/91e0db01b254eb78f6643328045bfeb9-sted5_0x1e3-20.cnf', '../instances/train/a38affaa741c958fc32769d5fe89b06c-frb65-12-2.used-as.sat04-874.cnf', '../instances/train/abe802007c9aed4eab2e758fb130174b-mp1-klieber2017s-1600-022-eq.cnf', '../instances/train/b3c587501567db72e6e66c6930cf15ed-StConn_7_128.sanitized.cnf', '../instances/train/b3f53d4c67b234d27e21f5e56bfd39e8-StConn_8_32.sanitized.cnf', '../instances/train/c2bfe541b7cff948fa3193e9ca0eddee-frb45-21-2.used-as.sat04-884.cnf', '../instances/train/e6cdc2687fa53506021f05b60ad0c6a2-GracefulGraph-K05-P02_c18.cnf', '../instances/train/f054205a7cef98e5021016f864c69816-summle_X11112_steps6_I1-2-2-4-4-8-25-100.cnf', '../instances/train/f32bb347996c351bc3e9a91c58e8601d-DLTM_twitter774_83_17.cnf', '../instances/train/f50eaf02a8041510b64104998cc81d2f-sted5_0x24204-50.cnf', '../instances/train/fee70cede2b5b55bfbdb6e48fbe7ce4f-DLTM_twitter690_74_16.cnf']
7: Timeout
7: Solved
7: Solved
7: Timeout
7: Solved
7: Solved
7: Solved
7: Timeout
7: Solved
7: Solved
7: Timeout
7: Solved
7: Solved
7: Solved
7: Solved
7: Timeout
7: Solved
7: Solved
Getting instances
['/nfs/share/instances/gbd/cnf/03a43a7ea55217f53542ed3f029963af-satch2ways16w.cnf.xz', '/nfs/share/instances/gbd/cnf/0876c518e5653369e20fb1ee0bb8db40-mp1-klieber2017s-0500-023-t12.cnf.xz', '/nfs/share/instances/gbd/cnf/1009c791cee542cdf19651fe25e6881a-summle_X4053_steps8_I1-2-2-4-4-8-25-100.cnf.xz', '/nfs/share/instances/gbd/cnf/1ce81dbba1292bf791e194b17aa2a219-satch2ways15u.cnf.xz', '/nfs/share/instances/gbd/cnf/2d0c041c0fe72dc32527bfbf34f63e61-170223547.cnf.xz', '/nfs/share/instances/gbd/cnf/3bf8ba6bb4e4ea9ad08b1b058661ba2e-summle_X4044_steps7_I1-2-2-4-4-8-25-100.cnf.xz', '/nfs/share/instances/gbd/cnf/5690b9b0380aa9508699e56cae5918b5-170058440.cnf.xz', '/nfs/share/instances/gbd/cnf/91e0db01b254eb78f6643328045bfeb9-sted5_0x1e3-20.cnf.xz', '/nfs/share/instances/gbd/cnf/a38affaa741c958fc32769d5fe89b06c-frb65-12-2.used-as.sat04-874.cnf.xz', '/nfs/share/instances/gbd/cnf/abe802007c9aed4eab2e758fb130174b-mp1-klieber2017s-1600-022-eq.cnf.xz', '/nfs/share/instances/gbd/cnf/b3c587501567db72e6e66c6930cf15ed-StConn_7_128.sanitized.cnf.xz', '/nfs/share/instances/gbd/cnf/b3f53d4c67b234d27e21f5e56bfd39e8-StConn_8_32.sanitized.cnf.xz', '/nfs/share/instances/gbd/cnf/c2bfe541b7cff948fa3193e9ca0eddee-frb45-21-2.used-as.sat04-884.cnf.xz', '/nfs/share/instances/gbd/cnf/e6cdc2687fa53506021f05b60ad0c6a2-GracefulGraph-K05-P02_c18.cnf.xz', '/nfs/share/instances/gbd/cnf/f054205a7cef98e5021016f864c69816-summle_X11112_steps6_I1-2-2-4-4-8-25-100.cnf.xz', '/nfs/share/instances/gbd/cnf/f32bb347996c351bc3e9a91c58e8601d-DLTM_twitter774_83_17.cnf.xz', '/nfs/share/instances/gbd/cnf/f50eaf02a8041510b64104998cc81d2f-sted5_0x24204-50.cnf.xz', '/nfs/share/instances/gbd/cnf/fee70cede2b5b55bfbdb6e48fbe7ce4f-DLTM_twitter690_74_16.cnf.xz']
['../instances/train/03a43a7ea55217f53542ed3f029963af-satch2ways16w.cnf', '../instances/train/0876c518e5653369e20fb1ee0bb8db40-mp1-klieber2017s-0500-023-t12.cnf', '../instances/train/1009c791cee542cdf19651fe25e6881a-summle_X4053_steps8_I1-2-2-4-4-8-25-100.cnf', '../instances/train/1ce81dbba1292bf791e194b17aa2a219-satch2ways15u.cnf', '../instances/train/2d0c041c0fe72dc32527bfbf34f63e61-170223547.cnf', '../instances/train/3bf8ba6bb4e4ea9ad08b1b058661ba2e-summle_X4044_steps7_I1-2-2-4-4-8-25-100.cnf', '../instances/train/5690b9b0380aa9508699e56cae5918b5-170058440.cnf', '../instances/train/91e0db01b254eb78f6643328045bfeb9-sted5_0x1e3-20.cnf', '../instances/train/a38affaa741c958fc32769d5fe89b06c-frb65-12-2.used-as.sat04-874.cnf', '../instances/train/abe802007c9aed4eab2e758fb130174b-mp1-klieber2017s-1600-022-eq.cnf', '../instances/train/b3c587501567db72e6e66c6930cf15ed-StConn_7_128.sanitized.cnf', '../instances/train/b3f53d4c67b234d27e21f5e56bfd39e8-StConn_8_32.sanitized.cnf', '../instances/train/c2bfe541b7cff948fa3193e9ca0eddee-frb45-21-2.used-as.sat04-884.cnf', '../instances/train/e6cdc2687fa53506021f05b60ad0c6a2-GracefulGraph-K05-P02_c18.cnf', '../instances/train/f054205a7cef98e5021016f864c69816-summle_X11112_steps6_I1-2-2-4-4-8-25-100.cnf', '../instances/train/f32bb347996c351bc3e9a91c58e8601d-DLTM_twitter774_83_17.cnf', '../instances/train/f50eaf02a8041510b64104998cc81d2f-sted5_0x24204-50.cnf', '../instances/train/fee70cede2b5b55bfbdb6e48fbe7ce4f-DLTM_twitter690_74_16.cnf']
7: Timeout
7: Solved
7: Solved
7: Timeout
7: Solved
7: Solved
7: Solved
7: Timeout
7: Solved
7: Solved
7: Timeout
7: Solved
7: Solved
7: Solved
7: Solved
7: Solved
7: Solved
7: Solved
Getting instances
['/nfs/share/instances/gbd/cnf/03a43a7ea55217f53542ed3f029963af-satch2ways16w.cnf.xz', '/nfs/share/instances/gbd/cnf/0876c518e5653369e20fb1ee0bb8db40-mp1-klieber2017s-0500-023-t12.cnf.xz', '/nfs/share/instances/gbd/cnf/1009c791cee542cdf19651fe25e6881a-summle_X4053_steps8_I1-2-2-4-4-8-25-100.cnf.xz', '/nfs/share/instances/gbd/cnf/1ce81dbba1292bf791e194b17aa2a219-satch2ways15u.cnf.xz', '/nfs/share/instances/gbd/cnf/2d0c041c0fe72dc32527bfbf34f63e61-170223547.cnf.xz', '/nfs/share/instances/gbd/cnf/3bf8ba6bb4e4ea9ad08b1b058661ba2e-summle_X4044_steps7_I1-2-2-4-4-8-25-100.cnf.xz', '/nfs/share/instances/gbd/cnf/5690b9b0380aa9508699e56cae5918b5-170058440.cnf.xz', '/nfs/share/instances/gbd/cnf/91e0db01b254eb78f6643328045bfeb9-sted5_0x1e3-20.cnf.xz', '/nfs/share/instances/gbd/cnf/a38affaa741c958fc32769d5fe89b06c-frb65-12-2.used-as.sat04-874.cnf.xz', '/nfs/share/instances/gbd/cnf/abe802007c9aed4eab2e758fb130174b-mp1-klieber2017s-1600-022-eq.cnf.xz', '/nfs/share/instances/gbd/cnf/b3c587501567db72e6e66c6930cf15ed-StConn_7_128.sanitized.cnf.xz', '/nfs/share/instances/gbd/cnf/b3f53d4c67b234d27e21f5e56bfd39e8-StConn_8_32.sanitized.cnf.xz', '/nfs/share/instances/gbd/cnf/c2bfe541b7cff948fa3193e9ca0eddee-frb45-21-2.used-as.sat04-884.cnf.xz', '/nfs/share/instances/gbd/cnf/e6cdc2687fa53506021f05b60ad0c6a2-GracefulGraph-K05-P02_c18.cnf.xz', '/nfs/share/instances/gbd/cnf/f054205a7cef98e5021016f864c69816-summle_X11112_steps6_I1-2-2-4-4-8-25-100.cnf.xz', '/nfs/share/instances/gbd/cnf/f32bb347996c351bc3e9a91c58e8601d-DLTM_twitter774_83_17.cnf.xz', '/nfs/share/instances/gbd/cnf/f50eaf02a8041510b64104998cc81d2f-sted5_0x24204-50.cnf.xz', '/nfs/share/instances/gbd/cnf/fee70cede2b5b55bfbdb6e48fbe7ce4f-DLTM_twitter690_74_16.cnf.xz']
['../instances/train/03a43a7ea55217f53542ed3f029963af-satch2ways16w.cnf', '../instances/train/0876c518e5653369e20fb1ee0bb8db40-mp1-klieber2017s-0500-023-t12.cnf', '../instances/train/1009c791cee542cdf19651fe25e6881a-summle_X4053_steps8_I1-2-2-4-4-8-25-100.cnf', '../instances/train/1ce81dbba1292bf791e194b17aa2a219-satch2ways15u.cnf', '../instances/train/2d0c041c0fe72dc32527bfbf34f63e61-170223547.cnf', '../instances/train/3bf8ba6bb4e4ea9ad08b1b058661ba2e-summle_X4044_steps7_I1-2-2-4-4-8-25-100.cnf', '../instances/train/5690b9b0380aa9508699e56cae5918b5-170058440.cnf', '../instances/train/91e0db01b254eb78f6643328045bfeb9-sted5_0x1e3-20.cnf', '../instances/train/a38affaa741c958fc32769d5fe89b06c-frb65-12-2.used-as.sat04-874.cnf', '../instances/train/abe802007c9aed4eab2e758fb130174b-mp1-klieber2017s-1600-022-eq.cnf', '../instances/train/b3c587501567db72e6e66c6930cf15ed-StConn_7_128.sanitized.cnf', '../instances/train/b3f53d4c67b234d27e21f5e56bfd39e8-StConn_8_32.sanitized.cnf', '../instances/train/c2bfe541b7cff948fa3193e9ca0eddee-frb45-21-2.used-as.sat04-884.cnf', '../instances/train/e6cdc2687fa53506021f05b60ad0c6a2-GracefulGraph-K05-P02_c18.cnf', '../instances/train/f054205a7cef98e5021016f864c69816-summle_X11112_steps6_I1-2-2-4-4-8-25-100.cnf', '../instances/train/f32bb347996c351bc3e9a91c58e8601d-DLTM_twitter774_83_17.cnf', '../instances/train/f50eaf02a8041510b64104998cc81d2f-sted5_0x24204-50.cnf', '../instances/train/fee70cede2b5b55bfbdb6e48fbe7ce4f-DLTM_twitter690_74_16.cnf']
7: Timeout
7: Solved
7: Solved
7: Timeout
7: Solved
7: Solved
7: Solved
7: Timeout
7: Solved
7: Solved
7: Timeout
7: Solved
7: Solved
7: Solved
7: Solved
7: Solved
7: Solved
7: Solved
Getting instances
['/nfs/share/instances/gbd/cnf/03a43a7ea55217f53542ed3f029963af-satch2ways16w.cnf.xz', '/nfs/share/instances/gbd/cnf/0876c518e5653369e20fb1ee0bb8db40-mp1-klieber2017s-0500-023-t12.cnf.xz', '/nfs/share/instances/gbd/cnf/1009c791cee542cdf19651fe25e6881a-summle_X4053_steps8_I1-2-2-4-4-8-25-100.cnf.xz', '/nfs/share/instances/gbd/cnf/1ce81dbba1292bf791e194b17aa2a219-satch2ways15u.cnf.xz', '/nfs/share/instances/gbd/cnf/2d0c041c0fe72dc32527bfbf34f63e61-170223547.cnf.xz', '/nfs/share/instances/gbd/cnf/3bf8ba6bb4e4ea9ad08b1b058661ba2e-summle_X4044_steps7_I1-2-2-4-4-8-25-100.cnf.xz', '/nfs/share/instances/gbd/cnf/5690b9b0380aa9508699e56cae5918b5-170058440.cnf.xz', '/nfs/share/instances/gbd/cnf/91e0db01b254eb78f6643328045bfeb9-sted5_0x1e3-20.cnf.xz', '/nfs/share/instances/gbd/cnf/a38affaa741c958fc32769d5fe89b06c-frb65-12-2.used-as.sat04-874.cnf.xz', '/nfs/share/instances/gbd/cnf/abe802007c9aed4eab2e758fb130174b-mp1-klieber2017s-1600-022-eq.cnf.xz', '/nfs/share/instances/gbd/cnf/b3c587501567db72e6e66c6930cf15ed-StConn_7_128.sanitized.cnf.xz', '/nfs/share/instances/gbd/cnf/b3f53d4c67b234d27e21f5e56bfd39e8-StConn_8_32.sanitized.cnf.xz', '/nfs/share/instances/gbd/cnf/c2bfe541b7cff948fa3193e9ca0eddee-frb45-21-2.used-as.sat04-884.cnf.xz', '/nfs/share/instances/gbd/cnf/e6cdc2687fa53506021f05b60ad0c6a2-GracefulGraph-K05-P02_c18.cnf.xz', '/nfs/share/instances/gbd/cnf/f054205a7cef98e5021016f864c69816-summle_X11112_steps6_I1-2-2-4-4-8-25-100.cnf.xz', '/nfs/share/instances/gbd/cnf/f32bb347996c351bc3e9a91c58e8601d-DLTM_twitter774_83_17.cnf.xz', '/nfs/share/instances/gbd/cnf/f50eaf02a8041510b64104998cc81d2f-sted5_0x24204-50.cnf.xz', '/nfs/share/instances/gbd/cnf/fee70cede2b5b55bfbdb6e48fbe7ce4f-DLTM_twitter690_74_16.cnf.xz']
['../instances/train/03a43a7ea55217f53542ed3f029963af-satch2ways16w.cnf', '../instances/train/0876c518e5653369e20fb1ee0bb8db40-mp1-klieber2017s-0500-023-t12.cnf', '../instances/train/1009c791cee542cdf19651fe25e6881a-summle_X4053_steps8_I1-2-2-4-4-8-25-100.cnf', '../instances/train/1ce81dbba1292bf791e194b17aa2a219-satch2ways15u.cnf', '../instances/train/2d0c041c0fe72dc32527bfbf34f63e61-170223547.cnf', '../instances/train/3bf8ba6bb4e4ea9ad08b1b058661ba2e-summle_X4044_steps7_I1-2-2-4-4-8-25-100.cnf', '../instances/train/5690b9b0380aa9508699e56cae5918b5-170058440.cnf', '../instances/train/91e0db01b254eb78f6643328045bfeb9-sted5_0x1e3-20.cnf', '../instances/train/a38affaa741c958fc32769d5fe89b06c-frb65-12-2.used-as.sat04-874.cnf', '../instances/train/abe802007c9aed4eab2e758fb130174b-mp1-klieber2017s-1600-022-eq.cnf', '../instances/train/b3c587501567db72e6e66c6930cf15ed-StConn_7_128.sanitized.cnf', '../instances/train/b3f53d4c67b234d27e21f5e56bfd39e8-StConn_8_32.sanitized.cnf', '../instances/train/c2bfe541b7cff948fa3193e9ca0eddee-frb45-21-2.used-as.sat04-884.cnf', '../instances/train/e6cdc2687fa53506021f05b60ad0c6a2-GracefulGraph-K05-P02_c18.cnf', '../instances/train/f054205a7cef98e5021016f864c69816-summle_X11112_steps6_I1-2-2-4-4-8-25-100.cnf', '../instances/train/f32bb347996c351bc3e9a91c58e8601d-DLTM_twitter774_83_17.cnf', '../instances/train/f50eaf02a8041510b64104998cc81d2f-sted5_0x24204-50.cnf', '../instances/train/fee70cede2b5b55bfbdb6e48fbe7ce4f-DLTM_twitter690_74_16.cnf']
7: Timeout
7: Solved
7: Solved
7: Timeout
7: Solved
7: Solved
7: Solved
7: Timeout
7: Solved
7: Solved
7: Timeout
7: Solved
7: Solved
7: Solved
7: Solved
7: Solved
7: Solved
7: Timeout
[INFO][smbo.py:328] Configuration budget is exhausted:
[INFO][smbo.py:329] --- Remaining wallclock time: inf
[INFO][smbo.py:330] --- Remaining cpu time: inf
[INFO][smbo.py:331] --- Remaining trials: 0
Configuration(values={
  'backbone': 2,
  'congruenceands': 'true',
  'congruencexors': 'false',
  'phase': 'false',
  'probeint': 276,
  'restartint': 5973,
  'sweepclauses': 537228092,
  'target': 1,
  'vivifyirr': 9,
  'congruenceandarity': 876,
})
