Setting up config
Starting smac
[INFO][abstract_initial_design.py:95] Reducing the number of initial configurations from 110 to 2 (max_ratio == 0.25).
[INFO][abstract_initial_design.py:147] Using 2 initial design configurations and 0 additional configurations.
[INFO][abstract_intensifier.py:306] Using only one seed for deterministic scenario.
Getting instances
['/nfs/share/instances/gbd/cnf/0c9da400944b002f90fd385d4fdab385-DivS_568_11.cnf.sanitized.cnf.xz', '/nfs/share/instances/gbd/cnf/26114429758a203d651f4df87c94de4c-sgen1-unsat-97-100.cnf.mis-72.debugged.cnf.xz', '/nfs/share/instances/gbd/cnf/2b60f9be1439f63b7f174c6b8ca7fedf-sgen1-unsat-121-100.cnf.xz', '/nfs/share/instances/gbd/cnf/2e808d215e4155379a847b146ef38b34-goldcrest-and-16.cnf.xz', '/nfs/share/instances/gbd/cnf/328da7966b09b2f6e99c93c4e877fbff-sgen3-n260-s62321009-sat.cnf.xz', '/nfs/share/instances/gbd/cnf/41f4cb4992a481c9d43e2e1a4e2349ac-sgen1-sat-180-100.cnf.xz', '/nfs/share/instances/gbd/cnf/4282ea42fd414bfd2c4bf81fe8a43e24-DivU_1520_10.cnf.sanitized.cnf.xz', '/nfs/share/instances/gbd/cnf/48539e7e4baae6db72cda7e8a9cecfa0-oisc-subrv-sll-nested-15.cnf.xz', '/nfs/share/instances/gbd/cnf/5411047bc24f4321f0e490e01e4a0910-goldcrest-and-9.cnf.xz', '/nfs/share/instances/gbd/cnf/63732c330adb8de8dd47ce1693b86d0e-FmlaEquivChain_4_8_8.sanitized.cnf.xz', '/nfs/share/instances/gbd/cnf/6543793076c30fc7cdfa5a3c819cedc7-oisc-subrv-sll-nested-11.cnf.xz', '/nfs/share/instances/gbd/cnf/74931e82fd208ed949fa44bccd80df6b-DivS_862_11.cnf.sanitized.cnf.xz', '/nfs/share/instances/gbd/cnf/8d2dfc50c1759dc11a6564d5c368c6df-FmlaImplyChain_3_7_8.sanitized.cnf.xz', '/nfs/share/instances/gbd/cnf/9cd3acdb765c15163bc239ae3a57f880-FmlaEquivChain_4_6_6.sanitized.cnf.xz', '/nfs/share/instances/gbd/cnf/accf33a84bdf211bebbd2111fb7f6b91-DivS_942_11.cnf.sanitized.cnf.xz', '/nfs/share/instances/gbd/cnf/c7bf3517f47d583ae567de3db3708969-oisc-subrv-and-nested-14.cnf.xz', '/nfs/share/instances/gbd/cnf/da43a3ef0ef5d34143e765d480dedc7a-DivU_624_11.cnf.sanitized.cnf.xz', '/nfs/share/instances/gbd/cnf/ee57608ea4b74f25aebca809d59711c9-oisc-subrv-sll-nested-13.cnf.xz', '/nfs/share/instances/gbd/cnf/f18c7c7b8666458fd04ea7a253ae1e20-FmlaImplyChain_3_7_7.sanitized.cnf.xz']
['../instances/train/0c9da400944b002f90fd385d4fdab385-DivS_568_11.cnf.sanitized.cnf', '../instances/train/26114429758a203d651f4df87c94de4c-sgen1-unsat-97-100.cnf.mis-72.debugged.cnf', '../instances/train/2b60f9be1439f63b7f174c6b8ca7fedf-sgen1-unsat-121-100.cnf', '../instances/train/2e808d215e4155379a847b146ef38b34-goldcrest-and-16.cnf', '../instances/train/328da7966b09b2f6e99c93c4e877fbff-sgen3-n260-s62321009-sat.cnf', '../instances/train/41f4cb4992a481c9d43e2e1a4e2349ac-sgen1-sat-180-100.cnf', '../instances/train/4282ea42fd414bfd2c4bf81fe8a43e24-DivU_1520_10.cnf.sanitized.cnf', '../instances/train/48539e7e4baae6db72cda7e8a9cecfa0-oisc-subrv-sll-nested-15.cnf', '../instances/train/5411047bc24f4321f0e490e01e4a0910-goldcrest-and-9.cnf', '../instances/train/63732c330adb8de8dd47ce1693b86d0e-FmlaEquivChain_4_8_8.sanitized.cnf', '../instances/train/6543793076c30fc7cdfa5a3c819cedc7-oisc-subrv-sll-nested-11.cnf', '../instances/train/74931e82fd208ed949fa44bccd80df6b-DivS_862_11.cnf.sanitized.cnf', '../instances/train/8d2dfc50c1759dc11a6564d5c368c6df-FmlaImplyChain_3_7_8.sanitized.cnf', '../instances/train/9cd3acdb765c15163bc239ae3a57f880-FmlaEquivChain_4_6_6.sanitized.cnf', '../instances/train/accf33a84bdf211bebbd2111fb7f6b91-DivS_942_11.cnf.sanitized.cnf', '../instances/train/c7bf3517f47d583ae567de3db3708969-oisc-subrv-and-nested-14.cnf', '../instances/train/da43a3ef0ef5d34143e765d480dedc7a-DivU_624_11.cnf.sanitized.cnf', '../instances/train/ee57608ea4b74f25aebca809d59711c9-oisc-subrv-sll-nested-13.cnf', '../instances/train/f18c7c7b8666458fd04ea7a253ae1e20-FmlaImplyChain_3_7_7.sanitized.cnf']
17: Solved
17: Solved
17: Timeout
17: Timeout
17: Timeout
17: Timeout
17: Solved
17: Timeout
17: Solved
17: Timeout
17: Solved
17: Solved
17: Timeout
17: Solved
17: Solved
17: Timeout
17: Solved
17: Timeout
17: Solved
[INFO][abstract_intensifier.py:516] Added config 3112da as new incumbent because there are no incumbents yet.
Getting instances
['/nfs/share/instances/gbd/cnf/0c9da400944b002f90fd385d4fdab385-DivS_568_11.cnf.sanitized.cnf.xz', '/nfs/share/instances/gbd/cnf/26114429758a203d651f4df87c94de4c-sgen1-unsat-97-100.cnf.mis-72.debugged.cnf.xz', '/nfs/share/instances/gbd/cnf/2b60f9be1439f63b7f174c6b8ca7fedf-sgen1-unsat-121-100.cnf.xz', '/nfs/share/instances/gbd/cnf/2e808d215e4155379a847b146ef38b34-goldcrest-and-16.cnf.xz', '/nfs/share/instances/gbd/cnf/328da7966b09b2f6e99c93c4e877fbff-sgen3-n260-s62321009-sat.cnf.xz', '/nfs/share/instances/gbd/cnf/41f4cb4992a481c9d43e2e1a4e2349ac-sgen1-sat-180-100.cnf.xz', '/nfs/share/instances/gbd/cnf/4282ea42fd414bfd2c4bf81fe8a43e24-DivU_1520_10.cnf.sanitized.cnf.xz', '/nfs/share/instances/gbd/cnf/48539e7e4baae6db72cda7e8a9cecfa0-oisc-subrv-sll-nested-15.cnf.xz', '/nfs/share/instances/gbd/cnf/5411047bc24f4321f0e490e01e4a0910-goldcrest-and-9.cnf.xz', '/nfs/share/instances/gbd/cnf/63732c330adb8de8dd47ce1693b86d0e-FmlaEquivChain_4_8_8.sanitized.cnf.xz', '/nfs/share/instances/gbd/cnf/6543793076c30fc7cdfa5a3c819cedc7-oisc-subrv-sll-nested-11.cnf.xz', '/nfs/share/instances/gbd/cnf/74931e82fd208ed949fa44bccd80df6b-DivS_862_11.cnf.sanitized.cnf.xz', '/nfs/share/instances/gbd/cnf/8d2dfc50c1759dc11a6564d5c368c6df-FmlaImplyChain_3_7_8.sanitized.cnf.xz', '/nfs/share/instances/gbd/cnf/9cd3acdb765c15163bc239ae3a57f880-FmlaEquivChain_4_6_6.sanitized.cnf.xz', '/nfs/share/instances/gbd/cnf/accf33a84bdf211bebbd2111fb7f6b91-DivS_942_11.cnf.sanitized.cnf.xz', '/nfs/share/instances/gbd/cnf/c7bf3517f47d583ae567de3db3708969-oisc-subrv-and-nested-14.cnf.xz', '/nfs/share/instances/gbd/cnf/da43a3ef0ef5d34143e765d480dedc7a-DivU_624_11.cnf.sanitized.cnf.xz', '/nfs/share/instances/gbd/cnf/ee57608ea4b74f25aebca809d59711c9-oisc-subrv-sll-nested-13.cnf.xz', '/nfs/share/instances/gbd/cnf/f18c7c7b8666458fd04ea7a253ae1e20-FmlaImplyChain_3_7_7.sanitized.cnf.xz']
['../instances/train/0c9da400944b002f90fd385d4fdab385-DivS_568_11.cnf.sanitized.cnf', '../instances/train/26114429758a203d651f4df87c94de4c-sgen1-unsat-97-100.cnf.mis-72.debugged.cnf', '../instances/train/2b60f9be1439f63b7f174c6b8ca7fedf-sgen1-unsat-121-100.cnf', '../instances/train/2e808d215e4155379a847b146ef38b34-goldcrest-and-16.cnf', '../instances/train/328da7966b09b2f6e99c93c4e877fbff-sgen3-n260-s62321009-sat.cnf', '../instances/train/41f4cb4992a481c9d43e2e1a4e2349ac-sgen1-sat-180-100.cnf', '../instances/train/4282ea42fd414bfd2c4bf81fe8a43e24-DivU_1520_10.cnf.sanitized.cnf', '../instances/train/48539e7e4baae6db72cda7e8a9cecfa0-oisc-subrv-sll-nested-15.cnf', '../instances/train/5411047bc24f4321f0e490e01e4a0910-goldcrest-and-9.cnf', '../instances/train/63732c330adb8de8dd47ce1693b86d0e-FmlaEquivChain_4_8_8.sanitized.cnf', '../instances/train/6543793076c30fc7cdfa5a3c819cedc7-oisc-subrv-sll-nested-11.cnf', '../instances/train/74931e82fd208ed949fa44bccd80df6b-DivS_862_11.cnf.sanitized.cnf', '../instances/train/8d2dfc50c1759dc11a6564d5c368c6df-FmlaImplyChain_3_7_8.sanitized.cnf', '../instances/train/9cd3acdb765c15163bc239ae3a57f880-FmlaEquivChain_4_6_6.sanitized.cnf', '../instances/train/accf33a84bdf211bebbd2111fb7f6b91-DivS_942_11.cnf.sanitized.cnf', '../instances/train/c7bf3517f47d583ae567de3db3708969-oisc-subrv-and-nested-14.cnf', '../instances/train/da43a3ef0ef5d34143e765d480dedc7a-DivU_624_11.cnf.sanitized.cnf', '../instances/train/ee57608ea4b74f25aebca809d59711c9-oisc-subrv-sll-nested-13.cnf', '../instances/train/f18c7c7b8666458fd04ea7a253ae1e20-FmlaImplyChain_3_7_7.sanitized.cnf']
17: Solved
17: Solved
17: Timeout
17: Timeout
17: Timeout
17: Timeout
17: Solved
17: Timeout
17: Solved
17: Timeout
17: Solved
17: Solved
17: Timeout
17: Solved
17: Solved
17: Timeout
17: Solved
17: Timeout
17: Solved
[INFO][abstract_intensifier.py:595] Added config 7568d0 and rejected config 3112da as incumbent because it is not better than the incumbents on 1 instances:
Getting instances
['/nfs/share/instances/gbd/cnf/0c9da400944b002f90fd385d4fdab385-DivS_568_11.cnf.sanitized.cnf.xz', '/nfs/share/instances/gbd/cnf/26114429758a203d651f4df87c94de4c-sgen1-unsat-97-100.cnf.mis-72.debugged.cnf.xz', '/nfs/share/instances/gbd/cnf/2b60f9be1439f63b7f174c6b8ca7fedf-sgen1-unsat-121-100.cnf.xz', '/nfs/share/instances/gbd/cnf/2e808d215e4155379a847b146ef38b34-goldcrest-and-16.cnf.xz', '/nfs/share/instances/gbd/cnf/328da7966b09b2f6e99c93c4e877fbff-sgen3-n260-s62321009-sat.cnf.xz', '/nfs/share/instances/gbd/cnf/41f4cb4992a481c9d43e2e1a4e2349ac-sgen1-sat-180-100.cnf.xz', '/nfs/share/instances/gbd/cnf/4282ea42fd414bfd2c4bf81fe8a43e24-DivU_1520_10.cnf.sanitized.cnf.xz', '/nfs/share/instances/gbd/cnf/48539e7e4baae6db72cda7e8a9cecfa0-oisc-subrv-sll-nested-15.cnf.xz', '/nfs/share/instances/gbd/cnf/5411047bc24f4321f0e490e01e4a0910-goldcrest-and-9.cnf.xz', '/nfs/share/instances/gbd/cnf/63732c330adb8de8dd47ce1693b86d0e-FmlaEquivChain_4_8_8.sanitized.cnf.xz', '/nfs/share/instances/gbd/cnf/6543793076c30fc7cdfa5a3c819cedc7-oisc-subrv-sll-nested-11.cnf.xz', '/nfs/share/instances/gbd/cnf/74931e82fd208ed949fa44bccd80df6b-DivS_862_11.cnf.sanitized.cnf.xz', '/nfs/share/instances/gbd/cnf/8d2dfc50c1759dc11a6564d5c368c6df-FmlaImplyChain_3_7_8.sanitized.cnf.xz', '/nfs/share/instances/gbd/cnf/9cd3acdb765c15163bc239ae3a57f880-FmlaEquivChain_4_6_6.sanitized.cnf.xz', '/nfs/share/instances/gbd/cnf/accf33a84bdf211bebbd2111fb7f6b91-DivS_942_11.cnf.sanitized.cnf.xz', '/nfs/share/instances/gbd/cnf/c7bf3517f47d583ae567de3db3708969-oisc-subrv-and-nested-14.cnf.xz', '/nfs/share/instances/gbd/cnf/da43a3ef0ef5d34143e765d480dedc7a-DivU_624_11.cnf.sanitized.cnf.xz', '/nfs/share/instances/gbd/cnf/ee57608ea4b74f25aebca809d59711c9-oisc-subrv-sll-nested-13.cnf.xz', '/nfs/share/instances/gbd/cnf/f18c7c7b8666458fd04ea7a253ae1e20-FmlaImplyChain_3_7_7.sanitized.cnf.xz']
['../instances/train/0c9da400944b002f90fd385d4fdab385-DivS_568_11.cnf.sanitized.cnf', '../instances/train/26114429758a203d651f4df87c94de4c-sgen1-unsat-97-100.cnf.mis-72.debugged.cnf', '../instances/train/2b60f9be1439f63b7f174c6b8ca7fedf-sgen1-unsat-121-100.cnf', '../instances/train/2e808d215e4155379a847b146ef38b34-goldcrest-and-16.cnf', '../instances/train/328da7966b09b2f6e99c93c4e877fbff-sgen3-n260-s62321009-sat.cnf', '../instances/train/41f4cb4992a481c9d43e2e1a4e2349ac-sgen1-sat-180-100.cnf', '../instances/train/4282ea42fd414bfd2c4bf81fe8a43e24-DivU_1520_10.cnf.sanitized.cnf', '../instances/train/48539e7e4baae6db72cda7e8a9cecfa0-oisc-subrv-sll-nested-15.cnf', '../instances/train/5411047bc24f4321f0e490e01e4a0910-goldcrest-and-9.cnf', '../instances/train/63732c330adb8de8dd47ce1693b86d0e-FmlaEquivChain_4_8_8.sanitized.cnf', '../instances/train/6543793076c30fc7cdfa5a3c819cedc7-oisc-subrv-sll-nested-11.cnf', '../instances/train/74931e82fd208ed949fa44bccd80df6b-DivS_862_11.cnf.sanitized.cnf', '../instances/train/8d2dfc50c1759dc11a6564d5c368c6df-FmlaImplyChain_3_7_8.sanitized.cnf', '../instances/train/9cd3acdb765c15163bc239ae3a57f880-FmlaEquivChain_4_6_6.sanitized.cnf', '../instances/train/accf33a84bdf211bebbd2111fb7f6b91-DivS_942_11.cnf.sanitized.cnf', '../instances/train/c7bf3517f47d583ae567de3db3708969-oisc-subrv-and-nested-14.cnf', '../instances/train/da43a3ef0ef5d34143e765d480dedc7a-DivU_624_11.cnf.sanitized.cnf', '../instances/train/ee57608ea4b74f25aebca809d59711c9-oisc-subrv-sll-nested-13.cnf', '../instances/train/f18c7c7b8666458fd04ea7a253ae1e20-FmlaImplyChain_3_7_7.sanitized.cnf']
17: Solved
17: Solved
17: Timeout
17: Timeout
17: Timeout
17: Timeout
17: Solved
17: Timeout
17: Solved
17: Timeout
17: Solved
17: Solved
17: Timeout
17: Solved
17: Solved
17: Timeout
17: Solved
17: Timeout
17: Solved
Getting instances
['/nfs/share/instances/gbd/cnf/0c9da400944b002f90fd385d4fdab385-DivS_568_11.cnf.sanitized.cnf.xz', '/nfs/share/instances/gbd/cnf/26114429758a203d651f4df87c94de4c-sgen1-unsat-97-100.cnf.mis-72.debugged.cnf.xz', '/nfs/share/instances/gbd/cnf/2b60f9be1439f63b7f174c6b8ca7fedf-sgen1-unsat-121-100.cnf.xz', '/nfs/share/instances/gbd/cnf/2e808d215e4155379a847b146ef38b34-goldcrest-and-16.cnf.xz', '/nfs/share/instances/gbd/cnf/328da7966b09b2f6e99c93c4e877fbff-sgen3-n260-s62321009-sat.cnf.xz', '/nfs/share/instances/gbd/cnf/41f4cb4992a481c9d43e2e1a4e2349ac-sgen1-sat-180-100.cnf.xz', '/nfs/share/instances/gbd/cnf/4282ea42fd414bfd2c4bf81fe8a43e24-DivU_1520_10.cnf.sanitized.cnf.xz', '/nfs/share/instances/gbd/cnf/48539e7e4baae6db72cda7e8a9cecfa0-oisc-subrv-sll-nested-15.cnf.xz', '/nfs/share/instances/gbd/cnf/5411047bc24f4321f0e490e01e4a0910-goldcrest-and-9.cnf.xz', '/nfs/share/instances/gbd/cnf/63732c330adb8de8dd47ce1693b86d0e-FmlaEquivChain_4_8_8.sanitized.cnf.xz', '/nfs/share/instances/gbd/cnf/6543793076c30fc7cdfa5a3c819cedc7-oisc-subrv-sll-nested-11.cnf.xz', '/nfs/share/instances/gbd/cnf/74931e82fd208ed949fa44bccd80df6b-DivS_862_11.cnf.sanitized.cnf.xz', '/nfs/share/instances/gbd/cnf/8d2dfc50c1759dc11a6564d5c368c6df-FmlaImplyChain_3_7_8.sanitized.cnf.xz', '/nfs/share/instances/gbd/cnf/9cd3acdb765c15163bc239ae3a57f880-FmlaEquivChain_4_6_6.sanitized.cnf.xz', '/nfs/share/instances/gbd/cnf/accf33a84bdf211bebbd2111fb7f6b91-DivS_942_11.cnf.sanitized.cnf.xz', '/nfs/share/instances/gbd/cnf/c7bf3517f47d583ae567de3db3708969-oisc-subrv-and-nested-14.cnf.xz', '/nfs/share/instances/gbd/cnf/da43a3ef0ef5d34143e765d480dedc7a-DivU_624_11.cnf.sanitized.cnf.xz', '/nfs/share/instances/gbd/cnf/ee57608ea4b74f25aebca809d59711c9-oisc-subrv-sll-nested-13.cnf.xz', '/nfs/share/instances/gbd/cnf/f18c7c7b8666458fd04ea7a253ae1e20-FmlaImplyChain_3_7_7.sanitized.cnf.xz']
['../instances/train/0c9da400944b002f90fd385d4fdab385-DivS_568_11.cnf.sanitized.cnf', '../instances/train/26114429758a203d651f4df87c94de4c-sgen1-unsat-97-100.cnf.mis-72.debugged.cnf', '../instances/train/2b60f9be1439f63b7f174c6b8ca7fedf-sgen1-unsat-121-100.cnf', '../instances/train/2e808d215e4155379a847b146ef38b34-goldcrest-and-16.cnf', '../instances/train/328da7966b09b2f6e99c93c4e877fbff-sgen3-n260-s62321009-sat.cnf', '../instances/train/41f4cb4992a481c9d43e2e1a4e2349ac-sgen1-sat-180-100.cnf', '../instances/train/4282ea42fd414bfd2c4bf81fe8a43e24-DivU_1520_10.cnf.sanitized.cnf', '../instances/train/48539e7e4baae6db72cda7e8a9cecfa0-oisc-subrv-sll-nested-15.cnf', '../instances/train/5411047bc24f4321f0e490e01e4a0910-goldcrest-and-9.cnf', '../instances/train/63732c330adb8de8dd47ce1693b86d0e-FmlaEquivChain_4_8_8.sanitized.cnf', '../instances/train/6543793076c30fc7cdfa5a3c819cedc7-oisc-subrv-sll-nested-11.cnf', '../instances/train/74931e82fd208ed949fa44bccd80df6b-DivS_862_11.cnf.sanitized.cnf', '../instances/train/8d2dfc50c1759dc11a6564d5c368c6df-FmlaImplyChain_3_7_8.sanitized.cnf', '../instances/train/9cd3acdb765c15163bc239ae3a57f880-FmlaEquivChain_4_6_6.sanitized.cnf', '../instances/train/accf33a84bdf211bebbd2111fb7f6b91-DivS_942_11.cnf.sanitized.cnf', '../instances/train/c7bf3517f47d583ae567de3db3708969-oisc-subrv-and-nested-14.cnf', '../instances/train/da43a3ef0ef5d34143e765d480dedc7a-DivU_624_11.cnf.sanitized.cnf', '../instances/train/ee57608ea4b74f25aebca809d59711c9-oisc-subrv-sll-nested-13.cnf', '../instances/train/f18c7c7b8666458fd04ea7a253ae1e20-FmlaImplyChain_3_7_7.sanitized.cnf']
17: Solved
17: Solved
17: Timeout
17: Timeout
17: Timeout
17: Solved
17: Solved
17: Timeout
17: Solved
17: Timeout
17: Solved
17: Solved
17: Timeout
17: Solved
17: Solved
17: Timeout
17: Solved
17: Solved
17: Solved
[INFO][abstract_intensifier.py:595] Added config 2b3f63 and rejected config 7568d0 as incumbent because it is not better than the incumbents on 1 instances:
Getting instances
['/nfs/share/instances/gbd/cnf/0c9da400944b002f90fd385d4fdab385-DivS_568_11.cnf.sanitized.cnf.xz', '/nfs/share/instances/gbd/cnf/26114429758a203d651f4df87c94de4c-sgen1-unsat-97-100.cnf.mis-72.debugged.cnf.xz', '/nfs/share/instances/gbd/cnf/2b60f9be1439f63b7f174c6b8ca7fedf-sgen1-unsat-121-100.cnf.xz', '/nfs/share/instances/gbd/cnf/2e808d215e4155379a847b146ef38b34-goldcrest-and-16.cnf.xz', '/nfs/share/instances/gbd/cnf/328da7966b09b2f6e99c93c4e877fbff-sgen3-n260-s62321009-sat.cnf.xz', '/nfs/share/instances/gbd/cnf/41f4cb4992a481c9d43e2e1a4e2349ac-sgen1-sat-180-100.cnf.xz', '/nfs/share/instances/gbd/cnf/4282ea42fd414bfd2c4bf81fe8a43e24-DivU_1520_10.cnf.sanitized.cnf.xz', '/nfs/share/instances/gbd/cnf/48539e7e4baae6db72cda7e8a9cecfa0-oisc-subrv-sll-nested-15.cnf.xz', '/nfs/share/instances/gbd/cnf/5411047bc24f4321f0e490e01e4a0910-goldcrest-and-9.cnf.xz', '/nfs/share/instances/gbd/cnf/63732c330adb8de8dd47ce1693b86d0e-FmlaEquivChain_4_8_8.sanitized.cnf.xz', '/nfs/share/instances/gbd/cnf/6543793076c30fc7cdfa5a3c819cedc7-oisc-subrv-sll-nested-11.cnf.xz', '/nfs/share/instances/gbd/cnf/74931e82fd208ed949fa44bccd80df6b-DivS_862_11.cnf.sanitized.cnf.xz', '/nfs/share/instances/gbd/cnf/8d2dfc50c1759dc11a6564d5c368c6df-FmlaImplyChain_3_7_8.sanitized.cnf.xz', '/nfs/share/instances/gbd/cnf/9cd3acdb765c15163bc239ae3a57f880-FmlaEquivChain_4_6_6.sanitized.cnf.xz', '/nfs/share/instances/gbd/cnf/accf33a84bdf211bebbd2111fb7f6b91-DivS_942_11.cnf.sanitized.cnf.xz', '/nfs/share/instances/gbd/cnf/c7bf3517f47d583ae567de3db3708969-oisc-subrv-and-nested-14.cnf.xz', '/nfs/share/instances/gbd/cnf/da43a3ef0ef5d34143e765d480dedc7a-DivU_624_11.cnf.sanitized.cnf.xz', '/nfs/share/instances/gbd/cnf/ee57608ea4b74f25aebca809d59711c9-oisc-subrv-sll-nested-13.cnf.xz', '/nfs/share/instances/gbd/cnf/f18c7c7b8666458fd04ea7a253ae1e20-FmlaImplyChain_3_7_7.sanitized.cnf.xz']
['../instances/train/0c9da400944b002f90fd385d4fdab385-DivS_568_11.cnf.sanitized.cnf', '../instances/train/26114429758a203d651f4df87c94de4c-sgen1-unsat-97-100.cnf.mis-72.debugged.cnf', '../instances/train/2b60f9be1439f63b7f174c6b8ca7fedf-sgen1-unsat-121-100.cnf', '../instances/train/2e808d215e4155379a847b146ef38b34-goldcrest-and-16.cnf', '../instances/train/328da7966b09b2f6e99c93c4e877fbff-sgen3-n260-s62321009-sat.cnf', '../instances/train/41f4cb4992a481c9d43e2e1a4e2349ac-sgen1-sat-180-100.cnf', '../instances/train/4282ea42fd414bfd2c4bf81fe8a43e24-DivU_1520_10.cnf.sanitized.cnf', '../instances/train/48539e7e4baae6db72cda7e8a9cecfa0-oisc-subrv-sll-nested-15.cnf', '../instances/train/5411047bc24f4321f0e490e01e4a0910-goldcrest-and-9.cnf', '../instances/train/63732c330adb8de8dd47ce1693b86d0e-FmlaEquivChain_4_8_8.sanitized.cnf', '../instances/train/6543793076c30fc7cdfa5a3c819cedc7-oisc-subrv-sll-nested-11.cnf', '../instances/train/74931e82fd208ed949fa44bccd80df6b-DivS_862_11.cnf.sanitized.cnf', '../instances/train/8d2dfc50c1759dc11a6564d5c368c6df-FmlaImplyChain_3_7_8.sanitized.cnf', '../instances/train/9cd3acdb765c15163bc239ae3a57f880-FmlaEquivChain_4_6_6.sanitized.cnf', '../instances/train/accf33a84bdf211bebbd2111fb7f6b91-DivS_942_11.cnf.sanitized.cnf', '../instances/train/c7bf3517f47d583ae567de3db3708969-oisc-subrv-and-nested-14.cnf', '../instances/train/da43a3ef0ef5d34143e765d480dedc7a-DivU_624_11.cnf.sanitized.cnf', '../instances/train/ee57608ea4b74f25aebca809d59711c9-oisc-subrv-sll-nested-13.cnf', '../instances/train/f18c7c7b8666458fd04ea7a253ae1e20-FmlaImplyChain_3_7_7.sanitized.cnf']
17: Solved
17: Solved
17: Timeout
17: Timeout
17: Timeout
17: Solved
17: Solved
17: Timeout
17: Solved
17: Timeout
17: Timeout
17: Solved
17: Timeout
17: Solved
17: Solved
17: Timeout
17: Solved
17: Timeout
17: Solved
Getting instances
['/nfs/share/instances/gbd/cnf/0c9da400944b002f90fd385d4fdab385-DivS_568_11.cnf.sanitized.cnf.xz', '/nfs/share/instances/gbd/cnf/26114429758a203d651f4df87c94de4c-sgen1-unsat-97-100.cnf.mis-72.debugged.cnf.xz', '/nfs/share/instances/gbd/cnf/2b60f9be1439f63b7f174c6b8ca7fedf-sgen1-unsat-121-100.cnf.xz', '/nfs/share/instances/gbd/cnf/2e808d215e4155379a847b146ef38b34-goldcrest-and-16.cnf.xz', '/nfs/share/instances/gbd/cnf/328da7966b09b2f6e99c93c4e877fbff-sgen3-n260-s62321009-sat.cnf.xz', '/nfs/share/instances/gbd/cnf/41f4cb4992a481c9d43e2e1a4e2349ac-sgen1-sat-180-100.cnf.xz', '/nfs/share/instances/gbd/cnf/4282ea42fd414bfd2c4bf81fe8a43e24-DivU_1520_10.cnf.sanitized.cnf.xz', '/nfs/share/instances/gbd/cnf/48539e7e4baae6db72cda7e8a9cecfa0-oisc-subrv-sll-nested-15.cnf.xz', '/nfs/share/instances/gbd/cnf/5411047bc24f4321f0e490e01e4a0910-goldcrest-and-9.cnf.xz', '/nfs/share/instances/gbd/cnf/63732c330adb8de8dd47ce1693b86d0e-FmlaEquivChain_4_8_8.sanitized.cnf.xz', '/nfs/share/instances/gbd/cnf/6543793076c30fc7cdfa5a3c819cedc7-oisc-subrv-sll-nested-11.cnf.xz', '/nfs/share/instances/gbd/cnf/74931e82fd208ed949fa44bccd80df6b-DivS_862_11.cnf.sanitized.cnf.xz', '/nfs/share/instances/gbd/cnf/8d2dfc50c1759dc11a6564d5c368c6df-FmlaImplyChain_3_7_8.sanitized.cnf.xz', '/nfs/share/instances/gbd/cnf/9cd3acdb765c15163bc239ae3a57f880-FmlaEquivChain_4_6_6.sanitized.cnf.xz', '/nfs/share/instances/gbd/cnf/accf33a84bdf211bebbd2111fb7f6b91-DivS_942_11.cnf.sanitized.cnf.xz', '/nfs/share/instances/gbd/cnf/c7bf3517f47d583ae567de3db3708969-oisc-subrv-and-nested-14.cnf.xz', '/nfs/share/instances/gbd/cnf/da43a3ef0ef5d34143e765d480dedc7a-DivU_624_11.cnf.sanitized.cnf.xz', '/nfs/share/instances/gbd/cnf/ee57608ea4b74f25aebca809d59711c9-oisc-subrv-sll-nested-13.cnf.xz', '/nfs/share/instances/gbd/cnf/f18c7c7b8666458fd04ea7a253ae1e20-FmlaImplyChain_3_7_7.sanitized.cnf.xz']
['../instances/train/0c9da400944b002f90fd385d4fdab385-DivS_568_11.cnf.sanitized.cnf', '../instances/train/26114429758a203d651f4df87c94de4c-sgen1-unsat-97-100.cnf.mis-72.debugged.cnf', '../instances/train/2b60f9be1439f63b7f174c6b8ca7fedf-sgen1-unsat-121-100.cnf', '../instances/train/2e808d215e4155379a847b146ef38b34-goldcrest-and-16.cnf', '../instances/train/328da7966b09b2f6e99c93c4e877fbff-sgen3-n260-s62321009-sat.cnf', '../instances/train/41f4cb4992a481c9d43e2e1a4e2349ac-sgen1-sat-180-100.cnf', '../instances/train/4282ea42fd414bfd2c4bf81fe8a43e24-DivU_1520_10.cnf.sanitized.cnf', '../instances/train/48539e7e4baae6db72cda7e8a9cecfa0-oisc-subrv-sll-nested-15.cnf', '../instances/train/5411047bc24f4321f0e490e01e4a0910-goldcrest-and-9.cnf', '../instances/train/63732c330adb8de8dd47ce1693b86d0e-FmlaEquivChain_4_8_8.sanitized.cnf', '../instances/train/6543793076c30fc7cdfa5a3c819cedc7-oisc-subrv-sll-nested-11.cnf', '../instances/train/74931e82fd208ed949fa44bccd80df6b-DivS_862_11.cnf.sanitized.cnf', '../instances/train/8d2dfc50c1759dc11a6564d5c368c6df-FmlaImplyChain_3_7_8.sanitized.cnf', '../instances/train/9cd3acdb765c15163bc239ae3a57f880-FmlaEquivChain_4_6_6.sanitized.cnf', '../instances/train/accf33a84bdf211bebbd2111fb7f6b91-DivS_942_11.cnf.sanitized.cnf', '../instances/train/c7bf3517f47d583ae567de3db3708969-oisc-subrv-and-nested-14.cnf', '../instances/train/da43a3ef0ef5d34143e765d480dedc7a-DivU_624_11.cnf.sanitized.cnf', '../instances/train/ee57608ea4b74f25aebca809d59711c9-oisc-subrv-sll-nested-13.cnf', '../instances/train/f18c7c7b8666458fd04ea7a253ae1e20-FmlaImplyChain_3_7_7.sanitized.cnf']
17: Solved
17: Solved
17: Timeout
17: Timeout
17: Timeout
17: Solved
17: Solved
17: Timeout
17: Solved
17: Timeout
17: Solved
17: Solved
17: Timeout
17: Solved
17: Solved
17: Timeout
17: Solved
17: Timeout
17: Solved
Getting instances
['/nfs/share/instances/gbd/cnf/0c9da400944b002f90fd385d4fdab385-DivS_568_11.cnf.sanitized.cnf.xz', '/nfs/share/instances/gbd/cnf/26114429758a203d651f4df87c94de4c-sgen1-unsat-97-100.cnf.mis-72.debugged.cnf.xz', '/nfs/share/instances/gbd/cnf/2b60f9be1439f63b7f174c6b8ca7fedf-sgen1-unsat-121-100.cnf.xz', '/nfs/share/instances/gbd/cnf/2e808d215e4155379a847b146ef38b34-goldcrest-and-16.cnf.xz', '/nfs/share/instances/gbd/cnf/328da7966b09b2f6e99c93c4e877fbff-sgen3-n260-s62321009-sat.cnf.xz', '/nfs/share/instances/gbd/cnf/41f4cb4992a481c9d43e2e1a4e2349ac-sgen1-sat-180-100.cnf.xz', '/nfs/share/instances/gbd/cnf/4282ea42fd414bfd2c4bf81fe8a43e24-DivU_1520_10.cnf.sanitized.cnf.xz', '/nfs/share/instances/gbd/cnf/48539e7e4baae6db72cda7e8a9cecfa0-oisc-subrv-sll-nested-15.cnf.xz', '/nfs/share/instances/gbd/cnf/5411047bc24f4321f0e490e01e4a0910-goldcrest-and-9.cnf.xz', '/nfs/share/instances/gbd/cnf/63732c330adb8de8dd47ce1693b86d0e-FmlaEquivChain_4_8_8.sanitized.cnf.xz', '/nfs/share/instances/gbd/cnf/6543793076c30fc7cdfa5a3c819cedc7-oisc-subrv-sll-nested-11.cnf.xz', '/nfs/share/instances/gbd/cnf/74931e82fd208ed949fa44bccd80df6b-DivS_862_11.cnf.sanitized.cnf.xz', '/nfs/share/instances/gbd/cnf/8d2dfc50c1759dc11a6564d5c368c6df-FmlaImplyChain_3_7_8.sanitized.cnf.xz', '/nfs/share/instances/gbd/cnf/9cd3acdb765c15163bc239ae3a57f880-FmlaEquivChain_4_6_6.sanitized.cnf.xz', '/nfs/share/instances/gbd/cnf/accf33a84bdf211bebbd2111fb7f6b91-DivS_942_11.cnf.sanitized.cnf.xz', '/nfs/share/instances/gbd/cnf/c7bf3517f47d583ae567de3db3708969-oisc-subrv-and-nested-14.cnf.xz', '/nfs/share/instances/gbd/cnf/da43a3ef0ef5d34143e765d480dedc7a-DivU_624_11.cnf.sanitized.cnf.xz', '/nfs/share/instances/gbd/cnf/ee57608ea4b74f25aebca809d59711c9-oisc-subrv-sll-nested-13.cnf.xz', '/nfs/share/instances/gbd/cnf/f18c7c7b8666458fd04ea7a253ae1e20-FmlaImplyChain_3_7_7.sanitized.cnf.xz']
['../instances/train/0c9da400944b002f90fd385d4fdab385-DivS_568_11.cnf.sanitized.cnf', '../instances/train/26114429758a203d651f4df87c94de4c-sgen1-unsat-97-100.cnf.mis-72.debugged.cnf', '../instances/train/2b60f9be1439f63b7f174c6b8ca7fedf-sgen1-unsat-121-100.cnf', '../instances/train/2e808d215e4155379a847b146ef38b34-goldcrest-and-16.cnf', '../instances/train/328da7966b09b2f6e99c93c4e877fbff-sgen3-n260-s62321009-sat.cnf', '../instances/train/41f4cb4992a481c9d43e2e1a4e2349ac-sgen1-sat-180-100.cnf', '../instances/train/4282ea42fd414bfd2c4bf81fe8a43e24-DivU_1520_10.cnf.sanitized.cnf', '../instances/train/48539e7e4baae6db72cda7e8a9cecfa0-oisc-subrv-sll-nested-15.cnf', '../instances/train/5411047bc24f4321f0e490e01e4a0910-goldcrest-and-9.cnf', '../instances/train/63732c330adb8de8dd47ce1693b86d0e-FmlaEquivChain_4_8_8.sanitized.cnf', '../instances/train/6543793076c30fc7cdfa5a3c819cedc7-oisc-subrv-sll-nested-11.cnf', '../instances/train/74931e82fd208ed949fa44bccd80df6b-DivS_862_11.cnf.sanitized.cnf', '../instances/train/8d2dfc50c1759dc11a6564d5c368c6df-FmlaImplyChain_3_7_8.sanitized.cnf', '../instances/train/9cd3acdb765c15163bc239ae3a57f880-FmlaEquivChain_4_6_6.sanitized.cnf', '../instances/train/accf33a84bdf211bebbd2111fb7f6b91-DivS_942_11.cnf.sanitized.cnf', '../instances/train/c7bf3517f47d583ae567de3db3708969-oisc-subrv-and-nested-14.cnf', '../instances/train/da43a3ef0ef5d34143e765d480dedc7a-DivU_624_11.cnf.sanitized.cnf', '../instances/train/ee57608ea4b74f25aebca809d59711c9-oisc-subrv-sll-nested-13.cnf', '../instances/train/f18c7c7b8666458fd04ea7a253ae1e20-FmlaImplyChain_3_7_7.sanitized.cnf']
17: Solved
17: Solved
17: Timeout
17: Timeout
17: Timeout
17: Solved
17: Solved
17: Timeout
17: Solved
17: Timeout
17: Solved
17: Solved
17: Timeout
17: Solved
17: Solved
17: Timeout
17: Solved
17: Timeout
17: Solved
Getting instances
['/nfs/share/instances/gbd/cnf/0c9da400944b002f90fd385d4fdab385-DivS_568_11.cnf.sanitized.cnf.xz', '/nfs/share/instances/gbd/cnf/26114429758a203d651f4df87c94de4c-sgen1-unsat-97-100.cnf.mis-72.debugged.cnf.xz', '/nfs/share/instances/gbd/cnf/2b60f9be1439f63b7f174c6b8ca7fedf-sgen1-unsat-121-100.cnf.xz', '/nfs/share/instances/gbd/cnf/2e808d215e4155379a847b146ef38b34-goldcrest-and-16.cnf.xz', '/nfs/share/instances/gbd/cnf/328da7966b09b2f6e99c93c4e877fbff-sgen3-n260-s62321009-sat.cnf.xz', '/nfs/share/instances/gbd/cnf/41f4cb4992a481c9d43e2e1a4e2349ac-sgen1-sat-180-100.cnf.xz', '/nfs/share/instances/gbd/cnf/4282ea42fd414bfd2c4bf81fe8a43e24-DivU_1520_10.cnf.sanitized.cnf.xz', '/nfs/share/instances/gbd/cnf/48539e7e4baae6db72cda7e8a9cecfa0-oisc-subrv-sll-nested-15.cnf.xz', '/nfs/share/instances/gbd/cnf/5411047bc24f4321f0e490e01e4a0910-goldcrest-and-9.cnf.xz', '/nfs/share/instances/gbd/cnf/63732c330adb8de8dd47ce1693b86d0e-FmlaEquivChain_4_8_8.sanitized.cnf.xz', '/nfs/share/instances/gbd/cnf/6543793076c30fc7cdfa5a3c819cedc7-oisc-subrv-sll-nested-11.cnf.xz', '/nfs/share/instances/gbd/cnf/74931e82fd208ed949fa44bccd80df6b-DivS_862_11.cnf.sanitized.cnf.xz', '/nfs/share/instances/gbd/cnf/8d2dfc50c1759dc11a6564d5c368c6df-FmlaImplyChain_3_7_8.sanitized.cnf.xz', '/nfs/share/instances/gbd/cnf/9cd3acdb765c15163bc239ae3a57f880-FmlaEquivChain_4_6_6.sanitized.cnf.xz', '/nfs/share/instances/gbd/cnf/accf33a84bdf211bebbd2111fb7f6b91-DivS_942_11.cnf.sanitized.cnf.xz', '/nfs/share/instances/gbd/cnf/c7bf3517f47d583ae567de3db3708969-oisc-subrv-and-nested-14.cnf.xz', '/nfs/share/instances/gbd/cnf/da43a3ef0ef5d34143e765d480dedc7a-DivU_624_11.cnf.sanitized.cnf.xz', '/nfs/share/instances/gbd/cnf/ee57608ea4b74f25aebca809d59711c9-oisc-subrv-sll-nested-13.cnf.xz', '/nfs/share/instances/gbd/cnf/f18c7c7b8666458fd04ea7a253ae1e20-FmlaImplyChain_3_7_7.sanitized.cnf.xz']
['../instances/train/0c9da400944b002f90fd385d4fdab385-DivS_568_11.cnf.sanitized.cnf', '../instances/train/26114429758a203d651f4df87c94de4c-sgen1-unsat-97-100.cnf.mis-72.debugged.cnf', '../instances/train/2b60f9be1439f63b7f174c6b8ca7fedf-sgen1-unsat-121-100.cnf', '../instances/train/2e808d215e4155379a847b146ef38b34-goldcrest-and-16.cnf', '../instances/train/328da7966b09b2f6e99c93c4e877fbff-sgen3-n260-s62321009-sat.cnf', '../instances/train/41f4cb4992a481c9d43e2e1a4e2349ac-sgen1-sat-180-100.cnf', '../instances/train/4282ea42fd414bfd2c4bf81fe8a43e24-DivU_1520_10.cnf.sanitized.cnf', '../instances/train/48539e7e4baae6db72cda7e8a9cecfa0-oisc-subrv-sll-nested-15.cnf', '../instances/train/5411047bc24f4321f0e490e01e4a0910-goldcrest-and-9.cnf', '../instances/train/63732c330adb8de8dd47ce1693b86d0e-FmlaEquivChain_4_8_8.sanitized.cnf', '../instances/train/6543793076c30fc7cdfa5a3c819cedc7-oisc-subrv-sll-nested-11.cnf', '../instances/train/74931e82fd208ed949fa44bccd80df6b-DivS_862_11.cnf.sanitized.cnf', '../instances/train/8d2dfc50c1759dc11a6564d5c368c6df-FmlaImplyChain_3_7_8.sanitized.cnf', '../instances/train/9cd3acdb765c15163bc239ae3a57f880-FmlaEquivChain_4_6_6.sanitized.cnf', '../instances/train/accf33a84bdf211bebbd2111fb7f6b91-DivS_942_11.cnf.sanitized.cnf', '../instances/train/c7bf3517f47d583ae567de3db3708969-oisc-subrv-and-nested-14.cnf', '../instances/train/da43a3ef0ef5d34143e765d480dedc7a-DivU_624_11.cnf.sanitized.cnf', '../instances/train/ee57608ea4b74f25aebca809d59711c9-oisc-subrv-sll-nested-13.cnf', '../instances/train/f18c7c7b8666458fd04ea7a253ae1e20-FmlaImplyChain_3_7_7.sanitized.cnf']
17: Solved
17: Solved
17: Timeout
17: Timeout
17: Timeout
17: Timeout
17: Solved
17: Timeout
17: Solved
17: Timeout
17: Solved
17: Solved
17: Timeout
17: Solved
17: Solved
17: Timeout
17: Solved
17: Timeout
17: Solved
Getting instances
['/nfs/share/instances/gbd/cnf/0c9da400944b002f90fd385d4fdab385-DivS_568_11.cnf.sanitized.cnf.xz', '/nfs/share/instances/gbd/cnf/26114429758a203d651f4df87c94de4c-sgen1-unsat-97-100.cnf.mis-72.debugged.cnf.xz', '/nfs/share/instances/gbd/cnf/2b60f9be1439f63b7f174c6b8ca7fedf-sgen1-unsat-121-100.cnf.xz', '/nfs/share/instances/gbd/cnf/2e808d215e4155379a847b146ef38b34-goldcrest-and-16.cnf.xz', '/nfs/share/instances/gbd/cnf/328da7966b09b2f6e99c93c4e877fbff-sgen3-n260-s62321009-sat.cnf.xz', '/nfs/share/instances/gbd/cnf/41f4cb4992a481c9d43e2e1a4e2349ac-sgen1-sat-180-100.cnf.xz', '/nfs/share/instances/gbd/cnf/4282ea42fd414bfd2c4bf81fe8a43e24-DivU_1520_10.cnf.sanitized.cnf.xz', '/nfs/share/instances/gbd/cnf/48539e7e4baae6db72cda7e8a9cecfa0-oisc-subrv-sll-nested-15.cnf.xz', '/nfs/share/instances/gbd/cnf/5411047bc24f4321f0e490e01e4a0910-goldcrest-and-9.cnf.xz', '/nfs/share/instances/gbd/cnf/63732c330adb8de8dd47ce1693b86d0e-FmlaEquivChain_4_8_8.sanitized.cnf.xz', '/nfs/share/instances/gbd/cnf/6543793076c30fc7cdfa5a3c819cedc7-oisc-subrv-sll-nested-11.cnf.xz', '/nfs/share/instances/gbd/cnf/74931e82fd208ed949fa44bccd80df6b-DivS_862_11.cnf.sanitized.cnf.xz', '/nfs/share/instances/gbd/cnf/8d2dfc50c1759dc11a6564d5c368c6df-FmlaImplyChain_3_7_8.sanitized.cnf.xz', '/nfs/share/instances/gbd/cnf/9cd3acdb765c15163bc239ae3a57f880-FmlaEquivChain_4_6_6.sanitized.cnf.xz', '/nfs/share/instances/gbd/cnf/accf33a84bdf211bebbd2111fb7f6b91-DivS_942_11.cnf.sanitized.cnf.xz', '/nfs/share/instances/gbd/cnf/c7bf3517f47d583ae567de3db3708969-oisc-subrv-and-nested-14.cnf.xz', '/nfs/share/instances/gbd/cnf/da43a3ef0ef5d34143e765d480dedc7a-DivU_624_11.cnf.sanitized.cnf.xz', '/nfs/share/instances/gbd/cnf/ee57608ea4b74f25aebca809d59711c9-oisc-subrv-sll-nested-13.cnf.xz', '/nfs/share/instances/gbd/cnf/f18c7c7b8666458fd04ea7a253ae1e20-FmlaImplyChain_3_7_7.sanitized.cnf.xz']
['../instances/train/0c9da400944b002f90fd385d4fdab385-DivS_568_11.cnf.sanitized.cnf', '../instances/train/26114429758a203d651f4df87c94de4c-sgen1-unsat-97-100.cnf.mis-72.debugged.cnf', '../instances/train/2b60f9be1439f63b7f174c6b8ca7fedf-sgen1-unsat-121-100.cnf', '../instances/train/2e808d215e4155379a847b146ef38b34-goldcrest-and-16.cnf', '../instances/train/328da7966b09b2f6e99c93c4e877fbff-sgen3-n260-s62321009-sat.cnf', '../instances/train/41f4cb4992a481c9d43e2e1a4e2349ac-sgen1-sat-180-100.cnf', '../instances/train/4282ea42fd414bfd2c4bf81fe8a43e24-DivU_1520_10.cnf.sanitized.cnf', '../instances/train/48539e7e4baae6db72cda7e8a9cecfa0-oisc-subrv-sll-nested-15.cnf', '../instances/train/5411047bc24f4321f0e490e01e4a0910-goldcrest-and-9.cnf', '../instances/train/63732c330adb8de8dd47ce1693b86d0e-FmlaEquivChain_4_8_8.sanitized.cnf', '../instances/train/6543793076c30fc7cdfa5a3c819cedc7-oisc-subrv-sll-nested-11.cnf', '../instances/train/74931e82fd208ed949fa44bccd80df6b-DivS_862_11.cnf.sanitized.cnf', '../instances/train/8d2dfc50c1759dc11a6564d5c368c6df-FmlaImplyChain_3_7_8.sanitized.cnf', '../instances/train/9cd3acdb765c15163bc239ae3a57f880-FmlaEquivChain_4_6_6.sanitized.cnf', '../instances/train/accf33a84bdf211bebbd2111fb7f6b91-DivS_942_11.cnf.sanitized.cnf', '../instances/train/c7bf3517f47d583ae567de3db3708969-oisc-subrv-and-nested-14.cnf', '../instances/train/da43a3ef0ef5d34143e765d480dedc7a-DivU_624_11.cnf.sanitized.cnf', '../instances/train/ee57608ea4b74f25aebca809d59711c9-oisc-subrv-sll-nested-13.cnf', '../instances/train/f18c7c7b8666458fd04ea7a253ae1e20-FmlaImplyChain_3_7_7.sanitized.cnf']
17: Solved
17: Solved
17: Timeout
17: Timeout
17: Timeout
17: Timeout
17: Solved
17: Timeout
17: Solved
17: Timeout
17: Solved
17: Solved
17: Timeout
17: Solved
17: Solved
17: Timeout
17: Solved
17: Timeout
17: Solved
Getting instances
['/nfs/share/instances/gbd/cnf/0c9da400944b002f90fd385d4fdab385-DivS_568_11.cnf.sanitized.cnf.xz', '/nfs/share/instances/gbd/cnf/26114429758a203d651f4df87c94de4c-sgen1-unsat-97-100.cnf.mis-72.debugged.cnf.xz', '/nfs/share/instances/gbd/cnf/2b60f9be1439f63b7f174c6b8ca7fedf-sgen1-unsat-121-100.cnf.xz', '/nfs/share/instances/gbd/cnf/2e808d215e4155379a847b146ef38b34-goldcrest-and-16.cnf.xz', '/nfs/share/instances/gbd/cnf/328da7966b09b2f6e99c93c4e877fbff-sgen3-n260-s62321009-sat.cnf.xz', '/nfs/share/instances/gbd/cnf/41f4cb4992a481c9d43e2e1a4e2349ac-sgen1-sat-180-100.cnf.xz', '/nfs/share/instances/gbd/cnf/4282ea42fd414bfd2c4bf81fe8a43e24-DivU_1520_10.cnf.sanitized.cnf.xz', '/nfs/share/instances/gbd/cnf/48539e7e4baae6db72cda7e8a9cecfa0-oisc-subrv-sll-nested-15.cnf.xz', '/nfs/share/instances/gbd/cnf/5411047bc24f4321f0e490e01e4a0910-goldcrest-and-9.cnf.xz', '/nfs/share/instances/gbd/cnf/63732c330adb8de8dd47ce1693b86d0e-FmlaEquivChain_4_8_8.sanitized.cnf.xz', '/nfs/share/instances/gbd/cnf/6543793076c30fc7cdfa5a3c819cedc7-oisc-subrv-sll-nested-11.cnf.xz', '/nfs/share/instances/gbd/cnf/74931e82fd208ed949fa44bccd80df6b-DivS_862_11.cnf.sanitized.cnf.xz', '/nfs/share/instances/gbd/cnf/8d2dfc50c1759dc11a6564d5c368c6df-FmlaImplyChain_3_7_8.sanitized.cnf.xz', '/nfs/share/instances/gbd/cnf/9cd3acdb765c15163bc239ae3a57f880-FmlaEquivChain_4_6_6.sanitized.cnf.xz', '/nfs/share/instances/gbd/cnf/accf33a84bdf211bebbd2111fb7f6b91-DivS_942_11.cnf.sanitized.cnf.xz', '/nfs/share/instances/gbd/cnf/c7bf3517f47d583ae567de3db3708969-oisc-subrv-and-nested-14.cnf.xz', '/nfs/share/instances/gbd/cnf/da43a3ef0ef5d34143e765d480dedc7a-DivU_624_11.cnf.sanitized.cnf.xz', '/nfs/share/instances/gbd/cnf/ee57608ea4b74f25aebca809d59711c9-oisc-subrv-sll-nested-13.cnf.xz', '/nfs/share/instances/gbd/cnf/f18c7c7b8666458fd04ea7a253ae1e20-FmlaImplyChain_3_7_7.sanitized.cnf.xz']
['../instances/train/0c9da400944b002f90fd385d4fdab385-DivS_568_11.cnf.sanitized.cnf', '../instances/train/26114429758a203d651f4df87c94de4c-sgen1-unsat-97-100.cnf.mis-72.debugged.cnf', '../instances/train/2b60f9be1439f63b7f174c6b8ca7fedf-sgen1-unsat-121-100.cnf', '../instances/train/2e808d215e4155379a847b146ef38b34-goldcrest-and-16.cnf', '../instances/train/328da7966b09b2f6e99c93c4e877fbff-sgen3-n260-s62321009-sat.cnf', '../instances/train/41f4cb4992a481c9d43e2e1a4e2349ac-sgen1-sat-180-100.cnf', '../instances/train/4282ea42fd414bfd2c4bf81fe8a43e24-DivU_1520_10.cnf.sanitized.cnf', '../instances/train/48539e7e4baae6db72cda7e8a9cecfa0-oisc-subrv-sll-nested-15.cnf', '../instances/train/5411047bc24f4321f0e490e01e4a0910-goldcrest-and-9.cnf', '../instances/train/63732c330adb8de8dd47ce1693b86d0e-FmlaEquivChain_4_8_8.sanitized.cnf', '../instances/train/6543793076c30fc7cdfa5a3c819cedc7-oisc-subrv-sll-nested-11.cnf', '../instances/train/74931e82fd208ed949fa44bccd80df6b-DivS_862_11.cnf.sanitized.cnf', '../instances/train/8d2dfc50c1759dc11a6564d5c368c6df-FmlaImplyChain_3_7_8.sanitized.cnf', '../instances/train/9cd3acdb765c15163bc239ae3a57f880-FmlaEquivChain_4_6_6.sanitized.cnf', '../instances/train/accf33a84bdf211bebbd2111fb7f6b91-DivS_942_11.cnf.sanitized.cnf', '../instances/train/c7bf3517f47d583ae567de3db3708969-oisc-subrv-and-nested-14.cnf', '../instances/train/da43a3ef0ef5d34143e765d480dedc7a-DivU_624_11.cnf.sanitized.cnf', '../instances/train/ee57608ea4b74f25aebca809d59711c9-oisc-subrv-sll-nested-13.cnf', '../instances/train/f18c7c7b8666458fd04ea7a253ae1e20-FmlaImplyChain_3_7_7.sanitized.cnf']
17: Solved
17: Solved
17: Timeout
17: Timeout
17: Timeout
17: Timeout
17: Solved
17: Timeout
17: Solved
17: Timeout
17: Timeout
17: Solved
17: Timeout
17: Solved
17: Solved
17: Timeout
17: Solved
17: Timeout
17: Solved
[INFO][smbo.py:328] Configuration budget is exhausted:
[INFO][smbo.py:329] --- Remaining wallclock time: inf
[INFO][smbo.py:330] --- Remaining cpu time: inf
[INFO][smbo.py:331] --- Remaining trials: 0
Configuration(values={
  'backbone': 1,
  'congruenceands': 'false',
  'congruencexors': 'false',
  'phase': 'true',
  'probeint': 79,
  'restartint': 6000,
  'sweepclauses': 340041433,
  'target': 1,
  'vivifyirr': 29,
})
