Setting up config
Starting smac
[INFO][abstract_initial_design.py:95] Reducing the number of initial configurations from 110 to 2 (max_ratio == 0.25).
[INFO][abstract_initial_design.py:147] Using 2 initial design configurations and 0 additional configurations.
[INFO][abstract_intensifier.py:306] Using only one seed for deterministic scenario.
Getting instances
['/nfs/share/instances/gbd/cnf/11db226d109e82f93aaa3b2604173ff9-posixpath__joinrealpath_13.cnf.xz', '/nfs/share/instances/gbd/cnf/21bde0ebb111c637a1ae8789827b0b73-WCNF_from_fp_13.cnf.xz', '/nfs/share/instances/gbd/cnf/246afd75cb97a21144f368c00252a656-BZ2File_write_11.cnf.xz', '/nfs/share/instances/gbd/cnf/37d40a1092b58ad28285b9453872d211-DecompressReader_read_12.cnf.xz', '/nfs/share/instances/gbd/cnf/4029fbae284eaf924b37b6f43d3a67fb-WCNF_from_fp_14.cnf.xz', '/nfs/share/instances/gbd/cnf/41a8365f60db55b71d949df6954e0db7-FileObject_open_13.cnf.xz', '/nfs/share/instances/gbd/cnf/558ce551d2b933b7a5f1c7d2a6044930-collections_namedtuple_15.cnf.xz', '/nfs/share/instances/gbd/cnf/72b5ad031bf852634bc081f9da9a5a60-GzipFile_close_11.cnf.xz', '/nfs/share/instances/gbd/cnf/7aaf3275cbe217044ef305f0a1ca8eb5-CNFPlus_from_fp_12.cnf.xz', '/nfs/share/instances/gbd/cnf/824c21545e228872744675ae4ee32976-WCNFPlus_to_alien_14.cnf.xz', '/nfs/share/instances/gbd/cnf/965ca988015c9aee5a1a7b2136c1fe5d-os_fwalk_12.cnf.xz', '/nfs/share/instances/gbd/cnf/a4b05fbc5be28207b704e1fae4b7c8a0-FileObject_open_12.cnf.xz', '/nfs/share/instances/gbd/cnf/ae9b7950ef1513068bb9339893ec8c50-WCNF_to_alien_14.cnf.xz', '/nfs/share/instances/gbd/cnf/af1e84bc2ab44d87d1c4c0cbf9e601c5-posixpath_expanduser_14.cnf.xz', '/nfs/share/instances/gbd/cnf/b09585f2346c207e9e14a3daf0de46cf-CNF_to_alien_11.cnf.xz', '/nfs/share/instances/gbd/cnf/b2145c28dbed385329ea73a06d9c519a-LZMAFile___init___14.cnf.xz', '/nfs/share/instances/gbd/cnf/c32f194ad850c944142c74514dfb3c5f-WCNFPlus_from_fp_13.cnf.xz', '/nfs/share/instances/gbd/cnf/c9af5b23c87350f5d817acc9ca7b69bb-CNF_to_alien_12.cnf.xz', '/nfs/share/instances/gbd/cnf/dd169198070f9aa35015de65e8209a05-LZMAFile_write_12.cnf.xz', '/nfs/share/instances/gbd/cnf/fd2af7622798171f23a4b8d2616df55e-StreamReader_readline_13.cnf.xz']
['../instances/train/11db226d109e82f93aaa3b2604173ff9-posixpath__joinrealpath_13.cnf', '../instances/train/21bde0ebb111c637a1ae8789827b0b73-WCNF_from_fp_13.cnf', '../instances/train/246afd75cb97a21144f368c00252a656-BZ2File_write_11.cnf', '../instances/train/37d40a1092b58ad28285b9453872d211-DecompressReader_read_12.cnf', '../instances/train/4029fbae284eaf924b37b6f43d3a67fb-WCNF_from_fp_14.cnf', '../instances/train/41a8365f60db55b71d949df6954e0db7-FileObject_open_13.cnf', '../instances/train/558ce551d2b933b7a5f1c7d2a6044930-collections_namedtuple_15.cnf', '../instances/train/72b5ad031bf852634bc081f9da9a5a60-GzipFile_close_11.cnf', '../instances/train/7aaf3275cbe217044ef305f0a1ca8eb5-CNFPlus_from_fp_12.cnf', '../instances/train/824c21545e228872744675ae4ee32976-WCNFPlus_to_alien_14.cnf', '../instances/train/965ca988015c9aee5a1a7b2136c1fe5d-os_fwalk_12.cnf', '../instances/train/a4b05fbc5be28207b704e1fae4b7c8a0-FileObject_open_12.cnf', '../instances/train/ae9b7950ef1513068bb9339893ec8c50-WCNF_to_alien_14.cnf', '../instances/train/af1e84bc2ab44d87d1c4c0cbf9e601c5-posixpath_expanduser_14.cnf', '../instances/train/b09585f2346c207e9e14a3daf0de46cf-CNF_to_alien_11.cnf', '../instances/train/b2145c28dbed385329ea73a06d9c519a-LZMAFile___init___14.cnf', '../instances/train/c32f194ad850c944142c74514dfb3c5f-WCNFPlus_from_fp_13.cnf', '../instances/train/c9af5b23c87350f5d817acc9ca7b69bb-CNF_to_alien_12.cnf', '../instances/train/dd169198070f9aa35015de65e8209a05-LZMAFile_write_12.cnf', '../instances/train/fd2af7622798171f23a4b8d2616df55e-StreamReader_readline_13.cnf']
12: Solved
12: Solved
12: Solved
12: Solved
12: Solved
12: Solved
12: Solved
12: Solved
12: Solved
12: Solved
12: Solved
12: Solved
12: Solved
12: Solved
12: Solved
12: Solved
12: Solved
12: Solved
12: Solved
12: Solved
[INFO][abstract_intensifier.py:516] Added config 3112da as new incumbent because there are no incumbents yet.
Getting instances
['/nfs/share/instances/gbd/cnf/11db226d109e82f93aaa3b2604173ff9-posixpath__joinrealpath_13.cnf.xz', '/nfs/share/instances/gbd/cnf/21bde0ebb111c637a1ae8789827b0b73-WCNF_from_fp_13.cnf.xz', '/nfs/share/instances/gbd/cnf/246afd75cb97a21144f368c00252a656-BZ2File_write_11.cnf.xz', '/nfs/share/instances/gbd/cnf/37d40a1092b58ad28285b9453872d211-DecompressReader_read_12.cnf.xz', '/nfs/share/instances/gbd/cnf/4029fbae284eaf924b37b6f43d3a67fb-WCNF_from_fp_14.cnf.xz', '/nfs/share/instances/gbd/cnf/41a8365f60db55b71d949df6954e0db7-FileObject_open_13.cnf.xz', '/nfs/share/instances/gbd/cnf/558ce551d2b933b7a5f1c7d2a6044930-collections_namedtuple_15.cnf.xz', '/nfs/share/instances/gbd/cnf/72b5ad031bf852634bc081f9da9a5a60-GzipFile_close_11.cnf.xz', '/nfs/share/instances/gbd/cnf/7aaf3275cbe217044ef305f0a1ca8eb5-CNFPlus_from_fp_12.cnf.xz', '/nfs/share/instances/gbd/cnf/824c21545e228872744675ae4ee32976-WCNFPlus_to_alien_14.cnf.xz', '/nfs/share/instances/gbd/cnf/965ca988015c9aee5a1a7b2136c1fe5d-os_fwalk_12.cnf.xz', '/nfs/share/instances/gbd/cnf/a4b05fbc5be28207b704e1fae4b7c8a0-FileObject_open_12.cnf.xz', '/nfs/share/instances/gbd/cnf/ae9b7950ef1513068bb9339893ec8c50-WCNF_to_alien_14.cnf.xz', '/nfs/share/instances/gbd/cnf/af1e84bc2ab44d87d1c4c0cbf9e601c5-posixpath_expanduser_14.cnf.xz', '/nfs/share/instances/gbd/cnf/b09585f2346c207e9e14a3daf0de46cf-CNF_to_alien_11.cnf.xz', '/nfs/share/instances/gbd/cnf/b2145c28dbed385329ea73a06d9c519a-LZMAFile___init___14.cnf.xz', '/nfs/share/instances/gbd/cnf/c32f194ad850c944142c74514dfb3c5f-WCNFPlus_from_fp_13.cnf.xz', '/nfs/share/instances/gbd/cnf/c9af5b23c87350f5d817acc9ca7b69bb-CNF_to_alien_12.cnf.xz', '/nfs/share/instances/gbd/cnf/dd169198070f9aa35015de65e8209a05-LZMAFile_write_12.cnf.xz', '/nfs/share/instances/gbd/cnf/fd2af7622798171f23a4b8d2616df55e-StreamReader_readline_13.cnf.xz']
['../instances/train/11db226d109e82f93aaa3b2604173ff9-posixpath__joinrealpath_13.cnf', '../instances/train/21bde0ebb111c637a1ae8789827b0b73-WCNF_from_fp_13.cnf', '../instances/train/246afd75cb97a21144f368c00252a656-BZ2File_write_11.cnf', '../instances/train/37d40a1092b58ad28285b9453872d211-DecompressReader_read_12.cnf', '../instances/train/4029fbae284eaf924b37b6f43d3a67fb-WCNF_from_fp_14.cnf', '../instances/train/41a8365f60db55b71d949df6954e0db7-FileObject_open_13.cnf', '../instances/train/558ce551d2b933b7a5f1c7d2a6044930-collections_namedtuple_15.cnf', '../instances/train/72b5ad031bf852634bc081f9da9a5a60-GzipFile_close_11.cnf', '../instances/train/7aaf3275cbe217044ef305f0a1ca8eb5-CNFPlus_from_fp_12.cnf', '../instances/train/824c21545e228872744675ae4ee32976-WCNFPlus_to_alien_14.cnf', '../instances/train/965ca988015c9aee5a1a7b2136c1fe5d-os_fwalk_12.cnf', '../instances/train/a4b05fbc5be28207b704e1fae4b7c8a0-FileObject_open_12.cnf', '../instances/train/ae9b7950ef1513068bb9339893ec8c50-WCNF_to_alien_14.cnf', '../instances/train/af1e84bc2ab44d87d1c4c0cbf9e601c5-posixpath_expanduser_14.cnf', '../instances/train/b09585f2346c207e9e14a3daf0de46cf-CNF_to_alien_11.cnf', '../instances/train/b2145c28dbed385329ea73a06d9c519a-LZMAFile___init___14.cnf', '../instances/train/c32f194ad850c944142c74514dfb3c5f-WCNFPlus_from_fp_13.cnf', '../instances/train/c9af5b23c87350f5d817acc9ca7b69bb-CNF_to_alien_12.cnf', '../instances/train/dd169198070f9aa35015de65e8209a05-LZMAFile_write_12.cnf', '../instances/train/fd2af7622798171f23a4b8d2616df55e-StreamReader_readline_13.cnf']
12: Solved
12: Solved
12: Solved
12: Solved
12: Solved
12: Solved
12: Solved
12: Solved
12: Solved
12: Solved
12: Solved
12: Solved
12: Solved
12: Solved
12: Solved
12: Solved
12: Solved
12: Solved
12: Solved
12: Solved
Getting instances
['/nfs/share/instances/gbd/cnf/11db226d109e82f93aaa3b2604173ff9-posixpath__joinrealpath_13.cnf.xz', '/nfs/share/instances/gbd/cnf/21bde0ebb111c637a1ae8789827b0b73-WCNF_from_fp_13.cnf.xz', '/nfs/share/instances/gbd/cnf/246afd75cb97a21144f368c00252a656-BZ2File_write_11.cnf.xz', '/nfs/share/instances/gbd/cnf/37d40a1092b58ad28285b9453872d211-DecompressReader_read_12.cnf.xz', '/nfs/share/instances/gbd/cnf/4029fbae284eaf924b37b6f43d3a67fb-WCNF_from_fp_14.cnf.xz', '/nfs/share/instances/gbd/cnf/41a8365f60db55b71d949df6954e0db7-FileObject_open_13.cnf.xz', '/nfs/share/instances/gbd/cnf/558ce551d2b933b7a5f1c7d2a6044930-collections_namedtuple_15.cnf.xz', '/nfs/share/instances/gbd/cnf/72b5ad031bf852634bc081f9da9a5a60-GzipFile_close_11.cnf.xz', '/nfs/share/instances/gbd/cnf/7aaf3275cbe217044ef305f0a1ca8eb5-CNFPlus_from_fp_12.cnf.xz', '/nfs/share/instances/gbd/cnf/824c21545e228872744675ae4ee32976-WCNFPlus_to_alien_14.cnf.xz', '/nfs/share/instances/gbd/cnf/965ca988015c9aee5a1a7b2136c1fe5d-os_fwalk_12.cnf.xz', '/nfs/share/instances/gbd/cnf/a4b05fbc5be28207b704e1fae4b7c8a0-FileObject_open_12.cnf.xz', '/nfs/share/instances/gbd/cnf/ae9b7950ef1513068bb9339893ec8c50-WCNF_to_alien_14.cnf.xz', '/nfs/share/instances/gbd/cnf/af1e84bc2ab44d87d1c4c0cbf9e601c5-posixpath_expanduser_14.cnf.xz', '/nfs/share/instances/gbd/cnf/b09585f2346c207e9e14a3daf0de46cf-CNF_to_alien_11.cnf.xz', '/nfs/share/instances/gbd/cnf/b2145c28dbed385329ea73a06d9c519a-LZMAFile___init___14.cnf.xz', '/nfs/share/instances/gbd/cnf/c32f194ad850c944142c74514dfb3c5f-WCNFPlus_from_fp_13.cnf.xz', '/nfs/share/instances/gbd/cnf/c9af5b23c87350f5d817acc9ca7b69bb-CNF_to_alien_12.cnf.xz', '/nfs/share/instances/gbd/cnf/dd169198070f9aa35015de65e8209a05-LZMAFile_write_12.cnf.xz', '/nfs/share/instances/gbd/cnf/fd2af7622798171f23a4b8d2616df55e-StreamReader_readline_13.cnf.xz']
['../instances/train/11db226d109e82f93aaa3b2604173ff9-posixpath__joinrealpath_13.cnf', '../instances/train/21bde0ebb111c637a1ae8789827b0b73-WCNF_from_fp_13.cnf', '../instances/train/246afd75cb97a21144f368c00252a656-BZ2File_write_11.cnf', '../instances/train/37d40a1092b58ad28285b9453872d211-DecompressReader_read_12.cnf', '../instances/train/4029fbae284eaf924b37b6f43d3a67fb-WCNF_from_fp_14.cnf', '../instances/train/41a8365f60db55b71d949df6954e0db7-FileObject_open_13.cnf', '../instances/train/558ce551d2b933b7a5f1c7d2a6044930-collections_namedtuple_15.cnf', '../instances/train/72b5ad031bf852634bc081f9da9a5a60-GzipFile_close_11.cnf', '../instances/train/7aaf3275cbe217044ef305f0a1ca8eb5-CNFPlus_from_fp_12.cnf', '../instances/train/824c21545e228872744675ae4ee32976-WCNFPlus_to_alien_14.cnf', '../instances/train/965ca988015c9aee5a1a7b2136c1fe5d-os_fwalk_12.cnf', '../instances/train/a4b05fbc5be28207b704e1fae4b7c8a0-FileObject_open_12.cnf', '../instances/train/ae9b7950ef1513068bb9339893ec8c50-WCNF_to_alien_14.cnf', '../instances/train/af1e84bc2ab44d87d1c4c0cbf9e601c5-posixpath_expanduser_14.cnf', '../instances/train/b09585f2346c207e9e14a3daf0de46cf-CNF_to_alien_11.cnf', '../instances/train/b2145c28dbed385329ea73a06d9c519a-LZMAFile___init___14.cnf', '../instances/train/c32f194ad850c944142c74514dfb3c5f-WCNFPlus_from_fp_13.cnf', '../instances/train/c9af5b23c87350f5d817acc9ca7b69bb-CNF_to_alien_12.cnf', '../instances/train/dd169198070f9aa35015de65e8209a05-LZMAFile_write_12.cnf', '../instances/train/fd2af7622798171f23a4b8d2616df55e-StreamReader_readline_13.cnf']
12: Solved
12: Solved
12: Solved
12: Solved
12: Solved
12: Solved
12: Solved
12: Solved
12: Solved
12: Solved
12: Solved
12: Solved
12: Solved
12: Solved
12: Solved
12: Solved
12: Solved
12: Solved
12: Solved
12: Solved
Getting instances
['/nfs/share/instances/gbd/cnf/11db226d109e82f93aaa3b2604173ff9-posixpath__joinrealpath_13.cnf.xz', '/nfs/share/instances/gbd/cnf/21bde0ebb111c637a1ae8789827b0b73-WCNF_from_fp_13.cnf.xz', '/nfs/share/instances/gbd/cnf/246afd75cb97a21144f368c00252a656-BZ2File_write_11.cnf.xz', '/nfs/share/instances/gbd/cnf/37d40a1092b58ad28285b9453872d211-DecompressReader_read_12.cnf.xz', '/nfs/share/instances/gbd/cnf/4029fbae284eaf924b37b6f43d3a67fb-WCNF_from_fp_14.cnf.xz', '/nfs/share/instances/gbd/cnf/41a8365f60db55b71d949df6954e0db7-FileObject_open_13.cnf.xz', '/nfs/share/instances/gbd/cnf/558ce551d2b933b7a5f1c7d2a6044930-collections_namedtuple_15.cnf.xz', '/nfs/share/instances/gbd/cnf/72b5ad031bf852634bc081f9da9a5a60-GzipFile_close_11.cnf.xz', '/nfs/share/instances/gbd/cnf/7aaf3275cbe217044ef305f0a1ca8eb5-CNFPlus_from_fp_12.cnf.xz', '/nfs/share/instances/gbd/cnf/824c21545e228872744675ae4ee32976-WCNFPlus_to_alien_14.cnf.xz', '/nfs/share/instances/gbd/cnf/965ca988015c9aee5a1a7b2136c1fe5d-os_fwalk_12.cnf.xz', '/nfs/share/instances/gbd/cnf/a4b05fbc5be28207b704e1fae4b7c8a0-FileObject_open_12.cnf.xz', '/nfs/share/instances/gbd/cnf/ae9b7950ef1513068bb9339893ec8c50-WCNF_to_alien_14.cnf.xz', '/nfs/share/instances/gbd/cnf/af1e84bc2ab44d87d1c4c0cbf9e601c5-posixpath_expanduser_14.cnf.xz', '/nfs/share/instances/gbd/cnf/b09585f2346c207e9e14a3daf0de46cf-CNF_to_alien_11.cnf.xz', '/nfs/share/instances/gbd/cnf/b2145c28dbed385329ea73a06d9c519a-LZMAFile___init___14.cnf.xz', '/nfs/share/instances/gbd/cnf/c32f194ad850c944142c74514dfb3c5f-WCNFPlus_from_fp_13.cnf.xz', '/nfs/share/instances/gbd/cnf/c9af5b23c87350f5d817acc9ca7b69bb-CNF_to_alien_12.cnf.xz', '/nfs/share/instances/gbd/cnf/dd169198070f9aa35015de65e8209a05-LZMAFile_write_12.cnf.xz', '/nfs/share/instances/gbd/cnf/fd2af7622798171f23a4b8d2616df55e-StreamReader_readline_13.cnf.xz']
['../instances/train/11db226d109e82f93aaa3b2604173ff9-posixpath__joinrealpath_13.cnf', '../instances/train/21bde0ebb111c637a1ae8789827b0b73-WCNF_from_fp_13.cnf', '../instances/train/246afd75cb97a21144f368c00252a656-BZ2File_write_11.cnf', '../instances/train/37d40a1092b58ad28285b9453872d211-DecompressReader_read_12.cnf', '../instances/train/4029fbae284eaf924b37b6f43d3a67fb-WCNF_from_fp_14.cnf', '../instances/train/41a8365f60db55b71d949df6954e0db7-FileObject_open_13.cnf', '../instances/train/558ce551d2b933b7a5f1c7d2a6044930-collections_namedtuple_15.cnf', '../instances/train/72b5ad031bf852634bc081f9da9a5a60-GzipFile_close_11.cnf', '../instances/train/7aaf3275cbe217044ef305f0a1ca8eb5-CNFPlus_from_fp_12.cnf', '../instances/train/824c21545e228872744675ae4ee32976-WCNFPlus_to_alien_14.cnf', '../instances/train/965ca988015c9aee5a1a7b2136c1fe5d-os_fwalk_12.cnf', '../instances/train/a4b05fbc5be28207b704e1fae4b7c8a0-FileObject_open_12.cnf', '../instances/train/ae9b7950ef1513068bb9339893ec8c50-WCNF_to_alien_14.cnf', '../instances/train/af1e84bc2ab44d87d1c4c0cbf9e601c5-posixpath_expanduser_14.cnf', '../instances/train/b09585f2346c207e9e14a3daf0de46cf-CNF_to_alien_11.cnf', '../instances/train/b2145c28dbed385329ea73a06d9c519a-LZMAFile___init___14.cnf', '../instances/train/c32f194ad850c944142c74514dfb3c5f-WCNFPlus_from_fp_13.cnf', '../instances/train/c9af5b23c87350f5d817acc9ca7b69bb-CNF_to_alien_12.cnf', '../instances/train/dd169198070f9aa35015de65e8209a05-LZMAFile_write_12.cnf', '../instances/train/fd2af7622798171f23a4b8d2616df55e-StreamReader_readline_13.cnf']
12: Solved
12: Solved
12: Solved
12: Solved
12: Solved
12: Solved
12: Solved
12: Solved
12: Solved
12: Solved
12: Solved
12: Solved
12: Solved
12: Solved
12: Solved
12: Solved
12: Solved
12: Solved
12: Solved
12: Solved
Getting instances
['/nfs/share/instances/gbd/cnf/11db226d109e82f93aaa3b2604173ff9-posixpath__joinrealpath_13.cnf.xz', '/nfs/share/instances/gbd/cnf/21bde0ebb111c637a1ae8789827b0b73-WCNF_from_fp_13.cnf.xz', '/nfs/share/instances/gbd/cnf/246afd75cb97a21144f368c00252a656-BZ2File_write_11.cnf.xz', '/nfs/share/instances/gbd/cnf/37d40a1092b58ad28285b9453872d211-DecompressReader_read_12.cnf.xz', '/nfs/share/instances/gbd/cnf/4029fbae284eaf924b37b6f43d3a67fb-WCNF_from_fp_14.cnf.xz', '/nfs/share/instances/gbd/cnf/41a8365f60db55b71d949df6954e0db7-FileObject_open_13.cnf.xz', '/nfs/share/instances/gbd/cnf/558ce551d2b933b7a5f1c7d2a6044930-collections_namedtuple_15.cnf.xz', '/nfs/share/instances/gbd/cnf/72b5ad031bf852634bc081f9da9a5a60-GzipFile_close_11.cnf.xz', '/nfs/share/instances/gbd/cnf/7aaf3275cbe217044ef305f0a1ca8eb5-CNFPlus_from_fp_12.cnf.xz', '/nfs/share/instances/gbd/cnf/824c21545e228872744675ae4ee32976-WCNFPlus_to_alien_14.cnf.xz', '/nfs/share/instances/gbd/cnf/965ca988015c9aee5a1a7b2136c1fe5d-os_fwalk_12.cnf.xz', '/nfs/share/instances/gbd/cnf/a4b05fbc5be28207b704e1fae4b7c8a0-FileObject_open_12.cnf.xz', '/nfs/share/instances/gbd/cnf/ae9b7950ef1513068bb9339893ec8c50-WCNF_to_alien_14.cnf.xz', '/nfs/share/instances/gbd/cnf/af1e84bc2ab44d87d1c4c0cbf9e601c5-posixpath_expanduser_14.cnf.xz', '/nfs/share/instances/gbd/cnf/b09585f2346c207e9e14a3daf0de46cf-CNF_to_alien_11.cnf.xz', '/nfs/share/instances/gbd/cnf/b2145c28dbed385329ea73a06d9c519a-LZMAFile___init___14.cnf.xz', '/nfs/share/instances/gbd/cnf/c32f194ad850c944142c74514dfb3c5f-WCNFPlus_from_fp_13.cnf.xz', '/nfs/share/instances/gbd/cnf/c9af5b23c87350f5d817acc9ca7b69bb-CNF_to_alien_12.cnf.xz', '/nfs/share/instances/gbd/cnf/dd169198070f9aa35015de65e8209a05-LZMAFile_write_12.cnf.xz', '/nfs/share/instances/gbd/cnf/fd2af7622798171f23a4b8d2616df55e-StreamReader_readline_13.cnf.xz']
['../instances/train/11db226d109e82f93aaa3b2604173ff9-posixpath__joinrealpath_13.cnf', '../instances/train/21bde0ebb111c637a1ae8789827b0b73-WCNF_from_fp_13.cnf', '../instances/train/246afd75cb97a21144f368c00252a656-BZ2File_write_11.cnf', '../instances/train/37d40a1092b58ad28285b9453872d211-DecompressReader_read_12.cnf', '../instances/train/4029fbae284eaf924b37b6f43d3a67fb-WCNF_from_fp_14.cnf', '../instances/train/41a8365f60db55b71d949df6954e0db7-FileObject_open_13.cnf', '../instances/train/558ce551d2b933b7a5f1c7d2a6044930-collections_namedtuple_15.cnf', '../instances/train/72b5ad031bf852634bc081f9da9a5a60-GzipFile_close_11.cnf', '../instances/train/7aaf3275cbe217044ef305f0a1ca8eb5-CNFPlus_from_fp_12.cnf', '../instances/train/824c21545e228872744675ae4ee32976-WCNFPlus_to_alien_14.cnf', '../instances/train/965ca988015c9aee5a1a7b2136c1fe5d-os_fwalk_12.cnf', '../instances/train/a4b05fbc5be28207b704e1fae4b7c8a0-FileObject_open_12.cnf', '../instances/train/ae9b7950ef1513068bb9339893ec8c50-WCNF_to_alien_14.cnf', '../instances/train/af1e84bc2ab44d87d1c4c0cbf9e601c5-posixpath_expanduser_14.cnf', '../instances/train/b09585f2346c207e9e14a3daf0de46cf-CNF_to_alien_11.cnf', '../instances/train/b2145c28dbed385329ea73a06d9c519a-LZMAFile___init___14.cnf', '../instances/train/c32f194ad850c944142c74514dfb3c5f-WCNFPlus_from_fp_13.cnf', '../instances/train/c9af5b23c87350f5d817acc9ca7b69bb-CNF_to_alien_12.cnf', '../instances/train/dd169198070f9aa35015de65e8209a05-LZMAFile_write_12.cnf', '../instances/train/fd2af7622798171f23a4b8d2616df55e-StreamReader_readline_13.cnf']
12: Solved
12: Solved
12: Solved
12: Solved
12: Solved
12: Solved
12: Solved
12: Solved
12: Solved
12: Solved
12: Solved
12: Solved
12: Solved
12: Solved
12: Solved
12: Solved
12: Solved
12: Solved
12: Solved
12: Solved
Getting instances
['/nfs/share/instances/gbd/cnf/11db226d109e82f93aaa3b2604173ff9-posixpath__joinrealpath_13.cnf.xz', '/nfs/share/instances/gbd/cnf/21bde0ebb111c637a1ae8789827b0b73-WCNF_from_fp_13.cnf.xz', '/nfs/share/instances/gbd/cnf/246afd75cb97a21144f368c00252a656-BZ2File_write_11.cnf.xz', '/nfs/share/instances/gbd/cnf/37d40a1092b58ad28285b9453872d211-DecompressReader_read_12.cnf.xz', '/nfs/share/instances/gbd/cnf/4029fbae284eaf924b37b6f43d3a67fb-WCNF_from_fp_14.cnf.xz', '/nfs/share/instances/gbd/cnf/41a8365f60db55b71d949df6954e0db7-FileObject_open_13.cnf.xz', '/nfs/share/instances/gbd/cnf/558ce551d2b933b7a5f1c7d2a6044930-collections_namedtuple_15.cnf.xz', '/nfs/share/instances/gbd/cnf/72b5ad031bf852634bc081f9da9a5a60-GzipFile_close_11.cnf.xz', '/nfs/share/instances/gbd/cnf/7aaf3275cbe217044ef305f0a1ca8eb5-CNFPlus_from_fp_12.cnf.xz', '/nfs/share/instances/gbd/cnf/824c21545e228872744675ae4ee32976-WCNFPlus_to_alien_14.cnf.xz', '/nfs/share/instances/gbd/cnf/965ca988015c9aee5a1a7b2136c1fe5d-os_fwalk_12.cnf.xz', '/nfs/share/instances/gbd/cnf/a4b05fbc5be28207b704e1fae4b7c8a0-FileObject_open_12.cnf.xz', '/nfs/share/instances/gbd/cnf/ae9b7950ef1513068bb9339893ec8c50-WCNF_to_alien_14.cnf.xz', '/nfs/share/instances/gbd/cnf/af1e84bc2ab44d87d1c4c0cbf9e601c5-posixpath_expanduser_14.cnf.xz', '/nfs/share/instances/gbd/cnf/b09585f2346c207e9e14a3daf0de46cf-CNF_to_alien_11.cnf.xz', '/nfs/share/instances/gbd/cnf/b2145c28dbed385329ea73a06d9c519a-LZMAFile___init___14.cnf.xz', '/nfs/share/instances/gbd/cnf/c32f194ad850c944142c74514dfb3c5f-WCNFPlus_from_fp_13.cnf.xz', '/nfs/share/instances/gbd/cnf/c9af5b23c87350f5d817acc9ca7b69bb-CNF_to_alien_12.cnf.xz', '/nfs/share/instances/gbd/cnf/dd169198070f9aa35015de65e8209a05-LZMAFile_write_12.cnf.xz', '/nfs/share/instances/gbd/cnf/fd2af7622798171f23a4b8d2616df55e-StreamReader_readline_13.cnf.xz']
['../instances/train/11db226d109e82f93aaa3b2604173ff9-posixpath__joinrealpath_13.cnf', '../instances/train/21bde0ebb111c637a1ae8789827b0b73-WCNF_from_fp_13.cnf', '../instances/train/246afd75cb97a21144f368c00252a656-BZ2File_write_11.cnf', '../instances/train/37d40a1092b58ad28285b9453872d211-DecompressReader_read_12.cnf', '../instances/train/4029fbae284eaf924b37b6f43d3a67fb-WCNF_from_fp_14.cnf', '../instances/train/41a8365f60db55b71d949df6954e0db7-FileObject_open_13.cnf', '../instances/train/558ce551d2b933b7a5f1c7d2a6044930-collections_namedtuple_15.cnf', '../instances/train/72b5ad031bf852634bc081f9da9a5a60-GzipFile_close_11.cnf', '../instances/train/7aaf3275cbe217044ef305f0a1ca8eb5-CNFPlus_from_fp_12.cnf', '../instances/train/824c21545e228872744675ae4ee32976-WCNFPlus_to_alien_14.cnf', '../instances/train/965ca988015c9aee5a1a7b2136c1fe5d-os_fwalk_12.cnf', '../instances/train/a4b05fbc5be28207b704e1fae4b7c8a0-FileObject_open_12.cnf', '../instances/train/ae9b7950ef1513068bb9339893ec8c50-WCNF_to_alien_14.cnf', '../instances/train/af1e84bc2ab44d87d1c4c0cbf9e601c5-posixpath_expanduser_14.cnf', '../instances/train/b09585f2346c207e9e14a3daf0de46cf-CNF_to_alien_11.cnf', '../instances/train/b2145c28dbed385329ea73a06d9c519a-LZMAFile___init___14.cnf', '../instances/train/c32f194ad850c944142c74514dfb3c5f-WCNFPlus_from_fp_13.cnf', '../instances/train/c9af5b23c87350f5d817acc9ca7b69bb-CNF_to_alien_12.cnf', '../instances/train/dd169198070f9aa35015de65e8209a05-LZMAFile_write_12.cnf', '../instances/train/fd2af7622798171f23a4b8d2616df55e-StreamReader_readline_13.cnf']
12: Solved
12: Solved
12: Solved
12: Solved
12: Solved
12: Solved
12: Solved
12: Solved
12: Solved
12: Solved
12: Solved
12: Solved
12: Solved
12: Solved
12: Solved
12: Solved
12: Solved
12: Solved
12: Solved
12: Solved
Getting instances
['/nfs/share/instances/gbd/cnf/11db226d109e82f93aaa3b2604173ff9-posixpath__joinrealpath_13.cnf.xz', '/nfs/share/instances/gbd/cnf/21bde0ebb111c637a1ae8789827b0b73-WCNF_from_fp_13.cnf.xz', '/nfs/share/instances/gbd/cnf/246afd75cb97a21144f368c00252a656-BZ2File_write_11.cnf.xz', '/nfs/share/instances/gbd/cnf/37d40a1092b58ad28285b9453872d211-DecompressReader_read_12.cnf.xz', '/nfs/share/instances/gbd/cnf/4029fbae284eaf924b37b6f43d3a67fb-WCNF_from_fp_14.cnf.xz', '/nfs/share/instances/gbd/cnf/41a8365f60db55b71d949df6954e0db7-FileObject_open_13.cnf.xz', '/nfs/share/instances/gbd/cnf/558ce551d2b933b7a5f1c7d2a6044930-collections_namedtuple_15.cnf.xz', '/nfs/share/instances/gbd/cnf/72b5ad031bf852634bc081f9da9a5a60-GzipFile_close_11.cnf.xz', '/nfs/share/instances/gbd/cnf/7aaf3275cbe217044ef305f0a1ca8eb5-CNFPlus_from_fp_12.cnf.xz', '/nfs/share/instances/gbd/cnf/824c21545e228872744675ae4ee32976-WCNFPlus_to_alien_14.cnf.xz', '/nfs/share/instances/gbd/cnf/965ca988015c9aee5a1a7b2136c1fe5d-os_fwalk_12.cnf.xz', '/nfs/share/instances/gbd/cnf/a4b05fbc5be28207b704e1fae4b7c8a0-FileObject_open_12.cnf.xz', '/nfs/share/instances/gbd/cnf/ae9b7950ef1513068bb9339893ec8c50-WCNF_to_alien_14.cnf.xz', '/nfs/share/instances/gbd/cnf/af1e84bc2ab44d87d1c4c0cbf9e601c5-posixpath_expanduser_14.cnf.xz', '/nfs/share/instances/gbd/cnf/b09585f2346c207e9e14a3daf0de46cf-CNF_to_alien_11.cnf.xz', '/nfs/share/instances/gbd/cnf/b2145c28dbed385329ea73a06d9c519a-LZMAFile___init___14.cnf.xz', '/nfs/share/instances/gbd/cnf/c32f194ad850c944142c74514dfb3c5f-WCNFPlus_from_fp_13.cnf.xz', '/nfs/share/instances/gbd/cnf/c9af5b23c87350f5d817acc9ca7b69bb-CNF_to_alien_12.cnf.xz', '/nfs/share/instances/gbd/cnf/dd169198070f9aa35015de65e8209a05-LZMAFile_write_12.cnf.xz', '/nfs/share/instances/gbd/cnf/fd2af7622798171f23a4b8d2616df55e-StreamReader_readline_13.cnf.xz']
['../instances/train/11db226d109e82f93aaa3b2604173ff9-posixpath__joinrealpath_13.cnf', '../instances/train/21bde0ebb111c637a1ae8789827b0b73-WCNF_from_fp_13.cnf', '../instances/train/246afd75cb97a21144f368c00252a656-BZ2File_write_11.cnf', '../instances/train/37d40a1092b58ad28285b9453872d211-DecompressReader_read_12.cnf', '../instances/train/4029fbae284eaf924b37b6f43d3a67fb-WCNF_from_fp_14.cnf', '../instances/train/41a8365f60db55b71d949df6954e0db7-FileObject_open_13.cnf', '../instances/train/558ce551d2b933b7a5f1c7d2a6044930-collections_namedtuple_15.cnf', '../instances/train/72b5ad031bf852634bc081f9da9a5a60-GzipFile_close_11.cnf', '../instances/train/7aaf3275cbe217044ef305f0a1ca8eb5-CNFPlus_from_fp_12.cnf', '../instances/train/824c21545e228872744675ae4ee32976-WCNFPlus_to_alien_14.cnf', '../instances/train/965ca988015c9aee5a1a7b2136c1fe5d-os_fwalk_12.cnf', '../instances/train/a4b05fbc5be28207b704e1fae4b7c8a0-FileObject_open_12.cnf', '../instances/train/ae9b7950ef1513068bb9339893ec8c50-WCNF_to_alien_14.cnf', '../instances/train/af1e84bc2ab44d87d1c4c0cbf9e601c5-posixpath_expanduser_14.cnf', '../instances/train/b09585f2346c207e9e14a3daf0de46cf-CNF_to_alien_11.cnf', '../instances/train/b2145c28dbed385329ea73a06d9c519a-LZMAFile___init___14.cnf', '../instances/train/c32f194ad850c944142c74514dfb3c5f-WCNFPlus_from_fp_13.cnf', '../instances/train/c9af5b23c87350f5d817acc9ca7b69bb-CNF_to_alien_12.cnf', '../instances/train/dd169198070f9aa35015de65e8209a05-LZMAFile_write_12.cnf', '../instances/train/fd2af7622798171f23a4b8d2616df55e-StreamReader_readline_13.cnf']
12: Solved
12: Solved
12: Solved
12: Solved
12: Solved
12: Solved
12: Solved
12: Solved
12: Solved
12: Solved
12: Solved
12: Solved
12: Solved
12: Solved
12: Solved
12: Solved
12: Solved
12: Solved
12: Solved
12: Solved
Getting instances
['/nfs/share/instances/gbd/cnf/11db226d109e82f93aaa3b2604173ff9-posixpath__joinrealpath_13.cnf.xz', '/nfs/share/instances/gbd/cnf/21bde0ebb111c637a1ae8789827b0b73-WCNF_from_fp_13.cnf.xz', '/nfs/share/instances/gbd/cnf/246afd75cb97a21144f368c00252a656-BZ2File_write_11.cnf.xz', '/nfs/share/instances/gbd/cnf/37d40a1092b58ad28285b9453872d211-DecompressReader_read_12.cnf.xz', '/nfs/share/instances/gbd/cnf/4029fbae284eaf924b37b6f43d3a67fb-WCNF_from_fp_14.cnf.xz', '/nfs/share/instances/gbd/cnf/41a8365f60db55b71d949df6954e0db7-FileObject_open_13.cnf.xz', '/nfs/share/instances/gbd/cnf/558ce551d2b933b7a5f1c7d2a6044930-collections_namedtuple_15.cnf.xz', '/nfs/share/instances/gbd/cnf/72b5ad031bf852634bc081f9da9a5a60-GzipFile_close_11.cnf.xz', '/nfs/share/instances/gbd/cnf/7aaf3275cbe217044ef305f0a1ca8eb5-CNFPlus_from_fp_12.cnf.xz', '/nfs/share/instances/gbd/cnf/824c21545e228872744675ae4ee32976-WCNFPlus_to_alien_14.cnf.xz', '/nfs/share/instances/gbd/cnf/965ca988015c9aee5a1a7b2136c1fe5d-os_fwalk_12.cnf.xz', '/nfs/share/instances/gbd/cnf/a4b05fbc5be28207b704e1fae4b7c8a0-FileObject_open_12.cnf.xz', '/nfs/share/instances/gbd/cnf/ae9b7950ef1513068bb9339893ec8c50-WCNF_to_alien_14.cnf.xz', '/nfs/share/instances/gbd/cnf/af1e84bc2ab44d87d1c4c0cbf9e601c5-posixpath_expanduser_14.cnf.xz', '/nfs/share/instances/gbd/cnf/b09585f2346c207e9e14a3daf0de46cf-CNF_to_alien_11.cnf.xz', '/nfs/share/instances/gbd/cnf/b2145c28dbed385329ea73a06d9c519a-LZMAFile___init___14.cnf.xz', '/nfs/share/instances/gbd/cnf/c32f194ad850c944142c74514dfb3c5f-WCNFPlus_from_fp_13.cnf.xz', '/nfs/share/instances/gbd/cnf/c9af5b23c87350f5d817acc9ca7b69bb-CNF_to_alien_12.cnf.xz', '/nfs/share/instances/gbd/cnf/dd169198070f9aa35015de65e8209a05-LZMAFile_write_12.cnf.xz', '/nfs/share/instances/gbd/cnf/fd2af7622798171f23a4b8d2616df55e-StreamReader_readline_13.cnf.xz']
['../instances/train/11db226d109e82f93aaa3b2604173ff9-posixpath__joinrealpath_13.cnf', '../instances/train/21bde0ebb111c637a1ae8789827b0b73-WCNF_from_fp_13.cnf', '../instances/train/246afd75cb97a21144f368c00252a656-BZ2File_write_11.cnf', '../instances/train/37d40a1092b58ad28285b9453872d211-DecompressReader_read_12.cnf', '../instances/train/4029fbae284eaf924b37b6f43d3a67fb-WCNF_from_fp_14.cnf', '../instances/train/41a8365f60db55b71d949df6954e0db7-FileObject_open_13.cnf', '../instances/train/558ce551d2b933b7a5f1c7d2a6044930-collections_namedtuple_15.cnf', '../instances/train/72b5ad031bf852634bc081f9da9a5a60-GzipFile_close_11.cnf', '../instances/train/7aaf3275cbe217044ef305f0a1ca8eb5-CNFPlus_from_fp_12.cnf', '../instances/train/824c21545e228872744675ae4ee32976-WCNFPlus_to_alien_14.cnf', '../instances/train/965ca988015c9aee5a1a7b2136c1fe5d-os_fwalk_12.cnf', '../instances/train/a4b05fbc5be28207b704e1fae4b7c8a0-FileObject_open_12.cnf', '../instances/train/ae9b7950ef1513068bb9339893ec8c50-WCNF_to_alien_14.cnf', '../instances/train/af1e84bc2ab44d87d1c4c0cbf9e601c5-posixpath_expanduser_14.cnf', '../instances/train/b09585f2346c207e9e14a3daf0de46cf-CNF_to_alien_11.cnf', '../instances/train/b2145c28dbed385329ea73a06d9c519a-LZMAFile___init___14.cnf', '../instances/train/c32f194ad850c944142c74514dfb3c5f-WCNFPlus_from_fp_13.cnf', '../instances/train/c9af5b23c87350f5d817acc9ca7b69bb-CNF_to_alien_12.cnf', '../instances/train/dd169198070f9aa35015de65e8209a05-LZMAFile_write_12.cnf', '../instances/train/fd2af7622798171f23a4b8d2616df55e-StreamReader_readline_13.cnf']
12: Solved
12: Solved
12: Solved
12: Solved
12: Solved
12: Solved
12: Solved
12: Solved
12: Solved
12: Solved
12: Solved
12: Solved
12: Solved
12: Solved
12: Solved
12: Solved
12: Solved
12: Solved
12: Solved
12: Solved
[INFO][abstract_intensifier.py:595] Added config 5ab510 and rejected config 3112da as incumbent because it is not better than the incumbents on 1 instances:
Getting instances
['/nfs/share/instances/gbd/cnf/11db226d109e82f93aaa3b2604173ff9-posixpath__joinrealpath_13.cnf.xz', '/nfs/share/instances/gbd/cnf/21bde0ebb111c637a1ae8789827b0b73-WCNF_from_fp_13.cnf.xz', '/nfs/share/instances/gbd/cnf/246afd75cb97a21144f368c00252a656-BZ2File_write_11.cnf.xz', '/nfs/share/instances/gbd/cnf/37d40a1092b58ad28285b9453872d211-DecompressReader_read_12.cnf.xz', '/nfs/share/instances/gbd/cnf/4029fbae284eaf924b37b6f43d3a67fb-WCNF_from_fp_14.cnf.xz', '/nfs/share/instances/gbd/cnf/41a8365f60db55b71d949df6954e0db7-FileObject_open_13.cnf.xz', '/nfs/share/instances/gbd/cnf/558ce551d2b933b7a5f1c7d2a6044930-collections_namedtuple_15.cnf.xz', '/nfs/share/instances/gbd/cnf/72b5ad031bf852634bc081f9da9a5a60-GzipFile_close_11.cnf.xz', '/nfs/share/instances/gbd/cnf/7aaf3275cbe217044ef305f0a1ca8eb5-CNFPlus_from_fp_12.cnf.xz', '/nfs/share/instances/gbd/cnf/824c21545e228872744675ae4ee32976-WCNFPlus_to_alien_14.cnf.xz', '/nfs/share/instances/gbd/cnf/965ca988015c9aee5a1a7b2136c1fe5d-os_fwalk_12.cnf.xz', '/nfs/share/instances/gbd/cnf/a4b05fbc5be28207b704e1fae4b7c8a0-FileObject_open_12.cnf.xz', '/nfs/share/instances/gbd/cnf/ae9b7950ef1513068bb9339893ec8c50-WCNF_to_alien_14.cnf.xz', '/nfs/share/instances/gbd/cnf/af1e84bc2ab44d87d1c4c0cbf9e601c5-posixpath_expanduser_14.cnf.xz', '/nfs/share/instances/gbd/cnf/b09585f2346c207e9e14a3daf0de46cf-CNF_to_alien_11.cnf.xz', '/nfs/share/instances/gbd/cnf/b2145c28dbed385329ea73a06d9c519a-LZMAFile___init___14.cnf.xz', '/nfs/share/instances/gbd/cnf/c32f194ad850c944142c74514dfb3c5f-WCNFPlus_from_fp_13.cnf.xz', '/nfs/share/instances/gbd/cnf/c9af5b23c87350f5d817acc9ca7b69bb-CNF_to_alien_12.cnf.xz', '/nfs/share/instances/gbd/cnf/dd169198070f9aa35015de65e8209a05-LZMAFile_write_12.cnf.xz', '/nfs/share/instances/gbd/cnf/fd2af7622798171f23a4b8d2616df55e-StreamReader_readline_13.cnf.xz']
['../instances/train/11db226d109e82f93aaa3b2604173ff9-posixpath__joinrealpath_13.cnf', '../instances/train/21bde0ebb111c637a1ae8789827b0b73-WCNF_from_fp_13.cnf', '../instances/train/246afd75cb97a21144f368c00252a656-BZ2File_write_11.cnf', '../instances/train/37d40a1092b58ad28285b9453872d211-DecompressReader_read_12.cnf', '../instances/train/4029fbae284eaf924b37b6f43d3a67fb-WCNF_from_fp_14.cnf', '../instances/train/41a8365f60db55b71d949df6954e0db7-FileObject_open_13.cnf', '../instances/train/558ce551d2b933b7a5f1c7d2a6044930-collections_namedtuple_15.cnf', '../instances/train/72b5ad031bf852634bc081f9da9a5a60-GzipFile_close_11.cnf', '../instances/train/7aaf3275cbe217044ef305f0a1ca8eb5-CNFPlus_from_fp_12.cnf', '../instances/train/824c21545e228872744675ae4ee32976-WCNFPlus_to_alien_14.cnf', '../instances/train/965ca988015c9aee5a1a7b2136c1fe5d-os_fwalk_12.cnf', '../instances/train/a4b05fbc5be28207b704e1fae4b7c8a0-FileObject_open_12.cnf', '../instances/train/ae9b7950ef1513068bb9339893ec8c50-WCNF_to_alien_14.cnf', '../instances/train/af1e84bc2ab44d87d1c4c0cbf9e601c5-posixpath_expanduser_14.cnf', '../instances/train/b09585f2346c207e9e14a3daf0de46cf-CNF_to_alien_11.cnf', '../instances/train/b2145c28dbed385329ea73a06d9c519a-LZMAFile___init___14.cnf', '../instances/train/c32f194ad850c944142c74514dfb3c5f-WCNFPlus_from_fp_13.cnf', '../instances/train/c9af5b23c87350f5d817acc9ca7b69bb-CNF_to_alien_12.cnf', '../instances/train/dd169198070f9aa35015de65e8209a05-LZMAFile_write_12.cnf', '../instances/train/fd2af7622798171f23a4b8d2616df55e-StreamReader_readline_13.cnf']
12: Solved
12: Solved
12: Solved
12: Solved
12: Solved
12: Solved
12: Solved
12: Solved
12: Solved
12: Solved
12: Solved
12: Solved
12: Solved
12: Solved
12: Solved
12: Solved
12: Solved
12: Solved
12: Solved
12: Solved
[INFO][abstract_intensifier.py:595] Added config 6f5ce4 and rejected config 5ab510 as incumbent because it is not better than the incumbents on 1 instances:
Getting instances
['/nfs/share/instances/gbd/cnf/11db226d109e82f93aaa3b2604173ff9-posixpath__joinrealpath_13.cnf.xz', '/nfs/share/instances/gbd/cnf/21bde0ebb111c637a1ae8789827b0b73-WCNF_from_fp_13.cnf.xz', '/nfs/share/instances/gbd/cnf/246afd75cb97a21144f368c00252a656-BZ2File_write_11.cnf.xz', '/nfs/share/instances/gbd/cnf/37d40a1092b58ad28285b9453872d211-DecompressReader_read_12.cnf.xz', '/nfs/share/instances/gbd/cnf/4029fbae284eaf924b37b6f43d3a67fb-WCNF_from_fp_14.cnf.xz', '/nfs/share/instances/gbd/cnf/41a8365f60db55b71d949df6954e0db7-FileObject_open_13.cnf.xz', '/nfs/share/instances/gbd/cnf/558ce551d2b933b7a5f1c7d2a6044930-collections_namedtuple_15.cnf.xz', '/nfs/share/instances/gbd/cnf/72b5ad031bf852634bc081f9da9a5a60-GzipFile_close_11.cnf.xz', '/nfs/share/instances/gbd/cnf/7aaf3275cbe217044ef305f0a1ca8eb5-CNFPlus_from_fp_12.cnf.xz', '/nfs/share/instances/gbd/cnf/824c21545e228872744675ae4ee32976-WCNFPlus_to_alien_14.cnf.xz', '/nfs/share/instances/gbd/cnf/965ca988015c9aee5a1a7b2136c1fe5d-os_fwalk_12.cnf.xz', '/nfs/share/instances/gbd/cnf/a4b05fbc5be28207b704e1fae4b7c8a0-FileObject_open_12.cnf.xz', '/nfs/share/instances/gbd/cnf/ae9b7950ef1513068bb9339893ec8c50-WCNF_to_alien_14.cnf.xz', '/nfs/share/instances/gbd/cnf/af1e84bc2ab44d87d1c4c0cbf9e601c5-posixpath_expanduser_14.cnf.xz', '/nfs/share/instances/gbd/cnf/b09585f2346c207e9e14a3daf0de46cf-CNF_to_alien_11.cnf.xz', '/nfs/share/instances/gbd/cnf/b2145c28dbed385329ea73a06d9c519a-LZMAFile___init___14.cnf.xz', '/nfs/share/instances/gbd/cnf/c32f194ad850c944142c74514dfb3c5f-WCNFPlus_from_fp_13.cnf.xz', '/nfs/share/instances/gbd/cnf/c9af5b23c87350f5d817acc9ca7b69bb-CNF_to_alien_12.cnf.xz', '/nfs/share/instances/gbd/cnf/dd169198070f9aa35015de65e8209a05-LZMAFile_write_12.cnf.xz', '/nfs/share/instances/gbd/cnf/fd2af7622798171f23a4b8d2616df55e-StreamReader_readline_13.cnf.xz']
['../instances/train/11db226d109e82f93aaa3b2604173ff9-posixpath__joinrealpath_13.cnf', '../instances/train/21bde0ebb111c637a1ae8789827b0b73-WCNF_from_fp_13.cnf', '../instances/train/246afd75cb97a21144f368c00252a656-BZ2File_write_11.cnf', '../instances/train/37d40a1092b58ad28285b9453872d211-DecompressReader_read_12.cnf', '../instances/train/4029fbae284eaf924b37b6f43d3a67fb-WCNF_from_fp_14.cnf', '../instances/train/41a8365f60db55b71d949df6954e0db7-FileObject_open_13.cnf', '../instances/train/558ce551d2b933b7a5f1c7d2a6044930-collections_namedtuple_15.cnf', '../instances/train/72b5ad031bf852634bc081f9da9a5a60-GzipFile_close_11.cnf', '../instances/train/7aaf3275cbe217044ef305f0a1ca8eb5-CNFPlus_from_fp_12.cnf', '../instances/train/824c21545e228872744675ae4ee32976-WCNFPlus_to_alien_14.cnf', '../instances/train/965ca988015c9aee5a1a7b2136c1fe5d-os_fwalk_12.cnf', '../instances/train/a4b05fbc5be28207b704e1fae4b7c8a0-FileObject_open_12.cnf', '../instances/train/ae9b7950ef1513068bb9339893ec8c50-WCNF_to_alien_14.cnf', '../instances/train/af1e84bc2ab44d87d1c4c0cbf9e601c5-posixpath_expanduser_14.cnf', '../instances/train/b09585f2346c207e9e14a3daf0de46cf-CNF_to_alien_11.cnf', '../instances/train/b2145c28dbed385329ea73a06d9c519a-LZMAFile___init___14.cnf', '../instances/train/c32f194ad850c944142c74514dfb3c5f-WCNFPlus_from_fp_13.cnf', '../instances/train/c9af5b23c87350f5d817acc9ca7b69bb-CNF_to_alien_12.cnf', '../instances/train/dd169198070f9aa35015de65e8209a05-LZMAFile_write_12.cnf', '../instances/train/fd2af7622798171f23a4b8d2616df55e-StreamReader_readline_13.cnf']
12: Solved
12: Solved
12: Solved
12: Solved
12: Solved
12: Solved
12: Solved
12: Solved
12: Solved
12: Solved
12: Solved
12: Solved
12: Solved
12: Solved
12: Solved
12: Solved
12: Solved
12: Solved
12: Solved
12: Solved
[INFO][smbo.py:328] Configuration budget is exhausted:
[INFO][smbo.py:329] --- Remaining wallclock time: inf
[INFO][smbo.py:330] --- Remaining cpu time: inf
[INFO][smbo.py:331] --- Remaining trials: 0
Configuration(values={
  'backbone': 2,
  'congruenceands': 'false',
  'congruencexors': 'true',
  'phase': 'false',
  'probeint': 966,
  'restartint': 226,
  'sweepclauses': 1647130177,
  'target': 2,
  'vivifyirr': 4,
  'congruencexorarity': 15,
})
