Setting up config
Starting smac
[INFO][abstract_initial_design.py:95] Reducing the number of initial configurations from 110 to 2 (max_ratio == 0.25).
[INFO][abstract_initial_design.py:147] Using 2 initial design configurations and 0 additional configurations.
[INFO][abstract_intensifier.py:306] Using only one seed for deterministic scenario.
Getting instances
['/nfs/share/instances/gbd/cnf/008e7716c69009090ff6bd0048dc55f8-SAT_dat.k10.cnf.xz', '/nfs/share/instances/gbd/cnf/01dd5feb463fa80f73809718f6ff735b-10pipe_q0_k.cnf.xz', '/nfs/share/instances/gbd/cnf/1427381a809c64c721838894ece6756d-shuffling-2-s25242449-of-bench-sat04-727.used-as.sat04-753.cnf.xz', '/nfs/share/instances/gbd/cnf/2ef023ae6c46e4415734f9349a36d678-velev-pipe-o-uns-1.0-7.cnf.xz', '/nfs/share/instances/gbd/cnf/34fa0922e66aee3b6f6ffe1760f459d4-f9idw.cnf.xz', '/nfs/share/instances/gbd/cnf/727cd7c528ac106f134cc882c9202108-15pipe_q0_k.cnf.xz', '/nfs/share/instances/gbd/cnf/907e7dc703e16ad2c7e56a33fe3b3e5f-manol-pipe-g10bid_i.cnf.xz', '/nfs/share/instances/gbd/cnf/a552a058e6376a36b1f1b2724f228364-IBM_FV_2004_rule_batch_1_31_1_SAT_dat.k40.debugged.cnf.xz', '/nfs/share/instances/gbd/cnf/d1f4348ad66cae01386777daae51c024-eqspctbk14spwtcl14.cnf.xz', '/nfs/share/instances/gbd/cnf/dcf5b8224d1e0748871c83ee10067255-2dlx_ca_bp_f_liveness.cnf.xz']
['../instances/train/008e7716c69009090ff6bd0048dc55f8-SAT_dat.k10.cnf', '../instances/train/01dd5feb463fa80f73809718f6ff735b-10pipe_q0_k.cnf', '../instances/train/1427381a809c64c721838894ece6756d-shuffling-2-s25242449-of-bench-sat04-727.used-as.sat04-753.cnf', '../instances/train/2ef023ae6c46e4415734f9349a36d678-velev-pipe-o-uns-1.0-7.cnf', '../instances/train/34fa0922e66aee3b6f6ffe1760f459d4-f9idw.cnf', '../instances/train/727cd7c528ac106f134cc882c9202108-15pipe_q0_k.cnf', '../instances/train/907e7dc703e16ad2c7e56a33fe3b3e5f-manol-pipe-g10bid_i.cnf', '../instances/train/a552a058e6376a36b1f1b2724f228364-IBM_FV_2004_rule_batch_1_31_1_SAT_dat.k40.debugged.cnf', '../instances/train/d1f4348ad66cae01386777daae51c024-eqspctbk14spwtcl14.cnf', '../instances/train/dcf5b8224d1e0748871c83ee10067255-2dlx_ca_bp_f_liveness.cnf']
27: Solved
27: Timeout
27: Solved
27: Solved
27: Solved
27: Timeout
27: Solved
27: Timeout
27: Timeout
27: Timeout
[INFO][abstract_intensifier.py:516] Added config 3112da as new incumbent because there are no incumbents yet.
Getting instances
['/nfs/share/instances/gbd/cnf/008e7716c69009090ff6bd0048dc55f8-SAT_dat.k10.cnf.xz', '/nfs/share/instances/gbd/cnf/01dd5feb463fa80f73809718f6ff735b-10pipe_q0_k.cnf.xz', '/nfs/share/instances/gbd/cnf/1427381a809c64c721838894ece6756d-shuffling-2-s25242449-of-bench-sat04-727.used-as.sat04-753.cnf.xz', '/nfs/share/instances/gbd/cnf/2ef023ae6c46e4415734f9349a36d678-velev-pipe-o-uns-1.0-7.cnf.xz', '/nfs/share/instances/gbd/cnf/34fa0922e66aee3b6f6ffe1760f459d4-f9idw.cnf.xz', '/nfs/share/instances/gbd/cnf/727cd7c528ac106f134cc882c9202108-15pipe_q0_k.cnf.xz', '/nfs/share/instances/gbd/cnf/907e7dc703e16ad2c7e56a33fe3b3e5f-manol-pipe-g10bid_i.cnf.xz', '/nfs/share/instances/gbd/cnf/a552a058e6376a36b1f1b2724f228364-IBM_FV_2004_rule_batch_1_31_1_SAT_dat.k40.debugged.cnf.xz', '/nfs/share/instances/gbd/cnf/d1f4348ad66cae01386777daae51c024-eqspctbk14spwtcl14.cnf.xz', '/nfs/share/instances/gbd/cnf/dcf5b8224d1e0748871c83ee10067255-2dlx_ca_bp_f_liveness.cnf.xz']
['../instances/train/008e7716c69009090ff6bd0048dc55f8-SAT_dat.k10.cnf', '../instances/train/01dd5feb463fa80f73809718f6ff735b-10pipe_q0_k.cnf', '../instances/train/1427381a809c64c721838894ece6756d-shuffling-2-s25242449-of-bench-sat04-727.used-as.sat04-753.cnf', '../instances/train/2ef023ae6c46e4415734f9349a36d678-velev-pipe-o-uns-1.0-7.cnf', '../instances/train/34fa0922e66aee3b6f6ffe1760f459d4-f9idw.cnf', '../instances/train/727cd7c528ac106f134cc882c9202108-15pipe_q0_k.cnf', '../instances/train/907e7dc703e16ad2c7e56a33fe3b3e5f-manol-pipe-g10bid_i.cnf', '../instances/train/a552a058e6376a36b1f1b2724f228364-IBM_FV_2004_rule_batch_1_31_1_SAT_dat.k40.debugged.cnf', '../instances/train/d1f4348ad66cae01386777daae51c024-eqspctbk14spwtcl14.cnf', '../instances/train/dcf5b8224d1e0748871c83ee10067255-2dlx_ca_bp_f_liveness.cnf']
27: Solved
27: Timeout
27: Solved
27: Solved
27: Solved
27: Timeout
27: Solved
27: Solved
27: Timeout
27: Timeout
[INFO][abstract_intensifier.py:595] Added config 7568d0 and rejected config 3112da as incumbent because it is not better than the incumbents on 1 instances:
Getting instances
['/nfs/share/instances/gbd/cnf/008e7716c69009090ff6bd0048dc55f8-SAT_dat.k10.cnf.xz', '/nfs/share/instances/gbd/cnf/01dd5feb463fa80f73809718f6ff735b-10pipe_q0_k.cnf.xz', '/nfs/share/instances/gbd/cnf/1427381a809c64c721838894ece6756d-shuffling-2-s25242449-of-bench-sat04-727.used-as.sat04-753.cnf.xz', '/nfs/share/instances/gbd/cnf/2ef023ae6c46e4415734f9349a36d678-velev-pipe-o-uns-1.0-7.cnf.xz', '/nfs/share/instances/gbd/cnf/34fa0922e66aee3b6f6ffe1760f459d4-f9idw.cnf.xz', '/nfs/share/instances/gbd/cnf/727cd7c528ac106f134cc882c9202108-15pipe_q0_k.cnf.xz', '/nfs/share/instances/gbd/cnf/907e7dc703e16ad2c7e56a33fe3b3e5f-manol-pipe-g10bid_i.cnf.xz', '/nfs/share/instances/gbd/cnf/a552a058e6376a36b1f1b2724f228364-IBM_FV_2004_rule_batch_1_31_1_SAT_dat.k40.debugged.cnf.xz', '/nfs/share/instances/gbd/cnf/d1f4348ad66cae01386777daae51c024-eqspctbk14spwtcl14.cnf.xz', '/nfs/share/instances/gbd/cnf/dcf5b8224d1e0748871c83ee10067255-2dlx_ca_bp_f_liveness.cnf.xz']
['../instances/train/008e7716c69009090ff6bd0048dc55f8-SAT_dat.k10.cnf', '../instances/train/01dd5feb463fa80f73809718f6ff735b-10pipe_q0_k.cnf', '../instances/train/1427381a809c64c721838894ece6756d-shuffling-2-s25242449-of-bench-sat04-727.used-as.sat04-753.cnf', '../instances/train/2ef023ae6c46e4415734f9349a36d678-velev-pipe-o-uns-1.0-7.cnf', '../instances/train/34fa0922e66aee3b6f6ffe1760f459d4-f9idw.cnf', '../instances/train/727cd7c528ac106f134cc882c9202108-15pipe_q0_k.cnf', '../instances/train/907e7dc703e16ad2c7e56a33fe3b3e5f-manol-pipe-g10bid_i.cnf', '../instances/train/a552a058e6376a36b1f1b2724f228364-IBM_FV_2004_rule_batch_1_31_1_SAT_dat.k40.debugged.cnf', '../instances/train/d1f4348ad66cae01386777daae51c024-eqspctbk14spwtcl14.cnf', '../instances/train/dcf5b8224d1e0748871c83ee10067255-2dlx_ca_bp_f_liveness.cnf']
27: Solved
27: Timeout
27: Solved
27: Solved
27: Solved
27: Timeout
27: Solved
27: Timeout
27: Timeout
27: Timeout
Getting instances
['/nfs/share/instances/gbd/cnf/008e7716c69009090ff6bd0048dc55f8-SAT_dat.k10.cnf.xz', '/nfs/share/instances/gbd/cnf/01dd5feb463fa80f73809718f6ff735b-10pipe_q0_k.cnf.xz', '/nfs/share/instances/gbd/cnf/1427381a809c64c721838894ece6756d-shuffling-2-s25242449-of-bench-sat04-727.used-as.sat04-753.cnf.xz', '/nfs/share/instances/gbd/cnf/2ef023ae6c46e4415734f9349a36d678-velev-pipe-o-uns-1.0-7.cnf.xz', '/nfs/share/instances/gbd/cnf/34fa0922e66aee3b6f6ffe1760f459d4-f9idw.cnf.xz', '/nfs/share/instances/gbd/cnf/727cd7c528ac106f134cc882c9202108-15pipe_q0_k.cnf.xz', '/nfs/share/instances/gbd/cnf/907e7dc703e16ad2c7e56a33fe3b3e5f-manol-pipe-g10bid_i.cnf.xz', '/nfs/share/instances/gbd/cnf/a552a058e6376a36b1f1b2724f228364-IBM_FV_2004_rule_batch_1_31_1_SAT_dat.k40.debugged.cnf.xz', '/nfs/share/instances/gbd/cnf/d1f4348ad66cae01386777daae51c024-eqspctbk14spwtcl14.cnf.xz', '/nfs/share/instances/gbd/cnf/dcf5b8224d1e0748871c83ee10067255-2dlx_ca_bp_f_liveness.cnf.xz']
['../instances/train/008e7716c69009090ff6bd0048dc55f8-SAT_dat.k10.cnf', '../instances/train/01dd5feb463fa80f73809718f6ff735b-10pipe_q0_k.cnf', '../instances/train/1427381a809c64c721838894ece6756d-shuffling-2-s25242449-of-bench-sat04-727.used-as.sat04-753.cnf', '../instances/train/2ef023ae6c46e4415734f9349a36d678-velev-pipe-o-uns-1.0-7.cnf', '../instances/train/34fa0922e66aee3b6f6ffe1760f459d4-f9idw.cnf', '../instances/train/727cd7c528ac106f134cc882c9202108-15pipe_q0_k.cnf', '../instances/train/907e7dc703e16ad2c7e56a33fe3b3e5f-manol-pipe-g10bid_i.cnf', '../instances/train/a552a058e6376a36b1f1b2724f228364-IBM_FV_2004_rule_batch_1_31_1_SAT_dat.k40.debugged.cnf', '../instances/train/d1f4348ad66cae01386777daae51c024-eqspctbk14spwtcl14.cnf', '../instances/train/dcf5b8224d1e0748871c83ee10067255-2dlx_ca_bp_f_liveness.cnf']
27: Solved
27: Timeout
27: Solved
27: Solved
27: Solved
27: Timeout
27: Solved
27: Solved
27: Timeout
27: Timeout
[INFO][abstract_intensifier.py:595] Added config 2b3f63 and rejected config 7568d0 as incumbent because it is not better than the incumbents on 1 instances:
Getting instances
['/nfs/share/instances/gbd/cnf/008e7716c69009090ff6bd0048dc55f8-SAT_dat.k10.cnf.xz', '/nfs/share/instances/gbd/cnf/01dd5feb463fa80f73809718f6ff735b-10pipe_q0_k.cnf.xz', '/nfs/share/instances/gbd/cnf/1427381a809c64c721838894ece6756d-shuffling-2-s25242449-of-bench-sat04-727.used-as.sat04-753.cnf.xz', '/nfs/share/instances/gbd/cnf/2ef023ae6c46e4415734f9349a36d678-velev-pipe-o-uns-1.0-7.cnf.xz', '/nfs/share/instances/gbd/cnf/34fa0922e66aee3b6f6ffe1760f459d4-f9idw.cnf.xz', '/nfs/share/instances/gbd/cnf/727cd7c528ac106f134cc882c9202108-15pipe_q0_k.cnf.xz', '/nfs/share/instances/gbd/cnf/907e7dc703e16ad2c7e56a33fe3b3e5f-manol-pipe-g10bid_i.cnf.xz', '/nfs/share/instances/gbd/cnf/a552a058e6376a36b1f1b2724f228364-IBM_FV_2004_rule_batch_1_31_1_SAT_dat.k40.debugged.cnf.xz', '/nfs/share/instances/gbd/cnf/d1f4348ad66cae01386777daae51c024-eqspctbk14spwtcl14.cnf.xz', '/nfs/share/instances/gbd/cnf/dcf5b8224d1e0748871c83ee10067255-2dlx_ca_bp_f_liveness.cnf.xz']
['../instances/train/008e7716c69009090ff6bd0048dc55f8-SAT_dat.k10.cnf', '../instances/train/01dd5feb463fa80f73809718f6ff735b-10pipe_q0_k.cnf', '../instances/train/1427381a809c64c721838894ece6756d-shuffling-2-s25242449-of-bench-sat04-727.used-as.sat04-753.cnf', '../instances/train/2ef023ae6c46e4415734f9349a36d678-velev-pipe-o-uns-1.0-7.cnf', '../instances/train/34fa0922e66aee3b6f6ffe1760f459d4-f9idw.cnf', '../instances/train/727cd7c528ac106f134cc882c9202108-15pipe_q0_k.cnf', '../instances/train/907e7dc703e16ad2c7e56a33fe3b3e5f-manol-pipe-g10bid_i.cnf', '../instances/train/a552a058e6376a36b1f1b2724f228364-IBM_FV_2004_rule_batch_1_31_1_SAT_dat.k40.debugged.cnf', '../instances/train/d1f4348ad66cae01386777daae51c024-eqspctbk14spwtcl14.cnf', '../instances/train/dcf5b8224d1e0748871c83ee10067255-2dlx_ca_bp_f_liveness.cnf']
27: Solved
27: Timeout
27: Solved
27: Solved
27: Solved
27: Timeout
27: Solved
27: Solved
27: Timeout
27: Timeout
Getting instances
['/nfs/share/instances/gbd/cnf/008e7716c69009090ff6bd0048dc55f8-SAT_dat.k10.cnf.xz', '/nfs/share/instances/gbd/cnf/01dd5feb463fa80f73809718f6ff735b-10pipe_q0_k.cnf.xz', '/nfs/share/instances/gbd/cnf/1427381a809c64c721838894ece6756d-shuffling-2-s25242449-of-bench-sat04-727.used-as.sat04-753.cnf.xz', '/nfs/share/instances/gbd/cnf/2ef023ae6c46e4415734f9349a36d678-velev-pipe-o-uns-1.0-7.cnf.xz', '/nfs/share/instances/gbd/cnf/34fa0922e66aee3b6f6ffe1760f459d4-f9idw.cnf.xz', '/nfs/share/instances/gbd/cnf/727cd7c528ac106f134cc882c9202108-15pipe_q0_k.cnf.xz', '/nfs/share/instances/gbd/cnf/907e7dc703e16ad2c7e56a33fe3b3e5f-manol-pipe-g10bid_i.cnf.xz', '/nfs/share/instances/gbd/cnf/a552a058e6376a36b1f1b2724f228364-IBM_FV_2004_rule_batch_1_31_1_SAT_dat.k40.debugged.cnf.xz', '/nfs/share/instances/gbd/cnf/d1f4348ad66cae01386777daae51c024-eqspctbk14spwtcl14.cnf.xz', '/nfs/share/instances/gbd/cnf/dcf5b8224d1e0748871c83ee10067255-2dlx_ca_bp_f_liveness.cnf.xz']
['../instances/train/008e7716c69009090ff6bd0048dc55f8-SAT_dat.k10.cnf', '../instances/train/01dd5feb463fa80f73809718f6ff735b-10pipe_q0_k.cnf', '../instances/train/1427381a809c64c721838894ece6756d-shuffling-2-s25242449-of-bench-sat04-727.used-as.sat04-753.cnf', '../instances/train/2ef023ae6c46e4415734f9349a36d678-velev-pipe-o-uns-1.0-7.cnf', '../instances/train/34fa0922e66aee3b6f6ffe1760f459d4-f9idw.cnf', '../instances/train/727cd7c528ac106f134cc882c9202108-15pipe_q0_k.cnf', '../instances/train/907e7dc703e16ad2c7e56a33fe3b3e5f-manol-pipe-g10bid_i.cnf', '../instances/train/a552a058e6376a36b1f1b2724f228364-IBM_FV_2004_rule_batch_1_31_1_SAT_dat.k40.debugged.cnf', '../instances/train/d1f4348ad66cae01386777daae51c024-eqspctbk14spwtcl14.cnf', '../instances/train/dcf5b8224d1e0748871c83ee10067255-2dlx_ca_bp_f_liveness.cnf']
27: Solved
27: Timeout
27: Solved
27: Solved
27: Solved
27: Timeout
27: Solved
27: Solved
27: Timeout
27: Timeout
[INFO][abstract_intensifier.py:595] Added config 64522a and rejected config 2b3f63 as incumbent because it is not better than the incumbents on 1 instances:
Getting instances
['/nfs/share/instances/gbd/cnf/008e7716c69009090ff6bd0048dc55f8-SAT_dat.k10.cnf.xz', '/nfs/share/instances/gbd/cnf/01dd5feb463fa80f73809718f6ff735b-10pipe_q0_k.cnf.xz', '/nfs/share/instances/gbd/cnf/1427381a809c64c721838894ece6756d-shuffling-2-s25242449-of-bench-sat04-727.used-as.sat04-753.cnf.xz', '/nfs/share/instances/gbd/cnf/2ef023ae6c46e4415734f9349a36d678-velev-pipe-o-uns-1.0-7.cnf.xz', '/nfs/share/instances/gbd/cnf/34fa0922e66aee3b6f6ffe1760f459d4-f9idw.cnf.xz', '/nfs/share/instances/gbd/cnf/727cd7c528ac106f134cc882c9202108-15pipe_q0_k.cnf.xz', '/nfs/share/instances/gbd/cnf/907e7dc703e16ad2c7e56a33fe3b3e5f-manol-pipe-g10bid_i.cnf.xz', '/nfs/share/instances/gbd/cnf/a552a058e6376a36b1f1b2724f228364-IBM_FV_2004_rule_batch_1_31_1_SAT_dat.k40.debugged.cnf.xz', '/nfs/share/instances/gbd/cnf/d1f4348ad66cae01386777daae51c024-eqspctbk14spwtcl14.cnf.xz', '/nfs/share/instances/gbd/cnf/dcf5b8224d1e0748871c83ee10067255-2dlx_ca_bp_f_liveness.cnf.xz']
['../instances/train/008e7716c69009090ff6bd0048dc55f8-SAT_dat.k10.cnf', '../instances/train/01dd5feb463fa80f73809718f6ff735b-10pipe_q0_k.cnf', '../instances/train/1427381a809c64c721838894ece6756d-shuffling-2-s25242449-of-bench-sat04-727.used-as.sat04-753.cnf', '../instances/train/2ef023ae6c46e4415734f9349a36d678-velev-pipe-o-uns-1.0-7.cnf', '../instances/train/34fa0922e66aee3b6f6ffe1760f459d4-f9idw.cnf', '../instances/train/727cd7c528ac106f134cc882c9202108-15pipe_q0_k.cnf', '../instances/train/907e7dc703e16ad2c7e56a33fe3b3e5f-manol-pipe-g10bid_i.cnf', '../instances/train/a552a058e6376a36b1f1b2724f228364-IBM_FV_2004_rule_batch_1_31_1_SAT_dat.k40.debugged.cnf', '../instances/train/d1f4348ad66cae01386777daae51c024-eqspctbk14spwtcl14.cnf', '../instances/train/dcf5b8224d1e0748871c83ee10067255-2dlx_ca_bp_f_liveness.cnf']
27: Solved
27: Timeout
27: Solved
27: Solved
27: Solved
27: Timeout
27: Solved
27: Solved
27: Timeout
27: Timeout
[INFO][abstract_intensifier.py:595] Added config c6e2d6 and rejected config 64522a as incumbent because it is not better than the incumbents on 1 instances:
Getting instances
['/nfs/share/instances/gbd/cnf/008e7716c69009090ff6bd0048dc55f8-SAT_dat.k10.cnf.xz', '/nfs/share/instances/gbd/cnf/01dd5feb463fa80f73809718f6ff735b-10pipe_q0_k.cnf.xz', '/nfs/share/instances/gbd/cnf/1427381a809c64c721838894ece6756d-shuffling-2-s25242449-of-bench-sat04-727.used-as.sat04-753.cnf.xz', '/nfs/share/instances/gbd/cnf/2ef023ae6c46e4415734f9349a36d678-velev-pipe-o-uns-1.0-7.cnf.xz', '/nfs/share/instances/gbd/cnf/34fa0922e66aee3b6f6ffe1760f459d4-f9idw.cnf.xz', '/nfs/share/instances/gbd/cnf/727cd7c528ac106f134cc882c9202108-15pipe_q0_k.cnf.xz', '/nfs/share/instances/gbd/cnf/907e7dc703e16ad2c7e56a33fe3b3e5f-manol-pipe-g10bid_i.cnf.xz', '/nfs/share/instances/gbd/cnf/a552a058e6376a36b1f1b2724f228364-IBM_FV_2004_rule_batch_1_31_1_SAT_dat.k40.debugged.cnf.xz', '/nfs/share/instances/gbd/cnf/d1f4348ad66cae01386777daae51c024-eqspctbk14spwtcl14.cnf.xz', '/nfs/share/instances/gbd/cnf/dcf5b8224d1e0748871c83ee10067255-2dlx_ca_bp_f_liveness.cnf.xz']
['../instances/train/008e7716c69009090ff6bd0048dc55f8-SAT_dat.k10.cnf', '../instances/train/01dd5feb463fa80f73809718f6ff735b-10pipe_q0_k.cnf', '../instances/train/1427381a809c64c721838894ece6756d-shuffling-2-s25242449-of-bench-sat04-727.used-as.sat04-753.cnf', '../instances/train/2ef023ae6c46e4415734f9349a36d678-velev-pipe-o-uns-1.0-7.cnf', '../instances/train/34fa0922e66aee3b6f6ffe1760f459d4-f9idw.cnf', '../instances/train/727cd7c528ac106f134cc882c9202108-15pipe_q0_k.cnf', '../instances/train/907e7dc703e16ad2c7e56a33fe3b3e5f-manol-pipe-g10bid_i.cnf', '../instances/train/a552a058e6376a36b1f1b2724f228364-IBM_FV_2004_rule_batch_1_31_1_SAT_dat.k40.debugged.cnf', '../instances/train/d1f4348ad66cae01386777daae51c024-eqspctbk14spwtcl14.cnf', '../instances/train/dcf5b8224d1e0748871c83ee10067255-2dlx_ca_bp_f_liveness.cnf']
27: Solved
27: Timeout
27: Solved
27: Solved
27: Solved
27: Timeout
27: Solved
27: Timeout
27: Timeout
27: Timeout
Getting instances
['/nfs/share/instances/gbd/cnf/008e7716c69009090ff6bd0048dc55f8-SAT_dat.k10.cnf.xz', '/nfs/share/instances/gbd/cnf/01dd5feb463fa80f73809718f6ff735b-10pipe_q0_k.cnf.xz', '/nfs/share/instances/gbd/cnf/1427381a809c64c721838894ece6756d-shuffling-2-s25242449-of-bench-sat04-727.used-as.sat04-753.cnf.xz', '/nfs/share/instances/gbd/cnf/2ef023ae6c46e4415734f9349a36d678-velev-pipe-o-uns-1.0-7.cnf.xz', '/nfs/share/instances/gbd/cnf/34fa0922e66aee3b6f6ffe1760f459d4-f9idw.cnf.xz', '/nfs/share/instances/gbd/cnf/727cd7c528ac106f134cc882c9202108-15pipe_q0_k.cnf.xz', '/nfs/share/instances/gbd/cnf/907e7dc703e16ad2c7e56a33fe3b3e5f-manol-pipe-g10bid_i.cnf.xz', '/nfs/share/instances/gbd/cnf/a552a058e6376a36b1f1b2724f228364-IBM_FV_2004_rule_batch_1_31_1_SAT_dat.k40.debugged.cnf.xz', '/nfs/share/instances/gbd/cnf/d1f4348ad66cae01386777daae51c024-eqspctbk14spwtcl14.cnf.xz', '/nfs/share/instances/gbd/cnf/dcf5b8224d1e0748871c83ee10067255-2dlx_ca_bp_f_liveness.cnf.xz']
['../instances/train/008e7716c69009090ff6bd0048dc55f8-SAT_dat.k10.cnf', '../instances/train/01dd5feb463fa80f73809718f6ff735b-10pipe_q0_k.cnf', '../instances/train/1427381a809c64c721838894ece6756d-shuffling-2-s25242449-of-bench-sat04-727.used-as.sat04-753.cnf', '../instances/train/2ef023ae6c46e4415734f9349a36d678-velev-pipe-o-uns-1.0-7.cnf', '../instances/train/34fa0922e66aee3b6f6ffe1760f459d4-f9idw.cnf', '../instances/train/727cd7c528ac106f134cc882c9202108-15pipe_q0_k.cnf', '../instances/train/907e7dc703e16ad2c7e56a33fe3b3e5f-manol-pipe-g10bid_i.cnf', '../instances/train/a552a058e6376a36b1f1b2724f228364-IBM_FV_2004_rule_batch_1_31_1_SAT_dat.k40.debugged.cnf', '../instances/train/d1f4348ad66cae01386777daae51c024-eqspctbk14spwtcl14.cnf', '../instances/train/dcf5b8224d1e0748871c83ee10067255-2dlx_ca_bp_f_liveness.cnf']
27: Solved
27: Timeout
27: Solved
27: Solved
27: Solved
27: Timeout
27: Solved
27: Solved
27: Timeout
27: Timeout
Getting instances
['/nfs/share/instances/gbd/cnf/008e7716c69009090ff6bd0048dc55f8-SAT_dat.k10.cnf.xz', '/nfs/share/instances/gbd/cnf/01dd5feb463fa80f73809718f6ff735b-10pipe_q0_k.cnf.xz', '/nfs/share/instances/gbd/cnf/1427381a809c64c721838894ece6756d-shuffling-2-s25242449-of-bench-sat04-727.used-as.sat04-753.cnf.xz', '/nfs/share/instances/gbd/cnf/2ef023ae6c46e4415734f9349a36d678-velev-pipe-o-uns-1.0-7.cnf.xz', '/nfs/share/instances/gbd/cnf/34fa0922e66aee3b6f6ffe1760f459d4-f9idw.cnf.xz', '/nfs/share/instances/gbd/cnf/727cd7c528ac106f134cc882c9202108-15pipe_q0_k.cnf.xz', '/nfs/share/instances/gbd/cnf/907e7dc703e16ad2c7e56a33fe3b3e5f-manol-pipe-g10bid_i.cnf.xz', '/nfs/share/instances/gbd/cnf/a552a058e6376a36b1f1b2724f228364-IBM_FV_2004_rule_batch_1_31_1_SAT_dat.k40.debugged.cnf.xz', '/nfs/share/instances/gbd/cnf/d1f4348ad66cae01386777daae51c024-eqspctbk14spwtcl14.cnf.xz', '/nfs/share/instances/gbd/cnf/dcf5b8224d1e0748871c83ee10067255-2dlx_ca_bp_f_liveness.cnf.xz']
['../instances/train/008e7716c69009090ff6bd0048dc55f8-SAT_dat.k10.cnf', '../instances/train/01dd5feb463fa80f73809718f6ff735b-10pipe_q0_k.cnf', '../instances/train/1427381a809c64c721838894ece6756d-shuffling-2-s25242449-of-bench-sat04-727.used-as.sat04-753.cnf', '../instances/train/2ef023ae6c46e4415734f9349a36d678-velev-pipe-o-uns-1.0-7.cnf', '../instances/train/34fa0922e66aee3b6f6ffe1760f459d4-f9idw.cnf', '../instances/train/727cd7c528ac106f134cc882c9202108-15pipe_q0_k.cnf', '../instances/train/907e7dc703e16ad2c7e56a33fe3b3e5f-manol-pipe-g10bid_i.cnf', '../instances/train/a552a058e6376a36b1f1b2724f228364-IBM_FV_2004_rule_batch_1_31_1_SAT_dat.k40.debugged.cnf', '../instances/train/d1f4348ad66cae01386777daae51c024-eqspctbk14spwtcl14.cnf', '../instances/train/dcf5b8224d1e0748871c83ee10067255-2dlx_ca_bp_f_liveness.cnf']
27: Solved
27: Timeout
27: Solved
27: Solved
27: Solved
27: Timeout
27: Solved
27: Solved
27: Timeout
27: Timeout
[INFO][smbo.py:328] Configuration budget is exhausted:
[INFO][smbo.py:329] --- Remaining wallclock time: inf
[INFO][smbo.py:330] --- Remaining cpu time: inf
[INFO][smbo.py:331] --- Remaining trials: 0
Configuration(values={
  'backbone': 1,
  'congruenceands': 'false',
  'congruencexors': 'false',
  'phase': 'true',
  'probeint': 205,
  'restartint': 8535,
  'sweepclauses': 1099993009,
  'target': 0,
  'vivifyirr': 52,
})
