Getting instances
['/nfs/share/instances/gbd/cnf/096e485489025895cdc59887baafa08b-test_v7_r17_vr5_c1_s25451.smt2-cvc4.cnf.xz', '/nfs/share/instances/gbd/cnf/0e5ffe8651c6d9c3cccc3f6cb72be39a-g2-test_v5_r10_vr10_c1_s21502.smt2-cvc4.cnf.xz', '/nfs/share/instances/gbd/cnf/1165e12b6addad01b491c4616306186c-mulhs016-sc2009.cnf.xz', '/nfs/share/instances/gbd/cnf/28e45a3e488ddac73b6116cc6f3e67e0-g2-T99.2.0.cnf.xz', '/nfs/share/instances/gbd/cnf/3b59c5d9b6729f39c8483446701f4ed0-g2-T93.2.1.cnf.xz', '/nfs/share/instances/gbd/cnf/4106867bc76b8794330a205cf8a303ad-bvsub_19952.smt2.cnf.xz', '/nfs/share/instances/gbd/cnf/543e67dd5abc272c37775b1b742a1d9a-qwh.60.1728.shuffled-as.sat03-1659.cnf.xz', '/nfs/share/instances/gbd/cnf/70ef2b6bdc4101a0e35cf3d165571fe3-qwh.50.1250.shuffled-as.sat03-1655.cnf.xz', '/nfs/share/instances/gbd/cnf/88d151d4e3c6ba9bd78454de141cd108-T105.2.0.cnf.xz', '/nfs/share/instances/gbd/cnf/8cf6b81061285343c4f33c51afdb3fbb-minxor128.cnf.xz', '/nfs/share/instances/gbd/cnf/a931fb0e1490883ee7719eab96ed558a-T87.2.0.cnf.xz', '/nfs/share/instances/gbd/cnf/ad69e0a0880cd377e26260f7e4bc6d51-g2-T49.2.0.cnf.xz']
Config --backbone=0
Number args:12
Starting pool with 16 threads and 16 instances
Process exited with expected code 10, no error: 
19: Solved
SOLVED: Instance /nfs/home/rzipperer/git/Kissat_hyperparamoptimization/instances/train/70ef2b6bdc4101a0e35cf3d165571fe3-qwh.50.1250.shuffled-as.sat03-1655.cnfwas solved after 45.148152112960815 seconds
Result added to total
Process exited with expected code 20, no error: 
19: Solved
SOLVED: Instance /nfs/home/rzipperer/git/Kissat_hyperparamoptimization/instances/train/28e45a3e488ddac73b6116cc6f3e67e0-g2-T99.2.0.cnfwas solved after 144.63173246383667 seconds
Result added to total
Process exited with expected code 10, no error: 
19: Solved
SOLVED: Instance /nfs/home/rzipperer/git/Kissat_hyperparamoptimization/instances/train/543e67dd5abc272c37775b1b742a1d9a-qwh.60.1728.shuffled-as.sat03-1659.cnfwas solved after 165.24991869926453 seconds
Result added to total
Process exited with expected code 20, no error: 
19: Solved
SOLVED: Instance /nfs/home/rzipperer/git/Kissat_hyperparamoptimization/instances/train/0e5ffe8651c6d9c3cccc3f6cb72be39a-g2-test_v5_r10_vr10_c1_s21502.smt2-cvc4.cnfwas solved after 805.3366765975952 seconds
Result added to total
19: Timeout
TIMEOUT: Instance /nfs/home/rzipperer/git/Kissat_hyperparamoptimization/instances/train/8cf6b81061285343c4f33c51afdb3fbb-minxor128.cnf has reached timeout, punishment 10000 seconds
Result added to total
19: Timeout
TIMEOUT: Instance /nfs/home/rzipperer/git/Kissat_hyperparamoptimization/instances/train/1165e12b6addad01b491c4616306186c-mulhs016-sc2009.cnf has reached timeout, punishment 10000 seconds
Result added to total
19: Timeout
TIMEOUT: Instance /nfs/home/rzipperer/git/Kissat_hyperparamoptimization/instances/train/4106867bc76b8794330a205cf8a303ad-bvsub_19952.smt2.cnf has reached timeout, punishment 10000 seconds
Result added to total
19: Timeout
TIMEOUT: Instance /nfs/home/rzipperer/git/Kissat_hyperparamoptimization/instances/train/096e485489025895cdc59887baafa08b-test_v7_r17_vr5_c1_s25451.smt2-cvc4.cnf has reached timeout, punishment 10000 seconds
Result added to total
19: Timeout
TIMEOUT: Instance /nfs/home/rzipperer/git/Kissat_hyperparamoptimization/instances/train/a931fb0e1490883ee7719eab96ed558a-T87.2.0.cnf has reached timeout, punishment 10000 seconds
Result added to total
19: Timeout
TIMEOUT: Instance /nfs/home/rzipperer/git/Kissat_hyperparamoptimization/instances/train/3b59c5d9b6729f39c8483446701f4ed0-g2-T93.2.1.cnf has reached timeout, punishment 10000 seconds
Result added to total
19: Timeout
TIMEOUT: Instance /nfs/home/rzipperer/git/Kissat_hyperparamoptimization/instances/train/ad69e0a0880cd377e26260f7e4bc6d51-g2-T49.2.0.cnf has reached timeout, punishment 10000 seconds
Result added to total
19: Timeout
TIMEOUT: Instance /nfs/home/rzipperer/git/Kissat_hyperparamoptimization/instances/train/88d151d4e3c6ba9bd78454de141cd108-T105.2.0.cnf has reached timeout, punishment 10000 seconds
Result added to total
12
19:--backbone=0 finished with score 21160.366479873657
Config --backbone=2
Number args:12
Starting pool with 16 threads and 16 instances
Process exited with expected code 10, no error: 
19: Solved
SOLVED: Instance /nfs/home/rzipperer/git/Kissat_hyperparamoptimization/instances/train/70ef2b6bdc4101a0e35cf3d165571fe3-qwh.50.1250.shuffled-as.sat03-1655.cnfwas solved after 45.3646936416626 seconds
Result added to total
Process exited with expected code 20, no error: 
19: Solved
SOLVED: Instance /nfs/home/rzipperer/git/Kissat_hyperparamoptimization/instances/train/28e45a3e488ddac73b6116cc6f3e67e0-g2-T99.2.0.cnfwas solved after 142.10276794433594 seconds
Result added to total
Process exited with expected code 10, no error: 
19: Solved
SOLVED: Instance /nfs/home/rzipperer/git/Kissat_hyperparamoptimization/instances/train/543e67dd5abc272c37775b1b742a1d9a-qwh.60.1728.shuffled-as.sat03-1659.cnfwas solved after 166.160058259964 seconds
Result added to total
Process exited with expected code 20, no error: 
19: Solved
SOLVED: Instance /nfs/home/rzipperer/git/Kissat_hyperparamoptimization/instances/train/0e5ffe8651c6d9c3cccc3f6cb72be39a-g2-test_v5_r10_vr10_c1_s21502.smt2-cvc4.cnfwas solved after 950.6514699459076 seconds
Result added to total
19: Timeout
TIMEOUT: Instance /nfs/home/rzipperer/git/Kissat_hyperparamoptimization/instances/train/1165e12b6addad01b491c4616306186c-mulhs016-sc2009.cnf has reached timeout, punishment 10000 seconds
Result added to total
19: Timeout
TIMEOUT: Instance /nfs/home/rzipperer/git/Kissat_hyperparamoptimization/instances/train/8cf6b81061285343c4f33c51afdb3fbb-minxor128.cnf has reached timeout, punishment 10000 seconds
Result added to total
19: Timeout
TIMEOUT: Instance /nfs/home/rzipperer/git/Kissat_hyperparamoptimization/instances/train/096e485489025895cdc59887baafa08b-test_v7_r17_vr5_c1_s25451.smt2-cvc4.cnf has reached timeout, punishment 10000 seconds
Result added to total
19: Timeout
TIMEOUT: Instance /nfs/home/rzipperer/git/Kissat_hyperparamoptimization/instances/train/4106867bc76b8794330a205cf8a303ad-bvsub_19952.smt2.cnf has reached timeout, punishment 10000 seconds
Result added to total
19: Timeout
TIMEOUT: Instance /nfs/home/rzipperer/git/Kissat_hyperparamoptimization/instances/train/a931fb0e1490883ee7719eab96ed558a-T87.2.0.cnf has reached timeout, punishment 10000 seconds
Result added to total
19: Timeout
TIMEOUT: Instance /nfs/home/rzipperer/git/Kissat_hyperparamoptimization/instances/train/88d151d4e3c6ba9bd78454de141cd108-T105.2.0.cnf has reached timeout, punishment 10000 seconds
Result added to total
19: Timeout
TIMEOUT: Instance /nfs/home/rzipperer/git/Kissat_hyperparamoptimization/instances/train/3b59c5d9b6729f39c8483446701f4ed0-g2-T93.2.1.cnf has reached timeout, punishment 10000 seconds
Result added to total
19: Timeout
TIMEOUT: Instance /nfs/home/rzipperer/git/Kissat_hyperparamoptimization/instances/train/ad69e0a0880cd377e26260f7e4bc6d51-g2-T49.2.0.cnf has reached timeout, punishment 10000 seconds
Result added to total
12
19:--backbone=2 finished with score 21304.27898979187
Config --bump=0
Number args:12
Starting pool with 16 threads and 16 instances
Process exited with expected code 20, no error: 
19: Solved
SOLVED: Instance /nfs/home/rzipperer/git/Kissat_hyperparamoptimization/instances/train/28e45a3e488ddac73b6116cc6f3e67e0-g2-T99.2.0.cnfwas solved after 141.75425100326538 seconds
Result added to total
19: Timeout
TIMEOUT: Instance /nfs/home/rzipperer/git/Kissat_hyperparamoptimization/instances/train/1165e12b6addad01b491c4616306186c-mulhs016-sc2009.cnf has reached timeout, punishment 10000 seconds
Result added to total
19: Timeout
TIMEOUT: Instance /nfs/home/rzipperer/git/Kissat_hyperparamoptimization/instances/train/8cf6b81061285343c4f33c51afdb3fbb-minxor128.cnf has reached timeout, punishment 10000 seconds
Result added to total
19: Timeout
TIMEOUT: Instance /nfs/home/rzipperer/git/Kissat_hyperparamoptimization/instances/train/70ef2b6bdc4101a0e35cf3d165571fe3-qwh.50.1250.shuffled-as.sat03-1655.cnf has reached timeout, punishment 10000 seconds
Result added to total
19: Timeout
TIMEOUT: Instance /nfs/home/rzipperer/git/Kissat_hyperparamoptimization/instances/train/543e67dd5abc272c37775b1b742a1d9a-qwh.60.1728.shuffled-as.sat03-1659.cnf has reached timeout, punishment 10000 seconds
Result added to total
19: Timeout
TIMEOUT: Instance /nfs/home/rzipperer/git/Kissat_hyperparamoptimization/instances/train/a931fb0e1490883ee7719eab96ed558a-T87.2.0.cnf has reached timeout, punishment 10000 seconds
Result added to total
19: Timeout
TIMEOUT: Instance /nfs/home/rzipperer/git/Kissat_hyperparamoptimization/instances/train/4106867bc76b8794330a205cf8a303ad-bvsub_19952.smt2.cnf has reached timeout, punishment 10000 seconds
Result added to total
19: Timeout
TIMEOUT: Instance /nfs/home/rzipperer/git/Kissat_hyperparamoptimization/instances/train/0e5ffe8651c6d9c3cccc3f6cb72be39a-g2-test_v5_r10_vr10_c1_s21502.smt2-cvc4.cnf has reached timeout, punishment 10000 seconds
Result added to total
19: Timeout
TIMEOUT: Instance /nfs/home/rzipperer/git/Kissat_hyperparamoptimization/instances/train/ad69e0a0880cd377e26260f7e4bc6d51-g2-T49.2.0.cnf has reached timeout, punishment 10000 seconds
Result added to total
19: Timeout
TIMEOUT: Instance /nfs/home/rzipperer/git/Kissat_hyperparamoptimization/instances/train/096e485489025895cdc59887baafa08b-test_v7_r17_vr5_c1_s25451.smt2-cvc4.cnf has reached timeout, punishment 10000 seconds
Result added to total
19: Timeout
TIMEOUT: Instance /nfs/home/rzipperer/git/Kissat_hyperparamoptimization/instances/train/88d151d4e3c6ba9bd78454de141cd108-T105.2.0.cnf has reached timeout, punishment 10000 seconds
Result added to total
19: Timeout
TIMEOUT: Instance /nfs/home/rzipperer/git/Kissat_hyperparamoptimization/instances/train/3b59c5d9b6729f39c8483446701f4ed0-g2-T93.2.1.cnf has reached timeout, punishment 10000 seconds
Result added to total
12
19:--bump=0 finished with score 26141.754251003265
Config --chrono=0
Number args:12
Starting pool with 16 threads and 16 instances
Process exited with expected code 10, no error: 
19: Solved
SOLVED: Instance /nfs/home/rzipperer/git/Kissat_hyperparamoptimization/instances/train/70ef2b6bdc4101a0e35cf3d165571fe3-qwh.50.1250.shuffled-as.sat03-1655.cnfwas solved after 29.272512435913086 seconds
Result added to total
Process exited with expected code 20, no error: 
19: Solved
SOLVED: Instance /nfs/home/rzipperer/git/Kissat_hyperparamoptimization/instances/train/28e45a3e488ddac73b6116cc6f3e67e0-g2-T99.2.0.cnfwas solved after 141.76420068740845 seconds
Result added to total
Process exited with expected code 10, no error: 
19: Solved
SOLVED: Instance /nfs/home/rzipperer/git/Kissat_hyperparamoptimization/instances/train/543e67dd5abc272c37775b1b742a1d9a-qwh.60.1728.shuffled-as.sat03-1659.cnfwas solved after 185.3587613105774 seconds
Result added to total
19: Timeout
TIMEOUT: Instance /nfs/home/rzipperer/git/Kissat_hyperparamoptimization/instances/train/1165e12b6addad01b491c4616306186c-mulhs016-sc2009.cnf has reached timeout, punishment 10000 seconds
Result added to total
19: Timeout
TIMEOUT: Instance /nfs/home/rzipperer/git/Kissat_hyperparamoptimization/instances/train/8cf6b81061285343c4f33c51afdb3fbb-minxor128.cnf has reached timeout, punishment 10000 seconds
Result added to total
19: Timeout
TIMEOUT: Instance /nfs/home/rzipperer/git/Kissat_hyperparamoptimization/instances/train/4106867bc76b8794330a205cf8a303ad-bvsub_19952.smt2.cnf has reached timeout, punishment 10000 seconds
Result added to total
19: Timeout
TIMEOUT: Instance /nfs/home/rzipperer/git/Kissat_hyperparamoptimization/instances/train/0e5ffe8651c6d9c3cccc3f6cb72be39a-g2-test_v5_r10_vr10_c1_s21502.smt2-cvc4.cnf has reached timeout, punishment 10000 seconds
Result added to total
19: Timeout
TIMEOUT: Instance /nfs/home/rzipperer/git/Kissat_hyperparamoptimization/instances/train/096e485489025895cdc59887baafa08b-test_v7_r17_vr5_c1_s25451.smt2-cvc4.cnf has reached timeout, punishment 10000 seconds
Result added to total
19: Timeout
TIMEOUT: Instance /nfs/home/rzipperer/git/Kissat_hyperparamoptimization/instances/train/88d151d4e3c6ba9bd78454de141cd108-T105.2.0.cnf has reached timeout, punishment 10000 seconds
Result added to total
19: Timeout
TIMEOUT: Instance /nfs/home/rzipperer/git/Kissat_hyperparamoptimization/instances/train/3b59c5d9b6729f39c8483446701f4ed0-g2-T93.2.1.cnf has reached timeout, punishment 10000 seconds
Result added to total
19: Timeout
TIMEOUT: Instance /nfs/home/rzipperer/git/Kissat_hyperparamoptimization/instances/train/ad69e0a0880cd377e26260f7e4bc6d51-g2-T49.2.0.cnf has reached timeout, punishment 10000 seconds
Result added to total
19: Timeout
TIMEOUT: Instance /nfs/home/rzipperer/git/Kissat_hyperparamoptimization/instances/train/a931fb0e1490883ee7719eab96ed558a-T87.2.0.cnf has reached timeout, punishment 10000 seconds
Result added to total
12
19:--chrono=0 finished with score 22356.3954744339
Config --congruence=0
Number args:12
Starting pool with 16 threads and 16 instances
Process exited with expected code 10, no error: 
19: Solved
SOLVED: Instance /nfs/home/rzipperer/git/Kissat_hyperparamoptimization/instances/train/70ef2b6bdc4101a0e35cf3d165571fe3-qwh.50.1250.shuffled-as.sat03-1655.cnfwas solved after 50.315282583236694 seconds
Result added to total
Process exited with expected code 20, no error: 
19: Solved
SOLVED: Instance /nfs/home/rzipperer/git/Kissat_hyperparamoptimization/instances/train/28e45a3e488ddac73b6116cc6f3e67e0-g2-T99.2.0.cnfwas solved after 124.68820929527283 seconds
Result added to total
Process exited with expected code 10, no error: 
19: Solved
SOLVED: Instance /nfs/home/rzipperer/git/Kissat_hyperparamoptimization/instances/train/543e67dd5abc272c37775b1b742a1d9a-qwh.60.1728.shuffled-as.sat03-1659.cnfwas solved after 244.45752143859863 seconds
Result added to total
19: Timeout
TIMEOUT: Instance /nfs/home/rzipperer/git/Kissat_hyperparamoptimization/instances/train/1165e12b6addad01b491c4616306186c-mulhs016-sc2009.cnf has reached timeout, punishment 10000 seconds
Result added to total
19: Timeout
TIMEOUT: Instance /nfs/home/rzipperer/git/Kissat_hyperparamoptimization/instances/train/8cf6b81061285343c4f33c51afdb3fbb-minxor128.cnf has reached timeout, punishment 10000 seconds
Result added to total
19: Timeout
TIMEOUT: Instance /nfs/home/rzipperer/git/Kissat_hyperparamoptimization/instances/train/0e5ffe8651c6d9c3cccc3f6cb72be39a-g2-test_v5_r10_vr10_c1_s21502.smt2-cvc4.cnf has reached timeout, punishment 10000 seconds
Result added to total
19: Timeout
TIMEOUT: Instance /nfs/home/rzipperer/git/Kissat_hyperparamoptimization/instances/train/4106867bc76b8794330a205cf8a303ad-bvsub_19952.smt2.cnf has reached timeout, punishment 10000 seconds
Result added to total
19: Timeout
TIMEOUT: Instance /nfs/home/rzipperer/git/Kissat_hyperparamoptimization/instances/train/096e485489025895cdc59887baafa08b-test_v7_r17_vr5_c1_s25451.smt2-cvc4.cnf has reached timeout, punishment 10000 seconds
Result added to total
19: Timeout
TIMEOUT: Instance /nfs/home/rzipperer/git/Kissat_hyperparamoptimization/instances/train/ad69e0a0880cd377e26260f7e4bc6d51-g2-T49.2.0.cnf has reached timeout, punishment 10000 seconds
Result added to total
19: Timeout
TIMEOUT: Instance /nfs/home/rzipperer/git/Kissat_hyperparamoptimization/instances/train/88d151d4e3c6ba9bd78454de141cd108-T105.2.0.cnf has reached timeout, punishment 10000 seconds
Result added to total
19: Timeout
TIMEOUT: Instance /nfs/home/rzipperer/git/Kissat_hyperparamoptimization/instances/train/a931fb0e1490883ee7719eab96ed558a-T87.2.0.cnf has reached timeout, punishment 10000 seconds
Result added to total
19: Timeout
TIMEOUT: Instance /nfs/home/rzipperer/git/Kissat_hyperparamoptimization/instances/train/3b59c5d9b6729f39c8483446701f4ed0-g2-T93.2.1.cnf has reached timeout, punishment 10000 seconds
Result added to total
12
19:--congruence=0 finished with score 22419.461013317108
Config --eliminate=0
Number args:12
Starting pool with 16 threads and 16 instances
Process exited with expected code 10, no error: 
19: Solved
SOLVED: Instance /nfs/home/rzipperer/git/Kissat_hyperparamoptimization/instances/train/70ef2b6bdc4101a0e35cf3d165571fe3-qwh.50.1250.shuffled-as.sat03-1655.cnfwas solved after 42.900612592697144 seconds
Result added to total
Process exited with expected code 20, no error: 
19: Solved
SOLVED: Instance /nfs/home/rzipperer/git/Kissat_hyperparamoptimization/instances/train/28e45a3e488ddac73b6116cc6f3e67e0-g2-T99.2.0.cnfwas solved after 142.0949215888977 seconds
Result added to total
Process exited with expected code 20, no error: 
19: Solved
SOLVED: Instance /nfs/home/rzipperer/git/Kissat_hyperparamoptimization/instances/train/8cf6b81061285343c4f33c51afdb3fbb-minxor128.cnfwas solved after 398.24632501602173 seconds
Result added to total
Process exited with expected code 10, no error: 
19: Solved
SOLVED: Instance /nfs/home/rzipperer/git/Kissat_hyperparamoptimization/instances/train/543e67dd5abc272c37775b1b742a1d9a-qwh.60.1728.shuffled-as.sat03-1659.cnfwas solved after 637.935962677002 seconds
Result added to total
19: Timeout
TIMEOUT: Instance /nfs/home/rzipperer/git/Kissat_hyperparamoptimization/instances/train/1165e12b6addad01b491c4616306186c-mulhs016-sc2009.cnf has reached timeout, punishment 10000 seconds
Result added to total
19: Timeout
TIMEOUT: Instance /nfs/home/rzipperer/git/Kissat_hyperparamoptimization/instances/train/0e5ffe8651c6d9c3cccc3f6cb72be39a-g2-test_v5_r10_vr10_c1_s21502.smt2-cvc4.cnf has reached timeout, punishment 10000 seconds
Result added to total
19: Timeout
TIMEOUT: Instance /nfs/home/rzipperer/git/Kissat_hyperparamoptimization/instances/train/4106867bc76b8794330a205cf8a303ad-bvsub_19952.smt2.cnf has reached timeout, punishment 10000 seconds
Result added to total
19: Timeout
TIMEOUT: Instance /nfs/home/rzipperer/git/Kissat_hyperparamoptimization/instances/train/096e485489025895cdc59887baafa08b-test_v7_r17_vr5_c1_s25451.smt2-cvc4.cnf has reached timeout, punishment 10000 seconds
Result added to total
19: Timeout
TIMEOUT: Instance /nfs/home/rzipperer/git/Kissat_hyperparamoptimization/instances/train/3b59c5d9b6729f39c8483446701f4ed0-g2-T93.2.1.cnf has reached timeout, punishment 10000 seconds
Result added to total
19: Timeout
TIMEOUT: Instance /nfs/home/rzipperer/git/Kissat_hyperparamoptimization/instances/train/a931fb0e1490883ee7719eab96ed558a-T87.2.0.cnf has reached timeout, punishment 10000 seconds
Result added to total
19: Timeout
TIMEOUT: Instance /nfs/home/rzipperer/git/Kissat_hyperparamoptimization/instances/train/ad69e0a0880cd377e26260f7e4bc6d51-g2-T49.2.0.cnf has reached timeout, punishment 10000 seconds
Result added to total
19: Timeout
TIMEOUT: Instance /nfs/home/rzipperer/git/Kissat_hyperparamoptimization/instances/train/88d151d4e3c6ba9bd78454de141cd108-T105.2.0.cnf has reached timeout, punishment 10000 seconds
Result added to total
12
19:--eliminate=0 finished with score 21221.17782187462
Config --extract=0
Number args:12
Starting pool with 16 threads and 16 instances
Process exited with expected code 10, no error: 
19: Solved
SOLVED: Instance /nfs/home/rzipperer/git/Kissat_hyperparamoptimization/instances/train/70ef2b6bdc4101a0e35cf3d165571fe3-qwh.50.1250.shuffled-as.sat03-1655.cnfwas solved after 69.8085265159607 seconds
Result added to total
Process exited with expected code 10, no error: 
19: Solved
SOLVED: Instance /nfs/home/rzipperer/git/Kissat_hyperparamoptimization/instances/train/543e67dd5abc272c37775b1b742a1d9a-qwh.60.1728.shuffled-as.sat03-1659.cnfwas solved after 95.70401573181152 seconds
Result added to total
Process exited with expected code 20, no error: 
19: Solved
SOLVED: Instance /nfs/home/rzipperer/git/Kissat_hyperparamoptimization/instances/train/28e45a3e488ddac73b6116cc6f3e67e0-g2-T99.2.0.cnfwas solved after 142.61498355865479 seconds
Result added to total
Process exited with expected code 20, no error: 
19: Solved
SOLVED: Instance /nfs/home/rzipperer/git/Kissat_hyperparamoptimization/instances/train/0e5ffe8651c6d9c3cccc3f6cb72be39a-g2-test_v5_r10_vr10_c1_s21502.smt2-cvc4.cnfwas solved after 798.8861134052277 seconds
Result added to total
Process exited with expected code 20, no error: 
19: Solved
SOLVED: Instance /nfs/home/rzipperer/git/Kissat_hyperparamoptimization/instances/train/88d151d4e3c6ba9bd78454de141cd108-T105.2.0.cnfwas solved after 938.1028151512146 seconds
Result added to total
19: Timeout
TIMEOUT: Instance /nfs/home/rzipperer/git/Kissat_hyperparamoptimization/instances/train/8cf6b81061285343c4f33c51afdb3fbb-minxor128.cnf has reached timeout, punishment 10000 seconds
Result added to total
19: Timeout
TIMEOUT: Instance /nfs/home/rzipperer/git/Kissat_hyperparamoptimization/instances/train/1165e12b6addad01b491c4616306186c-mulhs016-sc2009.cnf has reached timeout, punishment 10000 seconds
Result added to total
19: Timeout
TIMEOUT: Instance /nfs/home/rzipperer/git/Kissat_hyperparamoptimization/instances/train/4106867bc76b8794330a205cf8a303ad-bvsub_19952.smt2.cnf has reached timeout, punishment 10000 seconds
Result added to total
19: Timeout
TIMEOUT: Instance /nfs/home/rzipperer/git/Kissat_hyperparamoptimization/instances/train/096e485489025895cdc59887baafa08b-test_v7_r17_vr5_c1_s25451.smt2-cvc4.cnf has reached timeout, punishment 10000 seconds
Result added to total
19: Timeout
TIMEOUT: Instance /nfs/home/rzipperer/git/Kissat_hyperparamoptimization/instances/train/a931fb0e1490883ee7719eab96ed558a-T87.2.0.cnf has reached timeout, punishment 10000 seconds
Result added to total
19: Timeout
TIMEOUT: Instance /nfs/home/rzipperer/git/Kissat_hyperparamoptimization/instances/train/3b59c5d9b6729f39c8483446701f4ed0-g2-T93.2.1.cnf has reached timeout, punishment 10000 seconds
Result added to total
19: Timeout
TIMEOUT: Instance /nfs/home/rzipperer/git/Kissat_hyperparamoptimization/instances/train/ad69e0a0880cd377e26260f7e4bc6d51-g2-T49.2.0.cnf has reached timeout, punishment 10000 seconds
Result added to total
12
19:--extract=0 finished with score 20045.11645436287
Config --factor=0
Number args:12
Starting pool with 16 threads and 16 instances
Process exited with expected code 10, no error: 
19: Solved
SOLVED: Instance /nfs/home/rzipperer/git/Kissat_hyperparamoptimization/instances/train/70ef2b6bdc4101a0e35cf3d165571fe3-qwh.50.1250.shuffled-as.sat03-1655.cnfwas solved after 23.549082279205322 seconds
Result added to total
Process exited with expected code 20, no error: 
19: Solved
SOLVED: Instance /nfs/home/rzipperer/git/Kissat_hyperparamoptimization/instances/train/28e45a3e488ddac73b6116cc6f3e67e0-g2-T99.2.0.cnfwas solved after 113.42119908332825 seconds
Result added to total
Process exited with expected code 10, no error: 
19: Solved
SOLVED: Instance /nfs/home/rzipperer/git/Kissat_hyperparamoptimization/instances/train/543e67dd5abc272c37775b1b742a1d9a-qwh.60.1728.shuffled-as.sat03-1659.cnfwas solved after 298.3764476776123 seconds
Result added to total
Process exited with expected code 20, no error: 
19: Solved
SOLVED: Instance /nfs/home/rzipperer/git/Kissat_hyperparamoptimization/instances/train/0e5ffe8651c6d9c3cccc3f6cb72be39a-g2-test_v5_r10_vr10_c1_s21502.smt2-cvc4.cnfwas solved after 684.8082287311554 seconds
Result added to total
Process exited with expected code 20, no error: 
19: Solved
SOLVED: Instance /nfs/home/rzipperer/git/Kissat_hyperparamoptimization/instances/train/88d151d4e3c6ba9bd78454de141cd108-T105.2.0.cnfwas solved after 869.9611463546753 seconds
Result added to total
19: Timeout
TIMEOUT: Instance /nfs/home/rzipperer/git/Kissat_hyperparamoptimization/instances/train/1165e12b6addad01b491c4616306186c-mulhs016-sc2009.cnf has reached timeout, punishment 10000 seconds
Result added to total
19: Timeout
TIMEOUT: Instance /nfs/home/rzipperer/git/Kissat_hyperparamoptimization/instances/train/8cf6b81061285343c4f33c51afdb3fbb-minxor128.cnf has reached timeout, punishment 10000 seconds
Result added to total
19: Timeout
TIMEOUT: Instance /nfs/home/rzipperer/git/Kissat_hyperparamoptimization/instances/train/4106867bc76b8794330a205cf8a303ad-bvsub_19952.smt2.cnf has reached timeout, punishment 10000 seconds
Result added to total
19: Timeout
TIMEOUT: Instance /nfs/home/rzipperer/git/Kissat_hyperparamoptimization/instances/train/096e485489025895cdc59887baafa08b-test_v7_r17_vr5_c1_s25451.smt2-cvc4.cnf has reached timeout, punishment 10000 seconds
Result added to total
19: Timeout
TIMEOUT: Instance /nfs/home/rzipperer/git/Kissat_hyperparamoptimization/instances/train/ad69e0a0880cd377e26260f7e4bc6d51-g2-T49.2.0.cnf has reached timeout, punishment 10000 seconds
Result added to total
19: Timeout
TIMEOUT: Instance /nfs/home/rzipperer/git/Kissat_hyperparamoptimization/instances/train/3b59c5d9b6729f39c8483446701f4ed0-g2-T93.2.1.cnf has reached timeout, punishment 10000 seconds
Result added to total
19: Timeout
TIMEOUT: Instance /nfs/home/rzipperer/git/Kissat_hyperparamoptimization/instances/train/a931fb0e1490883ee7719eab96ed558a-T87.2.0.cnf has reached timeout, punishment 10000 seconds
Result added to total
12
19:--factor=0 finished with score 19990.116104125977
Config --fastel=0
Number args:12
Starting pool with 16 threads and 16 instances
Process exited with expected code 20, no error: 
19: Solved
SOLVED: Instance /nfs/home/rzipperer/git/Kissat_hyperparamoptimization/instances/train/28e45a3e488ddac73b6116cc6f3e67e0-g2-T99.2.0.cnfwas solved after 75.40866208076477 seconds
Result added to total
Process exited with expected code 10, no error: 
19: Solved
SOLVED: Instance /nfs/home/rzipperer/git/Kissat_hyperparamoptimization/instances/train/70ef2b6bdc4101a0e35cf3d165571fe3-qwh.50.1250.shuffled-as.sat03-1655.cnfwas solved after 76.86236763000488 seconds
Result added to total
Process exited with expected code 10, no error: 
19: Solved
SOLVED: Instance /nfs/home/rzipperer/git/Kissat_hyperparamoptimization/instances/train/543e67dd5abc272c37775b1b742a1d9a-qwh.60.1728.shuffled-as.sat03-1659.cnfwas solved after 207.29103565216064 seconds
Result added to total
Process exited with expected code 20, no error: 
19: Solved
SOLVED: Instance /nfs/home/rzipperer/git/Kissat_hyperparamoptimization/instances/train/88d151d4e3c6ba9bd78454de141cd108-T105.2.0.cnfwas solved after 855.1755106449127 seconds
Result added to total
19: Timeout
TIMEOUT: Instance /nfs/home/rzipperer/git/Kissat_hyperparamoptimization/instances/train/1165e12b6addad01b491c4616306186c-mulhs016-sc2009.cnf has reached timeout, punishment 10000 seconds
Result added to total
19: Timeout
TIMEOUT: Instance /nfs/home/rzipperer/git/Kissat_hyperparamoptimization/instances/train/8cf6b81061285343c4f33c51afdb3fbb-minxor128.cnf has reached timeout, punishment 10000 seconds
Result added to total
19: Timeout
TIMEOUT: Instance /nfs/home/rzipperer/git/Kissat_hyperparamoptimization/instances/train/0e5ffe8651c6d9c3cccc3f6cb72be39a-g2-test_v5_r10_vr10_c1_s21502.smt2-cvc4.cnf has reached timeout, punishment 10000 seconds
Result added to total
19: Timeout
TIMEOUT: Instance /nfs/home/rzipperer/git/Kissat_hyperparamoptimization/instances/train/4106867bc76b8794330a205cf8a303ad-bvsub_19952.smt2.cnf has reached timeout, punishment 10000 seconds
Result added to total
19: Timeout
TIMEOUT: Instance /nfs/home/rzipperer/git/Kissat_hyperparamoptimization/instances/train/3b59c5d9b6729f39c8483446701f4ed0-g2-T93.2.1.cnf has reached timeout, punishment 10000 seconds
Result added to total
19: Timeout
TIMEOUT: Instance /nfs/home/rzipperer/git/Kissat_hyperparamoptimization/instances/train/096e485489025895cdc59887baafa08b-test_v7_r17_vr5_c1_s25451.smt2-cvc4.cnf has reached timeout, punishment 10000 seconds
Result added to total
19: Timeout
TIMEOUT: Instance /nfs/home/rzipperer/git/Kissat_hyperparamoptimization/instances/train/a931fb0e1490883ee7719eab96ed558a-T87.2.0.cnf has reached timeout, punishment 10000 seconds
Result added to total
19: Timeout
TIMEOUT: Instance /nfs/home/rzipperer/git/Kissat_hyperparamoptimization/instances/train/ad69e0a0880cd377e26260f7e4bc6d51-g2-T49.2.0.cnf has reached timeout, punishment 10000 seconds
Result added to total
12
19:--fastel=0 finished with score 21214.737576007843
Config --forward=0
Number args:12
Starting pool with 16 threads and 16 instances
Process exited with expected code 10, no error: 
19: Solved
SOLVED: Instance /nfs/home/rzipperer/git/Kissat_hyperparamoptimization/instances/train/70ef2b6bdc4101a0e35cf3d165571fe3-qwh.50.1250.shuffled-as.sat03-1655.cnfwas solved after 45.321491956710815 seconds
Result added to total
Process exited with expected code 20, no error: 
19: Solved
SOLVED: Instance /nfs/home/rzipperer/git/Kissat_hyperparamoptimization/instances/train/28e45a3e488ddac73b6116cc6f3e67e0-g2-T99.2.0.cnfwas solved after 142.13363981246948 seconds
Result added to total
Process exited with expected code 10, no error: 
19: Solved
SOLVED: Instance /nfs/home/rzipperer/git/Kissat_hyperparamoptimization/instances/train/543e67dd5abc272c37775b1b742a1d9a-qwh.60.1728.shuffled-as.sat03-1659.cnfwas solved after 165.9914059638977 seconds
Result added to total
19: Timeout
TIMEOUT: Instance /nfs/home/rzipperer/git/Kissat_hyperparamoptimization/instances/train/8cf6b81061285343c4f33c51afdb3fbb-minxor128.cnf has reached timeout, punishment 10000 seconds
Result added to total
19: Timeout
TIMEOUT: Instance /nfs/home/rzipperer/git/Kissat_hyperparamoptimization/instances/train/1165e12b6addad01b491c4616306186c-mulhs016-sc2009.cnf has reached timeout, punishment 10000 seconds
Result added to total
19: Timeout
TIMEOUT: Instance /nfs/home/rzipperer/git/Kissat_hyperparamoptimization/instances/train/0e5ffe8651c6d9c3cccc3f6cb72be39a-g2-test_v5_r10_vr10_c1_s21502.smt2-cvc4.cnf has reached timeout, punishment 10000 seconds
Result added to total
19: Timeout
TIMEOUT: Instance /nfs/home/rzipperer/git/Kissat_hyperparamoptimization/instances/train/4106867bc76b8794330a205cf8a303ad-bvsub_19952.smt2.cnf has reached timeout, punishment 10000 seconds
Result added to total
19: Timeout
TIMEOUT: Instance /nfs/home/rzipperer/git/Kissat_hyperparamoptimization/instances/train/a931fb0e1490883ee7719eab96ed558a-T87.2.0.cnf has reached timeout, punishment 10000 seconds
Result added to total
19: Timeout
TIMEOUT: Instance /nfs/home/rzipperer/git/Kissat_hyperparamoptimization/instances/train/3b59c5d9b6729f39c8483446701f4ed0-g2-T93.2.1.cnf has reached timeout, punishment 10000 seconds
Result added to total
19: Timeout
TIMEOUT: Instance /nfs/home/rzipperer/git/Kissat_hyperparamoptimization/instances/train/096e485489025895cdc59887baafa08b-test_v7_r17_vr5_c1_s25451.smt2-cvc4.cnf has reached timeout, punishment 10000 seconds
Result added to total
19: Timeout
TIMEOUT: Instance /nfs/home/rzipperer/git/Kissat_hyperparamoptimization/instances/train/88d151d4e3c6ba9bd78454de141cd108-T105.2.0.cnf has reached timeout, punishment 10000 seconds
Result added to total
19: Timeout
TIMEOUT: Instance /nfs/home/rzipperer/git/Kissat_hyperparamoptimization/instances/train/ad69e0a0880cd377e26260f7e4bc6d51-g2-T49.2.0.cnf has reached timeout, punishment 10000 seconds
Result added to total
12
19:--forward=0 finished with score 22353.446537733078
Config --lucky=0
Number args:12
Starting pool with 16 threads and 16 instances
Process exited with expected code 10, no error: 
19: Solved
SOLVED: Instance /nfs/home/rzipperer/git/Kissat_hyperparamoptimization/instances/train/70ef2b6bdc4101a0e35cf3d165571fe3-qwh.50.1250.shuffled-as.sat03-1655.cnfwas solved after 10.506324768066406 seconds
Result added to total
Process exited with expected code 20, no error: 
19: Solved
SOLVED: Instance /nfs/home/rzipperer/git/Kissat_hyperparamoptimization/instances/train/28e45a3e488ddac73b6116cc6f3e67e0-g2-T99.2.0.cnfwas solved after 140.40003538131714 seconds
Result added to total
Process exited with expected code 10, no error: 
19: Solved
SOLVED: Instance /nfs/home/rzipperer/git/Kissat_hyperparamoptimization/instances/train/543e67dd5abc272c37775b1b742a1d9a-qwh.60.1728.shuffled-as.sat03-1659.cnfwas solved after 591.5427508354187 seconds
Result added to total
19: Timeout
TIMEOUT: Instance /nfs/home/rzipperer/git/Kissat_hyperparamoptimization/instances/train/1165e12b6addad01b491c4616306186c-mulhs016-sc2009.cnf has reached timeout, punishment 10000 seconds
Result added to total
19: Timeout
TIMEOUT: Instance /nfs/home/rzipperer/git/Kissat_hyperparamoptimization/instances/train/8cf6b81061285343c4f33c51afdb3fbb-minxor128.cnf has reached timeout, punishment 10000 seconds
Result added to total
19: Timeout
TIMEOUT: Instance /nfs/home/rzipperer/git/Kissat_hyperparamoptimization/instances/train/096e485489025895cdc59887baafa08b-test_v7_r17_vr5_c1_s25451.smt2-cvc4.cnf has reached timeout, punishment 10000 seconds
Result added to total
19: Timeout
TIMEOUT: Instance /nfs/home/rzipperer/git/Kissat_hyperparamoptimization/instances/train/0e5ffe8651c6d9c3cccc3f6cb72be39a-g2-test_v5_r10_vr10_c1_s21502.smt2-cvc4.cnf has reached timeout, punishment 10000 seconds
Result added to total
19: Timeout
TIMEOUT: Instance /nfs/home/rzipperer/git/Kissat_hyperparamoptimization/instances/train/4106867bc76b8794330a205cf8a303ad-bvsub_19952.smt2.cnf has reached timeout, punishment 10000 seconds
Result added to total
19: Timeout
TIMEOUT: Instance /nfs/home/rzipperer/git/Kissat_hyperparamoptimization/instances/train/ad69e0a0880cd377e26260f7e4bc6d51-g2-T49.2.0.cnf has reached timeout, punishment 10000 seconds
Result added to total
19: Timeout
TIMEOUT: Instance /nfs/home/rzipperer/git/Kissat_hyperparamoptimization/instances/train/3b59c5d9b6729f39c8483446701f4ed0-g2-T93.2.1.cnf has reached timeout, punishment 10000 seconds
Result added to total
19: Timeout
TIMEOUT: Instance /nfs/home/rzipperer/git/Kissat_hyperparamoptimization/instances/train/88d151d4e3c6ba9bd78454de141cd108-T105.2.0.cnf has reached timeout, punishment 10000 seconds
Result added to total
19: Timeout
TIMEOUT: Instance /nfs/home/rzipperer/git/Kissat_hyperparamoptimization/instances/train/a931fb0e1490883ee7719eab96ed558a-T87.2.0.cnf has reached timeout, punishment 10000 seconds
Result added to total
12
19:--lucky=0 finished with score 22742.449110984802
Config --phase=0
Number args:12
Starting pool with 16 threads and 16 instances
Process exited with expected code 10, no error: 
19: Solved
SOLVED: Instance /nfs/home/rzipperer/git/Kissat_hyperparamoptimization/instances/train/70ef2b6bdc4101a0e35cf3d165571fe3-qwh.50.1250.shuffled-as.sat03-1655.cnfwas solved after 53.02194595336914 seconds
Result added to total
Process exited with expected code 20, no error: 
19: Solved
SOLVED: Instance /nfs/home/rzipperer/git/Kissat_hyperparamoptimization/instances/train/28e45a3e488ddac73b6116cc6f3e67e0-g2-T99.2.0.cnfwas solved after 140.9871163368225 seconds
Result added to total
Process exited with expected code 10, no error: 
19: Solved
SOLVED: Instance /nfs/home/rzipperer/git/Kissat_hyperparamoptimization/instances/train/543e67dd5abc272c37775b1b742a1d9a-qwh.60.1728.shuffled-as.sat03-1659.cnfwas solved after 286.2404909133911 seconds
Result added to total
Process exited with expected code 20, no error: 
19: Solved
SOLVED: Instance /nfs/home/rzipperer/git/Kissat_hyperparamoptimization/instances/train/0e5ffe8651c6d9c3cccc3f6cb72be39a-g2-test_v5_r10_vr10_c1_s21502.smt2-cvc4.cnfwas solved after 881.6888530254364 seconds
Result added to total
Process exited with expected code 20, no error: 
19: Solved
SOLVED: Instance /nfs/home/rzipperer/git/Kissat_hyperparamoptimization/instances/train/88d151d4e3c6ba9bd78454de141cd108-T105.2.0.cnfwas solved after 993.5763654708862 seconds
Result added to total
19: Timeout
TIMEOUT: Instance /nfs/home/rzipperer/git/Kissat_hyperparamoptimization/instances/train/1165e12b6addad01b491c4616306186c-mulhs016-sc2009.cnf has reached timeout, punishment 10000 seconds
Result added to total
19: Timeout
TIMEOUT: Instance /nfs/home/rzipperer/git/Kissat_hyperparamoptimization/instances/train/8cf6b81061285343c4f33c51afdb3fbb-minxor128.cnf has reached timeout, punishment 10000 seconds
Result added to total
19: Timeout
TIMEOUT: Instance /nfs/home/rzipperer/git/Kissat_hyperparamoptimization/instances/train/096e485489025895cdc59887baafa08b-test_v7_r17_vr5_c1_s25451.smt2-cvc4.cnf has reached timeout, punishment 10000 seconds
Result added to total
19: Timeout
TIMEOUT: Instance /nfs/home/rzipperer/git/Kissat_hyperparamoptimization/instances/train/4106867bc76b8794330a205cf8a303ad-bvsub_19952.smt2.cnf has reached timeout, punishment 10000 seconds
Result added to total
19: Timeout
TIMEOUT: Instance /nfs/home/rzipperer/git/Kissat_hyperparamoptimization/instances/train/a931fb0e1490883ee7719eab96ed558a-T87.2.0.cnf has reached timeout, punishment 10000 seconds
Result added to total
19: Timeout
TIMEOUT: Instance /nfs/home/rzipperer/git/Kissat_hyperparamoptimization/instances/train/ad69e0a0880cd377e26260f7e4bc6d51-g2-T49.2.0.cnf has reached timeout, punishment 10000 seconds
Result added to total
19: Timeout
TIMEOUT: Instance /nfs/home/rzipperer/git/Kissat_hyperparamoptimization/instances/train/3b59c5d9b6729f39c8483446701f4ed0-g2-T93.2.1.cnf has reached timeout, punishment 10000 seconds
Result added to total
12
19:--phase=0 finished with score 20355.514771699905
Config --phasesaving=0
Number args:12
Starting pool with 16 threads and 16 instances
Process exited with expected code 10, no error: 
19: Solved
SOLVED: Instance /nfs/home/rzipperer/git/Kissat_hyperparamoptimization/instances/train/70ef2b6bdc4101a0e35cf3d165571fe3-qwh.50.1250.shuffled-as.sat03-1655.cnfwas solved after 42.70995593070984 seconds
Result added to total
Process exited with expected code 20, no error: 
19: Solved
SOLVED: Instance /nfs/home/rzipperer/git/Kissat_hyperparamoptimization/instances/train/28e45a3e488ddac73b6116cc6f3e67e0-g2-T99.2.0.cnfwas solved after 141.8890242576599 seconds
Result added to total
Process exited with expected code 10, no error: 
19: Solved
SOLVED: Instance /nfs/home/rzipperer/git/Kissat_hyperparamoptimization/instances/train/543e67dd5abc272c37775b1b742a1d9a-qwh.60.1728.shuffled-as.sat03-1659.cnfwas solved after 274.77158641815186 seconds
Result added to total
Process exited with expected code 20, no error: 
19: Solved
SOLVED: Instance /nfs/home/rzipperer/git/Kissat_hyperparamoptimization/instances/train/0e5ffe8651c6d9c3cccc3f6cb72be39a-g2-test_v5_r10_vr10_c1_s21502.smt2-cvc4.cnfwas solved after 820.3537211418152 seconds
Result added to total
Process exited with expected code 20, no error: 
19: Solved
SOLVED: Instance /nfs/home/rzipperer/git/Kissat_hyperparamoptimization/instances/train/88d151d4e3c6ba9bd78454de141cd108-T105.2.0.cnfwas solved after 975.5559740066528 seconds
Result added to total
19: Timeout
TIMEOUT: Instance /nfs/home/rzipperer/git/Kissat_hyperparamoptimization/instances/train/1165e12b6addad01b491c4616306186c-mulhs016-sc2009.cnf has reached timeout, punishment 10000 seconds
Result added to total
19: Timeout
TIMEOUT: Instance /nfs/home/rzipperer/git/Kissat_hyperparamoptimization/instances/train/4106867bc76b8794330a205cf8a303ad-bvsub_19952.smt2.cnf has reached timeout, punishment 10000 seconds
Result added to total
19: Timeout
TIMEOUT: Instance /nfs/home/rzipperer/git/Kissat_hyperparamoptimization/instances/train/8cf6b81061285343c4f33c51afdb3fbb-minxor128.cnf has reached timeout, punishment 10000 seconds
Result added to total
19: Timeout
TIMEOUT: Instance /nfs/home/rzipperer/git/Kissat_hyperparamoptimization/instances/train/096e485489025895cdc59887baafa08b-test_v7_r17_vr5_c1_s25451.smt2-cvc4.cnf has reached timeout, punishment 10000 seconds
Result added to total
19: Timeout
TIMEOUT: Instance /nfs/home/rzipperer/git/Kissat_hyperparamoptimization/instances/train/a931fb0e1490883ee7719eab96ed558a-T87.2.0.cnf has reached timeout, punishment 10000 seconds
Result added to total
19: Timeout
TIMEOUT: Instance /nfs/home/rzipperer/git/Kissat_hyperparamoptimization/instances/train/3b59c5d9b6729f39c8483446701f4ed0-g2-T93.2.1.cnf has reached timeout, punishment 10000 seconds
Result added to total
19: Timeout
TIMEOUT: Instance /nfs/home/rzipperer/git/Kissat_hyperparamoptimization/instances/train/ad69e0a0880cd377e26260f7e4bc6d51-g2-T49.2.0.cnf has reached timeout, punishment 10000 seconds
Result added to total
12
19:--phasesaving=0 finished with score 20255.28026175499
Config --preprocess=0
Number args:12
Starting pool with 16 threads and 16 instances
Process exited with expected code 10, no error: 
19: Solved
SOLVED: Instance /nfs/home/rzipperer/git/Kissat_hyperparamoptimization/instances/train/70ef2b6bdc4101a0e35cf3d165571fe3-qwh.50.1250.shuffled-as.sat03-1655.cnfwas solved after 4.091925621032715 seconds
Result added to total
Process exited with expected code 20, no error: 
19: Solved
SOLVED: Instance /nfs/home/rzipperer/git/Kissat_hyperparamoptimization/instances/train/28e45a3e488ddac73b6116cc6f3e67e0-g2-T99.2.0.cnfwas solved after 14.137707233428955 seconds
Result added to total
Process exited with expected code 10, no error: 
19: Solved
SOLVED: Instance /nfs/home/rzipperer/git/Kissat_hyperparamoptimization/instances/train/543e67dd5abc272c37775b1b742a1d9a-qwh.60.1728.shuffled-as.sat03-1659.cnfwas solved after 152.1072382926941 seconds
Result added to total
Process exited with expected code 20, no error: 
19: Solved
SOLVED: Instance /nfs/home/rzipperer/git/Kissat_hyperparamoptimization/instances/train/0e5ffe8651c6d9c3cccc3f6cb72be39a-g2-test_v5_r10_vr10_c1_s21502.smt2-cvc4.cnfwas solved after 941.9227328300476 seconds
Result added to total
Process exited with expected code 20, no error: 
19: Solved
SOLVED: Instance /nfs/home/rzipperer/git/Kissat_hyperparamoptimization/instances/train/88d151d4e3c6ba9bd78454de141cd108-T105.2.0.cnfwas solved after 991.7734487056732 seconds
Result added to total
19: Timeout
TIMEOUT: Instance /nfs/home/rzipperer/git/Kissat_hyperparamoptimization/instances/train/1165e12b6addad01b491c4616306186c-mulhs016-sc2009.cnf has reached timeout, punishment 10000 seconds
Result added to total
19: Timeout
TIMEOUT: Instance /nfs/home/rzipperer/git/Kissat_hyperparamoptimization/instances/train/8cf6b81061285343c4f33c51afdb3fbb-minxor128.cnf has reached timeout, punishment 10000 seconds
Result added to total
19: Timeout
TIMEOUT: Instance /nfs/home/rzipperer/git/Kissat_hyperparamoptimization/instances/train/4106867bc76b8794330a205cf8a303ad-bvsub_19952.smt2.cnf has reached timeout, punishment 10000 seconds
Result added to total
19: Timeout
TIMEOUT: Instance /nfs/home/rzipperer/git/Kissat_hyperparamoptimization/instances/train/3b59c5d9b6729f39c8483446701f4ed0-g2-T93.2.1.cnf has reached timeout, punishment 10000 seconds
Result added to total
19: Timeout
TIMEOUT: Instance /nfs/home/rzipperer/git/Kissat_hyperparamoptimization/instances/train/096e485489025895cdc59887baafa08b-test_v7_r17_vr5_c1_s25451.smt2-cvc4.cnf has reached timeout, punishment 10000 seconds
Result added to total
19: Timeout
TIMEOUT: Instance /nfs/home/rzipperer/git/Kissat_hyperparamoptimization/instances/train/a931fb0e1490883ee7719eab96ed558a-T87.2.0.cnf has reached timeout, punishment 10000 seconds
Result added to total
19: Timeout
TIMEOUT: Instance /nfs/home/rzipperer/git/Kissat_hyperparamoptimization/instances/train/ad69e0a0880cd377e26260f7e4bc6d51-g2-T49.2.0.cnf has reached timeout, punishment 10000 seconds
Result added to total
12
19:--preprocess=0 finished with score 20104.033052682877
Config --probe=0
Number args:12
Starting pool with 16 threads and 16 instances
Process exited with expected code 20, no error: 
19: Solved
SOLVED: Instance /nfs/home/rzipperer/git/Kissat_hyperparamoptimization/instances/train/28e45a3e488ddac73b6116cc6f3e67e0-g2-T99.2.0.cnfwas solved after 14.096278429031372 seconds
Result added to total
Process exited with expected code 10, no error: 
19: Solved
SOLVED: Instance /nfs/home/rzipperer/git/Kissat_hyperparamoptimization/instances/train/70ef2b6bdc4101a0e35cf3d165571fe3-qwh.50.1250.shuffled-as.sat03-1655.cnfwas solved after 17.976141452789307 seconds
Result added to total
Process exited with expected code 10, no error: 
19: Solved
SOLVED: Instance /nfs/home/rzipperer/git/Kissat_hyperparamoptimization/instances/train/543e67dd5abc272c37775b1b742a1d9a-qwh.60.1728.shuffled-as.sat03-1659.cnfwas solved after 650.6444323062897 seconds
Result added to total
Process exited with expected code 20, no error: 
19: Solved
SOLVED: Instance /nfs/home/rzipperer/git/Kissat_hyperparamoptimization/instances/train/88d151d4e3c6ba9bd78454de141cd108-T105.2.0.cnfwas solved after 702.603208065033 seconds
Result added to total
Process exited with expected code 20, no error: 
19: Solved
SOLVED: Instance /nfs/home/rzipperer/git/Kissat_hyperparamoptimization/instances/train/0e5ffe8651c6d9c3cccc3f6cb72be39a-g2-test_v5_r10_vr10_c1_s21502.smt2-cvc4.cnfwas solved after 746.2014727592468 seconds
Result added to total
19: Timeout
TIMEOUT: Instance /nfs/home/rzipperer/git/Kissat_hyperparamoptimization/instances/train/1165e12b6addad01b491c4616306186c-mulhs016-sc2009.cnf has reached timeout, punishment 10000 seconds
Result added to total
19: Timeout
TIMEOUT: Instance /nfs/home/rzipperer/git/Kissat_hyperparamoptimization/instances/train/8cf6b81061285343c4f33c51afdb3fbb-minxor128.cnf has reached timeout, punishment 10000 seconds
Result added to total
19: Timeout
TIMEOUT: Instance /nfs/home/rzipperer/git/Kissat_hyperparamoptimization/instances/train/096e485489025895cdc59887baafa08b-test_v7_r17_vr5_c1_s25451.smt2-cvc4.cnf has reached timeout, punishment 10000 seconds
Result added to total
19: Timeout
TIMEOUT: Instance /nfs/home/rzipperer/git/Kissat_hyperparamoptimization/instances/train/ad69e0a0880cd377e26260f7e4bc6d51-g2-T49.2.0.cnf has reached timeout, punishment 10000 seconds
Result added to total
19: Timeout
TIMEOUT: Instance /nfs/home/rzipperer/git/Kissat_hyperparamoptimization/instances/train/a931fb0e1490883ee7719eab96ed558a-T87.2.0.cnf has reached timeout, punishment 10000 seconds
Result added to total
19: Timeout
TIMEOUT: Instance /nfs/home/rzipperer/git/Kissat_hyperparamoptimization/instances/train/3b59c5d9b6729f39c8483446701f4ed0-g2-T93.2.1.cnf has reached timeout, punishment 10000 seconds
Result added to total
19: Timeout
TIMEOUT: Instance /nfs/home/rzipperer/git/Kissat_hyperparamoptimization/instances/train/4106867bc76b8794330a205cf8a303ad-bvsub_19952.smt2.cnf has reached timeout, punishment 10000 seconds
Result added to total
12
19:--probe=0 finished with score 20131.52153301239
Config --randec=0
Number args:12
Starting pool with 16 threads and 16 instances
Process exited with expected code 10, no error: 
19: Solved
SOLVED: Instance /nfs/home/rzipperer/git/Kissat_hyperparamoptimization/instances/train/70ef2b6bdc4101a0e35cf3d165571fe3-qwh.50.1250.shuffled-as.sat03-1655.cnfwas solved after 66.07067894935608 seconds
Result added to total
Process exited with expected code 10, no error: 
19: Solved
SOLVED: Instance /nfs/home/rzipperer/git/Kissat_hyperparamoptimization/instances/train/543e67dd5abc272c37775b1b742a1d9a-qwh.60.1728.shuffled-as.sat03-1659.cnfwas solved after 79.47405862808228 seconds
Result added to total
Process exited with expected code 20, no error: 
19: Solved
SOLVED: Instance /nfs/home/rzipperer/git/Kissat_hyperparamoptimization/instances/train/28e45a3e488ddac73b6116cc6f3e67e0-g2-T99.2.0.cnfwas solved after 142.10822892189026 seconds
Result added to total
Process exited with expected code 20, no error: 
19: Solved
SOLVED: Instance /nfs/home/rzipperer/git/Kissat_hyperparamoptimization/instances/train/8cf6b81061285343c4f33c51afdb3fbb-minxor128.cnfwas solved after 815.1538193225861 seconds
Result added to total
Process exited with expected code 20, no error: 
19: Solved
SOLVED: Instance /nfs/home/rzipperer/git/Kissat_hyperparamoptimization/instances/train/88d151d4e3c6ba9bd78454de141cd108-T105.2.0.cnfwas solved after 982.8671343326569 seconds
Result added to total
19: Timeout
TIMEOUT: Instance /nfs/home/rzipperer/git/Kissat_hyperparamoptimization/instances/train/1165e12b6addad01b491c4616306186c-mulhs016-sc2009.cnf has reached timeout, punishment 10000 seconds
Result added to total
19: Timeout
TIMEOUT: Instance /nfs/home/rzipperer/git/Kissat_hyperparamoptimization/instances/train/4106867bc76b8794330a205cf8a303ad-bvsub_19952.smt2.cnf has reached timeout, punishment 10000 seconds
Result added to total
19: Timeout
TIMEOUT: Instance /nfs/home/rzipperer/git/Kissat_hyperparamoptimization/instances/train/0e5ffe8651c6d9c3cccc3f6cb72be39a-g2-test_v5_r10_vr10_c1_s21502.smt2-cvc4.cnf has reached timeout, punishment 10000 seconds
Result added to total
19: Timeout
TIMEOUT: Instance /nfs/home/rzipperer/git/Kissat_hyperparamoptimization/instances/train/096e485489025895cdc59887baafa08b-test_v7_r17_vr5_c1_s25451.smt2-cvc4.cnf has reached timeout, punishment 10000 seconds
Result added to total
19: Timeout
TIMEOUT: Instance /nfs/home/rzipperer/git/Kissat_hyperparamoptimization/instances/train/a931fb0e1490883ee7719eab96ed558a-T87.2.0.cnf has reached timeout, punishment 10000 seconds
Result added to total
19: Timeout
TIMEOUT: Instance /nfs/home/rzipperer/git/Kissat_hyperparamoptimization/instances/train/3b59c5d9b6729f39c8483446701f4ed0-g2-T93.2.1.cnf has reached timeout, punishment 10000 seconds
Result added to total
19: Timeout
TIMEOUT: Instance /nfs/home/rzipperer/git/Kissat_hyperparamoptimization/instances/train/ad69e0a0880cd377e26260f7e4bc6d51-g2-T49.2.0.cnf has reached timeout, punishment 10000 seconds
Result added to total
12
19:--randec=0 finished with score 20085.67392015457
Config --reluctant=0
Number args:12
Starting pool with 16 threads and 16 instances
Process exited with expected code 10, no error: 
19: Solved
SOLVED: Instance /nfs/home/rzipperer/git/Kissat_hyperparamoptimization/instances/train/70ef2b6bdc4101a0e35cf3d165571fe3-qwh.50.1250.shuffled-as.sat03-1655.cnfwas solved after 49.457165002822876 seconds
Result added to total
Process exited with expected code 20, no error: 
19: Solved
SOLVED: Instance /nfs/home/rzipperer/git/Kissat_hyperparamoptimization/instances/train/28e45a3e488ddac73b6116cc6f3e67e0-g2-T99.2.0.cnfwas solved after 141.93144130706787 seconds
Result added to total
Process exited with expected code 10, no error: 
19: Solved
SOLVED: Instance /nfs/home/rzipperer/git/Kissat_hyperparamoptimization/instances/train/543e67dd5abc272c37775b1b742a1d9a-qwh.60.1728.shuffled-as.sat03-1659.cnfwas solved after 577.6073985099792 seconds
Result added to total
Process exited with expected code 20, no error: 
19: Solved
SOLVED: Instance /nfs/home/rzipperer/git/Kissat_hyperparamoptimization/instances/train/0e5ffe8651c6d9c3cccc3f6cb72be39a-g2-test_v5_r10_vr10_c1_s21502.smt2-cvc4.cnfwas solved after 907.5039169788361 seconds
Result added to total
Process exited with expected code 20, no error: 
19: Solved
SOLVED: Instance /nfs/home/rzipperer/git/Kissat_hyperparamoptimization/instances/train/88d151d4e3c6ba9bd78454de141cd108-T105.2.0.cnfwas solved after 997.1489524841309 seconds
Result added to total
19: Timeout
TIMEOUT: Instance /nfs/home/rzipperer/git/Kissat_hyperparamoptimization/instances/train/1165e12b6addad01b491c4616306186c-mulhs016-sc2009.cnf has reached timeout, punishment 10000 seconds
Result added to total
19: Timeout
TIMEOUT: Instance /nfs/home/rzipperer/git/Kissat_hyperparamoptimization/instances/train/4106867bc76b8794330a205cf8a303ad-bvsub_19952.smt2.cnf has reached timeout, punishment 10000 seconds
Result added to total
19: Timeout
TIMEOUT: Instance /nfs/home/rzipperer/git/Kissat_hyperparamoptimization/instances/train/096e485489025895cdc59887baafa08b-test_v7_r17_vr5_c1_s25451.smt2-cvc4.cnf has reached timeout, punishment 10000 seconds
Result added to total
19: Timeout
TIMEOUT: Instance /nfs/home/rzipperer/git/Kissat_hyperparamoptimization/instances/train/3b59c5d9b6729f39c8483446701f4ed0-g2-T93.2.1.cnf has reached timeout, punishment 10000 seconds
Result added to total
19: Timeout
TIMEOUT: Instance /nfs/home/rzipperer/git/Kissat_hyperparamoptimization/instances/train/8cf6b81061285343c4f33c51afdb3fbb-minxor128.cnf has reached timeout, punishment 10000 seconds
Result added to total
19: Timeout
TIMEOUT: Instance /nfs/home/rzipperer/git/Kissat_hyperparamoptimization/instances/train/ad69e0a0880cd377e26260f7e4bc6d51-g2-T49.2.0.cnf has reached timeout, punishment 10000 seconds
Result added to total
19: Timeout
TIMEOUT: Instance /nfs/home/rzipperer/git/Kissat_hyperparamoptimization/instances/train/a931fb0e1490883ee7719eab96ed558a-T87.2.0.cnf has reached timeout, punishment 10000 seconds
Result added to total
12
19:--reluctant=0 finished with score 20673.648874282837
Config --reorder=1
Number args:12
Starting pool with 16 threads and 16 instances
Process exited with expected code 10, no error: 
19: Solved
SOLVED: Instance /nfs/home/rzipperer/git/Kissat_hyperparamoptimization/instances/train/70ef2b6bdc4101a0e35cf3d165571fe3-qwh.50.1250.shuffled-as.sat03-1655.cnfwas solved after 42.54112005233765 seconds
Result added to total
Process exited with expected code 10, no error: 
19: Solved
SOLVED: Instance /nfs/home/rzipperer/git/Kissat_hyperparamoptimization/instances/train/543e67dd5abc272c37775b1b742a1d9a-qwh.60.1728.shuffled-as.sat03-1659.cnfwas solved after 125.87354016304016 seconds
Result added to total
Process exited with expected code 20, no error: 
19: Solved
SOLVED: Instance /nfs/home/rzipperer/git/Kissat_hyperparamoptimization/instances/train/28e45a3e488ddac73b6116cc6f3e67e0-g2-T99.2.0.cnfwas solved after 141.97338008880615 seconds
Result added to total
Process exited with expected code 20, no error: 
19: Solved
SOLVED: Instance /nfs/home/rzipperer/git/Kissat_hyperparamoptimization/instances/train/0e5ffe8651c6d9c3cccc3f6cb72be39a-g2-test_v5_r10_vr10_c1_s21502.smt2-cvc4.cnfwas solved after 813.8204982280731 seconds
Result added to total
19: Timeout
TIMEOUT: Instance /nfs/home/rzipperer/git/Kissat_hyperparamoptimization/instances/train/1165e12b6addad01b491c4616306186c-mulhs016-sc2009.cnf has reached timeout, punishment 10000 seconds
Result added to total
19: Timeout
TIMEOUT: Instance /nfs/home/rzipperer/git/Kissat_hyperparamoptimization/instances/train/8cf6b81061285343c4f33c51afdb3fbb-minxor128.cnf has reached timeout, punishment 10000 seconds
Result added to total
19: Timeout
TIMEOUT: Instance /nfs/home/rzipperer/git/Kissat_hyperparamoptimization/instances/train/4106867bc76b8794330a205cf8a303ad-bvsub_19952.smt2.cnf has reached timeout, punishment 10000 seconds
Result added to total
19: Timeout
TIMEOUT: Instance /nfs/home/rzipperer/git/Kissat_hyperparamoptimization/instances/train/096e485489025895cdc59887baafa08b-test_v7_r17_vr5_c1_s25451.smt2-cvc4.cnf has reached timeout, punishment 10000 seconds
Result added to total
19: Timeout
TIMEOUT: Instance /nfs/home/rzipperer/git/Kissat_hyperparamoptimization/instances/train/88d151d4e3c6ba9bd78454de141cd108-T105.2.0.cnf has reached timeout, punishment 10000 seconds
Result added to total
19: Timeout
TIMEOUT: Instance /nfs/home/rzipperer/git/Kissat_hyperparamoptimization/instances/train/3b59c5d9b6729f39c8483446701f4ed0-g2-T93.2.1.cnf has reached timeout, punishment 10000 seconds
Result added to total
19: Timeout
TIMEOUT: Instance /nfs/home/rzipperer/git/Kissat_hyperparamoptimization/instances/train/a931fb0e1490883ee7719eab96ed558a-T87.2.0.cnf has reached timeout, punishment 10000 seconds
Result added to total
19: Timeout
TIMEOUT: Instance /nfs/home/rzipperer/git/Kissat_hyperparamoptimization/instances/train/ad69e0a0880cd377e26260f7e4bc6d51-g2-T49.2.0.cnf has reached timeout, punishment 10000 seconds
Result added to total
12
19:--reorder=1 finished with score 21124.208538532257
Config --reorder=0
Number args:12
Starting pool with 16 threads and 16 instances
Process exited with expected code 10, no error: 
19: Solved
SOLVED: Instance /nfs/home/rzipperer/git/Kissat_hyperparamoptimization/instances/train/543e67dd5abc272c37775b1b742a1d9a-qwh.60.1728.shuffled-as.sat03-1659.cnfwas solved after 52.559885025024414 seconds
Result added to total
Process exited with expected code 10, no error: 
19: Solved
SOLVED: Instance /nfs/home/rzipperer/git/Kissat_hyperparamoptimization/instances/train/70ef2b6bdc4101a0e35cf3d165571fe3-qwh.50.1250.shuffled-as.sat03-1655.cnfwas solved after 61.46862053871155 seconds
Result added to total
Process exited with expected code 20, no error: 
19: Solved
SOLVED: Instance /nfs/home/rzipperer/git/Kissat_hyperparamoptimization/instances/train/28e45a3e488ddac73b6116cc6f3e67e0-g2-T99.2.0.cnfwas solved after 142.04983019828796 seconds
Result added to total
Process exited with expected code 20, no error: 
19: Solved
SOLVED: Instance /nfs/home/rzipperer/git/Kissat_hyperparamoptimization/instances/train/88d151d4e3c6ba9bd78454de141cd108-T105.2.0.cnfwas solved after 970.6610054969788 seconds
Result added to total
19: Timeout
TIMEOUT: Instance /nfs/home/rzipperer/git/Kissat_hyperparamoptimization/instances/train/1165e12b6addad01b491c4616306186c-mulhs016-sc2009.cnf has reached timeout, punishment 10000 seconds
Result added to total
19: Timeout
TIMEOUT: Instance /nfs/home/rzipperer/git/Kissat_hyperparamoptimization/instances/train/8cf6b81061285343c4f33c51afdb3fbb-minxor128.cnf has reached timeout, punishment 10000 seconds
Result added to total
19: Timeout
TIMEOUT: Instance /nfs/home/rzipperer/git/Kissat_hyperparamoptimization/instances/train/4106867bc76b8794330a205cf8a303ad-bvsub_19952.smt2.cnf has reached timeout, punishment 10000 seconds
Result added to total
19: Timeout
TIMEOUT: Instance /nfs/home/rzipperer/git/Kissat_hyperparamoptimization/instances/train/0e5ffe8651c6d9c3cccc3f6cb72be39a-g2-test_v5_r10_vr10_c1_s21502.smt2-cvc4.cnf has reached timeout, punishment 10000 seconds
Result added to total
19: Timeout
TIMEOUT: Instance /nfs/home/rzipperer/git/Kissat_hyperparamoptimization/instances/train/3b59c5d9b6729f39c8483446701f4ed0-g2-T93.2.1.cnf has reached timeout, punishment 10000 seconds
Result added to total
19: Timeout
TIMEOUT: Instance /nfs/home/rzipperer/git/Kissat_hyperparamoptimization/instances/train/a931fb0e1490883ee7719eab96ed558a-T87.2.0.cnf has reached timeout, punishment 10000 seconds
Result added to total
19: Timeout
TIMEOUT: Instance /nfs/home/rzipperer/git/Kissat_hyperparamoptimization/instances/train/096e485489025895cdc59887baafa08b-test_v7_r17_vr5_c1_s25451.smt2-cvc4.cnf has reached timeout, punishment 10000 seconds
Result added to total
19: Timeout
TIMEOUT: Instance /nfs/home/rzipperer/git/Kissat_hyperparamoptimization/instances/train/ad69e0a0880cd377e26260f7e4bc6d51-g2-T49.2.0.cnf has reached timeout, punishment 10000 seconds
Result added to total
12
19:--reorder=0 finished with score 21226.739341259003
Config --rephase=0
Number args:12
Starting pool with 16 threads and 16 instances
Process exited with expected code 10, no error: 
19: Solved
SOLVED: Instance /nfs/home/rzipperer/git/Kissat_hyperparamoptimization/instances/train/70ef2b6bdc4101a0e35cf3d165571fe3-qwh.50.1250.shuffled-as.sat03-1655.cnfwas solved after 43.51913905143738 seconds
Result added to total
Process exited with expected code 20, no error: 
19: Solved
SOLVED: Instance /nfs/home/rzipperer/git/Kissat_hyperparamoptimization/instances/train/28e45a3e488ddac73b6116cc6f3e67e0-g2-T99.2.0.cnfwas solved after 141.81217527389526 seconds
Result added to total
19: Timeout
TIMEOUT: Instance /nfs/home/rzipperer/git/Kissat_hyperparamoptimization/instances/train/1165e12b6addad01b491c4616306186c-mulhs016-sc2009.cnf has reached timeout, punishment 10000 seconds
Result added to total
19: Timeout
TIMEOUT: Instance /nfs/home/rzipperer/git/Kissat_hyperparamoptimization/instances/train/8cf6b81061285343c4f33c51afdb3fbb-minxor128.cnf has reached timeout, punishment 10000 seconds
Result added to total
19: Timeout
TIMEOUT: Instance /nfs/home/rzipperer/git/Kissat_hyperparamoptimization/instances/train/543e67dd5abc272c37775b1b742a1d9a-qwh.60.1728.shuffled-as.sat03-1659.cnf has reached timeout, punishment 10000 seconds
Result added to total
19: Timeout
TIMEOUT: Instance /nfs/home/rzipperer/git/Kissat_hyperparamoptimization/instances/train/0e5ffe8651c6d9c3cccc3f6cb72be39a-g2-test_v5_r10_vr10_c1_s21502.smt2-cvc4.cnf has reached timeout, punishment 10000 seconds
Result added to total
19: Timeout
TIMEOUT: Instance /nfs/home/rzipperer/git/Kissat_hyperparamoptimization/instances/train/4106867bc76b8794330a205cf8a303ad-bvsub_19952.smt2.cnf has reached timeout, punishment 10000 seconds
Result added to total
19: Timeout
TIMEOUT: Instance /nfs/home/rzipperer/git/Kissat_hyperparamoptimization/instances/train/88d151d4e3c6ba9bd78454de141cd108-T105.2.0.cnf has reached timeout, punishment 10000 seconds
Result added to total
19: Timeout
TIMEOUT: Instance /nfs/home/rzipperer/git/Kissat_hyperparamoptimization/instances/train/096e485489025895cdc59887baafa08b-test_v7_r17_vr5_c1_s25451.smt2-cvc4.cnf has reached timeout, punishment 10000 seconds
Result added to total
19: Timeout
TIMEOUT: Instance /nfs/home/rzipperer/git/Kissat_hyperparamoptimization/instances/train/a931fb0e1490883ee7719eab96ed558a-T87.2.0.cnf has reached timeout, punishment 10000 seconds
Result added to total
19: Timeout
TIMEOUT: Instance /nfs/home/rzipperer/git/Kissat_hyperparamoptimization/instances/train/3b59c5d9b6729f39c8483446701f4ed0-g2-T93.2.1.cnf has reached timeout, punishment 10000 seconds
Result added to total
19: Timeout
TIMEOUT: Instance /nfs/home/rzipperer/git/Kissat_hyperparamoptimization/instances/train/ad69e0a0880cd377e26260f7e4bc6d51-g2-T49.2.0.cnf has reached timeout, punishment 10000 seconds
Result added to total
12
19:--rephase=0 finished with score 24185.331314325333
Config --restart=0
Number args:12
Starting pool with 16 threads and 16 instances
Process exited with expected code 10, no error: 
19: Solved
SOLVED: Instance /nfs/home/rzipperer/git/Kissat_hyperparamoptimization/instances/train/70ef2b6bdc4101a0e35cf3d165571fe3-qwh.50.1250.shuffled-as.sat03-1655.cnfwas solved after 74.65596151351929 seconds
Result added to total
Process exited with expected code 20, no error: 
19: Solved
SOLVED: Instance /nfs/home/rzipperer/git/Kissat_hyperparamoptimization/instances/train/28e45a3e488ddac73b6116cc6f3e67e0-g2-T99.2.0.cnfwas solved after 141.77516078948975 seconds
Result added to total
19: Timeout
TIMEOUT: Instance /nfs/home/rzipperer/git/Kissat_hyperparamoptimization/instances/train/1165e12b6addad01b491c4616306186c-mulhs016-sc2009.cnf has reached timeout, punishment 10000 seconds
Result added to total
19: Timeout
TIMEOUT: Instance /nfs/home/rzipperer/git/Kissat_hyperparamoptimization/instances/train/543e67dd5abc272c37775b1b742a1d9a-qwh.60.1728.shuffled-as.sat03-1659.cnf has reached timeout, punishment 10000 seconds
19: Timeout
TIMEOUT: Instance /nfs/home/rzipperer/git/Kissat_hyperparamoptimization/instances/train/8cf6b81061285343c4f33c51afdb3fbb-minxor128.cnf has reached timeout, punishment 10000 seconds
Result added to total
Result added to total
19: Timeout
TIMEOUT: Instance /nfs/home/rzipperer/git/Kissat_hyperparamoptimization/instances/train/4106867bc76b8794330a205cf8a303ad-bvsub_19952.smt2.cnf has reached timeout, punishment 10000 seconds
Result added to total
19: Timeout
TIMEOUT: Instance /nfs/home/rzipperer/git/Kissat_hyperparamoptimization/instances/train/0e5ffe8651c6d9c3cccc3f6cb72be39a-g2-test_v5_r10_vr10_c1_s21502.smt2-cvc4.cnf has reached timeout, punishment 10000 seconds
Result added to total
19: Timeout
TIMEOUT: Instance /nfs/home/rzipperer/git/Kissat_hyperparamoptimization/instances/train/88d151d4e3c6ba9bd78454de141cd108-T105.2.0.cnf has reached timeout, punishment 10000 seconds
Result added to total
19: Timeout
TIMEOUT: Instance /nfs/home/rzipperer/git/Kissat_hyperparamoptimization/instances/train/096e485489025895cdc59887baafa08b-test_v7_r17_vr5_c1_s25451.smt2-cvc4.cnf has reached timeout, punishment 10000 seconds
Result added to total
19: Timeout
TIMEOUT: Instance /nfs/home/rzipperer/git/Kissat_hyperparamoptimization/instances/train/a931fb0e1490883ee7719eab96ed558a-T87.2.0.cnf has reached timeout, punishment 10000 seconds
Result added to total
19: Timeout
TIMEOUT: Instance /nfs/home/rzipperer/git/Kissat_hyperparamoptimization/instances/train/ad69e0a0880cd377e26260f7e4bc6d51-g2-T49.2.0.cnf has reached timeout, punishment 10000 seconds
Result added to total
19: Timeout
TIMEOUT: Instance /nfs/home/rzipperer/git/Kissat_hyperparamoptimization/instances/train/3b59c5d9b6729f39c8483446701f4ed0-g2-T93.2.1.cnf has reached timeout, punishment 10000 seconds
Result added to total
12
19:--restart=0 finished with score 24216.43112230301
Config --stable=0
Number args:12
Starting pool with 16 threads and 16 instances
Process exited with expected code 20, no error: 
19: Solved
SOLVED: Instance /nfs/home/rzipperer/git/Kissat_hyperparamoptimization/instances/train/28e45a3e488ddac73b6116cc6f3e67e0-g2-T99.2.0.cnfwas solved after 141.49502801895142 seconds
Result added to total
Process exited with expected code 20, no error: 
19: Solved
SOLVED: Instance /nfs/home/rzipperer/git/Kissat_hyperparamoptimization/instances/train/8cf6b81061285343c4f33c51afdb3fbb-minxor128.cnfwas solved after 560.3272755146027 seconds
Result added to total
Process exited with expected code 10, no error: 
19: Solved
SOLVED: Instance /nfs/home/rzipperer/git/Kissat_hyperparamoptimization/instances/train/70ef2b6bdc4101a0e35cf3d165571fe3-qwh.50.1250.shuffled-as.sat03-1655.cnfwas solved after 579.3691670894623 seconds
Result added to total
Process exited with expected code 20, no error: 
19: Solved
SOLVED: Instance /nfs/home/rzipperer/git/Kissat_hyperparamoptimization/instances/train/0e5ffe8651c6d9c3cccc3f6cb72be39a-g2-test_v5_r10_vr10_c1_s21502.smt2-cvc4.cnfwas solved after 878.0768003463745 seconds
Result added to total
19: Timeout
TIMEOUT: Instance /nfs/home/rzipperer/git/Kissat_hyperparamoptimization/instances/train/1165e12b6addad01b491c4616306186c-mulhs016-sc2009.cnf has reached timeout, punishment 10000 seconds
Result added to total
19: Timeout
TIMEOUT: Instance /nfs/home/rzipperer/git/Kissat_hyperparamoptimization/instances/train/543e67dd5abc272c37775b1b742a1d9a-qwh.60.1728.shuffled-as.sat03-1659.cnf has reached timeout, punishment 10000 seconds
Result added to total
19: Timeout
TIMEOUT: Instance /nfs/home/rzipperer/git/Kissat_hyperparamoptimization/instances/train/4106867bc76b8794330a205cf8a303ad-bvsub_19952.smt2.cnf has reached timeout, punishment 10000 seconds
Result added to total
19: Timeout
TIMEOUT: Instance /nfs/home/rzipperer/git/Kissat_hyperparamoptimization/instances/train/ad69e0a0880cd377e26260f7e4bc6d51-g2-T49.2.0.cnf has reached timeout, punishment 10000 seconds
Result added to total
19: Timeout
TIMEOUT: Instance /nfs/home/rzipperer/git/Kissat_hyperparamoptimization/instances/train/a931fb0e1490883ee7719eab96ed558a-T87.2.0.cnf has reached timeout, punishment 10000 seconds
Result added to total
19: Timeout
TIMEOUT: Instance /nfs/home/rzipperer/git/Kissat_hyperparamoptimization/instances/train/3b59c5d9b6729f39c8483446701f4ed0-g2-T93.2.1.cnf has reached timeout, punishment 10000 seconds
Result added to total
19: Timeout
TIMEOUT: Instance /nfs/home/rzipperer/git/Kissat_hyperparamoptimization/instances/train/096e485489025895cdc59887baafa08b-test_v7_r17_vr5_c1_s25451.smt2-cvc4.cnf has reached timeout, punishment 10000 seconds
Result added to total
19: Timeout
TIMEOUT: Instance /nfs/home/rzipperer/git/Kissat_hyperparamoptimization/instances/train/88d151d4e3c6ba9bd78454de141cd108-T105.2.0.cnf has reached timeout, punishment 10000 seconds
Result added to total
12
19:--stable=0 finished with score 22159.26827096939
Config --stable=2
Number args:12
Starting pool with 16 threads and 16 instances
Process exited with expected code 10, no error: 
19: Solved
SOLVED: Instance /nfs/home/rzipperer/git/Kissat_hyperparamoptimization/instances/train/70ef2b6bdc4101a0e35cf3d165571fe3-qwh.50.1250.shuffled-as.sat03-1655.cnfwas solved after 16.736334562301636 seconds
Result added to total
Process exited with expected code 10, no error: 
19: Solved
SOLVED: Instance /nfs/home/rzipperer/git/Kissat_hyperparamoptimization/instances/train/543e67dd5abc272c37775b1b742a1d9a-qwh.60.1728.shuffled-as.sat03-1659.cnfwas solved after 98.13979578018188 seconds
Result added to total
Process exited with expected code 20, no error: 
19: Solved
SOLVED: Instance /nfs/home/rzipperer/git/Kissat_hyperparamoptimization/instances/train/28e45a3e488ddac73b6116cc6f3e67e0-g2-T99.2.0.cnfwas solved after 142.3567750453949 seconds
Result added to total
19: Timeout
TIMEOUT: Instance /nfs/home/rzipperer/git/Kissat_hyperparamoptimization/instances/train/1165e12b6addad01b491c4616306186c-mulhs016-sc2009.cnf has reached timeout, punishment 10000 seconds
Result added to total
19: Timeout
TIMEOUT: Instance /nfs/home/rzipperer/git/Kissat_hyperparamoptimization/instances/train/0e5ffe8651c6d9c3cccc3f6cb72be39a-g2-test_v5_r10_vr10_c1_s21502.smt2-cvc4.cnf has reached timeout, punishment 10000 seconds
Result added to total
19: Timeout
TIMEOUT: Instance /nfs/home/rzipperer/git/Kissat_hyperparamoptimization/instances/train/8cf6b81061285343c4f33c51afdb3fbb-minxor128.cnf has reached timeout, punishment 10000 seconds
Result added to total
19: Timeout
TIMEOUT: Instance /nfs/home/rzipperer/git/Kissat_hyperparamoptimization/instances/train/4106867bc76b8794330a205cf8a303ad-bvsub_19952.smt2.cnf has reached timeout, punishment 10000 seconds
Result added to total
19: Timeout
TIMEOUT: Instance /nfs/home/rzipperer/git/Kissat_hyperparamoptimization/instances/train/096e485489025895cdc59887baafa08b-test_v7_r17_vr5_c1_s25451.smt2-cvc4.cnf has reached timeout, punishment 10000 seconds
Result added to total
19: Timeout
TIMEOUT: Instance /nfs/home/rzipperer/git/Kissat_hyperparamoptimization/instances/train/a931fb0e1490883ee7719eab96ed558a-T87.2.0.cnf has reached timeout, punishment 10000 seconds
Result added to total
19: Timeout
TIMEOUT: Instance /nfs/home/rzipperer/git/Kissat_hyperparamoptimization/instances/train/ad69e0a0880cd377e26260f7e4bc6d51-g2-T49.2.0.cnf has reached timeout, punishment 10000 seconds
Result added to total
19: Timeout
TIMEOUT: Instance /nfs/home/rzipperer/git/Kissat_hyperparamoptimization/instances/train/3b59c5d9b6729f39c8483446701f4ed0-g2-T93.2.1.cnf has reached timeout, punishment 10000 seconds
Result added to total
19: Timeout
TIMEOUT: Instance /nfs/home/rzipperer/git/Kissat_hyperparamoptimization/instances/train/88d151d4e3c6ba9bd78454de141cd108-T105.2.0.cnf has reached timeout, punishment 10000 seconds
Result added to total
12
19:--stable=2 finished with score 22257.23290538788
Config --substitute=0
Number args:12
Starting pool with 16 threads and 16 instances
Process exited with expected code 10, no error: 
19: Solved
SOLVED: Instance /nfs/home/rzipperer/git/Kissat_hyperparamoptimization/instances/train/70ef2b6bdc4101a0e35cf3d165571fe3-qwh.50.1250.shuffled-as.sat03-1655.cnfwas solved after 28.404590129852295 seconds
Result added to total
Process exited with expected code 10, no error: 
19: Solved
SOLVED: Instance /nfs/home/rzipperer/git/Kissat_hyperparamoptimization/instances/train/543e67dd5abc272c37775b1b742a1d9a-qwh.60.1728.shuffled-as.sat03-1659.cnfwas solved after 63.28295373916626 seconds
Result added to total
Process exited with expected code 20, no error: 
19: Solved
SOLVED: Instance /nfs/home/rzipperer/git/Kissat_hyperparamoptimization/instances/train/28e45a3e488ddac73b6116cc6f3e67e0-g2-T99.2.0.cnfwas solved after 137.32146954536438 seconds
Result added to total
Process exited with expected code 20, no error: 
19: Solved
SOLVED: Instance /nfs/home/rzipperer/git/Kissat_hyperparamoptimization/instances/train/0e5ffe8651c6d9c3cccc3f6cb72be39a-g2-test_v5_r10_vr10_c1_s21502.smt2-cvc4.cnfwas solved after 749.0533587932587 seconds
Result added to total
Process exited with expected code 20, no error: 
19: Solved
SOLVED: Instance /nfs/home/rzipperer/git/Kissat_hyperparamoptimization/instances/train/88d151d4e3c6ba9bd78454de141cd108-T105.2.0.cnfwas solved after 982.3738462924957 seconds
Result added to total
19: Timeout
TIMEOUT: Instance /nfs/home/rzipperer/git/Kissat_hyperparamoptimization/instances/train/1165e12b6addad01b491c4616306186c-mulhs016-sc2009.cnf has reached timeout, punishment 10000 seconds
Result added to total
19: Timeout
TIMEOUT: Instance /nfs/home/rzipperer/git/Kissat_hyperparamoptimization/instances/train/8cf6b81061285343c4f33c51afdb3fbb-minxor128.cnf has reached timeout, punishment 10000 seconds
Result added to total
19: Timeout
TIMEOUT: Instance /nfs/home/rzipperer/git/Kissat_hyperparamoptimization/instances/train/a931fb0e1490883ee7719eab96ed558a-T87.2.0.cnf has reached timeout, punishment 10000 seconds
Result added to total
19: Timeout
TIMEOUT: Instance /nfs/home/rzipperer/git/Kissat_hyperparamoptimization/instances/train/4106867bc76b8794330a205cf8a303ad-bvsub_19952.smt2.cnf has reached timeout, punishment 10000 seconds
Result added to total
19: Timeout
TIMEOUT: Instance /nfs/home/rzipperer/git/Kissat_hyperparamoptimization/instances/train/096e485489025895cdc59887baafa08b-test_v7_r17_vr5_c1_s25451.smt2-cvc4.cnf has reached timeout, punishment 10000 seconds
Result added to total
19: Timeout
TIMEOUT: Instance /nfs/home/rzipperer/git/Kissat_hyperparamoptimization/instances/train/ad69e0a0880cd377e26260f7e4bc6d51-g2-T49.2.0.cnf has reached timeout, punishment 10000 seconds
Result added to total
19: Timeout
TIMEOUT: Instance /nfs/home/rzipperer/git/Kissat_hyperparamoptimization/instances/train/3b59c5d9b6729f39c8483446701f4ed0-g2-T93.2.1.cnf has reached timeout, punishment 10000 seconds
Result added to total
12
19:--substitute=0 finished with score 19960.436218500137
Config --sweep=0
Number args:12
Starting pool with 16 threads and 16 instances
Process exited with expected code 10, no error: 
19: Solved
SOLVED: Instance /nfs/home/rzipperer/git/Kissat_hyperparamoptimization/instances/train/70ef2b6bdc4101a0e35cf3d165571fe3-qwh.50.1250.shuffled-as.sat03-1655.cnfwas solved after 43.28230834007263 seconds
Result added to total
Process exited with expected code 20, no error: 
19: Solved
SOLVED: Instance /nfs/home/rzipperer/git/Kissat_hyperparamoptimization/instances/train/28e45a3e488ddac73b6116cc6f3e67e0-g2-T99.2.0.cnfwas solved after 139.50686168670654 seconds
Result added to total
Process exited with expected code 10, no error: 
19: Solved
SOLVED: Instance /nfs/home/rzipperer/git/Kissat_hyperparamoptimization/instances/train/543e67dd5abc272c37775b1b742a1d9a-qwh.60.1728.shuffled-as.sat03-1659.cnfwas solved after 159.75101566314697 seconds
Result added to total
Process exited with expected code 20, no error: 
19: Solved
SOLVED: Instance /nfs/home/rzipperer/git/Kissat_hyperparamoptimization/instances/train/0e5ffe8651c6d9c3cccc3f6cb72be39a-g2-test_v5_r10_vr10_c1_s21502.smt2-cvc4.cnfwas solved after 687.0089380741119 seconds
Result added to total
Process exited with expected code 20, no error: 
19: Solved
SOLVED: Instance /nfs/home/rzipperer/git/Kissat_hyperparamoptimization/instances/train/88d151d4e3c6ba9bd78454de141cd108-T105.2.0.cnfwas solved after 968.1512317657471 seconds
Result added to total
19: Timeout
TIMEOUT: Instance /nfs/home/rzipperer/git/Kissat_hyperparamoptimization/instances/train/1165e12b6addad01b491c4616306186c-mulhs016-sc2009.cnf has reached timeout, punishment 10000 seconds
Result added to total
19: Timeout
TIMEOUT: Instance /nfs/home/rzipperer/git/Kissat_hyperparamoptimization/instances/train/8cf6b81061285343c4f33c51afdb3fbb-minxor128.cnf has reached timeout, punishment 10000 seconds
Result added to total
19: Timeout
TIMEOUT: Instance /nfs/home/rzipperer/git/Kissat_hyperparamoptimization/instances/train/4106867bc76b8794330a205cf8a303ad-bvsub_19952.smt2.cnf has reached timeout, punishment 10000 seconds
Result added to total
19: Timeout
TIMEOUT: Instance /nfs/home/rzipperer/git/Kissat_hyperparamoptimization/instances/train/096e485489025895cdc59887baafa08b-test_v7_r17_vr5_c1_s25451.smt2-cvc4.cnf has reached timeout, punishment 10000 seconds
Result added to total
19: Timeout
TIMEOUT: Instance /nfs/home/rzipperer/git/Kissat_hyperparamoptimization/instances/train/3b59c5d9b6729f39c8483446701f4ed0-g2-T93.2.1.cnf has reached timeout, punishment 10000 seconds
Result added to total
19: Timeout
TIMEOUT: Instance /nfs/home/rzipperer/git/Kissat_hyperparamoptimization/instances/train/a931fb0e1490883ee7719eab96ed558a-T87.2.0.cnf has reached timeout, punishment 10000 seconds
Result added to total
19: Timeout
TIMEOUT: Instance /nfs/home/rzipperer/git/Kissat_hyperparamoptimization/instances/train/ad69e0a0880cd377e26260f7e4bc6d51-g2-T49.2.0.cnf has reached timeout, punishment 10000 seconds
Result added to total
12
19:--sweep=0 finished with score 19997.700355529785
Config --target=0
Number args:12
Starting pool with 16 threads and 16 instances
Process exited with expected code 10, no error: 
19: Solved
SOLVED: Instance /nfs/home/rzipperer/git/Kissat_hyperparamoptimization/instances/train/70ef2b6bdc4101a0e35cf3d165571fe3-qwh.50.1250.shuffled-as.sat03-1655.cnfwas solved after 96.1908311843872 seconds
Result added to total
Process exited with expected code 20, no error: 
19: Solved
SOLVED: Instance /nfs/home/rzipperer/git/Kissat_hyperparamoptimization/instances/train/28e45a3e488ddac73b6116cc6f3e67e0-g2-T99.2.0.cnfwas solved after 141.9114158153534 seconds
Result added to total
Process exited with expected code 20, no error: 
19: Solved
SOLVED: Instance /nfs/home/rzipperer/git/Kissat_hyperparamoptimization/instances/train/8cf6b81061285343c4f33c51afdb3fbb-minxor128.cnfwas solved after 886.3313779830933 seconds
Result added to total
19: Timeout
TIMEOUT: Instance /nfs/home/rzipperer/git/Kissat_hyperparamoptimization/instances/train/1165e12b6addad01b491c4616306186c-mulhs016-sc2009.cnf has reached timeout, punishment 10000 seconds
Result added to total
19: Timeout
TIMEOUT: Instance /nfs/home/rzipperer/git/Kissat_hyperparamoptimization/instances/train/543e67dd5abc272c37775b1b742a1d9a-qwh.60.1728.shuffled-as.sat03-1659.cnf has reached timeout, punishment 10000 seconds
Result added to total
19: Timeout
TIMEOUT: Instance /nfs/home/rzipperer/git/Kissat_hyperparamoptimization/instances/train/4106867bc76b8794330a205cf8a303ad-bvsub_19952.smt2.cnf has reached timeout, punishment 10000 seconds
Result added to total
19: Timeout
TIMEOUT: Instance /nfs/home/rzipperer/git/Kissat_hyperparamoptimization/instances/train/0e5ffe8651c6d9c3cccc3f6cb72be39a-g2-test_v5_r10_vr10_c1_s21502.smt2-cvc4.cnf has reached timeout, punishment 10000 seconds
Result added to total
19: Timeout
TIMEOUT: Instance /nfs/home/rzipperer/git/Kissat_hyperparamoptimization/instances/train/a931fb0e1490883ee7719eab96ed558a-T87.2.0.cnf has reached timeout, punishment 10000 seconds
Result added to total
19: Timeout
TIMEOUT: Instance /nfs/home/rzipperer/git/Kissat_hyperparamoptimization/instances/train/096e485489025895cdc59887baafa08b-test_v7_r17_vr5_c1_s25451.smt2-cvc4.cnf has reached timeout, punishment 10000 seconds
Result added to total
19: Timeout
TIMEOUT: Instance /nfs/home/rzipperer/git/Kissat_hyperparamoptimization/instances/train/88d151d4e3c6ba9bd78454de141cd108-T105.2.0.cnf has reached timeout, punishment 10000 seconds
Result added to total
19: Timeout
TIMEOUT: Instance /nfs/home/rzipperer/git/Kissat_hyperparamoptimization/instances/train/3b59c5d9b6729f39c8483446701f4ed0-g2-T93.2.1.cnf has reached timeout, punishment 10000 seconds
Result added to total
19: Timeout
TIMEOUT: Instance /nfs/home/rzipperer/git/Kissat_hyperparamoptimization/instances/train/ad69e0a0880cd377e26260f7e4bc6d51-g2-T49.2.0.cnf has reached timeout, punishment 10000 seconds
Result added to total
12
19:--target=0 finished with score 23124.433624982834
Config --target=2
Number args:12
Starting pool with 16 threads and 16 instances
Process exited with expected code 10, no error: 
19: Solved
SOLVED: Instance /nfs/home/rzipperer/git/Kissat_hyperparamoptimization/instances/train/70ef2b6bdc4101a0e35cf3d165571fe3-qwh.50.1250.shuffled-as.sat03-1655.cnfwas solved after 41.780672550201416 seconds
Result added to total
Process exited with expected code 10, no error: 
19: Solved
SOLVED: Instance /nfs/home/rzipperer/git/Kissat_hyperparamoptimization/instances/train/543e67dd5abc272c37775b1b742a1d9a-qwh.60.1728.shuffled-as.sat03-1659.cnfwas solved after 128.0983066558838 seconds
Result added to total
Process exited with expected code 20, no error: 
19: Solved
SOLVED: Instance /nfs/home/rzipperer/git/Kissat_hyperparamoptimization/instances/train/28e45a3e488ddac73b6116cc6f3e67e0-g2-T99.2.0.cnfwas solved after 141.89939665794373 seconds
Result added to total
19: Timeout
TIMEOUT: Instance /nfs/home/rzipperer/git/Kissat_hyperparamoptimization/instances/train/1165e12b6addad01b491c4616306186c-mulhs016-sc2009.cnf has reached timeout, punishment 10000 seconds
Result added to total
19: Timeout
TIMEOUT: Instance /nfs/home/rzipperer/git/Kissat_hyperparamoptimization/instances/train/8cf6b81061285343c4f33c51afdb3fbb-minxor128.cnf has reached timeout, punishment 10000 seconds
Result added to total
19: Timeout
TIMEOUT: Instance /nfs/home/rzipperer/git/Kissat_hyperparamoptimization/instances/train/0e5ffe8651c6d9c3cccc3f6cb72be39a-g2-test_v5_r10_vr10_c1_s21502.smt2-cvc4.cnf has reached timeout, punishment 10000 seconds
Result added to total
19: Timeout
TIMEOUT: Instance /nfs/home/rzipperer/git/Kissat_hyperparamoptimization/instances/train/4106867bc76b8794330a205cf8a303ad-bvsub_19952.smt2.cnf has reached timeout, punishment 10000 seconds
Result added to total
19: Timeout
TIMEOUT: Instance /nfs/home/rzipperer/git/Kissat_hyperparamoptimization/instances/train/a931fb0e1490883ee7719eab96ed558a-T87.2.0.cnf has reached timeout, punishment 10000 seconds
Result added to total
19: Timeout
TIMEOUT: Instance /nfs/home/rzipperer/git/Kissat_hyperparamoptimization/instances/train/88d151d4e3c6ba9bd78454de141cd108-T105.2.0.cnf has reached timeout, punishment 10000 seconds
Result added to total
19: Timeout
TIMEOUT: Instance /nfs/home/rzipperer/git/Kissat_hyperparamoptimization/instances/train/096e485489025895cdc59887baafa08b-test_v7_r17_vr5_c1_s25451.smt2-cvc4.cnf has reached timeout, punishment 10000 seconds
Result added to total
19: Timeout
TIMEOUT: Instance /nfs/home/rzipperer/git/Kissat_hyperparamoptimization/instances/train/3b59c5d9b6729f39c8483446701f4ed0-g2-T93.2.1.cnf has reached timeout, punishment 10000 seconds
Result added to total
19: Timeout
TIMEOUT: Instance /nfs/home/rzipperer/git/Kissat_hyperparamoptimization/instances/train/ad69e0a0880cd377e26260f7e4bc6d51-g2-T49.2.0.cnf has reached timeout, punishment 10000 seconds
Result added to total
12
19:--target=2 finished with score 22311.77837586403
Config --transitive=0
Number args:12
Starting pool with 16 threads and 16 instances
Process exited with expected code 10, no error: 
19: Solved
SOLVED: Instance /nfs/home/rzipperer/git/Kissat_hyperparamoptimization/instances/train/70ef2b6bdc4101a0e35cf3d165571fe3-qwh.50.1250.shuffled-as.sat03-1655.cnfwas solved after 45.16577434539795 seconds
Result added to total
Process exited with expected code 20, no error: 
19: Solved
SOLVED: Instance /nfs/home/rzipperer/git/Kissat_hyperparamoptimization/instances/train/28e45a3e488ddac73b6116cc6f3e67e0-g2-T99.2.0.cnfwas solved after 142.025408744812 seconds
Result added to total
Process exited with expected code 10, no error: 
19: Solved
SOLVED: Instance /nfs/home/rzipperer/git/Kissat_hyperparamoptimization/instances/train/543e67dd5abc272c37775b1b742a1d9a-qwh.60.1728.shuffled-as.sat03-1659.cnfwas solved after 165.2530858516693 seconds
Result added to total
Process exited with expected code 20, no error: 
19: Solved
SOLVED: Instance /nfs/home/rzipperer/git/Kissat_hyperparamoptimization/instances/train/0e5ffe8651c6d9c3cccc3f6cb72be39a-g2-test_v5_r10_vr10_c1_s21502.smt2-cvc4.cnfwas solved after 818.444623708725 seconds
Result added to total
Process exited with expected code 20, no error: 
19: Solved
SOLVED: Instance /nfs/home/rzipperer/git/Kissat_hyperparamoptimization/instances/train/8cf6b81061285343c4f33c51afdb3fbb-minxor128.cnfwas solved after 967.20481133461 seconds
Result added to total
19: Timeout
TIMEOUT: Instance /nfs/home/rzipperer/git/Kissat_hyperparamoptimization/instances/train/1165e12b6addad01b491c4616306186c-mulhs016-sc2009.cnf has reached timeout, punishment 10000 seconds
Result added to total
19: Timeout
TIMEOUT: Instance /nfs/home/rzipperer/git/Kissat_hyperparamoptimization/instances/train/4106867bc76b8794330a205cf8a303ad-bvsub_19952.smt2.cnf has reached timeout, punishment 10000 seconds
Result added to total
19: Timeout
TIMEOUT: Instance /nfs/home/rzipperer/git/Kissat_hyperparamoptimization/instances/train/096e485489025895cdc59887baafa08b-test_v7_r17_vr5_c1_s25451.smt2-cvc4.cnf has reached timeout, punishment 10000 seconds
Result added to total
19: Timeout
TIMEOUT: Instance /nfs/home/rzipperer/git/Kissat_hyperparamoptimization/instances/train/3b59c5d9b6729f39c8483446701f4ed0-g2-T93.2.1.cnf has reached timeout, punishment 10000 seconds
Result added to total
19: Timeout
TIMEOUT: Instance /nfs/home/rzipperer/git/Kissat_hyperparamoptimization/instances/train/88d151d4e3c6ba9bd78454de141cd108-T105.2.0.cnf has reached timeout, punishment 10000 seconds
Result added to total
19: Timeout
TIMEOUT: Instance /nfs/home/rzipperer/git/Kissat_hyperparamoptimization/instances/train/a931fb0e1490883ee7719eab96ed558a-T87.2.0.cnf has reached timeout, punishment 10000 seconds
Result added to total
19: Timeout
TIMEOUT: Instance /nfs/home/rzipperer/git/Kissat_hyperparamoptimization/instances/train/ad69e0a0880cd377e26260f7e4bc6d51-g2-T49.2.0.cnf has reached timeout, punishment 10000 seconds
Result added to total
12
19:--transitive=0 finished with score 20138.093703985214
Config --vivify=0
Number args:12
Starting pool with 16 threads and 16 instances
Process exited with expected code 10, no error: 
19: Solved
SOLVED: Instance /nfs/home/rzipperer/git/Kissat_hyperparamoptimization/instances/train/70ef2b6bdc4101a0e35cf3d165571fe3-qwh.50.1250.shuffled-as.sat03-1655.cnfwas solved after 9.072880744934082 seconds
Result added to total
Process exited with expected code 20, no error: 
19: Solved
SOLVED: Instance /nfs/home/rzipperer/git/Kissat_hyperparamoptimization/instances/train/28e45a3e488ddac73b6116cc6f3e67e0-g2-T99.2.0.cnfwas solved after 141.85482692718506 seconds
Result added to total
Process exited with expected code 10, no error: 
19: Solved
SOLVED: Instance /nfs/home/rzipperer/git/Kissat_hyperparamoptimization/instances/train/543e67dd5abc272c37775b1b742a1d9a-qwh.60.1728.shuffled-as.sat03-1659.cnfwas solved after 270.4605755805969 seconds
Result added to total
Process exited with expected code 20, no error: 
19: Solved
SOLVED: Instance /nfs/home/rzipperer/git/Kissat_hyperparamoptimization/instances/train/0e5ffe8651c6d9c3cccc3f6cb72be39a-g2-test_v5_r10_vr10_c1_s21502.smt2-cvc4.cnfwas solved after 948.8458635807037 seconds
Result added to total
19: Timeout
TIMEOUT: Instance /nfs/home/rzipperer/git/Kissat_hyperparamoptimization/instances/train/1165e12b6addad01b491c4616306186c-mulhs016-sc2009.cnf has reached timeout, punishment 10000 seconds
Result added to total
19: Timeout
TIMEOUT: Instance /nfs/home/rzipperer/git/Kissat_hyperparamoptimization/instances/train/8cf6b81061285343c4f33c51afdb3fbb-minxor128.cnf has reached timeout, punishment 10000 seconds
Result added to total
19: Timeout
TIMEOUT: Instance /nfs/home/rzipperer/git/Kissat_hyperparamoptimization/instances/train/4106867bc76b8794330a205cf8a303ad-bvsub_19952.smt2.cnf has reached timeout, punishment 10000 seconds
Result added to total
19: Timeout
TIMEOUT: Instance /nfs/home/rzipperer/git/Kissat_hyperparamoptimization/instances/train/88d151d4e3c6ba9bd78454de141cd108-T105.2.0.cnf has reached timeout, punishment 10000 seconds
Result added to total
19: Timeout
TIMEOUT: Instance /nfs/home/rzipperer/git/Kissat_hyperparamoptimization/instances/train/a931fb0e1490883ee7719eab96ed558a-T87.2.0.cnf has reached timeout, punishment 10000 seconds
Result added to total
19: Timeout
TIMEOUT: Instance /nfs/home/rzipperer/git/Kissat_hyperparamoptimization/instances/train/096e485489025895cdc59887baafa08b-test_v7_r17_vr5_c1_s25451.smt2-cvc4.cnf has reached timeout, punishment 10000 seconds
Result added to total
19: Timeout
TIMEOUT: Instance /nfs/home/rzipperer/git/Kissat_hyperparamoptimization/instances/train/3b59c5d9b6729f39c8483446701f4ed0-g2-T93.2.1.cnf has reached timeout, punishment 10000 seconds
Result added to total
19: Timeout
TIMEOUT: Instance /nfs/home/rzipperer/git/Kissat_hyperparamoptimization/instances/train/ad69e0a0880cd377e26260f7e4bc6d51-g2-T49.2.0.cnf has reached timeout, punishment 10000 seconds
Result added to total
12
19:--vivify=0 finished with score 21370.23414683342
Config --warmup=0
Number args:12
Starting pool with 16 threads and 16 instances
Process exited with expected code 10, no error: 
19: Solved
SOLVED: Instance /nfs/home/rzipperer/git/Kissat_hyperparamoptimization/instances/train/70ef2b6bdc4101a0e35cf3d165571fe3-qwh.50.1250.shuffled-as.sat03-1655.cnfwas solved after 15.410011053085327 seconds
Result added to total
Process exited with expected code 20, no error: 
19: Solved
SOLVED: Instance /nfs/home/rzipperer/git/Kissat_hyperparamoptimization/instances/train/28e45a3e488ddac73b6116cc6f3e67e0-g2-T99.2.0.cnfwas solved after 141.35333776474 seconds
Result added to total
Process exited with expected code 10, no error: 
19: Solved
SOLVED: Instance /nfs/home/rzipperer/git/Kissat_hyperparamoptimization/instances/train/543e67dd5abc272c37775b1b742a1d9a-qwh.60.1728.shuffled-as.sat03-1659.cnfwas solved after 456.5000295639038 seconds
Result added to total
19: Timeout
TIMEOUT: Instance /nfs/home/rzipperer/git/Kissat_hyperparamoptimization/instances/train/0e5ffe8651c6d9c3cccc3f6cb72be39a-g2-test_v5_r10_vr10_c1_s21502.smt2-cvc4.cnf has reached timeout, punishment 10000 seconds
Result added to total
19: Timeout
TIMEOUT: Instance /nfs/home/rzipperer/git/Kissat_hyperparamoptimization/instances/train/1165e12b6addad01b491c4616306186c-mulhs016-sc2009.cnf has reached timeout, punishment 10000 seconds
Result added to total
19: Timeout
TIMEOUT: Instance /nfs/home/rzipperer/git/Kissat_hyperparamoptimization/instances/train/096e485489025895cdc59887baafa08b-test_v7_r17_vr5_c1_s25451.smt2-cvc4.cnf has reached timeout, punishment 10000 seconds
Result added to total
19: Timeout
TIMEOUT: Instance /nfs/home/rzipperer/git/Kissat_hyperparamoptimization/instances/train/8cf6b81061285343c4f33c51afdb3fbb-minxor128.cnf has reached timeout, punishment 10000 seconds
Result added to total
19: Timeout
TIMEOUT: Instance /nfs/home/rzipperer/git/Kissat_hyperparamoptimization/instances/train/4106867bc76b8794330a205cf8a303ad-bvsub_19952.smt2.cnf has reached timeout, punishment 10000 seconds
Result added to total
19: Timeout
TIMEOUT: Instance /nfs/home/rzipperer/git/Kissat_hyperparamoptimization/instances/train/3b59c5d9b6729f39c8483446701f4ed0-g2-T93.2.1.cnf has reached timeout, punishment 10000 seconds
Result added to total
19: Timeout
TIMEOUT: Instance /nfs/home/rzipperer/git/Kissat_hyperparamoptimization/instances/train/a931fb0e1490883ee7719eab96ed558a-T87.2.0.cnf has reached timeout, punishment 10000 seconds
Result added to total
19: Timeout
TIMEOUT: Instance /nfs/home/rzipperer/git/Kissat_hyperparamoptimization/instances/train/88d151d4e3c6ba9bd78454de141cd108-T105.2.0.cnf has reached timeout, punishment 10000 seconds
Result added to total
19: Timeout
TIMEOUT: Instance /nfs/home/rzipperer/git/Kissat_hyperparamoptimization/instances/train/ad69e0a0880cd377e26260f7e4bc6d51-g2-T49.2.0.cnf has reached timeout, punishment 10000 seconds
Result added to total
12
19:--warmup=0 finished with score 22613.26337838173
